[0.032s] Invoking command in '/home/arnab/ros2_ws/build/ros2_control_demo_description': CMAKE_PREFIX_PATH=/home/arnab/ros2_ws/install/test_bot:/home/arnab/ros2_ws/install/ros2_control_demo_testing:/home/arnab/ros2_ws/install/pc_serial_communication:/home/arnab/ros2_ws/install/motor_serial_bridge:/opt/ros/humble:/home/arnab/ros2_ws/install/serial:/home/arnab/ros2_ws/install/ros2_control_demos:/home/arnab/ros2_ws/install/ros2_control_demo_example_9:/home/arnab/ros2_ws/install/ros2_control_demo_example_8:/home/arnab/ros2_ws/install/ros2_control_demo_example_7:/home/arnab/ros2_ws/install/ros2_control_demo_example_6:/home/arnab/ros2_ws/install/ros2_control_demo_example_15:/home/arnab/ros2_ws/install/ros2_control_demo_example_13:/home/arnab/ros2_ws/install/ros2_control_demo_example_5:/home/arnab/ros2_ws/install/ros2_control_demo_example_4:/home/arnab/ros2_ws/install/ros2_control_demo_example_3:/home/arnab/ros2_ws/install/ros2_control_demo_example_2:/home/arnab/ros2_ws/install/ros2_control_demo_example_14:/home/arnab/ros2_ws/install/ros2_control_demo_example_12:/home/arnab/ros2_ws/install/ros2_control_demo_example_11:/home/arnab/ros2_ws/install/ros2_control_demo_example_10:/home/arnab/ros2_ws/install/ros2_control_demo_example_1:/home/arnab/ros2_ws/install/ros2_control_demo_description:/home/arnab/ros2_ws/install/diffdrive_arduino:/home/arnab/ros2_ws/install/custom_motor_hw /usr/bin/cmake --build /home/arnab/ros2_ws/build/ros2_control_demo_description -- -j16 -l16
[0.603s] Invoked command in '/home/arnab/ros2_ws/build/ros2_control_demo_description' returned '0': CMAKE_PREFIX_PATH=/home/arnab/ros2_ws/install/test_bot:/home/arnab/ros2_ws/install/ros2_control_demo_testing:/home/arnab/ros2_ws/install/pc_serial_communication:/home/arnab/ros2_ws/install/motor_serial_bridge:/opt/ros/humble:/home/arnab/ros2_ws/install/serial:/home/arnab/ros2_ws/install/ros2_control_demos:/home/arnab/ros2_ws/install/ros2_control_demo_example_9:/home/arnab/ros2_ws/install/ros2_control_demo_example_8:/home/arnab/ros2_ws/install/ros2_control_demo_example_7:/home/arnab/ros2_ws/install/ros2_control_demo_example_6:/home/arnab/ros2_ws/install/ros2_control_demo_example_15:/home/arnab/ros2_ws/install/ros2_control_demo_example_13:/home/arnab/ros2_ws/install/ros2_control_demo_example_5:/home/arnab/ros2_ws/install/ros2_control_demo_example_4:/home/arnab/ros2_ws/install/ros2_control_demo_example_3:/home/arnab/ros2_ws/install/ros2_control_demo_example_2:/home/arnab/ros2_ws/install/ros2_control_demo_example_14:/home/arnab/ros2_ws/install/ros2_control_demo_example_12:/home/arnab/ros2_ws/install/ros2_control_demo_example_11:/home/arnab/ros2_ws/install/ros2_control_demo_example_10:/home/arnab/ros2_ws/install/ros2_control_demo_example_1:/home/arnab/ros2_ws/install/ros2_control_demo_description:/home/arnab/ros2_ws/install/diffdrive_arduino:/home/arnab/ros2_ws/install/custom_motor_hw /usr/bin/cmake --build /home/arnab/ros2_ws/build/ros2_control_demo_description -- -j16 -l16
[0.610s] Invoking command in '/home/arnab/ros2_ws/build/ros2_control_demo_description': CMAKE_PREFIX_PATH=/home/arnab/ros2_ws/install/test_bot:/home/arnab/ros2_ws/install/ros2_control_demo_testing:/home/arnab/ros2_ws/install/pc_serial_communication:/home/arnab/ros2_ws/install/motor_serial_bridge:/opt/ros/humble:/home/arnab/ros2_ws/install/serial:/home/arnab/ros2_ws/install/ros2_control_demos:/home/arnab/ros2_ws/install/ros2_control_demo_example_9:/home/arnab/ros2_ws/install/ros2_control_demo_example_8:/home/arnab/ros2_ws/install/ros2_control_demo_example_7:/home/arnab/ros2_ws/install/ros2_control_demo_example_6:/home/arnab/ros2_ws/install/ros2_control_demo_example_15:/home/arnab/ros2_ws/install/ros2_control_demo_example_13:/home/arnab/ros2_ws/install/ros2_control_demo_example_5:/home/arnab/ros2_ws/install/ros2_control_demo_example_4:/home/arnab/ros2_ws/install/ros2_control_demo_example_3:/home/arnab/ros2_ws/install/ros2_control_demo_example_2:/home/arnab/ros2_ws/install/ros2_control_demo_example_14:/home/arnab/ros2_ws/install/ros2_control_demo_example_12:/home/arnab/ros2_ws/install/ros2_control_demo_example_11:/home/arnab/ros2_ws/install/ros2_control_demo_example_10:/home/arnab/ros2_ws/install/ros2_control_demo_example_1:/home/arnab/ros2_ws/install/ros2_control_demo_description:/home/arnab/ros2_ws/install/diffdrive_arduino:/home/arnab/ros2_ws/install/custom_motor_hw /usr/bin/cmake --install /home/arnab/ros2_ws/build/ros2_control_demo_description
[0.615s] -- Install configuration: ""
[0.615s] -- Execute custom install script
[0.616s] -- Up-to-date symlink: /home/arnab/ros2_ws/install/ros2_control_demo_description/share/ros2_control_demo_description/rrbot/urdf/rrbot.materials.xacro
[0.616s] -- Up-to-date symlink: /home/arnab/ros2_ws/install/ros2_control_demo_description/share/ros2_control_demo_description/rrbot/urdf/rrbot_description.urdf.xacro
[0.616s] -- Up-to-date symlink: /home/arnab/ros2_ws/install/ros2_control_demo_description/share/ros2_control_demo_description/rrbot/rviz/rrbot.rviz
[0.616s] -- Up-to-date symlink: /home/arnab/ros2_ws/install/ros2_control_demo_description/share/ros2_control_demo_description/diffbot/urdf/diffbot.materials.xacro
[0.616s] -- Up-to-date symlink: /home/arnab/ros2_ws/install/ros2_control_demo_description/share/ros2_control_demo_description/diffbot/urdf/diffbot_description.urdf.xacro
[0.617s] -- Up-to-date symlink: /home/arnab/ros2_ws/install/ros2_control_demo_description/share/ros2_control_demo_description/diffbot/rviz/diffbot.rviz
[0.617s] -- Up-to-date symlink: /home/arnab/ros2_ws/install/ros2_control_demo_description/share/ros2_control_demo_description/diffbot/rviz/diffbot_view.rviz
[0.617s] -- Up-to-date symlink: /home/arnab/ros2_ws/install/ros2_control_demo_description/share/ros2_control_demo_description/carlikebot/urdf/carlikebot.materials.xacro
[0.617s] -- Up-to-date symlink: /home/arnab/ros2_ws/install/ros2_control_demo_description/share/ros2_control_demo_description/carlikebot/urdf/carlikebot_description.urdf.xacro
[0.617s] -- Up-to-date symlink: /home/arnab/ros2_ws/install/ros2_control_demo_description/share/ros2_control_demo_description/carlikebot/rviz/carlikebot.rviz
[0.617s] -- Up-to-date symlink: /home/arnab/ros2_ws/install/ros2_control_demo_description/share/ros2_control_demo_description/carlikebot/rviz/carlikebot_view.rviz
[0.617s] -- Up-to-date symlink: /home/arnab/ros2_ws/install/ros2_control_demo_description/share/ros2_control_demo_description/r3bot/urdf/threedofbot_description.urdf.xacro
[0.617s] -- Up-to-date symlink: /home/arnab/ros2_ws/install/ros2_control_demo_description/share/ros2_control_demo_description/r6bot/meshes/collision/link_0.stl
[0.618s] -- Up-to-date symlink: /home/arnab/ros2_ws/install/ros2_control_demo_description/share/ros2_control_demo_description/r6bot/meshes/collision/link_1.stl
[0.618s] -- Up-to-date symlink: /home/arnab/ros2_ws/install/ros2_control_demo_description/share/ros2_control_demo_description/r6bot/meshes/collision/link_2.stl
[0.618s] -- Up-to-date symlink: /home/arnab/ros2_ws/install/ros2_control_demo_description/share/ros2_control_demo_description/r6bot/meshes/collision/link_3.stl
[0.619s] -- Up-to-date symlink: /home/arnab/ros2_ws/install/ros2_control_demo_description/share/ros2_control_demo_description/r6bot/meshes/collision/link_4.stl
[0.619s] -- Up-to-date symlink: /home/arnab/ros2_ws/install/ros2_control_demo_description/share/ros2_control_demo_description/r6bot/meshes/collision/link_5.stl
[0.619s] -- Up-to-date symlink: /home/arnab/ros2_ws/install/ros2_control_demo_description/share/ros2_control_demo_description/r6bot/meshes/collision/link_6.stl
[0.619s] -- Up-to-date symlink: /home/arnab/ros2_ws/install/ros2_control_demo_description/share/ros2_control_demo_description/r6bot/meshes/visual/link_0.dae
[0.619s] -- Up-to-date symlink: /home/arnab/ros2_ws/install/ros2_control_demo_description/share/ros2_control_demo_description/r6bot/meshes/visual/link_1.dae
[0.620s] -- Up-to-date symlink: /home/arnab/ros2_ws/install/ros2_control_demo_description/share/ros2_control_demo_description/r6bot/meshes/visual/link_2.dae
[0.620s] -- Up-to-date symlink: /home/arnab/ros2_ws/install/ros2_control_demo_description/share/ros2_control_demo_description/r6bot/meshes/visual/link_3.dae
[0.620s] -- Up-to-date symlink: /home/arnab/ros2_ws/install/ros2_control_demo_description/share/ros2_control_demo_description/r6bot/meshes/visual/link_4.dae
[0.620s] -- Up-to-date symlink: /home/arnab/ros2_ws/install/ros2_control_demo_description/share/ros2_control_demo_description/r6bot/meshes/visual/link_5.dae
[0.621s] -- Up-to-date symlink: /home/arnab/ros2_ws/install/ros2_control_demo_description/share/ros2_control_demo_description/r6bot/meshes/visual/link_6.dae
[0.621s] -- Up-to-date symlink: /home/arnab/ros2_ws/install/ros2_control_demo_description/share/ros2_control_demo_description/r6bot/srdf/r6bot.srdf
[0.621s] -- Up-to-date symlink: /home/arnab/ros2_ws/install/ros2_control_demo_description/share/ros2_control_demo_description/r6bot/urdf/inc/create_link.xacro
[0.621s] -- Up-to-date symlink: /home/arnab/ros2_ws/install/ros2_control_demo_description/share/ros2_control_demo_description/r6bot/urdf/r6bot_description.urdf.xacro
[0.621s] -- Up-to-date symlink: /home/arnab/ros2_ws/install/ros2_control_demo_description/share/ros2_control_demo_description/r6bot/rviz/view_robot.rviz
[0.621s] -- Up-to-date symlink: /home/arnab/ros2_ws/install/ros2_control_demo_description/share/ament_index/resource_index/package_run_dependencies/ros2_control_demo_description
[0.621s] -- Up-to-date symlink: /home/arnab/ros2_ws/install/ros2_control_demo_description/share/ament_index/resource_index/parent_prefix_path/ros2_control_demo_description
[0.621s] -- Up-to-date symlink: /home/arnab/ros2_ws/install/ros2_control_demo_description/share/ros2_control_demo_description/environment/ament_prefix_path.sh
[0.621s] -- Up-to-date symlink: /home/arnab/ros2_ws/install/ros2_control_demo_description/share/ros2_control_demo_description/environment/ament_prefix_path.dsv
[0.621s] -- Up-to-date symlink: /home/arnab/ros2_ws/install/ros2_control_demo_description/share/ros2_control_demo_description/environment/path.sh
[0.621s] -- Up-to-date symlink: /home/arnab/ros2_ws/install/ros2_control_demo_description/share/ros2_control_demo_description/environment/path.dsv
[0.621s] -- Up-to-date symlink: /home/arnab/ros2_ws/install/ros2_control_demo_description/share/ros2_control_demo_description/local_setup.bash
[0.621s] -- Up-to-date symlink: /home/arnab/ros2_ws/install/ros2_control_demo_description/share/ros2_control_demo_description/local_setup.sh
[0.621s] -- Up-to-date symlink: /home/arnab/ros2_ws/install/ros2_control_demo_description/share/ros2_control_demo_description/local_setup.zsh
[0.621s] -- Up-to-date symlink: /home/arnab/ros2_ws/install/ros2_control_demo_description/share/ros2_control_demo_description/local_setup.dsv
[0.621s] -- Symlinking: /home/arnab/ros2_ws/install/ros2_control_demo_description/share/ros2_control_demo_description/package.dsv
[0.626s] -- Up-to-date symlink: /home/arnab/ros2_ws/install/ros2_control_demo_description/share/ament_index/resource_index/packages/ros2_control_demo_description
[0.626s] -- Up-to-date symlink: /home/arnab/ros2_ws/install/ros2_control_demo_description/share/ros2_control_demo_description/cmake/ros2_control_demo_descriptionConfig.cmake
[0.626s] -- Up-to-date symlink: /home/arnab/ros2_ws/install/ros2_control_demo_description/share/ros2_control_demo_description/cmake/ros2_control_demo_descriptionConfig-version.cmake
[0.626s] -- Up-to-date symlink: /home/arnab/ros2_ws/install/ros2_control_demo_description/share/ros2_control_demo_description/package.xml
[0.643s] Invoked command in '/home/arnab/ros2_ws/build/ros2_control_demo_description' returned '0': CMAKE_PREFIX_PATH=/home/arnab/ros2_ws/install/test_bot:/home/arnab/ros2_ws/install/ros2_control_demo_testing:/home/arnab/ros2_ws/install/pc_serial_communication:/home/arnab/ros2_ws/install/motor_serial_bridge:/opt/ros/humble:/home/arnab/ros2_ws/install/serial:/home/arnab/ros2_ws/install/ros2_control_demos:/home/arnab/ros2_ws/install/ros2_control_demo_example_9:/home/arnab/ros2_ws/install/ros2_control_demo_example_8:/home/arnab/ros2_ws/install/ros2_control_demo_example_7:/home/arnab/ros2_ws/install/ros2_control_demo_example_6:/home/arnab/ros2_ws/install/ros2_control_demo_example_15:/home/arnab/ros2_ws/install/ros2_control_demo_example_13:/home/arnab/ros2_ws/install/ros2_control_demo_example_5:/home/arnab/ros2_ws/install/ros2_control_demo_example_4:/home/arnab/ros2_ws/install/ros2_control_demo_example_3:/home/arnab/ros2_ws/install/ros2_control_demo_example_2:/home/arnab/ros2_ws/install/ros2_control_demo_example_14:/home/arnab/ros2_ws/install/ros2_control_demo_example_12:/home/arnab/ros2_ws/install/ros2_control_demo_example_11:/home/arnab/ros2_ws/install/ros2_control_demo_example_10:/home/arnab/ros2_ws/install/ros2_control_demo_example_1:/home/arnab/ros2_ws/install/ros2_control_demo_description:/home/arnab/ros2_ws/install/diffdrive_arduino:/home/arnab/ros2_ws/install/custom_motor_hw /usr/bin/cmake --install /home/arnab/ros2_ws/build/ros2_control_demo_description
