[0.586s] Invoking command in '/home/arnab/ros2_ws/build/serial': CMAKE_PREFIX_PATH=/home/arnab/ros2_ws/install/ros2_control_demo_testing:/home/arnab/ros2_ws/install/pc_serial_communication:/home/arnab/ros2_ws/install/motor_serial_bridge:/opt/ros/humble:${CMAKE_PREFIX_PATH} /usr/bin/cmake /home/arnab/ros2_ws/src/serial -DCMAKE_INSTALL_PREFIX=/home/arnab/ros2_ws/install/serial
[0.594s] -- Found ament_cmake: 1.3.11 (/opt/ros/humble/share/ament_cmake/cmake)
[0.665s] -- Override CMake install command with custom implementation using symlinks instead of copying resources
[0.669s] -- Found ament_cmake_gtest: 1.3.11 (/opt/ros/humble/share/ament_cmake_gtest/cmake)
[0.672s] -- Found gtest sources under '/opt/ros/humble/src/gtest_vendor': C++ tests using 'Google Test' will be built
[0.710s] -- Configuring done
[0.717s] -- Generating done
[0.719s] -- Build files have been written to: /home/arnab/ros2_ws/build/serial
[0.721s] Invoked command in '/home/arnab/ros2_ws/build/serial' returned '0': CMAKE_PREFIX_PATH=/home/arnab/ros2_ws/install/ros2_control_demo_testing:/home/arnab/ros2_ws/install/pc_serial_communication:/home/arnab/ros2_ws/install/motor_serial_bridge:/opt/ros/humble:${CMAKE_PREFIX_PATH} /usr/bin/cmake /home/arnab/ros2_ws/src/serial -DCMAKE_INSTALL_PREFIX=/home/arnab/ros2_ws/install/serial
[0.722s] Invoking command in '/home/arnab/ros2_ws/build/serial': CMAKE_PREFIX_PATH=/home/arnab/ros2_ws/install/ros2_control_demo_testing:/home/arnab/ros2_ws/install/pc_serial_communication:/home/arnab/ros2_ws/install/motor_serial_bridge:/opt/ros/humble:${CMAKE_PREFIX_PATH} /usr/bin/cmake --build /home/arnab/ros2_ws/build/serial -- -j16 -l16
[0.750s] [35m[1mConsolidate compiler generated dependencies of target gtest_main[0m
[0.751s] [35m[1mConsolidate compiler generated dependencies of target gtest[0m
[0.751s] [35m[1mConsolidate compiler generated dependencies of target serial[0m
[0.760s] [ 28%] Built target gtest_main
[0.760s] [ 28%] Built target gtest
[0.760s] [ 57%] Built target serial
[0.767s] [35m[1mConsolidate compiler generated dependencies of target serial-test[0m
[0.767s] [35m[1mConsolidate compiler generated dependencies of target serial_example[0m
[0.767s] [35m[1mConsolidate compiler generated dependencies of target serial-test-timer[0m
[0.776s] [100%] Built target serial_example
[0.776s] [100%] Built target serial-test-timer
[0.776s] [100%] Built target serial-test
[0.785s] Invoked command in '/home/arnab/ros2_ws/build/serial' returned '0': CMAKE_PREFIX_PATH=/home/arnab/ros2_ws/install/ros2_control_demo_testing:/home/arnab/ros2_ws/install/pc_serial_communication:/home/arnab/ros2_ws/install/motor_serial_bridge:/opt/ros/humble:${CMAKE_PREFIX_PATH} /usr/bin/cmake --build /home/arnab/ros2_ws/build/serial -- -j16 -l16
[0.786s] Invoking command in '/home/arnab/ros2_ws/build/serial': CMAKE_PREFIX_PATH=/home/arnab/ros2_ws/install/ros2_control_demo_testing:/home/arnab/ros2_ws/install/pc_serial_communication:/home/arnab/ros2_ws/install/motor_serial_bridge:/opt/ros/humble:${CMAKE_PREFIX_PATH} /usr/bin/cmake --install /home/arnab/ros2_ws/build/serial
[0.792s] -- Install configuration: ""
[0.792s] -- Execute custom install script
[0.792s] -- Up-to-date symlink: /home/arnab/ros2_ws/install/serial/lib/libserial.a
[0.792s] -- Up-to-date symlink: /home/arnab/ros2_ws/install/serial/include/serial/serial.h
[0.792s] -- Up-to-date symlink: /home/arnab/ros2_ws/install/serial/include/serial/v8stdint.h
[0.792s] -- Up-to-date symlink: /home/arnab/ros2_ws/install/serial/share/serial/environment/library_path.sh
[0.792s] -- Up-to-date symlink: /home/arnab/ros2_ws/install/serial/share/serial/environment/library_path.dsv
[0.792s] -- Up-to-date symlink: /home/arnab/ros2_ws/install/serial/share/ament_index/resource_index/package_run_dependencies/serial
[0.792s] -- Up-to-date symlink: /home/arnab/ros2_ws/install/serial/share/ament_index/resource_index/parent_prefix_path/serial
[0.793s] -- Up-to-date symlink: /home/arnab/ros2_ws/install/serial/share/serial/environment/ament_prefix_path.sh
[0.793s] -- Up-to-date symlink: /home/arnab/ros2_ws/install/serial/share/serial/environment/ament_prefix_path.dsv
[0.793s] -- Up-to-date symlink: /home/arnab/ros2_ws/install/serial/share/serial/environment/path.sh
[0.793s] -- Up-to-date symlink: /home/arnab/ros2_ws/install/serial/share/serial/environment/path.dsv
[0.793s] -- Up-to-date symlink: /home/arnab/ros2_ws/install/serial/share/serial/local_setup.bash
[0.793s] -- Up-to-date symlink: /home/arnab/ros2_ws/install/serial/share/serial/local_setup.sh
[0.793s] -- Up-to-date symlink: /home/arnab/ros2_ws/install/serial/share/serial/local_setup.zsh
[0.793s] -- Up-to-date symlink: /home/arnab/ros2_ws/install/serial/share/serial/local_setup.dsv
[0.793s] -- Symlinking: /home/arnab/ros2_ws/install/serial/share/serial/package.dsv
[0.800s] -- Up-to-date symlink: /home/arnab/ros2_ws/install/serial/share/ament_index/resource_index/packages/serial
[0.800s] -- Up-to-date symlink: /home/arnab/ros2_ws/install/serial/share/serial/cmake/ament_cmake_export_include_directories-extras.cmake
[0.800s] -- Up-to-date symlink: /home/arnab/ros2_ws/install/serial/share/serial/cmake/ament_cmake_export_libraries-extras.cmake
[0.800s] -- Up-to-date symlink: /home/arnab/ros2_ws/install/serial/share/serial/cmake/serialConfig.cmake
[0.800s] -- Up-to-date symlink: /home/arnab/ros2_ws/install/serial/share/serial/cmake/serialConfig-version.cmake
[0.800s] -- Up-to-date symlink: /home/arnab/ros2_ws/install/serial/share/serial/package.xml
[0.801s] Invoked command in '/home/arnab/ros2_ws/build/serial' returned '0': CMAKE_PREFIX_PATH=/home/arnab/ros2_ws/install/ros2_control_demo_testing:/home/arnab/ros2_ws/install/pc_serial_communication:/home/arnab/ros2_ws/install/motor_serial_bridge:/opt/ros/humble:${CMAKE_PREFIX_PATH} /usr/bin/cmake --install /home/arnab/ros2_ws/build/serial
