[0.227s] Invoking command in '/home/arnab/ros2_ws/build/custom_motor_hw': CMAKE_PREFIX_PATH=/home/arnab/ros2_ws/install/test_bot:/home/arnab/ros2_ws/install/ros2_control_demo_testing:/home/arnab/ros2_ws/install/pc_serial_communication:/home/arnab/ros2_ws/install/motor_serial_bridge:/opt/ros/humble:/home/arnab/ros2_ws/install/serial:/home/arnab/ros2_ws/install/ros2_control_demos:/home/arnab/ros2_ws/install/ros2_control_demo_example_9:/home/arnab/ros2_ws/install/ros2_control_demo_example_8:/home/arnab/ros2_ws/install/ros2_control_demo_example_7:/home/arnab/ros2_ws/install/ros2_control_demo_example_6:/home/arnab/ros2_ws/install/ros2_control_demo_example_15:/home/arnab/ros2_ws/install/ros2_control_demo_example_13:/home/arnab/ros2_ws/install/ros2_control_demo_example_5:/home/arnab/ros2_ws/install/ros2_control_demo_example_4:/home/arnab/ros2_ws/install/ros2_control_demo_example_3:/home/arnab/ros2_ws/install/ros2_control_demo_example_2:/home/arnab/ros2_ws/install/ros2_control_demo_example_14:/home/arnab/ros2_ws/install/ros2_control_demo_example_12:/home/arnab/ros2_ws/install/ros2_control_demo_example_11:/home/arnab/ros2_ws/install/ros2_control_demo_example_10:/home/arnab/ros2_ws/install/ros2_control_demo_example_1:/home/arnab/ros2_ws/install/ros2_control_demo_description:/home/arnab/ros2_ws/install/custom_motor_hw /usr/bin/cmake --build /home/arnab/ros2_ws/build/custom_motor_hw -- -j16 -l16
[0.596s] [35m[1mConsolidate compiler generated dependencies of target motor_hardware_interface[0m
[0.596s] [ 50%] [32mBuilding CXX object CMakeFiles/motor_hardware_interface.dir/src/motor_hardware_interface.cpp.o[0m
[2.072s] [100%] [32m[1mLinking CXX shared library libmotor_hardware_interface.so[0m
[2.186s] [100%] Built target motor_hardware_interface
[2.194s] Invoked command in '/home/arnab/ros2_ws/build/custom_motor_hw' returned '0': CMAKE_PREFIX_PATH=/home/arnab/ros2_ws/install/test_bot:/home/arnab/ros2_ws/install/ros2_control_demo_testing:/home/arnab/ros2_ws/install/pc_serial_communication:/home/arnab/ros2_ws/install/motor_serial_bridge:/opt/ros/humble:/home/arnab/ros2_ws/install/serial:/home/arnab/ros2_ws/install/ros2_control_demos:/home/arnab/ros2_ws/install/ros2_control_demo_example_9:/home/arnab/ros2_ws/install/ros2_control_demo_example_8:/home/arnab/ros2_ws/install/ros2_control_demo_example_7:/home/arnab/ros2_ws/install/ros2_control_demo_example_6:/home/arnab/ros2_ws/install/ros2_control_demo_example_15:/home/arnab/ros2_ws/install/ros2_control_demo_example_13:/home/arnab/ros2_ws/install/ros2_control_demo_example_5:/home/arnab/ros2_ws/install/ros2_control_demo_example_4:/home/arnab/ros2_ws/install/ros2_control_demo_example_3:/home/arnab/ros2_ws/install/ros2_control_demo_example_2:/home/arnab/ros2_ws/install/ros2_control_demo_example_14:/home/arnab/ros2_ws/install/ros2_control_demo_example_12:/home/arnab/ros2_ws/install/ros2_control_demo_example_11:/home/arnab/ros2_ws/install/ros2_control_demo_example_10:/home/arnab/ros2_ws/install/ros2_control_demo_example_1:/home/arnab/ros2_ws/install/ros2_control_demo_description:/home/arnab/ros2_ws/install/custom_motor_hw /usr/bin/cmake --build /home/arnab/ros2_ws/build/custom_motor_hw -- -j16 -l16
[2.195s] Invoking command in '/home/arnab/ros2_ws/build/custom_motor_hw': CMAKE_PREFIX_PATH=/home/arnab/ros2_ws/install/test_bot:/home/arnab/ros2_ws/install/ros2_control_demo_testing:/home/arnab/ros2_ws/install/pc_serial_communication:/home/arnab/ros2_ws/install/motor_serial_bridge:/opt/ros/humble:/home/arnab/ros2_ws/install/serial:/home/arnab/ros2_ws/install/ros2_control_demos:/home/arnab/ros2_ws/install/ros2_control_demo_example_9:/home/arnab/ros2_ws/install/ros2_control_demo_example_8:/home/arnab/ros2_ws/install/ros2_control_demo_example_7:/home/arnab/ros2_ws/install/ros2_control_demo_example_6:/home/arnab/ros2_ws/install/ros2_control_demo_example_15:/home/arnab/ros2_ws/install/ros2_control_demo_example_13:/home/arnab/ros2_ws/install/ros2_control_demo_example_5:/home/arnab/ros2_ws/install/ros2_control_demo_example_4:/home/arnab/ros2_ws/install/ros2_control_demo_example_3:/home/arnab/ros2_ws/install/ros2_control_demo_example_2:/home/arnab/ros2_ws/install/ros2_control_demo_example_14:/home/arnab/ros2_ws/install/ros2_control_demo_example_12:/home/arnab/ros2_ws/install/ros2_control_demo_example_11:/home/arnab/ros2_ws/install/ros2_control_demo_example_10:/home/arnab/ros2_ws/install/ros2_control_demo_example_1:/home/arnab/ros2_ws/install/ros2_control_demo_description:/home/arnab/ros2_ws/install/custom_motor_hw /usr/bin/cmake --install /home/arnab/ros2_ws/build/custom_motor_hw
[2.200s] -- Install configuration: ""
[2.200s] -- Execute custom install script
[2.201s] -- Up-to-date symlink: /home/arnab/ros2_ws/install/custom_motor_hw/share/custom_motor_hw//custom_motor_hw.xml
[2.201s] -- Up-to-date symlink: /home/arnab/ros2_ws/install/custom_motor_hw/lib/libmotor_hardware_interface.so
[2.201s] -- Up-to-date symlink: /home/arnab/ros2_ws/install/custom_motor_hw/share/custom_motor_hw/custom_motor_hw.xml
[2.201s] -- Up-to-date symlink: /home/arnab/ros2_ws/install/custom_motor_hw/share/ament_index/resource_index/package_run_dependencies/custom_motor_hw
[2.201s] -- Up-to-date symlink: /home/arnab/ros2_ws/install/custom_motor_hw/share/ament_index/resource_index/parent_prefix_path/custom_motor_hw
[2.201s] -- Up-to-date symlink: /home/arnab/ros2_ws/install/custom_motor_hw/share/custom_motor_hw/environment/ament_prefix_path.sh
[2.201s] -- Up-to-date symlink: /home/arnab/ros2_ws/install/custom_motor_hw/share/custom_motor_hw/environment/ament_prefix_path.dsv
[2.201s] -- Up-to-date symlink: /home/arnab/ros2_ws/install/custom_motor_hw/share/custom_motor_hw/environment/path.sh
[2.202s] -- Up-to-date symlink: /home/arnab/ros2_ws/install/custom_motor_hw/share/custom_motor_hw/environment/path.dsv
[2.202s] -- Up-to-date symlink: /home/arnab/ros2_ws/install/custom_motor_hw/share/custom_motor_hw/local_setup.bash
[2.202s] -- Up-to-date symlink: /home/arnab/ros2_ws/install/custom_motor_hw/share/custom_motor_hw/local_setup.sh
[2.202s] -- Up-to-date symlink: /home/arnab/ros2_ws/install/custom_motor_hw/share/custom_motor_hw/local_setup.zsh
[2.202s] -- Up-to-date symlink: /home/arnab/ros2_ws/install/custom_motor_hw/share/custom_motor_hw/local_setup.dsv
[2.202s] -- Symlinking: /home/arnab/ros2_ws/install/custom_motor_hw/share/custom_motor_hw/package.dsv
[2.208s] -- Up-to-date symlink: /home/arnab/ros2_ws/install/custom_motor_hw/share/ament_index/resource_index/packages/custom_motor_hw
[2.208s] -- Up-to-date symlink: /home/arnab/ros2_ws/install/custom_motor_hw/share/ament_index/resource_index/hardware_interface__pluginlib__plugin/custom_motor_hw
[2.208s] -- Up-to-date symlink: /home/arnab/ros2_ws/install/custom_motor_hw/share/custom_motor_hw/cmake/custom_motor_hwConfig.cmake
[2.208s] -- Up-to-date symlink: /home/arnab/ros2_ws/install/custom_motor_hw/share/custom_motor_hw/cmake/custom_motor_hwConfig-version.cmake
[2.208s] -- Up-to-date symlink: /home/arnab/ros2_ws/install/custom_motor_hw/share/custom_motor_hw/package.xml
[2.209s] Invoked command in '/home/arnab/ros2_ws/build/custom_motor_hw' returned '0': CMAKE_PREFIX_PATH=/home/arnab/ros2_ws/install/test_bot:/home/arnab/ros2_ws/install/ros2_control_demo_testing:/home/arnab/ros2_ws/install/pc_serial_communication:/home/arnab/ros2_ws/install/motor_serial_bridge:/opt/ros/humble:/home/arnab/ros2_ws/install/serial:/home/arnab/ros2_ws/install/ros2_control_demos:/home/arnab/ros2_ws/install/ros2_control_demo_example_9:/home/arnab/ros2_ws/install/ros2_control_demo_example_8:/home/arnab/ros2_ws/install/ros2_control_demo_example_7:/home/arnab/ros2_ws/install/ros2_control_demo_example_6:/home/arnab/ros2_ws/install/ros2_control_demo_example_15:/home/arnab/ros2_ws/install/ros2_control_demo_example_13:/home/arnab/ros2_ws/install/ros2_control_demo_example_5:/home/arnab/ros2_ws/install/ros2_control_demo_example_4:/home/arnab/ros2_ws/install/ros2_control_demo_example_3:/home/arnab/ros2_ws/install/ros2_control_demo_example_2:/home/arnab/ros2_ws/install/ros2_control_demo_example_14:/home/arnab/ros2_ws/install/ros2_control_demo_example_12:/home/arnab/ros2_ws/install/ros2_control_demo_example_11:/home/arnab/ros2_ws/install/ros2_control_demo_example_10:/home/arnab/ros2_ws/install/ros2_control_demo_example_1:/home/arnab/ros2_ws/install/ros2_control_demo_description:/home/arnab/ros2_ws/install/custom_motor_hw /usr/bin/cmake --install /home/arnab/ros2_ws/build/custom_motor_hw
