[0.022s] Invoking command in '/home/arnab/ros2_ws/build/ros2_control_demo_example_3': AMENT_PREFIX_PATH=/home/arnab/ros2_ws/install/ros2_control_demo_testing:/home/arnab/ros2_ws/install/ros2_control_demo_description:${AMENT_PREFIX_PATH} CMAKE_PREFIX_PATH=/home/arnab/ros2_ws/install/ros2_control_demo_description:/home/arnab/ros2_ws/install/ros2_control_demo_example_2:/home/arnab/ros2_ws/install/test_bot:/home/arnab/ros2_ws/install/pc_serial_communication:/opt/ros/humble PYTHONPATH=/home/arnab/ros2_ws/install/ros2_control_demo_testing/lib/python3.10/site-packages:${PYTHONPATH} /usr/bin/cmake /home/arnab/ros2_ws/src/ros2_control_demos/example_3 -DCMAKE_INSTALL_PREFIX=/home/arnab/ros2_ws/install/ros2_control_demo_example_3
[0.074s] -- The CXX compiler identification is GNU 11.4.0
[0.082s] -- Detecting CXX compiler ABI info
[0.147s] -- Detecting CXX compiler ABI info - done
[0.153s] -- Check for working CXX compiler: /usr/bin/c++ - skipped
[0.153s] -- Detecting CXX compile features
[0.153s] -- Detecting CXX compile features - done
[0.162s] -- Found ament_cmake: 1.3.11 (/opt/ros/humble/share/ament_cmake/cmake)
[0.773s] -- Found Python3: /usr/bin/python3 (found version "3.10.12") found components: Interpreter 
[0.841s] -- Found hardware_interface: 2.47.0 (/opt/ros/humble/share/hardware_interface/cmake)
[0.873s] -- Found rosidl_generator_c: 3.1.6 (/opt/ros/humble/share/rosidl_generator_c/cmake)
[0.878s] -- Found rosidl_adapter: 3.1.6 (/opt/ros/humble/share/rosidl_adapter/cmake)
[0.885s] -- Found rosidl_generator_cpp: 3.1.6 (/opt/ros/humble/share/rosidl_generator_cpp/cmake)
[0.895s] -- Using all available rosidl_typesupport_c: rosidl_typesupport_fastrtps_c;rosidl_typesupport_introspection_c
[0.908s] -- Using all available rosidl_typesupport_cpp: rosidl_typesupport_fastrtps_cpp;rosidl_typesupport_introspection_cpp
[1.076s] -- Found rmw_implementation_cmake: 6.1.2 (/opt/ros/humble/share/rmw_implementation_cmake/cmake)
[1.079s] -- Found rmw_cyclonedds_cpp: 1.3.4 (/opt/ros/humble/share/rmw_cyclonedds_cpp/cmake)
[1.098s] -- Using RMW implementation 'rmw_cyclonedds_cpp' as default
[1.104s] -- Looking for C++ include pthread.h
[1.219s] -- Looking for C++ include pthread.h - found
[1.219s] -- Performing Test CMAKE_HAVE_LIBC_PTHREAD
[1.303s] -- Performing Test CMAKE_HAVE_LIBC_PTHREAD - Success
[1.304s] -- Found Threads: TRUE  
[1.352s] -- Found ament_cmake_pytest: 1.3.11 (/opt/ros/humble/share/ament_cmake_pytest/cmake)
[2.278s] -- Configuring done
[2.305s] -- Generating done
[2.308s] -- Build files have been written to: /home/arnab/ros2_ws/build/ros2_control_demo_example_3
[2.335s] Invoked command in '/home/arnab/ros2_ws/build/ros2_control_demo_example_3' returned '0': AMENT_PREFIX_PATH=/home/arnab/ros2_ws/install/ros2_control_demo_testing:/home/arnab/ros2_ws/install/ros2_control_demo_description:${AMENT_PREFIX_PATH} CMAKE_PREFIX_PATH=/home/arnab/ros2_ws/install/ros2_control_demo_description:/home/arnab/ros2_ws/install/ros2_control_demo_example_2:/home/arnab/ros2_ws/install/test_bot:/home/arnab/ros2_ws/install/pc_serial_communication:/opt/ros/humble PYTHONPATH=/home/arnab/ros2_ws/install/ros2_control_demo_testing/lib/python3.10/site-packages:${PYTHONPATH} /usr/bin/cmake /home/arnab/ros2_ws/src/ros2_control_demos/example_3 -DCMAKE_INSTALL_PREFIX=/home/arnab/ros2_ws/install/ros2_control_demo_example_3
[2.336s] Invoking command in '/home/arnab/ros2_ws/build/ros2_control_demo_example_3': AMENT_PREFIX_PATH=/home/arnab/ros2_ws/install/ros2_control_demo_testing:/home/arnab/ros2_ws/install/ros2_control_demo_description:${AMENT_PREFIX_PATH} CMAKE_PREFIX_PATH=/home/arnab/ros2_ws/install/ros2_control_demo_description:/home/arnab/ros2_ws/install/ros2_control_demo_example_2:/home/arnab/ros2_ws/install/test_bot:/home/arnab/ros2_ws/install/pc_serial_communication:/opt/ros/humble PYTHONPATH=/home/arnab/ros2_ws/install/ros2_control_demo_testing/lib/python3.10/site-packages:${PYTHONPATH} /usr/bin/cmake --build /home/arnab/ros2_ws/build/ros2_control_demo_example_3 -- -j16 -l16
[2.464s] [ 50%] [32mBuilding CXX object CMakeFiles/ros2_control_demo_example_3.dir/hardware/rrbot_system_multi_interface.cpp.o[0m
[6.250s] [100%] [32m[1mLinking CXX shared library libros2_control_demo_example_3.so[0m
[6.420s] [100%] Built target ros2_control_demo_example_3
[6.431s] Invoked command in '/home/arnab/ros2_ws/build/ros2_control_demo_example_3' returned '0': AMENT_PREFIX_PATH=/home/arnab/ros2_ws/install/ros2_control_demo_testing:/home/arnab/ros2_ws/install/ros2_control_demo_description:${AMENT_PREFIX_PATH} CMAKE_PREFIX_PATH=/home/arnab/ros2_ws/install/ros2_control_demo_description:/home/arnab/ros2_ws/install/ros2_control_demo_example_2:/home/arnab/ros2_ws/install/test_bot:/home/arnab/ros2_ws/install/pc_serial_communication:/opt/ros/humble PYTHONPATH=/home/arnab/ros2_ws/install/ros2_control_demo_testing/lib/python3.10/site-packages:${PYTHONPATH} /usr/bin/cmake --build /home/arnab/ros2_ws/build/ros2_control_demo_example_3 -- -j16 -l16
[6.433s] Invoking command in '/home/arnab/ros2_ws/build/ros2_control_demo_example_3': AMENT_PREFIX_PATH=/home/arnab/ros2_ws/install/ros2_control_demo_testing:/home/arnab/ros2_ws/install/ros2_control_demo_description:${AMENT_PREFIX_PATH} CMAKE_PREFIX_PATH=/home/arnab/ros2_ws/install/ros2_control_demo_description:/home/arnab/ros2_ws/install/ros2_control_demo_example_2:/home/arnab/ros2_ws/install/test_bot:/home/arnab/ros2_ws/install/pc_serial_communication:/opt/ros/humble PYTHONPATH=/home/arnab/ros2_ws/install/ros2_control_demo_testing/lib/python3.10/site-packages:${PYTHONPATH} /usr/bin/cmake --install /home/arnab/ros2_ws/build/ros2_control_demo_example_3
[6.439s] -- Install configuration: ""
[6.439s] -- Installing: /home/arnab/ros2_ws/install/ros2_control_demo_example_3/share/ros2_control_demo_example_3/ros2_control_demo_example_3.xml
[6.439s] -- Installing: /home/arnab/ros2_ws/install/ros2_control_demo_example_3/include/ros2_control_demo_example_3
[6.439s] -- Installing: /home/arnab/ros2_ws/install/ros2_control_demo_example_3/include/ros2_control_demo_example_3/ros2_control_demo_example_3
[6.439s] -- Installing: /home/arnab/ros2_ws/install/ros2_control_demo_example_3/include/ros2_control_demo_example_3/ros2_control_demo_example_3/rrbot_system_multi_interface.hpp
[6.439s] -- Installing: /home/arnab/ros2_ws/install/ros2_control_demo_example_3/share/ros2_control_demo_example_3/launch
[6.439s] -- Installing: /home/arnab/ros2_ws/install/ros2_control_demo_example_3/share/ros2_control_demo_example_3/launch/view_robot.launch.py
[6.439s] -- Installing: /home/arnab/ros2_ws/install/ros2_control_demo_example_3/share/ros2_control_demo_example_3/ros2_control
[6.440s] -- Installing: /home/arnab/ros2_ws/install/ros2_control_demo_example_3/share/ros2_control_demo_example_3/ros2_control/rrbot_system_multi_interface.ros2_control.xacro
[6.440s] -- Installing: /home/arnab/ros2_ws/install/ros2_control_demo_example_3/share/ros2_control_demo_example_3/urdf
[6.440s] -- Installing: /home/arnab/ros2_ws/install/ros2_control_demo_example_3/share/ros2_control_demo_example_3/urdf/rrbot_system_multi_interface.urdf.xacro
[6.440s] -- Up-to-date: /home/arnab/ros2_ws/install/ros2_control_demo_example_3/share/ros2_control_demo_example_3/launch
[6.440s] -- Installing: /home/arnab/ros2_ws/install/ros2_control_demo_example_3/share/ros2_control_demo_example_3/launch/test_forward_position_controller.launch.py
[6.440s] -- Installing: /home/arnab/ros2_ws/install/ros2_control_demo_example_3/share/ros2_control_demo_example_3/launch/rrbot_system_multi_interface.launch.py
[6.440s] -- Installing: /home/arnab/ros2_ws/install/ros2_control_demo_example_3/share/ros2_control_demo_example_3/config
[6.440s] -- Installing: /home/arnab/ros2_ws/install/ros2_control_demo_example_3/share/ros2_control_demo_example_3/config/rrbot_forward_position_publisher.yaml
[6.440s] -- Installing: /home/arnab/ros2_ws/install/ros2_control_demo_example_3/share/ros2_control_demo_example_3/config/rrbot_multi_interface_forward_controllers.yaml
[6.440s] -- Installing: /home/arnab/ros2_ws/install/ros2_control_demo_example_3/lib/libros2_control_demo_example_3.so
[6.442s] -- Set runtime path of "/home/arnab/ros2_ws/install/ros2_control_demo_example_3/lib/libros2_control_demo_example_3.so" to ""
[6.442s] -- Installing: /home/arnab/ros2_ws/install/ros2_control_demo_example_3/share/ros2_control_demo_example_3/environment/library_path.sh
[6.442s] -- Installing: /home/arnab/ros2_ws/install/ros2_control_demo_example_3/share/ros2_control_demo_example_3/environment/library_path.dsv
[6.442s] -- Installing: /home/arnab/ros2_ws/install/ros2_control_demo_example_3/share/ament_index/resource_index/package_run_dependencies/ros2_control_demo_example_3
[6.442s] -- Installing: /home/arnab/ros2_ws/install/ros2_control_demo_example_3/share/ament_index/resource_index/parent_prefix_path/ros2_control_demo_example_3
[6.442s] -- Installing: /home/arnab/ros2_ws/install/ros2_control_demo_example_3/share/ros2_control_demo_example_3/environment/ament_prefix_path.sh
[6.442s] -- Installing: /home/arnab/ros2_ws/install/ros2_control_demo_example_3/share/ros2_control_demo_example_3/environment/ament_prefix_path.dsv
[6.443s] -- Installing: /home/arnab/ros2_ws/install/ros2_control_demo_example_3/share/ros2_control_demo_example_3/environment/path.sh
[6.443s] -- Installing: /home/arnab/ros2_ws/install/ros2_control_demo_example_3/share/ros2_control_demo_example_3/environment/path.dsv
[6.443s] -- Installing: /home/arnab/ros2_ws/install/ros2_control_demo_example_3/share/ros2_control_demo_example_3/local_setup.bash
[6.443s] -- Installing: /home/arnab/ros2_ws/install/ros2_control_demo_example_3/share/ros2_control_demo_example_3/local_setup.sh
[6.443s] -- Installing: /home/arnab/ros2_ws/install/ros2_control_demo_example_3/share/ros2_control_demo_example_3/local_setup.zsh
[6.443s] -- Installing: /home/arnab/ros2_ws/install/ros2_control_demo_example_3/share/ros2_control_demo_example_3/local_setup.dsv
[6.443s] -- Installing: /home/arnab/ros2_ws/install/ros2_control_demo_example_3/share/ros2_control_demo_example_3/package.dsv
[6.443s] -- Installing: /home/arnab/ros2_ws/install/ros2_control_demo_example_3/share/ament_index/resource_index/packages/ros2_control_demo_example_3
[6.444s] -- Installing: /home/arnab/ros2_ws/install/ros2_control_demo_example_3/share/ament_index/resource_index/hardware_interface__pluginlib__plugin/ros2_control_demo_example_3
[6.444s] -- Installing: /home/arnab/ros2_ws/install/ros2_control_demo_example_3/share/ros2_control_demo_example_3/cmake/export_ros2_control_demo_example_3Export.cmake
[6.444s] -- Installing: /home/arnab/ros2_ws/install/ros2_control_demo_example_3/share/ros2_control_demo_example_3/cmake/export_ros2_control_demo_example_3Export-noconfig.cmake
[6.444s] -- Installing: /home/arnab/ros2_ws/install/ros2_control_demo_example_3/share/ros2_control_demo_example_3/cmake/ament_cmake_export_targets-extras.cmake
[6.444s] -- Installing: /home/arnab/ros2_ws/install/ros2_control_demo_example_3/share/ros2_control_demo_example_3/cmake/ament_cmake_export_dependencies-extras.cmake
[6.444s] -- Installing: /home/arnab/ros2_ws/install/ros2_control_demo_example_3/share/ros2_control_demo_example_3/cmake/ros2_control_demo_example_3Config.cmake
[6.444s] -- Installing: /home/arnab/ros2_ws/install/ros2_control_demo_example_3/share/ros2_control_demo_example_3/cmake/ros2_control_demo_example_3Config-version.cmake
[6.445s] -- Installing: /home/arnab/ros2_ws/install/ros2_control_demo_example_3/share/ros2_control_demo_example_3/package.xml
[6.447s] Invoked command in '/home/arnab/ros2_ws/build/ros2_control_demo_example_3' returned '0': AMENT_PREFIX_PATH=/home/arnab/ros2_ws/install/ros2_control_demo_testing:/home/arnab/ros2_ws/install/ros2_control_demo_description:${AMENT_PREFIX_PATH} CMAKE_PREFIX_PATH=/home/arnab/ros2_ws/install/ros2_control_demo_description:/home/arnab/ros2_ws/install/ros2_control_demo_example_2:/home/arnab/ros2_ws/install/test_bot:/home/arnab/ros2_ws/install/pc_serial_communication:/opt/ros/humble PYTHONPATH=/home/arnab/ros2_ws/install/ros2_control_demo_testing/lib/python3.10/site-packages:${PYTHONPATH} /usr/bin/cmake --install /home/arnab/ros2_ws/build/ros2_control_demo_example_3
