[0.042s] Invoking command in '/home/arnab/ros2_ws/build/ros2_control_demo_example_12': AMENT_PREFIX_PATH=/home/arnab/ros2_ws/install/ros2_control_demo_testing:/home/arnab/ros2_ws/install/test_bot:/home/arnab/ros2_ws/install/serial:/home/arnab/ros2_ws/install/ros2_control_demos:/home/arnab/ros2_ws/install/ros2_control_demo_example_9:/home/arnab/ros2_ws/install/ros2_control_demo_example_8:/home/arnab/ros2_ws/install/ros2_control_demo_example_7:/home/arnab/ros2_ws/install/ros2_control_demo_example_6:/home/arnab/ros2_ws/install/ros2_control_demo_example_15:/home/arnab/ros2_ws/install/ros2_control_demo_example_13:/home/arnab/ros2_ws/install/ros2_control_demo_example_5:/home/arnab/ros2_ws/install/ros2_control_demo_example_4:/home/arnab/ros2_ws/install/ros2_control_demo_example_3:/home/arnab/ros2_ws/install/ros2_control_demo_example_2:/home/arnab/ros2_ws/install/ros2_control_demo_example_14:/home/arnab/ros2_ws/install/ros2_control_demo_example_12:/home/arnab/ros2_ws/install/ros2_control_demo_example_11:/home/arnab/ros2_ws/install/ros2_control_demo_example_10:/home/arnab/ros2_ws/install/ros2_control_demo_example_1:/home/arnab/ros2_ws/install/ros2_control_demo_description:/home/arnab/ros2_ws/install/pc_serial_communication:/home/arnab/ros2_ws/install/motor_serial_bridge:/home/arnab/ros2_ws/install/diffdrive_arduino:/home/arnab/ros2_ws/install/custom_motor_hw:/opt/ros/humble CMAKE_PREFIX_PATH=/home/arnab/ros2_ws/install/ros2_control_demo_description:/home/arnab/ros2_ws/install/test_bot:/home/arnab/ros2_ws/install/ros2_control_demo_testing:/home/arnab/ros2_ws/install/pc_serial_communication:/home/arnab/ros2_ws/install/motor_serial_bridge:/opt/ros/humble:/home/arnab/ros2_ws/install/serial:/home/arnab/ros2_ws/install/ros2_control_demos:/home/arnab/ros2_ws/install/ros2_control_demo_example_9:/home/arnab/ros2_ws/install/ros2_control_demo_example_8:/home/arnab/ros2_ws/install/ros2_control_demo_example_7:/home/arnab/ros2_ws/install/ros2_control_demo_example_6:/home/arnab/ros2_ws/install/ros2_control_demo_example_15:/home/arnab/ros2_ws/install/ros2_control_demo_example_13:/home/arnab/ros2_ws/install/ros2_control_demo_example_5:/home/arnab/ros2_ws/install/ros2_control_demo_example_4:/home/arnab/ros2_ws/install/ros2_control_demo_example_3:/home/arnab/ros2_ws/install/ros2_control_demo_example_2:/home/arnab/ros2_ws/install/ros2_control_demo_example_14:/home/arnab/ros2_ws/install/ros2_control_demo_example_12:/home/arnab/ros2_ws/install/ros2_control_demo_example_11:/home/arnab/ros2_ws/install/ros2_control_demo_example_10:/home/arnab/ros2_ws/install/ros2_control_demo_example_1:/home/arnab/ros2_ws/install/diffdrive_arduino:/home/arnab/ros2_ws/install/custom_motor_hw /usr/bin/cmake --build /home/arnab/ros2_ws/build/ros2_control_demo_example_12 -- -j16 -l16
[0.065s] -- Found ament_cmake: 1.3.11 (/opt/ros/humble/share/ament_cmake/cmake)
[0.179s] -- Override CMake install command with custom implementation using symlinks instead of copying resources
[0.187s] -- Found hardware_interface: 2.48.0 (/opt/ros/humble/share/hardware_interface/cmake)
[0.210s] -- Found rosidl_generator_c: 3.1.6 (/opt/ros/humble/share/rosidl_generator_c/cmake)
[0.210s] -- Found rosidl_adapter: 3.1.6 (/opt/ros/humble/share/rosidl_adapter/cmake)
[0.214s] -- Found rosidl_generator_cpp: 3.1.6 (/opt/ros/humble/share/rosidl_generator_cpp/cmake)
[0.222s] -- Using all available rosidl_typesupport_c: rosidl_typesupport_fastrtps_c;rosidl_typesupport_introspection_c
[0.232s] -- Using all available rosidl_typesupport_cpp: rosidl_typesupport_fastrtps_cpp;rosidl_typesupport_introspection_cpp
[0.346s] -- Found rmw_implementation_cmake: 6.1.2 (/opt/ros/humble/share/rmw_implementation_cmake/cmake)
[0.347s] -- Found rmw_cyclonedds_cpp: 1.3.4 (/opt/ros/humble/share/rmw_cyclonedds_cpp/cmake)
[0.358s] -- Using RMW implementation 'rmw_cyclonedds_cpp' as default
[0.394s] -- Found generate_parameter_library: 0.4.0 (/opt/ros/humble/share/generate_parameter_library/cmake)
[0.395s] -- Found parameter_traits: 0.4.0 (/opt/ros/humble/share/parameter_traits/cmake)
[0.404s] -- Found controller_interface: 2.48.0 (/opt/ros/humble/share/controller_interface/cmake)
[0.409s] -- Found realtime_tools: 2.11.0 (/opt/ros/humble/share/realtime_tools/cmake)
[0.451s] -- Found ament_cmake_pytest: 1.3.11 (/opt/ros/humble/share/ament_cmake_pytest/cmake)
[1.545s] -- Configuring done
[1.592s] -- Generating done
[1.603s] -- Build files have been written to: /home/arnab/ros2_ws/build/ros2_control_demo_example_12
[1.635s] [35m[1mConsolidate compiler generated dependencies of target ros2_control_demo_example_12[0m
[1.644s] [ 33%] Built target passthrough_controller_parameters
[1.662s] [35m[1mConsolidate compiler generated dependencies of target passthrough_controller[0m
[1.665s] [ 50%] [32mBuilding CXX object CMakeFiles/ros2_control_demo_example_12.dir/hardware/rrbot.cpp.o[0m
[1.706s] [ 66%] [32mBuilding CXX object CMakeFiles/passthrough_controller.dir/controllers/src/passthrough_controller.cpp.o[0m
[5.891s] [ 83%] [32m[1mLinking CXX shared library libros2_control_demo_example_12.so[0m
[5.990s] [ 83%] Built target ros2_control_demo_example_12
[8.624s] [100%] [32m[1mLinking CXX shared library libpassthrough_controller.so[0m
[8.892s] [100%] Built target passthrough_controller
[8.902s] Invoked command in '/home/arnab/ros2_ws/build/ros2_control_demo_example_12' returned '0': AMENT_PREFIX_PATH=/home/arnab/ros2_ws/install/ros2_control_demo_testing:/home/arnab/ros2_ws/install/test_bot:/home/arnab/ros2_ws/install/serial:/home/arnab/ros2_ws/install/ros2_control_demos:/home/arnab/ros2_ws/install/ros2_control_demo_example_9:/home/arnab/ros2_ws/install/ros2_control_demo_example_8:/home/arnab/ros2_ws/install/ros2_control_demo_example_7:/home/arnab/ros2_ws/install/ros2_control_demo_example_6:/home/arnab/ros2_ws/install/ros2_control_demo_example_15:/home/arnab/ros2_ws/install/ros2_control_demo_example_13:/home/arnab/ros2_ws/install/ros2_control_demo_example_5:/home/arnab/ros2_ws/install/ros2_control_demo_example_4:/home/arnab/ros2_ws/install/ros2_control_demo_example_3:/home/arnab/ros2_ws/install/ros2_control_demo_example_2:/home/arnab/ros2_ws/install/ros2_control_demo_example_14:/home/arnab/ros2_ws/install/ros2_control_demo_example_12:/home/arnab/ros2_ws/install/ros2_control_demo_example_11:/home/arnab/ros2_ws/install/ros2_control_demo_example_10:/home/arnab/ros2_ws/install/ros2_control_demo_example_1:/home/arnab/ros2_ws/install/ros2_control_demo_description:/home/arnab/ros2_ws/install/pc_serial_communication:/home/arnab/ros2_ws/install/motor_serial_bridge:/home/arnab/ros2_ws/install/diffdrive_arduino:/home/arnab/ros2_ws/install/custom_motor_hw:/opt/ros/humble CMAKE_PREFIX_PATH=/home/arnab/ros2_ws/install/ros2_control_demo_description:/home/arnab/ros2_ws/install/test_bot:/home/arnab/ros2_ws/install/ros2_control_demo_testing:/home/arnab/ros2_ws/install/pc_serial_communication:/home/arnab/ros2_ws/install/motor_serial_bridge:/opt/ros/humble:/home/arnab/ros2_ws/install/serial:/home/arnab/ros2_ws/install/ros2_control_demos:/home/arnab/ros2_ws/install/ros2_control_demo_example_9:/home/arnab/ros2_ws/install/ros2_control_demo_example_8:/home/arnab/ros2_ws/install/ros2_control_demo_example_7:/home/arnab/ros2_ws/install/ros2_control_demo_example_6:/home/arnab/ros2_ws/install/ros2_control_demo_example_15:/home/arnab/ros2_ws/install/ros2_control_demo_example_13:/home/arnab/ros2_ws/install/ros2_control_demo_example_5:/home/arnab/ros2_ws/install/ros2_control_demo_example_4:/home/arnab/ros2_ws/install/ros2_control_demo_example_3:/home/arnab/ros2_ws/install/ros2_control_demo_example_2:/home/arnab/ros2_ws/install/ros2_control_demo_example_14:/home/arnab/ros2_ws/install/ros2_control_demo_example_12:/home/arnab/ros2_ws/install/ros2_control_demo_example_11:/home/arnab/ros2_ws/install/ros2_control_demo_example_10:/home/arnab/ros2_ws/install/ros2_control_demo_example_1:/home/arnab/ros2_ws/install/diffdrive_arduino:/home/arnab/ros2_ws/install/custom_motor_hw /usr/bin/cmake --build /home/arnab/ros2_ws/build/ros2_control_demo_example_12 -- -j16 -l16
[8.903s] Invoking command in '/home/arnab/ros2_ws/build/ros2_control_demo_example_12': AMENT_PREFIX_PATH=/home/arnab/ros2_ws/install/ros2_control_demo_testing:/home/arnab/ros2_ws/install/test_bot:/home/arnab/ros2_ws/install/serial:/home/arnab/ros2_ws/install/ros2_control_demos:/home/arnab/ros2_ws/install/ros2_control_demo_example_9:/home/arnab/ros2_ws/install/ros2_control_demo_example_8:/home/arnab/ros2_ws/install/ros2_control_demo_example_7:/home/arnab/ros2_ws/install/ros2_control_demo_example_6:/home/arnab/ros2_ws/install/ros2_control_demo_example_15:/home/arnab/ros2_ws/install/ros2_control_demo_example_13:/home/arnab/ros2_ws/install/ros2_control_demo_example_5:/home/arnab/ros2_ws/install/ros2_control_demo_example_4:/home/arnab/ros2_ws/install/ros2_control_demo_example_3:/home/arnab/ros2_ws/install/ros2_control_demo_example_2:/home/arnab/ros2_ws/install/ros2_control_demo_example_14:/home/arnab/ros2_ws/install/ros2_control_demo_example_12:/home/arnab/ros2_ws/install/ros2_control_demo_example_11:/home/arnab/ros2_ws/install/ros2_control_demo_example_10:/home/arnab/ros2_ws/install/ros2_control_demo_example_1:/home/arnab/ros2_ws/install/ros2_control_demo_description:/home/arnab/ros2_ws/install/pc_serial_communication:/home/arnab/ros2_ws/install/motor_serial_bridge:/home/arnab/ros2_ws/install/diffdrive_arduino:/home/arnab/ros2_ws/install/custom_motor_hw:/opt/ros/humble CMAKE_PREFIX_PATH=/home/arnab/ros2_ws/install/ros2_control_demo_description:/home/arnab/ros2_ws/install/test_bot:/home/arnab/ros2_ws/install/ros2_control_demo_testing:/home/arnab/ros2_ws/install/pc_serial_communication:/home/arnab/ros2_ws/install/motor_serial_bridge:/opt/ros/humble:/home/arnab/ros2_ws/install/serial:/home/arnab/ros2_ws/install/ros2_control_demos:/home/arnab/ros2_ws/install/ros2_control_demo_example_9:/home/arnab/ros2_ws/install/ros2_control_demo_example_8:/home/arnab/ros2_ws/install/ros2_control_demo_example_7:/home/arnab/ros2_ws/install/ros2_control_demo_example_6:/home/arnab/ros2_ws/install/ros2_control_demo_example_15:/home/arnab/ros2_ws/install/ros2_control_demo_example_13:/home/arnab/ros2_ws/install/ros2_control_demo_example_5:/home/arnab/ros2_ws/install/ros2_control_demo_example_4:/home/arnab/ros2_ws/install/ros2_control_demo_example_3:/home/arnab/ros2_ws/install/ros2_control_demo_example_2:/home/arnab/ros2_ws/install/ros2_control_demo_example_14:/home/arnab/ros2_ws/install/ros2_control_demo_example_12:/home/arnab/ros2_ws/install/ros2_control_demo_example_11:/home/arnab/ros2_ws/install/ros2_control_demo_example_10:/home/arnab/ros2_ws/install/ros2_control_demo_example_1:/home/arnab/ros2_ws/install/diffdrive_arduino:/home/arnab/ros2_ws/install/custom_motor_hw /usr/bin/cmake --install /home/arnab/ros2_ws/build/ros2_control_demo_example_12
[8.909s] -- Install configuration: ""
[8.909s] -- Execute custom install script
[8.909s] -- Up-to-date symlink: /home/arnab/ros2_ws/install/ros2_control_demo_example_12/share/ros2_control_demo_example_12//ros2_control_demo_example_12.xml
[8.910s] -- Up-to-date symlink: /home/arnab/ros2_ws/install/ros2_control_demo_example_12/include/ros2_control_demo_example_12/passthrough_controller_parameters.hpp
[8.910s] -- Up-to-date symlink: /home/arnab/ros2_ws/install/ros2_control_demo_example_12/share/ros2_control_demo_example_12//passthrough_controller.xml
[8.910s] -- Up-to-date symlink: /home/arnab/ros2_ws/install/ros2_control_demo_example_12/include/ros2_control_demo_example_12/ros2_control_demo_example_12/rrbot.hpp
[8.911s] -- Up-to-date symlink: /home/arnab/ros2_ws/install/ros2_control_demo_example_12/share/ros2_control_demo_example_12/launch/view_robot.launch.py
[8.911s] -- Up-to-date symlink: /home/arnab/ros2_ws/install/ros2_control_demo_example_12/share/ros2_control_demo_example_12/ros2_control/rrbot.ros2_control.xacro
[8.911s] -- Up-to-date symlink: /home/arnab/ros2_ws/install/ros2_control_demo_example_12/share/ros2_control_demo_example_12/urdf/rrbot.urdf.xacro
[8.912s] -- Up-to-date symlink: /home/arnab/ros2_ws/install/ros2_control_demo_example_12/share/ros2_control_demo_example_12/launch/launch_chained_controllers.launch.py
[8.912s] -- Up-to-date symlink: /home/arnab/ros2_ws/install/ros2_control_demo_example_12/share/ros2_control_demo_example_12/launch/rrbot.launch.py
[8.912s] -- Up-to-date symlink: /home/arnab/ros2_ws/install/ros2_control_demo_example_12/share/ros2_control_demo_example_12/config/rrbot_chained_controllers.yaml
[8.913s] -- Up-to-date symlink: /home/arnab/ros2_ws/install/ros2_control_demo_example_12/include/passthrough_controller/passthrough_controller/passthrough_controller.hpp
[8.913s] -- Up-to-date symlink: /home/arnab/ros2_ws/install/ros2_control_demo_example_12/share/ros2_control_demo_example_12/environment/library_path.sh
[8.913s] -- Up-to-date symlink: /home/arnab/ros2_ws/install/ros2_control_demo_example_12/share/ros2_control_demo_example_12/environment/library_path.dsv
[8.913s] -- Up-to-date symlink: /home/arnab/ros2_ws/install/ros2_control_demo_example_12/share/ament_index/resource_index/package_run_dependencies/ros2_control_demo_example_12
[8.913s] -- Up-to-date symlink: /home/arnab/ros2_ws/install/ros2_control_demo_example_12/share/ament_index/resource_index/parent_prefix_path/ros2_control_demo_example_12
[8.914s] -- Up-to-date symlink: /home/arnab/ros2_ws/install/ros2_control_demo_example_12/share/ros2_control_demo_example_12/environment/ament_prefix_path.sh
[8.914s] -- Up-to-date symlink: /home/arnab/ros2_ws/install/ros2_control_demo_example_12/share/ros2_control_demo_example_12/environment/ament_prefix_path.dsv
[8.914s] -- Up-to-date symlink: /home/arnab/ros2_ws/install/ros2_control_demo_example_12/share/ros2_control_demo_example_12/environment/path.sh
[8.914s] -- Up-to-date symlink: /home/arnab/ros2_ws/install/ros2_control_demo_example_12/share/ros2_control_demo_example_12/environment/path.dsv
[8.914s] -- Up-to-date symlink: /home/arnab/ros2_ws/install/ros2_control_demo_example_12/share/ros2_control_demo_example_12/local_setup.bash
[8.914s] -- Up-to-date symlink: /home/arnab/ros2_ws/install/ros2_control_demo_example_12/share/ros2_control_demo_example_12/local_setup.sh
[8.914s] -- Up-to-date symlink: /home/arnab/ros2_ws/install/ros2_control_demo_example_12/share/ros2_control_demo_example_12/local_setup.zsh
[8.914s] -- Up-to-date symlink: /home/arnab/ros2_ws/install/ros2_control_demo_example_12/share/ros2_control_demo_example_12/local_setup.dsv
[8.914s] -- Symlinking: /home/arnab/ros2_ws/install/ros2_control_demo_example_12/share/ros2_control_demo_example_12/package.dsv
[8.922s] -- Up-to-date symlink: /home/arnab/ros2_ws/install/ros2_control_demo_example_12/share/ament_index/resource_index/packages/ros2_control_demo_example_12
[8.922s] -- Up-to-date symlink: /home/arnab/ros2_ws/install/ros2_control_demo_example_12/share/ament_index/resource_index/hardware_interface__pluginlib__plugin/ros2_control_demo_example_12
[8.923s] -- Up-to-date symlink: /home/arnab/ros2_ws/install/ros2_control_demo_example_12/share/ament_index/resource_index/controller_interface__pluginlib__plugin/ros2_control_demo_example_12
[8.923s] -- Up-to-date symlink: /home/arnab/ros2_ws/install/ros2_control_demo_example_12/share/ros2_control_demo_example_12/cmake/ament_cmake_export_dependencies-extras.cmake
[8.923s] -- Up-to-date symlink: /home/arnab/ros2_ws/install/ros2_control_demo_example_12/share/ros2_control_demo_example_12/cmake/ament_cmake_export_targets-extras.cmake
[8.923s] -- Up-to-date symlink: /home/arnab/ros2_ws/install/ros2_control_demo_example_12/share/ros2_control_demo_example_12/cmake/ros2_control_demo_example_12Config.cmake
[8.923s] -- Up-to-date symlink: /home/arnab/ros2_ws/install/ros2_control_demo_example_12/share/ros2_control_demo_example_12/cmake/ros2_control_demo_example_12Config-version.cmake
[8.923s] -- Up-to-date symlink: /home/arnab/ros2_ws/install/ros2_control_demo_example_12/share/ros2_control_demo_example_12/package.xml
[8.924s] -- Installing: /home/arnab/ros2_ws/install/ros2_control_demo_example_12/lib/libros2_control_demo_example_12.so
[8.925s] -- Set runtime path of "/home/arnab/ros2_ws/install/ros2_control_demo_example_12/lib/libros2_control_demo_example_12.so" to ""
[8.925s] -- Installing: /home/arnab/ros2_ws/install/ros2_control_demo_example_12/lib/libpassthrough_controller.so
[8.930s] -- Set runtime path of "/home/arnab/ros2_ws/install/ros2_control_demo_example_12/lib/libpassthrough_controller.so" to ""
[8.930s] -- Up-to-date: /home/arnab/ros2_ws/install/ros2_control_demo_example_12/share/ros2_control_demo_example_12/cmake/export_passthrough_controllerExport.cmake
[8.930s] -- Up-to-date: /home/arnab/ros2_ws/install/ros2_control_demo_example_12/share/ros2_control_demo_example_12/cmake/export_passthrough_controllerExport-noconfig.cmake
[8.930s] -- Up-to-date: /home/arnab/ros2_ws/install/ros2_control_demo_example_12/share/ros2_control_demo_example_12/cmake/export_ros2_control_demo_example_12Export.cmake
[8.930s] -- Up-to-date: /home/arnab/ros2_ws/install/ros2_control_demo_example_12/share/ros2_control_demo_example_12/cmake/export_ros2_control_demo_example_12Export-noconfig.cmake
[8.932s] Invoked command in '/home/arnab/ros2_ws/build/ros2_control_demo_example_12' returned '0': AMENT_PREFIX_PATH=/home/arnab/ros2_ws/install/ros2_control_demo_testing:/home/arnab/ros2_ws/install/test_bot:/home/arnab/ros2_ws/install/serial:/home/arnab/ros2_ws/install/ros2_control_demos:/home/arnab/ros2_ws/install/ros2_control_demo_example_9:/home/arnab/ros2_ws/install/ros2_control_demo_example_8:/home/arnab/ros2_ws/install/ros2_control_demo_example_7:/home/arnab/ros2_ws/install/ros2_control_demo_example_6:/home/arnab/ros2_ws/install/ros2_control_demo_example_15:/home/arnab/ros2_ws/install/ros2_control_demo_example_13:/home/arnab/ros2_ws/install/ros2_control_demo_example_5:/home/arnab/ros2_ws/install/ros2_control_demo_example_4:/home/arnab/ros2_ws/install/ros2_control_demo_example_3:/home/arnab/ros2_ws/install/ros2_control_demo_example_2:/home/arnab/ros2_ws/install/ros2_control_demo_example_14:/home/arnab/ros2_ws/install/ros2_control_demo_example_12:/home/arnab/ros2_ws/install/ros2_control_demo_example_11:/home/arnab/ros2_ws/install/ros2_control_demo_example_10:/home/arnab/ros2_ws/install/ros2_control_demo_example_1:/home/arnab/ros2_ws/install/ros2_control_demo_description:/home/arnab/ros2_ws/install/pc_serial_communication:/home/arnab/ros2_ws/install/motor_serial_bridge:/home/arnab/ros2_ws/install/diffdrive_arduino:/home/arnab/ros2_ws/install/custom_motor_hw:/opt/ros/humble CMAKE_PREFIX_PATH=/home/arnab/ros2_ws/install/ros2_control_demo_description:/home/arnab/ros2_ws/install/test_bot:/home/arnab/ros2_ws/install/ros2_control_demo_testing:/home/arnab/ros2_ws/install/pc_serial_communication:/home/arnab/ros2_ws/install/motor_serial_bridge:/opt/ros/humble:/home/arnab/ros2_ws/install/serial:/home/arnab/ros2_ws/install/ros2_control_demos:/home/arnab/ros2_ws/install/ros2_control_demo_example_9:/home/arnab/ros2_ws/install/ros2_control_demo_example_8:/home/arnab/ros2_ws/install/ros2_control_demo_example_7:/home/arnab/ros2_ws/install/ros2_control_demo_example_6:/home/arnab/ros2_ws/install/ros2_control_demo_example_15:/home/arnab/ros2_ws/install/ros2_control_demo_example_13:/home/arnab/ros2_ws/install/ros2_control_demo_example_5:/home/arnab/ros2_ws/install/ros2_control_demo_example_4:/home/arnab/ros2_ws/install/ros2_control_demo_example_3:/home/arnab/ros2_ws/install/ros2_control_demo_example_2:/home/arnab/ros2_ws/install/ros2_control_demo_example_14:/home/arnab/ros2_ws/install/ros2_control_demo_example_12:/home/arnab/ros2_ws/install/ros2_control_demo_example_11:/home/arnab/ros2_ws/install/ros2_control_demo_example_10:/home/arnab/ros2_ws/install/ros2_control_demo_example_1:/home/arnab/ros2_ws/install/diffdrive_arduino:/home/arnab/ros2_ws/install/custom_motor_hw /usr/bin/cmake --install /home/arnab/ros2_ws/build/ros2_control_demo_example_12
