[0.230s] Invoking command in '/home/arnab/ros2_ws/build/diffdrive_arduino': CMAKE_PREFIX_PATH=/home/arnab/ros2_ws/install/test_bot:/home/arnab/ros2_ws/install/ros2_control_demo_testing:/home/arnab/ros2_ws/install/pc_serial_communication:/home/arnab/ros2_ws/install/motor_serial_bridge:/opt/ros/humble:/home/arnab/ros2_ws/install/serial:/home/arnab/ros2_ws/install/rplidar_ros:/home/arnab/ros2_ws/install/ros2_control_demos:/home/arnab/ros2_ws/install/ros2_control_demo_example_9:/home/arnab/ros2_ws/install/ros2_control_demo_example_8:/home/arnab/ros2_ws/install/ros2_control_demo_example_7:/home/arnab/ros2_ws/install/ros2_control_demo_example_6:/home/arnab/ros2_ws/install/ros2_control_demo_example_15:/home/arnab/ros2_ws/install/ros2_control_demo_example_13:/home/arnab/ros2_ws/install/ros2_control_demo_example_5:/home/arnab/ros2_ws/install/ros2_control_demo_example_4:/home/arnab/ros2_ws/install/ros2_control_demo_example_3:/home/arnab/ros2_ws/install/ros2_control_demo_example_2:/home/arnab/ros2_ws/install/ros2_control_demo_example_14:/home/arnab/ros2_ws/install/ros2_control_demo_example_12:/home/arnab/ros2_ws/install/ros2_control_demo_example_11:/home/arnab/ros2_ws/install/ros2_control_demo_example_10:/home/arnab/ros2_ws/install/ros2_control_demo_example_1:/home/arnab/ros2_ws/install/ros2_control_demo_description:/home/arnab/ros2_ws/install/diffdrive_arduino:/home/arnab/ros2_ws/install/custom_motor_hw:/home/arnab/ros2_ws/install/articubot_one /usr/bin/cmake --build /home/arnab/ros2_ws/build/diffdrive_arduino -- -j16 -l16
[0.598s] [35m[1mConsolidate compiler generated dependencies of target diffdrive_arduino[0m
[0.598s] [ 50%] [32mBuilding CXX object CMakeFiles/diffdrive_arduino.dir/hardware/diffbot_system.cpp.o[0m
[2.174s] [100%] [32m[1mLinking CXX shared library libdiffdrive_arduino.so[0m
[2.266s] [100%] Built target diffdrive_arduino
[2.274s] Invoked command in '/home/arnab/ros2_ws/build/diffdrive_arduino' returned '0': CMAKE_PREFIX_PATH=/home/arnab/ros2_ws/install/test_bot:/home/arnab/ros2_ws/install/ros2_control_demo_testing:/home/arnab/ros2_ws/install/pc_serial_communication:/home/arnab/ros2_ws/install/motor_serial_bridge:/opt/ros/humble:/home/arnab/ros2_ws/install/serial:/home/arnab/ros2_ws/install/rplidar_ros:/home/arnab/ros2_ws/install/ros2_control_demos:/home/arnab/ros2_ws/install/ros2_control_demo_example_9:/home/arnab/ros2_ws/install/ros2_control_demo_example_8:/home/arnab/ros2_ws/install/ros2_control_demo_example_7:/home/arnab/ros2_ws/install/ros2_control_demo_example_6:/home/arnab/ros2_ws/install/ros2_control_demo_example_15:/home/arnab/ros2_ws/install/ros2_control_demo_example_13:/home/arnab/ros2_ws/install/ros2_control_demo_example_5:/home/arnab/ros2_ws/install/ros2_control_demo_example_4:/home/arnab/ros2_ws/install/ros2_control_demo_example_3:/home/arnab/ros2_ws/install/ros2_control_demo_example_2:/home/arnab/ros2_ws/install/ros2_control_demo_example_14:/home/arnab/ros2_ws/install/ros2_control_demo_example_12:/home/arnab/ros2_ws/install/ros2_control_demo_example_11:/home/arnab/ros2_ws/install/ros2_control_demo_example_10:/home/arnab/ros2_ws/install/ros2_control_demo_example_1:/home/arnab/ros2_ws/install/ros2_control_demo_description:/home/arnab/ros2_ws/install/diffdrive_arduino:/home/arnab/ros2_ws/install/custom_motor_hw:/home/arnab/ros2_ws/install/articubot_one /usr/bin/cmake --build /home/arnab/ros2_ws/build/diffdrive_arduino -- -j16 -l16
[2.275s] Invoking command in '/home/arnab/ros2_ws/build/diffdrive_arduino': CMAKE_PREFIX_PATH=/home/arnab/ros2_ws/install/test_bot:/home/arnab/ros2_ws/install/ros2_control_demo_testing:/home/arnab/ros2_ws/install/pc_serial_communication:/home/arnab/ros2_ws/install/motor_serial_bridge:/opt/ros/humble:/home/arnab/ros2_ws/install/serial:/home/arnab/ros2_ws/install/rplidar_ros:/home/arnab/ros2_ws/install/ros2_control_demos:/home/arnab/ros2_ws/install/ros2_control_demo_example_9:/home/arnab/ros2_ws/install/ros2_control_demo_example_8:/home/arnab/ros2_ws/install/ros2_control_demo_example_7:/home/arnab/ros2_ws/install/ros2_control_demo_example_6:/home/arnab/ros2_ws/install/ros2_control_demo_example_15:/home/arnab/ros2_ws/install/ros2_control_demo_example_13:/home/arnab/ros2_ws/install/ros2_control_demo_example_5:/home/arnab/ros2_ws/install/ros2_control_demo_example_4:/home/arnab/ros2_ws/install/ros2_control_demo_example_3:/home/arnab/ros2_ws/install/ros2_control_demo_example_2:/home/arnab/ros2_ws/install/ros2_control_demo_example_14:/home/arnab/ros2_ws/install/ros2_control_demo_example_12:/home/arnab/ros2_ws/install/ros2_control_demo_example_11:/home/arnab/ros2_ws/install/ros2_control_demo_example_10:/home/arnab/ros2_ws/install/ros2_control_demo_example_1:/home/arnab/ros2_ws/install/ros2_control_demo_description:/home/arnab/ros2_ws/install/diffdrive_arduino:/home/arnab/ros2_ws/install/custom_motor_hw:/home/arnab/ros2_ws/install/articubot_one /usr/bin/cmake --install /home/arnab/ros2_ws/build/diffdrive_arduino
[2.280s] -- Install configuration: ""
[2.281s] -- Execute custom install script
[2.281s] -- Up-to-date symlink: /home/arnab/ros2_ws/install/diffdrive_arduino/share/diffdrive_arduino//diffdrive_arduino.xml
[2.281s] -- Up-to-date symlink: /home/arnab/ros2_ws/install/diffdrive_arduino/include/diffdrive_arduino/diffdrive_arduino/arduino_comms.hpp
[2.281s] -- Up-to-date symlink: /home/arnab/ros2_ws/install/diffdrive_arduino/include/diffdrive_arduino/diffdrive_arduino/diffbot_system.hpp
[2.281s] -- Up-to-date symlink: /home/arnab/ros2_ws/install/diffdrive_arduino/include/diffdrive_arduino/diffdrive_arduino/visibility_control.h
[2.281s] -- Up-to-date symlink: /home/arnab/ros2_ws/install/diffdrive_arduino/include/diffdrive_arduino/diffdrive_arduino/wheel.hpp
[2.281s] -- Up-to-date symlink: /home/arnab/ros2_ws/install/diffdrive_arduino/share/diffdrive_arduino/launch/view_robot.launch.py
[2.281s] -- Up-to-date symlink: /home/arnab/ros2_ws/install/diffdrive_arduino/share/diffdrive_arduino/ros2_control/diffbot.ros2_control.xacro
[2.281s] -- Up-to-date symlink: /home/arnab/ros2_ws/install/diffdrive_arduino/share/diffdrive_arduino/urdf/diffbot.materials.xacro
[2.281s] -- Up-to-date symlink: /home/arnab/ros2_ws/install/diffdrive_arduino/share/diffdrive_arduino/urdf/diffbot.urdf.xacro
[2.281s] -- Up-to-date symlink: /home/arnab/ros2_ws/install/diffdrive_arduino/share/diffdrive_arduino/urdf/diffbot_description.urdf.xacro
[2.282s] -- Up-to-date symlink: /home/arnab/ros2_ws/install/diffdrive_arduino/share/diffdrive_arduino/rviz/diffbot.rviz
[2.282s] -- Up-to-date symlink: /home/arnab/ros2_ws/install/diffdrive_arduino/share/diffdrive_arduino/rviz/diffbot_view.rviz
[2.282s] -- Up-to-date symlink: /home/arnab/ros2_ws/install/diffdrive_arduino/share/diffdrive_arduino/launch/diffbot.launch.py
[2.282s] -- Up-to-date symlink: /home/arnab/ros2_ws/install/diffdrive_arduino/share/diffdrive_arduino/config/diffbot_controllers.yaml
[2.282s] -- Up-to-date symlink: /home/arnab/ros2_ws/install/diffdrive_arduino/share/diffdrive_arduino/environment/library_path.sh
[2.282s] -- Up-to-date symlink: /home/arnab/ros2_ws/install/diffdrive_arduino/share/diffdrive_arduino/environment/library_path.dsv
[2.282s] -- Up-to-date symlink: /home/arnab/ros2_ws/install/diffdrive_arduino/share/ament_index/resource_index/package_run_dependencies/diffdrive_arduino
[2.282s] -- Up-to-date symlink: /home/arnab/ros2_ws/install/diffdrive_arduino/share/ament_index/resource_index/parent_prefix_path/diffdrive_arduino
[2.282s] -- Up-to-date symlink: /home/arnab/ros2_ws/install/diffdrive_arduino/share/diffdrive_arduino/environment/ament_prefix_path.sh
[2.282s] -- Up-to-date symlink: /home/arnab/ros2_ws/install/diffdrive_arduino/share/diffdrive_arduino/environment/ament_prefix_path.dsv
[2.282s] -- Up-to-date symlink: /home/arnab/ros2_ws/install/diffdrive_arduino/share/diffdrive_arduino/environment/path.sh
[2.282s] -- Up-to-date symlink: /home/arnab/ros2_ws/install/diffdrive_arduino/share/diffdrive_arduino/environment/path.dsv
[2.283s] -- Up-to-date symlink: /home/arnab/ros2_ws/install/diffdrive_arduino/share/diffdrive_arduino/local_setup.bash
[2.283s] -- Up-to-date symlink: /home/arnab/ros2_ws/install/diffdrive_arduino/share/diffdrive_arduino/local_setup.sh
[2.283s] -- Up-to-date symlink: /home/arnab/ros2_ws/install/diffdrive_arduino/share/diffdrive_arduino/local_setup.zsh
[2.283s] -- Up-to-date symlink: /home/arnab/ros2_ws/install/diffdrive_arduino/share/diffdrive_arduino/local_setup.dsv
[2.283s] -- Symlinking: /home/arnab/ros2_ws/install/diffdrive_arduino/share/diffdrive_arduino/package.dsv
[2.289s] -- Up-to-date symlink: /home/arnab/ros2_ws/install/diffdrive_arduino/share/ament_index/resource_index/packages/diffdrive_arduino
[2.289s] -- Up-to-date symlink: /home/arnab/ros2_ws/install/diffdrive_arduino/share/ament_index/resource_index/hardware_interface__pluginlib__plugin/diffdrive_arduino
[2.290s] -- Up-to-date symlink: /home/arnab/ros2_ws/install/diffdrive_arduino/share/diffdrive_arduino/cmake/ament_cmake_export_targets-extras.cmake
[2.290s] -- Up-to-date symlink: /home/arnab/ros2_ws/install/diffdrive_arduino/share/diffdrive_arduino/cmake/ament_cmake_export_dependencies-extras.cmake
[2.290s] -- Up-to-date symlink: /home/arnab/ros2_ws/install/diffdrive_arduino/share/diffdrive_arduino/cmake/diffdrive_arduinoConfig.cmake
[2.290s] -- Up-to-date symlink: /home/arnab/ros2_ws/install/diffdrive_arduino/share/diffdrive_arduino/cmake/diffdrive_arduinoConfig-version.cmake
[2.290s] -- Up-to-date symlink: /home/arnab/ros2_ws/install/diffdrive_arduino/share/diffdrive_arduino/package.xml
[2.290s] -- Installing: /home/arnab/ros2_ws/install/diffdrive_arduino/lib/libdiffdrive_arduino.so
[2.291s] -- Set runtime path of "/home/arnab/ros2_ws/install/diffdrive_arduino/lib/libdiffdrive_arduino.so" to ""
[2.291s] -- Up-to-date: /home/arnab/ros2_ws/install/diffdrive_arduino/share/diffdrive_arduino/cmake/export_diffdrive_arduinoExport.cmake
[2.291s] -- Up-to-date: /home/arnab/ros2_ws/install/diffdrive_arduino/share/diffdrive_arduino/cmake/export_diffdrive_arduinoExport-noconfig.cmake
[2.292s] Invoked command in '/home/arnab/ros2_ws/build/diffdrive_arduino' returned '0': CMAKE_PREFIX_PATH=/home/arnab/ros2_ws/install/test_bot:/home/arnab/ros2_ws/install/ros2_control_demo_testing:/home/arnab/ros2_ws/install/pc_serial_communication:/home/arnab/ros2_ws/install/motor_serial_bridge:/opt/ros/humble:/home/arnab/ros2_ws/install/serial:/home/arnab/ros2_ws/install/rplidar_ros:/home/arnab/ros2_ws/install/ros2_control_demos:/home/arnab/ros2_ws/install/ros2_control_demo_example_9:/home/arnab/ros2_ws/install/ros2_control_demo_example_8:/home/arnab/ros2_ws/install/ros2_control_demo_example_7:/home/arnab/ros2_ws/install/ros2_control_demo_example_6:/home/arnab/ros2_ws/install/ros2_control_demo_example_15:/home/arnab/ros2_ws/install/ros2_control_demo_example_13:/home/arnab/ros2_ws/install/ros2_control_demo_example_5:/home/arnab/ros2_ws/install/ros2_control_demo_example_4:/home/arnab/ros2_ws/install/ros2_control_demo_example_3:/home/arnab/ros2_ws/install/ros2_control_demo_example_2:/home/arnab/ros2_ws/install/ros2_control_demo_example_14:/home/arnab/ros2_ws/install/ros2_control_demo_example_12:/home/arnab/ros2_ws/install/ros2_control_demo_example_11:/home/arnab/ros2_ws/install/ros2_control_demo_example_10:/home/arnab/ros2_ws/install/ros2_control_demo_example_1:/home/arnab/ros2_ws/install/ros2_control_demo_description:/home/arnab/ros2_ws/install/diffdrive_arduino:/home/arnab/ros2_ws/install/custom_motor_hw:/home/arnab/ros2_ws/install/articubot_one /usr/bin/cmake --install /home/arnab/ros2_ws/build/diffdrive_arduino
