-- The C compiler identification is GNU 11.4.0
-- The CXX compiler identification is GNU 11.4.0
-- Detecting C compiler ABI info
-- Detecting C compiler ABI info - done
-- Check for working C compiler: /usr/bin/cc - skipped
-- Detecting C compile features
-- Detecting C compile features - done
-- Detecting CXX compiler ABI info
-- Detecting CXX compiler ABI info - done
-- Check for working CXX compiler: /usr/bin/c++ - skipped
-- Detecting CXX compile features
-- Detecting CXX compile features - done
-- Found ament_cmake: 1.3.11 (/opt/ros/humble/share/ament_cmake/cmake)
-- Found Python3: /usr/bin/python3 (found version "3.10.12") found components: Interpreter 
-- Found rclcpp: 16.0.11 (/opt/ros/humble/share/rclcpp/cmake)
-- Found rosidl_generator_c: 3.1.6 (/opt/ros/humble/share/rosidl_generator_c/cmake)
-- Found rosidl_adapter: 3.1.6 (/opt/ros/humble/share/rosidl_adapter/cmake)
-- Found rosidl_generator_cpp: 3.1.6 (/opt/ros/humble/share/rosidl_generator_cpp/cmake)
-- Using all available rosidl_typesupport_c: rosidl_typesupport_fastrtps_c;rosidl_typesupport_introspection_c
-- Using all available rosidl_typesupport_cpp: rosidl_typesupport_fastrtps_cpp;rosidl_typesupport_introspection_cpp
-- Found rmw_implementation_cmake: 6.1.2 (/opt/ros/humble/share/rmw_implementation_cmake/cmake)
-- Found rmw_cyclonedds_cpp: 1.3.4 (/opt/ros/humble/share/rmw_cyclonedds_cpp/cmake)
-- Using RMW implementation 'rmw_cyclonedds_cpp' as default
-- Looking for pthread.h
-- Looking for pthread.h - found
-- Performing Test CMAKE_HAVE_LIBC_PTHREAD
-- Performing Test CMAKE_HAVE_LIBC_PTHREAD - Success
-- Found Threads: TRUE  
-- Found geometry_msgs: 4.2.4 (/opt/ros/humble/share/geometry_msgs/cmake)
-- Found nav_msgs: 4.2.4 (/opt/ros/humble/share/nav_msgs/cmake)
-- Found tf2_ros: 0.25.12 (/opt/ros/humble/share/tf2_ros/cmake)
-- Found rclcpp_lifecycle: 16.0.11 (/opt/ros/humble/share/rclcpp_lifecycle/cmake)
-- Found hardware_interface: 2.48.0 (/opt/ros/humble/share/hardware_interface/cmake)
-- Found PkgConfig: /usr/bin/pkg-config (found version "0.29.2") 
-- Checking for module 'libserial'
--   Found libserial, version 1.0.0
-- Configuring done
-- Generating done
-- Build files have been written to: /home/arnab/ros2_ws/build/robot_hw
[ 16%] [32mBuilding CXX object CMakeFiles/motor_controller_openloop.dir/src/motor_controller_openloop.cpp.o[0m
[ 33%] [32mBuilding CXX object CMakeFiles/encoder_publisher.dir/src/encoder_publisher.cpp.o[0m
[ 50%] [32mBuilding CXX object CMakeFiles/odom_publisher_node.dir/src/odom_publisher_node.cpp.o[0m
[ 66%] [32m[1mLinking CXX executable encoder_publisher[0m
[ 66%] Built target encoder_publisher
[ 83%] [32m[1mLinking CXX executable motor_controller_openloop[0m
[ 83%] Built target motor_controller_openloop
[100%] [32m[1mLinking CXX executable odom_publisher_node[0m
[100%] Built target odom_publisher_node
-- Install configuration: ""
-- Installing: /home/arnab/ros2_ws/install/robot_hw/share/robot_hw//launch
-- Installing: /home/arnab/ros2_ws/install/robot_hw/share/robot_hw//launch/motors.launch.py
-- Installing: /home/arnab/ros2_ws/install/robot_hw/share/robot_hw//launch/robot_hw.launch.py
-- Installing: /home/arnab/ros2_ws/install/robot_hw/share/robot_hw//config
-- Installing: /home/arnab/ros2_ws/install/robot_hw/share/robot_hw//config/hw_config.yaml
-- Installing: /home/arnab/ros2_ws/install/robot_hw/lib/robot_hw/encoder_publisher
-- Set runtime path of "/home/arnab/ros2_ws/install/robot_hw/lib/robot_hw/encoder_publisher" to ""
-- Installing: /home/arnab/ros2_ws/install/robot_hw/lib/robot_hw/motor_controller_openloop
-- Set runtime path of "/home/arnab/ros2_ws/install/robot_hw/lib/robot_hw/motor_controller_openloop" to ""
-- Installing: /home/arnab/ros2_ws/install/robot_hw/lib/robot_hw/odom_publisher_node
-- Set runtime path of "/home/arnab/ros2_ws/install/robot_hw/lib/robot_hw/odom_publisher_node" to ""
-- Installing: /home/arnab/ros2_ws/install/robot_hw/share/ament_index/resource_index/package_run_dependencies/robot_hw
-- Installing: /home/arnab/ros2_ws/install/robot_hw/share/ament_index/resource_index/parent_prefix_path/robot_hw
-- Installing: /home/arnab/ros2_ws/install/robot_hw/share/robot_hw/environment/ament_prefix_path.sh
-- Installing: /home/arnab/ros2_ws/install/robot_hw/share/robot_hw/environment/ament_prefix_path.dsv
-- Installing: /home/arnab/ros2_ws/install/robot_hw/share/robot_hw/environment/path.sh
-- Installing: /home/arnab/ros2_ws/install/robot_hw/share/robot_hw/environment/path.dsv
-- Installing: /home/arnab/ros2_ws/install/robot_hw/share/robot_hw/local_setup.bash
-- Installing: /home/arnab/ros2_ws/install/robot_hw/share/robot_hw/local_setup.sh
-- Installing: /home/arnab/ros2_ws/install/robot_hw/share/robot_hw/local_setup.zsh
-- Installing: /home/arnab/ros2_ws/install/robot_hw/share/robot_hw/local_setup.dsv
-- Installing: /home/arnab/ros2_ws/install/robot_hw/share/robot_hw/package.dsv
-- Installing: /home/arnab/ros2_ws/install/robot_hw/share/ament_index/resource_index/packages/robot_hw
-- Installing: /home/arnab/ros2_ws/install/robot_hw/share/robot_hw/cmake/robot_hwConfig.cmake
-- Installing: /home/arnab/ros2_ws/install/robot_hw/share/robot_hw/cmake/robot_hwConfig-version.cmake
-- Installing: /home/arnab/ros2_ws/install/robot_hw/share/robot_hw/package.xml
