[0.014s] Invoking command in '/home/arnab/ros2_ws/build/ros2_control_demo_example_13': AMENT_PREFIX_PATH=/home/arnab/ros2_ws/install/ros2_control_demo_example_5:/home/arnab/ros2_ws/install/ros2_control_demo_example_4:/home/arnab/ros2_ws/install/ros2_control_demo_testing:/home/arnab/ros2_ws/install/ros2_control_demo_description:${AMENT_PREFIX_PATH} CMAKE_PREFIX_PATH=/home/arnab/ros2_ws/install/ros2_control_demo_example_5:/home/arnab/ros2_ws/install/ros2_control_demo_example_4:/home/arnab/ros2_ws/install/ros2_control_demo_description:/home/arnab/ros2_ws/install/ros2_control_demo_example_2:/home/arnab/ros2_ws/install/test_bot:/home/arnab/ros2_ws/install/pc_serial_communication:/opt/ros/humble LD_LIBRARY_PATH=/home/arnab/ros2_ws/install/ros2_control_demo_example_5/lib:/home/arnab/ros2_ws/install/ros2_control_demo_example_4/lib:${LD_LIBRARY_PATH} PYTHONPATH=/home/arnab/ros2_ws/install/ros2_control_demo_testing/lib/python3.10/site-packages:${PYTHONPATH} /usr/bin/cmake /home/arnab/ros2_ws/src/ros2_control_demos/example_13 -DCMAKE_INSTALL_PREFIX=/home/arnab/ros2_ws/install/ros2_control_demo_example_13
[0.075s] -- The CXX compiler identification is GNU 11.4.0
[0.080s] -- Detecting CXX compiler ABI info
[0.134s] -- Detecting CXX compiler ABI info - done
[0.138s] -- Check for working CXX compiler: /usr/bin/c++ - skipped
[0.139s] -- Detecting CXX compile features
[0.139s] -- Detecting CXX compile features - done
[0.141s] -- Found ament_cmake: 1.3.11 (/opt/ros/humble/share/ament_cmake/cmake)
[0.511s] -- Found Python3: /usr/bin/python3 (found version "3.10.12") found components: Interpreter 
[0.569s] -- Found ament_cmake_ros: 0.10.0 (/opt/ros/humble/share/ament_cmake_ros/cmake)
[0.578s] -- Found launch_testing_ament_cmake: 1.0.7 (/opt/ros/humble/share/launch_testing_ament_cmake/cmake)
[0.580s] -- Found python_cmake_module: 0.10.0 (/opt/ros/humble/share/python_cmake_module/cmake)
[0.593s] -- Found PythonInterp: /usr/bin/python3 (found suitable version "3.10.12", minimum required is "3.6") 
[0.601s] -- Found PythonLibs: /usr/lib/x86_64-linux-gnu/libpython3.10.so (found suitable version "3.10.12", minimum required is "3.5") 
[0.602s] -- Using PYTHON_EXECUTABLE: /usr/bin/python3
[0.602s] -- Using PYTHON_INCLUDE_DIRS: /usr/include/python3.10
[0.602s] -- Using PYTHON_LIBRARIES: /usr/lib/x86_64-linux-gnu/libpython3.10.so
[0.614s] -- Found PythonExtra: .so  
[0.974s] -- Configuring done
[0.976s] -- Generating done
[0.977s] -- Build files have been written to: /home/arnab/ros2_ws/build/ros2_control_demo_example_13
[0.981s] Invoked command in '/home/arnab/ros2_ws/build/ros2_control_demo_example_13' returned '0': AMENT_PREFIX_PATH=/home/arnab/ros2_ws/install/ros2_control_demo_example_5:/home/arnab/ros2_ws/install/ros2_control_demo_example_4:/home/arnab/ros2_ws/install/ros2_control_demo_testing:/home/arnab/ros2_ws/install/ros2_control_demo_description:${AMENT_PREFIX_PATH} CMAKE_PREFIX_PATH=/home/arnab/ros2_ws/install/ros2_control_demo_example_5:/home/arnab/ros2_ws/install/ros2_control_demo_example_4:/home/arnab/ros2_ws/install/ros2_control_demo_description:/home/arnab/ros2_ws/install/ros2_control_demo_example_2:/home/arnab/ros2_ws/install/test_bot:/home/arnab/ros2_ws/install/pc_serial_communication:/opt/ros/humble LD_LIBRARY_PATH=/home/arnab/ros2_ws/install/ros2_control_demo_example_5/lib:/home/arnab/ros2_ws/install/ros2_control_demo_example_4/lib:${LD_LIBRARY_PATH} PYTHONPATH=/home/arnab/ros2_ws/install/ros2_control_demo_testing/lib/python3.10/site-packages:${PYTHONPATH} /usr/bin/cmake /home/arnab/ros2_ws/src/ros2_control_demos/example_13 -DCMAKE_INSTALL_PREFIX=/home/arnab/ros2_ws/install/ros2_control_demo_example_13
[0.982s] Invoking command in '/home/arnab/ros2_ws/build/ros2_control_demo_example_13': AMENT_PREFIX_PATH=/home/arnab/ros2_ws/install/ros2_control_demo_example_5:/home/arnab/ros2_ws/install/ros2_control_demo_example_4:/home/arnab/ros2_ws/install/ros2_control_demo_testing:/home/arnab/ros2_ws/install/ros2_control_demo_description:${AMENT_PREFIX_PATH} CMAKE_PREFIX_PATH=/home/arnab/ros2_ws/install/ros2_control_demo_example_5:/home/arnab/ros2_ws/install/ros2_control_demo_example_4:/home/arnab/ros2_ws/install/ros2_control_demo_description:/home/arnab/ros2_ws/install/ros2_control_demo_example_2:/home/arnab/ros2_ws/install/test_bot:/home/arnab/ros2_ws/install/pc_serial_communication:/opt/ros/humble LD_LIBRARY_PATH=/home/arnab/ros2_ws/install/ros2_control_demo_example_5/lib:/home/arnab/ros2_ws/install/ros2_control_demo_example_4/lib:${LD_LIBRARY_PATH} PYTHONPATH=/home/arnab/ros2_ws/install/ros2_control_demo_testing/lib/python3.10/site-packages:${PYTHONPATH} /usr/bin/cmake --build /home/arnab/ros2_ws/build/ros2_control_demo_example_13 -- -j16 -l16
[1.009s] Invoked command in '/home/arnab/ros2_ws/build/ros2_control_demo_example_13' returned '0': AMENT_PREFIX_PATH=/home/arnab/ros2_ws/install/ros2_control_demo_example_5:/home/arnab/ros2_ws/install/ros2_control_demo_example_4:/home/arnab/ros2_ws/install/ros2_control_demo_testing:/home/arnab/ros2_ws/install/ros2_control_demo_description:${AMENT_PREFIX_PATH} CMAKE_PREFIX_PATH=/home/arnab/ros2_ws/install/ros2_control_demo_example_5:/home/arnab/ros2_ws/install/ros2_control_demo_example_4:/home/arnab/ros2_ws/install/ros2_control_demo_description:/home/arnab/ros2_ws/install/ros2_control_demo_example_2:/home/arnab/ros2_ws/install/test_bot:/home/arnab/ros2_ws/install/pc_serial_communication:/opt/ros/humble LD_LIBRARY_PATH=/home/arnab/ros2_ws/install/ros2_control_demo_example_5/lib:/home/arnab/ros2_ws/install/ros2_control_demo_example_4/lib:${LD_LIBRARY_PATH} PYTHONPATH=/home/arnab/ros2_ws/install/ros2_control_demo_testing/lib/python3.10/site-packages:${PYTHONPATH} /usr/bin/cmake --build /home/arnab/ros2_ws/build/ros2_control_demo_example_13 -- -j16 -l16
[1.010s] Invoking command in '/home/arnab/ros2_ws/build/ros2_control_demo_example_13': AMENT_PREFIX_PATH=/home/arnab/ros2_ws/install/ros2_control_demo_example_5:/home/arnab/ros2_ws/install/ros2_control_demo_example_4:/home/arnab/ros2_ws/install/ros2_control_demo_testing:/home/arnab/ros2_ws/install/ros2_control_demo_description:${AMENT_PREFIX_PATH} CMAKE_PREFIX_PATH=/home/arnab/ros2_ws/install/ros2_control_demo_example_5:/home/arnab/ros2_ws/install/ros2_control_demo_example_4:/home/arnab/ros2_ws/install/ros2_control_demo_description:/home/arnab/ros2_ws/install/ros2_control_demo_example_2:/home/arnab/ros2_ws/install/test_bot:/home/arnab/ros2_ws/install/pc_serial_communication:/opt/ros/humble LD_LIBRARY_PATH=/home/arnab/ros2_ws/install/ros2_control_demo_example_5/lib:/home/arnab/ros2_ws/install/ros2_control_demo_example_4/lib:${LD_LIBRARY_PATH} PYTHONPATH=/home/arnab/ros2_ws/install/ros2_control_demo_testing/lib/python3.10/site-packages:${PYTHONPATH} /usr/bin/cmake --install /home/arnab/ros2_ws/build/ros2_control_demo_example_13
[1.015s] -- Install configuration: ""
[1.015s] -- Installing: /home/arnab/ros2_ws/install/ros2_control_demo_example_13/share/ros2_control_demo_example_13/ros2_control
[1.015s] -- Installing: /home/arnab/ros2_ws/install/ros2_control_demo_example_13/share/ros2_control_demo_example_13/ros2_control/threedofbot.ros2_control.xacro
[1.015s] -- Installing: /home/arnab/ros2_ws/install/ros2_control_demo_example_13/share/ros2_control_demo_example_13/urdf
[1.015s] -- Installing: /home/arnab/ros2_ws/install/ros2_control_demo_example_13/share/ros2_control_demo_example_13/urdf/three_robots.urdf.xacro
[1.015s] -- Installing: /home/arnab/ros2_ws/install/ros2_control_demo_example_13/share/ros2_control_demo_example_13/rviz
[1.015s] -- Installing: /home/arnab/ros2_ws/install/ros2_control_demo_example_13/share/ros2_control_demo_example_13/rviz/three_robots.rviz
[1.015s] -- Installing: /home/arnab/ros2_ws/install/ros2_control_demo_example_13/share/ros2_control_demo_example_13/launch
[1.015s] -- Installing: /home/arnab/ros2_ws/install/ros2_control_demo_example_13/share/ros2_control_demo_example_13/launch/three_robots.launch.py
[1.015s] -- Installing: /home/arnab/ros2_ws/install/ros2_control_demo_example_13/share/ros2_control_demo_example_13/config
[1.015s] -- Installing: /home/arnab/ros2_ws/install/ros2_control_demo_example_13/share/ros2_control_demo_example_13/config/three_robots_position_command_publishers.yaml
[1.016s] -- Installing: /home/arnab/ros2_ws/install/ros2_control_demo_example_13/share/ros2_control_demo_example_13/config/three_robots_controllers.yaml
[1.016s] -- Installing: /home/arnab/ros2_ws/install/ros2_control_demo_example_13/share/ament_index/resource_index/package_run_dependencies/ros2_control_demo_example_13
[1.016s] -- Installing: /home/arnab/ros2_ws/install/ros2_control_demo_example_13/share/ament_index/resource_index/parent_prefix_path/ros2_control_demo_example_13
[1.016s] -- Installing: /home/arnab/ros2_ws/install/ros2_control_demo_example_13/share/ros2_control_demo_example_13/environment/ament_prefix_path.sh
[1.016s] -- Installing: /home/arnab/ros2_ws/install/ros2_control_demo_example_13/share/ros2_control_demo_example_13/environment/ament_prefix_path.dsv
[1.016s] -- Installing: /home/arnab/ros2_ws/install/ros2_control_demo_example_13/share/ros2_control_demo_example_13/environment/path.sh
[1.016s] -- Installing: /home/arnab/ros2_ws/install/ros2_control_demo_example_13/share/ros2_control_demo_example_13/environment/path.dsv
[1.016s] -- Installing: /home/arnab/ros2_ws/install/ros2_control_demo_example_13/share/ros2_control_demo_example_13/local_setup.bash
[1.016s] -- Installing: /home/arnab/ros2_ws/install/ros2_control_demo_example_13/share/ros2_control_demo_example_13/local_setup.sh
[1.016s] -- Installing: /home/arnab/ros2_ws/install/ros2_control_demo_example_13/share/ros2_control_demo_example_13/local_setup.zsh
[1.016s] -- Installing: /home/arnab/ros2_ws/install/ros2_control_demo_example_13/share/ros2_control_demo_example_13/local_setup.dsv
[1.017s] -- Installing: /home/arnab/ros2_ws/install/ros2_control_demo_example_13/share/ros2_control_demo_example_13/package.dsv
[1.017s] -- Installing: /home/arnab/ros2_ws/install/ros2_control_demo_example_13/share/ament_index/resource_index/packages/ros2_control_demo_example_13
[1.017s] -- Installing: /home/arnab/ros2_ws/install/ros2_control_demo_example_13/share/ros2_control_demo_example_13/cmake/ros2_control_demo_example_13Config.cmake
[1.017s] -- Installing: /home/arnab/ros2_ws/install/ros2_control_demo_example_13/share/ros2_control_demo_example_13/cmake/ros2_control_demo_example_13Config-version.cmake
[1.017s] -- Installing: /home/arnab/ros2_ws/install/ros2_control_demo_example_13/share/ros2_control_demo_example_13/package.xml
[1.018s] Invoked command in '/home/arnab/ros2_ws/build/ros2_control_demo_example_13' returned '0': AMENT_PREFIX_PATH=/home/arnab/ros2_ws/install/ros2_control_demo_example_5:/home/arnab/ros2_ws/install/ros2_control_demo_example_4:/home/arnab/ros2_ws/install/ros2_control_demo_testing:/home/arnab/ros2_ws/install/ros2_control_demo_description:${AMENT_PREFIX_PATH} CMAKE_PREFIX_PATH=/home/arnab/ros2_ws/install/ros2_control_demo_example_5:/home/arnab/ros2_ws/install/ros2_control_demo_example_4:/home/arnab/ros2_ws/install/ros2_control_demo_description:/home/arnab/ros2_ws/install/ros2_control_demo_example_2:/home/arnab/ros2_ws/install/test_bot:/home/arnab/ros2_ws/install/pc_serial_communication:/opt/ros/humble LD_LIBRARY_PATH=/home/arnab/ros2_ws/install/ros2_control_demo_example_5/lib:/home/arnab/ros2_ws/install/ros2_control_demo_example_4/lib:${LD_LIBRARY_PATH} PYTHONPATH=/home/arnab/ros2_ws/install/ros2_control_demo_testing/lib/python3.10/site-packages:${PYTHONPATH} /usr/bin/cmake --install /home/arnab/ros2_ws/build/ros2_control_demo_example_13
