[0.228s] Invoking command in '/home/arnab/ros2_ws/build/custom_motor_hw': CMAKE_PREFIX_PATH=/home/arnab/ros2_ws/install/ros2_control_demo_testing:/home/arnab/ros2_ws/install/pc_serial_communication:/home/arnab/ros2_ws/install/motor_serial_bridge:/opt/ros/humble:${CMAKE_PREFIX_PATH} /usr/bin/cmake /home/arnab/ros2_ws/src/custom_motor_hw -DCMAKE_INSTALL_PREFIX=/home/arnab/ros2_ws/install/custom_motor_hw
[0.598s] -- Found ament_cmake: 1.3.11 (/opt/ros/humble/share/ament_cmake/cmake)
[0.599s] -- Override CMake install command with custom implementation using symlinks instead of copying resources
[0.599s] -- Found hardware_interface: 2.47.0 (/opt/ros/humble/share/hardware_interface/cmake)
[0.599s] -- Found rosidl_generator_c: 3.1.6 (/opt/ros/humble/share/rosidl_generator_c/cmake)
[0.599s] -- Found rosidl_adapter: 3.1.6 (/opt/ros/humble/share/rosidl_adapter/cmake)
[0.599s] -- Found rosidl_generator_cpp: 3.1.6 (/opt/ros/humble/share/rosidl_generator_cpp/cmake)
[0.599s] -- Using all available rosidl_typesupport_c: rosidl_typesupport_fastrtps_c;rosidl_typesupport_introspection_c
[0.599s] -- Using all available rosidl_typesupport_cpp: rosidl_typesupport_fastrtps_cpp;rosidl_typesupport_introspection_cpp
[0.599s] -- Found rmw_implementation_cmake: 6.1.2 (/opt/ros/humble/share/rmw_implementation_cmake/cmake)
[0.599s] -- Found rmw_cyclonedds_cpp: 1.3.4 (/opt/ros/humble/share/rmw_cyclonedds_cpp/cmake)
[0.599s] -- Using RMW implementation 'rmw_cyclonedds_cpp' as default
[0.599s] -- Configuring done
[0.599s] -- Generating done
[0.599s] -- Build files have been written to: /home/arnab/ros2_ws/build/custom_motor_hw
[0.601s] Invoked command in '/home/arnab/ros2_ws/build/custom_motor_hw' returned '0': CMAKE_PREFIX_PATH=/home/arnab/ros2_ws/install/ros2_control_demo_testing:/home/arnab/ros2_ws/install/pc_serial_communication:/home/arnab/ros2_ws/install/motor_serial_bridge:/opt/ros/humble:${CMAKE_PREFIX_PATH} /usr/bin/cmake /home/arnab/ros2_ws/src/custom_motor_hw -DCMAKE_INSTALL_PREFIX=/home/arnab/ros2_ws/install/custom_motor_hw
[0.601s] Invoking command in '/home/arnab/ros2_ws/build/custom_motor_hw': CMAKE_PREFIX_PATH=/home/arnab/ros2_ws/install/ros2_control_demo_testing:/home/arnab/ros2_ws/install/pc_serial_communication:/home/arnab/ros2_ws/install/motor_serial_bridge:/opt/ros/humble:${CMAKE_PREFIX_PATH} /usr/bin/cmake --build /home/arnab/ros2_ws/build/custom_motor_hw -- -j16 -l16
[0.631s] [35m[1mConsolidate compiler generated dependencies of target motor_hardware_interface[0m
[0.643s] [100%] Built target motor_hardware_interface
[0.651s] Invoked command in '/home/arnab/ros2_ws/build/custom_motor_hw' returned '0': CMAKE_PREFIX_PATH=/home/arnab/ros2_ws/install/ros2_control_demo_testing:/home/arnab/ros2_ws/install/pc_serial_communication:/home/arnab/ros2_ws/install/motor_serial_bridge:/opt/ros/humble:${CMAKE_PREFIX_PATH} /usr/bin/cmake --build /home/arnab/ros2_ws/build/custom_motor_hw -- -j16 -l16
[0.653s] Invoking command in '/home/arnab/ros2_ws/build/custom_motor_hw': CMAKE_PREFIX_PATH=/home/arnab/ros2_ws/install/ros2_control_demo_testing:/home/arnab/ros2_ws/install/pc_serial_communication:/home/arnab/ros2_ws/install/motor_serial_bridge:/opt/ros/humble:${CMAKE_PREFIX_PATH} /usr/bin/cmake --install /home/arnab/ros2_ws/build/custom_motor_hw
[0.659s] -- Install configuration: ""
[0.659s] -- Execute custom install script
[0.659s] -- Up-to-date symlink: /home/arnab/ros2_ws/install/custom_motor_hw/share/custom_motor_hw//custom_motor_hw.xml
[0.659s] -- Up-to-date symlink: /home/arnab/ros2_ws/install/custom_motor_hw/lib/libmotor_hardware_interface.so
[0.659s] -- Up-to-date symlink: /home/arnab/ros2_ws/install/custom_motor_hw/share/custom_motor_hw/custom_motor_hw.xml
[0.659s] -- Up-to-date symlink: /home/arnab/ros2_ws/install/custom_motor_hw/share/ament_index/resource_index/package_run_dependencies/custom_motor_hw
[0.659s] -- Up-to-date symlink: /home/arnab/ros2_ws/install/custom_motor_hw/share/ament_index/resource_index/parent_prefix_path/custom_motor_hw
[0.659s] -- Up-to-date symlink: /home/arnab/ros2_ws/install/custom_motor_hw/share/custom_motor_hw/environment/ament_prefix_path.sh
[0.659s] -- Up-to-date symlink: /home/arnab/ros2_ws/install/custom_motor_hw/share/custom_motor_hw/environment/ament_prefix_path.dsv
[0.659s] -- Up-to-date symlink: /home/arnab/ros2_ws/install/custom_motor_hw/share/custom_motor_hw/environment/path.sh
[0.660s] -- Up-to-date symlink: /home/arnab/ros2_ws/install/custom_motor_hw/share/custom_motor_hw/environment/path.dsv
[0.660s] -- Up-to-date symlink: /home/arnab/ros2_ws/install/custom_motor_hw/share/custom_motor_hw/local_setup.bash
[0.660s] -- Up-to-date symlink: /home/arnab/ros2_ws/install/custom_motor_hw/share/custom_motor_hw/local_setup.sh
[0.660s] -- Up-to-date symlink: /home/arnab/ros2_ws/install/custom_motor_hw/share/custom_motor_hw/local_setup.zsh
[0.660s] -- Up-to-date symlink: /home/arnab/ros2_ws/install/custom_motor_hw/share/custom_motor_hw/local_setup.dsv
[0.660s] -- Symlinking: /home/arnab/ros2_ws/install/custom_motor_hw/share/custom_motor_hw/package.dsv
[0.667s] -- Up-to-date symlink: /home/arnab/ros2_ws/install/custom_motor_hw/share/ament_index/resource_index/packages/custom_motor_hw
[0.667s] -- Up-to-date symlink: /home/arnab/ros2_ws/install/custom_motor_hw/share/ament_index/resource_index/hardware_interface__pluginlib__plugin/custom_motor_hw
[0.667s] -- Up-to-date symlink: /home/arnab/ros2_ws/install/custom_motor_hw/share/custom_motor_hw/cmake/custom_motor_hwConfig.cmake
[0.667s] -- Up-to-date symlink: /home/arnab/ros2_ws/install/custom_motor_hw/share/custom_motor_hw/cmake/custom_motor_hwConfig-version.cmake
[0.668s] -- Up-to-date symlink: /home/arnab/ros2_ws/install/custom_motor_hw/share/custom_motor_hw/package.xml
[0.669s] Invoked command in '/home/arnab/ros2_ws/build/custom_motor_hw' returned '0': CMAKE_PREFIX_PATH=/home/arnab/ros2_ws/install/ros2_control_demo_testing:/home/arnab/ros2_ws/install/pc_serial_communication:/home/arnab/ros2_ws/install/motor_serial_bridge:/opt/ros/humble:${CMAKE_PREFIX_PATH} /usr/bin/cmake --install /home/arnab/ros2_ws/build/custom_motor_hw
