[0.044s] Invoking command in '/home/arnab/ros2_ws/build/ros2_control_demo_example_10': AMENT_PREFIX_PATH=/home/arnab/ros2_ws/install/ros2_control_demo_testing:/home/arnab/ros2_ws/install/test_bot:/home/arnab/ros2_ws/install/serial:/home/arnab/ros2_ws/install/ros2_control_demos:/home/arnab/ros2_ws/install/ros2_control_demo_example_9:/home/arnab/ros2_ws/install/ros2_control_demo_example_8:/home/arnab/ros2_ws/install/ros2_control_demo_example_7:/home/arnab/ros2_ws/install/ros2_control_demo_example_6:/home/arnab/ros2_ws/install/ros2_control_demo_example_15:/home/arnab/ros2_ws/install/ros2_control_demo_example_13:/home/arnab/ros2_ws/install/ros2_control_demo_example_5:/home/arnab/ros2_ws/install/ros2_control_demo_example_4:/home/arnab/ros2_ws/install/ros2_control_demo_example_3:/home/arnab/ros2_ws/install/ros2_control_demo_example_2:/home/arnab/ros2_ws/install/ros2_control_demo_example_14:/home/arnab/ros2_ws/install/ros2_control_demo_example_12:/home/arnab/ros2_ws/install/ros2_control_demo_example_11:/home/arnab/ros2_ws/install/ros2_control_demo_example_10:/home/arnab/ros2_ws/install/ros2_control_demo_example_1:/home/arnab/ros2_ws/install/ros2_control_demo_description:/home/arnab/ros2_ws/install/pc_serial_communication:/home/arnab/ros2_ws/install/motor_serial_bridge:/home/arnab/ros2_ws/install/diffdrive_arduino:/home/arnab/ros2_ws/install/custom_motor_hw:/opt/ros/humble CMAKE_PREFIX_PATH=/home/arnab/ros2_ws/install/ros2_control_demo_description:/home/arnab/ros2_ws/install/test_bot:/home/arnab/ros2_ws/install/ros2_control_demo_testing:/home/arnab/ros2_ws/install/pc_serial_communication:/home/arnab/ros2_ws/install/motor_serial_bridge:/opt/ros/humble:/home/arnab/ros2_ws/install/serial:/home/arnab/ros2_ws/install/ros2_control_demos:/home/arnab/ros2_ws/install/ros2_control_demo_example_9:/home/arnab/ros2_ws/install/ros2_control_demo_example_8:/home/arnab/ros2_ws/install/ros2_control_demo_example_7:/home/arnab/ros2_ws/install/ros2_control_demo_example_6:/home/arnab/ros2_ws/install/ros2_control_demo_example_15:/home/arnab/ros2_ws/install/ros2_control_demo_example_13:/home/arnab/ros2_ws/install/ros2_control_demo_example_5:/home/arnab/ros2_ws/install/ros2_control_demo_example_4:/home/arnab/ros2_ws/install/ros2_control_demo_example_3:/home/arnab/ros2_ws/install/ros2_control_demo_example_2:/home/arnab/ros2_ws/install/ros2_control_demo_example_14:/home/arnab/ros2_ws/install/ros2_control_demo_example_12:/home/arnab/ros2_ws/install/ros2_control_demo_example_11:/home/arnab/ros2_ws/install/ros2_control_demo_example_10:/home/arnab/ros2_ws/install/ros2_control_demo_example_1:/home/arnab/ros2_ws/install/diffdrive_arduino:/home/arnab/ros2_ws/install/custom_motor_hw /usr/bin/cmake --build /home/arnab/ros2_ws/build/ros2_control_demo_example_10 -- -j16 -l16
[0.064s] -- Found ament_cmake: 1.3.11 (/opt/ros/humble/share/ament_cmake/cmake)
[0.178s] -- Override CMake install command with custom implementation using symlinks instead of copying resources
[0.183s] -- Found hardware_interface: 2.48.0 (/opt/ros/humble/share/hardware_interface/cmake)
[0.206s] -- Found rosidl_generator_c: 3.1.6 (/opt/ros/humble/share/rosidl_generator_c/cmake)
[0.209s] -- Found rosidl_adapter: 3.1.6 (/opt/ros/humble/share/rosidl_adapter/cmake)
[0.215s] -- Found rosidl_generator_cpp: 3.1.6 (/opt/ros/humble/share/rosidl_generator_cpp/cmake)
[0.219s] -- Using all available rosidl_typesupport_c: rosidl_typesupport_fastrtps_c;rosidl_typesupport_introspection_c
[0.229s] -- Using all available rosidl_typesupport_cpp: rosidl_typesupport_fastrtps_cpp;rosidl_typesupport_introspection_cpp
[0.366s] -- Found rmw_implementation_cmake: 6.1.2 (/opt/ros/humble/share/rmw_implementation_cmake/cmake)
[0.368s] -- Found rmw_cyclonedds_cpp: 1.3.4 (/opt/ros/humble/share/rmw_cyclonedds_cpp/cmake)
[0.383s] -- Using RMW implementation 'rmw_cyclonedds_cpp' as default
[0.419s] -- Found controller_interface: 2.48.0 (/opt/ros/humble/share/controller_interface/cmake)
[0.438s] -- Found ament_cmake_pytest: 1.3.11 (/opt/ros/humble/share/ament_cmake_pytest/cmake)
[1.554s] -- Configuring done
[1.582s] -- Generating done
[1.585s] -- Build files have been written to: /home/arnab/ros2_ws/build/ros2_control_demo_example_10
[1.625s] [35m[1mConsolidate compiler generated dependencies of target ros2_control_demo_example_10[0m
[1.637s] [ 33%] [32mBuilding CXX object CMakeFiles/ros2_control_demo_example_10.dir/hardware/rrbot.cpp.o[0m
[1.649s] [ 66%] [32mBuilding CXX object CMakeFiles/ros2_control_demo_example_10.dir/controllers/gpio_controller.cpp.o[0m
[8.478s] [100%] [32m[1mLinking CXX shared library libros2_control_demo_example_10.so[0m
[8.762s] [100%] Built target ros2_control_demo_example_10
[8.771s] Invoked command in '/home/arnab/ros2_ws/build/ros2_control_demo_example_10' returned '0': AMENT_PREFIX_PATH=/home/arnab/ros2_ws/install/ros2_control_demo_testing:/home/arnab/ros2_ws/install/test_bot:/home/arnab/ros2_ws/install/serial:/home/arnab/ros2_ws/install/ros2_control_demos:/home/arnab/ros2_ws/install/ros2_control_demo_example_9:/home/arnab/ros2_ws/install/ros2_control_demo_example_8:/home/arnab/ros2_ws/install/ros2_control_demo_example_7:/home/arnab/ros2_ws/install/ros2_control_demo_example_6:/home/arnab/ros2_ws/install/ros2_control_demo_example_15:/home/arnab/ros2_ws/install/ros2_control_demo_example_13:/home/arnab/ros2_ws/install/ros2_control_demo_example_5:/home/arnab/ros2_ws/install/ros2_control_demo_example_4:/home/arnab/ros2_ws/install/ros2_control_demo_example_3:/home/arnab/ros2_ws/install/ros2_control_demo_example_2:/home/arnab/ros2_ws/install/ros2_control_demo_example_14:/home/arnab/ros2_ws/install/ros2_control_demo_example_12:/home/arnab/ros2_ws/install/ros2_control_demo_example_11:/home/arnab/ros2_ws/install/ros2_control_demo_example_10:/home/arnab/ros2_ws/install/ros2_control_demo_example_1:/home/arnab/ros2_ws/install/ros2_control_demo_description:/home/arnab/ros2_ws/install/pc_serial_communication:/home/arnab/ros2_ws/install/motor_serial_bridge:/home/arnab/ros2_ws/install/diffdrive_arduino:/home/arnab/ros2_ws/install/custom_motor_hw:/opt/ros/humble CMAKE_PREFIX_PATH=/home/arnab/ros2_ws/install/ros2_control_demo_description:/home/arnab/ros2_ws/install/test_bot:/home/arnab/ros2_ws/install/ros2_control_demo_testing:/home/arnab/ros2_ws/install/pc_serial_communication:/home/arnab/ros2_ws/install/motor_serial_bridge:/opt/ros/humble:/home/arnab/ros2_ws/install/serial:/home/arnab/ros2_ws/install/ros2_control_demos:/home/arnab/ros2_ws/install/ros2_control_demo_example_9:/home/arnab/ros2_ws/install/ros2_control_demo_example_8:/home/arnab/ros2_ws/install/ros2_control_demo_example_7:/home/arnab/ros2_ws/install/ros2_control_demo_example_6:/home/arnab/ros2_ws/install/ros2_control_demo_example_15:/home/arnab/ros2_ws/install/ros2_control_demo_example_13:/home/arnab/ros2_ws/install/ros2_control_demo_example_5:/home/arnab/ros2_ws/install/ros2_control_demo_example_4:/home/arnab/ros2_ws/install/ros2_control_demo_example_3:/home/arnab/ros2_ws/install/ros2_control_demo_example_2:/home/arnab/ros2_ws/install/ros2_control_demo_example_14:/home/arnab/ros2_ws/install/ros2_control_demo_example_12:/home/arnab/ros2_ws/install/ros2_control_demo_example_11:/home/arnab/ros2_ws/install/ros2_control_demo_example_10:/home/arnab/ros2_ws/install/ros2_control_demo_example_1:/home/arnab/ros2_ws/install/diffdrive_arduino:/home/arnab/ros2_ws/install/custom_motor_hw /usr/bin/cmake --build /home/arnab/ros2_ws/build/ros2_control_demo_example_10 -- -j16 -l16
[8.772s] Invoking command in '/home/arnab/ros2_ws/build/ros2_control_demo_example_10': AMENT_PREFIX_PATH=/home/arnab/ros2_ws/install/ros2_control_demo_testing:/home/arnab/ros2_ws/install/test_bot:/home/arnab/ros2_ws/install/serial:/home/arnab/ros2_ws/install/ros2_control_demos:/home/arnab/ros2_ws/install/ros2_control_demo_example_9:/home/arnab/ros2_ws/install/ros2_control_demo_example_8:/home/arnab/ros2_ws/install/ros2_control_demo_example_7:/home/arnab/ros2_ws/install/ros2_control_demo_example_6:/home/arnab/ros2_ws/install/ros2_control_demo_example_15:/home/arnab/ros2_ws/install/ros2_control_demo_example_13:/home/arnab/ros2_ws/install/ros2_control_demo_example_5:/home/arnab/ros2_ws/install/ros2_control_demo_example_4:/home/arnab/ros2_ws/install/ros2_control_demo_example_3:/home/arnab/ros2_ws/install/ros2_control_demo_example_2:/home/arnab/ros2_ws/install/ros2_control_demo_example_14:/home/arnab/ros2_ws/install/ros2_control_demo_example_12:/home/arnab/ros2_ws/install/ros2_control_demo_example_11:/home/arnab/ros2_ws/install/ros2_control_demo_example_10:/home/arnab/ros2_ws/install/ros2_control_demo_example_1:/home/arnab/ros2_ws/install/ros2_control_demo_description:/home/arnab/ros2_ws/install/pc_serial_communication:/home/arnab/ros2_ws/install/motor_serial_bridge:/home/arnab/ros2_ws/install/diffdrive_arduino:/home/arnab/ros2_ws/install/custom_motor_hw:/opt/ros/humble CMAKE_PREFIX_PATH=/home/arnab/ros2_ws/install/ros2_control_demo_description:/home/arnab/ros2_ws/install/test_bot:/home/arnab/ros2_ws/install/ros2_control_demo_testing:/home/arnab/ros2_ws/install/pc_serial_communication:/home/arnab/ros2_ws/install/motor_serial_bridge:/opt/ros/humble:/home/arnab/ros2_ws/install/serial:/home/arnab/ros2_ws/install/ros2_control_demos:/home/arnab/ros2_ws/install/ros2_control_demo_example_9:/home/arnab/ros2_ws/install/ros2_control_demo_example_8:/home/arnab/ros2_ws/install/ros2_control_demo_example_7:/home/arnab/ros2_ws/install/ros2_control_demo_example_6:/home/arnab/ros2_ws/install/ros2_control_demo_example_15:/home/arnab/ros2_ws/install/ros2_control_demo_example_13:/home/arnab/ros2_ws/install/ros2_control_demo_example_5:/home/arnab/ros2_ws/install/ros2_control_demo_example_4:/home/arnab/ros2_ws/install/ros2_control_demo_example_3:/home/arnab/ros2_ws/install/ros2_control_demo_example_2:/home/arnab/ros2_ws/install/ros2_control_demo_example_14:/home/arnab/ros2_ws/install/ros2_control_demo_example_12:/home/arnab/ros2_ws/install/ros2_control_demo_example_11:/home/arnab/ros2_ws/install/ros2_control_demo_example_10:/home/arnab/ros2_ws/install/ros2_control_demo_example_1:/home/arnab/ros2_ws/install/diffdrive_arduino:/home/arnab/ros2_ws/install/custom_motor_hw /usr/bin/cmake --install /home/arnab/ros2_ws/build/ros2_control_demo_example_10
[8.779s] -- Install configuration: ""
[8.779s] -- Execute custom install script
[8.779s] -- Up-to-date symlink: /home/arnab/ros2_ws/install/ros2_control_demo_example_10/share/ros2_control_demo_example_10//ros2_control_demo_example_10.xml
[8.779s] -- Up-to-date symlink: /home/arnab/ros2_ws/install/ros2_control_demo_example_10/share/ros2_control_demo_example_10//ros2_control_demo_example_10.xml
[8.780s] -- Up-to-date symlink: /home/arnab/ros2_ws/install/ros2_control_demo_example_10/include/ros2_control_demo_example_10/ros2_control_demo_example_10/rrbot.hpp
[8.780s] -- Up-to-date symlink: /home/arnab/ros2_ws/install/ros2_control_demo_example_10/include/ros2_control_demo_example_10/ros2_control_demo_example_10/gpio_controller.hpp
[8.781s] -- Up-to-date symlink: /home/arnab/ros2_ws/install/ros2_control_demo_example_10/share/ros2_control_demo_example_10/launch/view_robot.launch.py
[8.781s] -- Up-to-date symlink: /home/arnab/ros2_ws/install/ros2_control_demo_example_10/share/ros2_control_demo_example_10/ros2_control/rrbot.ros2_control.xacro
[8.782s] -- Up-to-date symlink: /home/arnab/ros2_ws/install/ros2_control_demo_example_10/share/ros2_control_demo_example_10/urdf/rrbot.urdf.xacro
[8.782s] -- Up-to-date symlink: /home/arnab/ros2_ws/install/ros2_control_demo_example_10/share/ros2_control_demo_example_10/launch/rrbot.launch.py
[8.782s] -- Up-to-date symlink: /home/arnab/ros2_ws/install/ros2_control_demo_example_10/share/ros2_control_demo_example_10/launch/test_forward_position_controller.launch.py
[8.782s] -- Up-to-date symlink: /home/arnab/ros2_ws/install/ros2_control_demo_example_10/share/ros2_control_demo_example_10/config/rrbot_controllers.yaml
[8.783s] -- Up-to-date symlink: /home/arnab/ros2_ws/install/ros2_control_demo_example_10/share/ros2_control_demo_example_10/config/rrbot_forward_position_publisher.yaml
[8.783s] -- Up-to-date symlink: /home/arnab/ros2_ws/install/ros2_control_demo_example_10/share/ros2_control_demo_example_10/environment/library_path.sh
[8.783s] -- Up-to-date symlink: /home/arnab/ros2_ws/install/ros2_control_demo_example_10/share/ros2_control_demo_example_10/environment/library_path.dsv
[8.783s] -- Up-to-date symlink: /home/arnab/ros2_ws/install/ros2_control_demo_example_10/share/ament_index/resource_index/package_run_dependencies/ros2_control_demo_example_10
[8.783s] -- Up-to-date symlink: /home/arnab/ros2_ws/install/ros2_control_demo_example_10/share/ament_index/resource_index/parent_prefix_path/ros2_control_demo_example_10
[8.783s] -- Up-to-date symlink: /home/arnab/ros2_ws/install/ros2_control_demo_example_10/share/ros2_control_demo_example_10/environment/ament_prefix_path.sh
[8.783s] -- Up-to-date symlink: /home/arnab/ros2_ws/install/ros2_control_demo_example_10/share/ros2_control_demo_example_10/environment/ament_prefix_path.dsv
[8.784s] -- Up-to-date symlink: /home/arnab/ros2_ws/install/ros2_control_demo_example_10/share/ros2_control_demo_example_10/environment/path.sh
[8.784s] -- Up-to-date symlink: /home/arnab/ros2_ws/install/ros2_control_demo_example_10/share/ros2_control_demo_example_10/environment/path.dsv
[8.784s] -- Up-to-date symlink: /home/arnab/ros2_ws/install/ros2_control_demo_example_10/share/ros2_control_demo_example_10/local_setup.bash
[8.784s] -- Up-to-date symlink: /home/arnab/ros2_ws/install/ros2_control_demo_example_10/share/ros2_control_demo_example_10/local_setup.sh
[8.784s] -- Up-to-date symlink: /home/arnab/ros2_ws/install/ros2_control_demo_example_10/share/ros2_control_demo_example_10/local_setup.zsh
[8.784s] -- Up-to-date symlink: /home/arnab/ros2_ws/install/ros2_control_demo_example_10/share/ros2_control_demo_example_10/local_setup.dsv
[8.784s] -- Symlinking: /home/arnab/ros2_ws/install/ros2_control_demo_example_10/share/ros2_control_demo_example_10/package.dsv
[8.793s] -- Up-to-date symlink: /home/arnab/ros2_ws/install/ros2_control_demo_example_10/share/ament_index/resource_index/packages/ros2_control_demo_example_10
[8.793s] -- Up-to-date symlink: /home/arnab/ros2_ws/install/ros2_control_demo_example_10/share/ament_index/resource_index/hardware_interface__pluginlib__plugin/ros2_control_demo_example_10
[8.793s] -- Up-to-date symlink: /home/arnab/ros2_ws/install/ros2_control_demo_example_10/share/ament_index/resource_index/controller_interface__pluginlib__plugin/ros2_control_demo_example_10
[8.793s] -- Up-to-date symlink: /home/arnab/ros2_ws/install/ros2_control_demo_example_10/share/ros2_control_demo_example_10/cmake/ament_cmake_export_targets-extras.cmake
[8.793s] -- Up-to-date symlink: /home/arnab/ros2_ws/install/ros2_control_demo_example_10/share/ros2_control_demo_example_10/cmake/ament_cmake_export_dependencies-extras.cmake
[8.794s] -- Up-to-date symlink: /home/arnab/ros2_ws/install/ros2_control_demo_example_10/share/ros2_control_demo_example_10/cmake/ros2_control_demo_example_10Config.cmake
[8.794s] -- Up-to-date symlink: /home/arnab/ros2_ws/install/ros2_control_demo_example_10/share/ros2_control_demo_example_10/cmake/ros2_control_demo_example_10Config-version.cmake
[8.794s] -- Up-to-date symlink: /home/arnab/ros2_ws/install/ros2_control_demo_example_10/share/ros2_control_demo_example_10/package.xml
[8.794s] -- Installing: /home/arnab/ros2_ws/install/ros2_control_demo_example_10/lib/libros2_control_demo_example_10.so
[8.799s] -- Set runtime path of "/home/arnab/ros2_ws/install/ros2_control_demo_example_10/lib/libros2_control_demo_example_10.so" to ""
[8.800s] -- Up-to-date: /home/arnab/ros2_ws/install/ros2_control_demo_example_10/share/ros2_control_demo_example_10/cmake/export_ros2_control_demo_example_10Export.cmake
[8.800s] -- Up-to-date: /home/arnab/ros2_ws/install/ros2_control_demo_example_10/share/ros2_control_demo_example_10/cmake/export_ros2_control_demo_example_10Export-noconfig.cmake
[8.802s] Invoked command in '/home/arnab/ros2_ws/build/ros2_control_demo_example_10' returned '0': AMENT_PREFIX_PATH=/home/arnab/ros2_ws/install/ros2_control_demo_testing:/home/arnab/ros2_ws/install/test_bot:/home/arnab/ros2_ws/install/serial:/home/arnab/ros2_ws/install/ros2_control_demos:/home/arnab/ros2_ws/install/ros2_control_demo_example_9:/home/arnab/ros2_ws/install/ros2_control_demo_example_8:/home/arnab/ros2_ws/install/ros2_control_demo_example_7:/home/arnab/ros2_ws/install/ros2_control_demo_example_6:/home/arnab/ros2_ws/install/ros2_control_demo_example_15:/home/arnab/ros2_ws/install/ros2_control_demo_example_13:/home/arnab/ros2_ws/install/ros2_control_demo_example_5:/home/arnab/ros2_ws/install/ros2_control_demo_example_4:/home/arnab/ros2_ws/install/ros2_control_demo_example_3:/home/arnab/ros2_ws/install/ros2_control_demo_example_2:/home/arnab/ros2_ws/install/ros2_control_demo_example_14:/home/arnab/ros2_ws/install/ros2_control_demo_example_12:/home/arnab/ros2_ws/install/ros2_control_demo_example_11:/home/arnab/ros2_ws/install/ros2_control_demo_example_10:/home/arnab/ros2_ws/install/ros2_control_demo_example_1:/home/arnab/ros2_ws/install/ros2_control_demo_description:/home/arnab/ros2_ws/install/pc_serial_communication:/home/arnab/ros2_ws/install/motor_serial_bridge:/home/arnab/ros2_ws/install/diffdrive_arduino:/home/arnab/ros2_ws/install/custom_motor_hw:/opt/ros/humble CMAKE_PREFIX_PATH=/home/arnab/ros2_ws/install/ros2_control_demo_description:/home/arnab/ros2_ws/install/test_bot:/home/arnab/ros2_ws/install/ros2_control_demo_testing:/home/arnab/ros2_ws/install/pc_serial_communication:/home/arnab/ros2_ws/install/motor_serial_bridge:/opt/ros/humble:/home/arnab/ros2_ws/install/serial:/home/arnab/ros2_ws/install/ros2_control_demos:/home/arnab/ros2_ws/install/ros2_control_demo_example_9:/home/arnab/ros2_ws/install/ros2_control_demo_example_8:/home/arnab/ros2_ws/install/ros2_control_demo_example_7:/home/arnab/ros2_ws/install/ros2_control_demo_example_6:/home/arnab/ros2_ws/install/ros2_control_demo_example_15:/home/arnab/ros2_ws/install/ros2_control_demo_example_13:/home/arnab/ros2_ws/install/ros2_control_demo_example_5:/home/arnab/ros2_ws/install/ros2_control_demo_example_4:/home/arnab/ros2_ws/install/ros2_control_demo_example_3:/home/arnab/ros2_ws/install/ros2_control_demo_example_2:/home/arnab/ros2_ws/install/ros2_control_demo_example_14:/home/arnab/ros2_ws/install/ros2_control_demo_example_12:/home/arnab/ros2_ws/install/ros2_control_demo_example_11:/home/arnab/ros2_ws/install/ros2_control_demo_example_10:/home/arnab/ros2_ws/install/ros2_control_demo_example_1:/home/arnab/ros2_ws/install/diffdrive_arduino:/home/arnab/ros2_ws/install/custom_motor_hw /usr/bin/cmake --install /home/arnab/ros2_ws/build/ros2_control_demo_example_10
