[0.618s] Invoking command in '/home/arnab/ros2_ws/build/serial': CMAKE_PREFIX_PATH=/home/arnab/ros2_ws/install/test_bot:/home/arnab/ros2_ws/install/ros2_control_demo_testing:/home/arnab/ros2_ws/install/pc_serial_communication:/home/arnab/ros2_ws/install/motor_serial_bridge:/opt/ros/humble:/home/arnab/ros2_ws/install/serial:/home/arnab/ros2_ws/install/rplidar_ros:/home/arnab/ros2_ws/install/ros2_control_demos:/home/arnab/ros2_ws/install/ros2_control_demo_example_9:/home/arnab/ros2_ws/install/ros2_control_demo_example_8:/home/arnab/ros2_ws/install/ros2_control_demo_example_7:/home/arnab/ros2_ws/install/ros2_control_demo_example_6:/home/arnab/ros2_ws/install/ros2_control_demo_example_15:/home/arnab/ros2_ws/install/ros2_control_demo_example_13:/home/arnab/ros2_ws/install/ros2_control_demo_example_5:/home/arnab/ros2_ws/install/ros2_control_demo_example_4:/home/arnab/ros2_ws/install/ros2_control_demo_example_3:/home/arnab/ros2_ws/install/ros2_control_demo_example_2:/home/arnab/ros2_ws/install/ros2_control_demo_example_14:/home/arnab/ros2_ws/install/ros2_control_demo_example_12:/home/arnab/ros2_ws/install/ros2_control_demo_example_11:/home/arnab/ros2_ws/install/ros2_control_demo_example_10:/home/arnab/ros2_ws/install/ros2_control_demo_example_1:/home/arnab/ros2_ws/install/ros2_control_demo_description:/home/arnab/ros2_ws/install/diffdrive_arduino:/home/arnab/ros2_ws/install/custom_motor_hw:/home/arnab/ros2_ws/install/articubot_one /usr/bin/cmake /home/arnab/ros2_ws/src/serial -DAMENT_CMAKE_SYMLINK_INSTALL=1 -DCMAKE_INSTALL_PREFIX=/home/arnab/ros2_ws/install/serial
[0.627s] -- Found ament_cmake: 1.3.11 (/opt/ros/humble/share/ament_cmake/cmake)
[0.706s] -- Override CMake install command with custom implementation using symlinks instead of copying resources
[0.711s] -- Found ament_cmake_gtest: 1.3.11 (/opt/ros/humble/share/ament_cmake_gtest/cmake)
[0.717s] -- Found gtest sources under '/opt/ros/humble/src/gtest_vendor': C++ tests using 'Google Test' will be built
[0.762s] -- Configuring done
[0.775s] -- Generating done
[0.778s] -- Build files have been written to: /home/arnab/ros2_ws/build/serial
[0.780s] Invoked command in '/home/arnab/ros2_ws/build/serial' returned '0': CMAKE_PREFIX_PATH=/home/arnab/ros2_ws/install/test_bot:/home/arnab/ros2_ws/install/ros2_control_demo_testing:/home/arnab/ros2_ws/install/pc_serial_communication:/home/arnab/ros2_ws/install/motor_serial_bridge:/opt/ros/humble:/home/arnab/ros2_ws/install/serial:/home/arnab/ros2_ws/install/rplidar_ros:/home/arnab/ros2_ws/install/ros2_control_demos:/home/arnab/ros2_ws/install/ros2_control_demo_example_9:/home/arnab/ros2_ws/install/ros2_control_demo_example_8:/home/arnab/ros2_ws/install/ros2_control_demo_example_7:/home/arnab/ros2_ws/install/ros2_control_demo_example_6:/home/arnab/ros2_ws/install/ros2_control_demo_example_15:/home/arnab/ros2_ws/install/ros2_control_demo_example_13:/home/arnab/ros2_ws/install/ros2_control_demo_example_5:/home/arnab/ros2_ws/install/ros2_control_demo_example_4:/home/arnab/ros2_ws/install/ros2_control_demo_example_3:/home/arnab/ros2_ws/install/ros2_control_demo_example_2:/home/arnab/ros2_ws/install/ros2_control_demo_example_14:/home/arnab/ros2_ws/install/ros2_control_demo_example_12:/home/arnab/ros2_ws/install/ros2_control_demo_example_11:/home/arnab/ros2_ws/install/ros2_control_demo_example_10:/home/arnab/ros2_ws/install/ros2_control_demo_example_1:/home/arnab/ros2_ws/install/ros2_control_demo_description:/home/arnab/ros2_ws/install/diffdrive_arduino:/home/arnab/ros2_ws/install/custom_motor_hw:/home/arnab/ros2_ws/install/articubot_one /usr/bin/cmake /home/arnab/ros2_ws/src/serial -DAMENT_CMAKE_SYMLINK_INSTALL=1 -DCMAKE_INSTALL_PREFIX=/home/arnab/ros2_ws/install/serial
[0.781s] Invoking command in '/home/arnab/ros2_ws/build/serial': CMAKE_PREFIX_PATH=/home/arnab/ros2_ws/install/test_bot:/home/arnab/ros2_ws/install/ros2_control_demo_testing:/home/arnab/ros2_ws/install/pc_serial_communication:/home/arnab/ros2_ws/install/motor_serial_bridge:/opt/ros/humble:/home/arnab/ros2_ws/install/serial:/home/arnab/ros2_ws/install/rplidar_ros:/home/arnab/ros2_ws/install/ros2_control_demos:/home/arnab/ros2_ws/install/ros2_control_demo_example_9:/home/arnab/ros2_ws/install/ros2_control_demo_example_8:/home/arnab/ros2_ws/install/ros2_control_demo_example_7:/home/arnab/ros2_ws/install/ros2_control_demo_example_6:/home/arnab/ros2_ws/install/ros2_control_demo_example_15:/home/arnab/ros2_ws/install/ros2_control_demo_example_13:/home/arnab/ros2_ws/install/ros2_control_demo_example_5:/home/arnab/ros2_ws/install/ros2_control_demo_example_4:/home/arnab/ros2_ws/install/ros2_control_demo_example_3:/home/arnab/ros2_ws/install/ros2_control_demo_example_2:/home/arnab/ros2_ws/install/ros2_control_demo_example_14:/home/arnab/ros2_ws/install/ros2_control_demo_example_12:/home/arnab/ros2_ws/install/ros2_control_demo_example_11:/home/arnab/ros2_ws/install/ros2_control_demo_example_10:/home/arnab/ros2_ws/install/ros2_control_demo_example_1:/home/arnab/ros2_ws/install/ros2_control_demo_description:/home/arnab/ros2_ws/install/diffdrive_arduino:/home/arnab/ros2_ws/install/custom_motor_hw:/home/arnab/ros2_ws/install/articubot_one /usr/bin/cmake --build /home/arnab/ros2_ws/build/serial -- -j16 -l16
[0.811s] [35m[1mConsolidate compiler generated dependencies of target gtest[0m
[0.811s] [35m[1mConsolidate compiler generated dependencies of target serial[0m
[0.811s] [35m[1mConsolidate compiler generated dependencies of target gtest_main[0m
[0.822s] [ 50%] Built target gtest
[0.822s] [ 50%] Built target gtest_main
[0.822s] [ 57%] Built target serial
[0.830s] [35m[1mConsolidate compiler generated dependencies of target serial_example[0m
[0.830s] [35m[1mConsolidate compiler generated dependencies of target serial-test-timer[0m
[0.830s] [35m[1mConsolidate compiler generated dependencies of target serial-test[0m
[0.841s] [ 71%] Built target serial_example
[0.842s] [ 85%] Built target serial-test
[0.842s] [100%] Built target serial-test-timer
[0.851s] Invoked command in '/home/arnab/ros2_ws/build/serial' returned '0': CMAKE_PREFIX_PATH=/home/arnab/ros2_ws/install/test_bot:/home/arnab/ros2_ws/install/ros2_control_demo_testing:/home/arnab/ros2_ws/install/pc_serial_communication:/home/arnab/ros2_ws/install/motor_serial_bridge:/opt/ros/humble:/home/arnab/ros2_ws/install/serial:/home/arnab/ros2_ws/install/rplidar_ros:/home/arnab/ros2_ws/install/ros2_control_demos:/home/arnab/ros2_ws/install/ros2_control_demo_example_9:/home/arnab/ros2_ws/install/ros2_control_demo_example_8:/home/arnab/ros2_ws/install/ros2_control_demo_example_7:/home/arnab/ros2_ws/install/ros2_control_demo_example_6:/home/arnab/ros2_ws/install/ros2_control_demo_example_15:/home/arnab/ros2_ws/install/ros2_control_demo_example_13:/home/arnab/ros2_ws/install/ros2_control_demo_example_5:/home/arnab/ros2_ws/install/ros2_control_demo_example_4:/home/arnab/ros2_ws/install/ros2_control_demo_example_3:/home/arnab/ros2_ws/install/ros2_control_demo_example_2:/home/arnab/ros2_ws/install/ros2_control_demo_example_14:/home/arnab/ros2_ws/install/ros2_control_demo_example_12:/home/arnab/ros2_ws/install/ros2_control_demo_example_11:/home/arnab/ros2_ws/install/ros2_control_demo_example_10:/home/arnab/ros2_ws/install/ros2_control_demo_example_1:/home/arnab/ros2_ws/install/ros2_control_demo_description:/home/arnab/ros2_ws/install/diffdrive_arduino:/home/arnab/ros2_ws/install/custom_motor_hw:/home/arnab/ros2_ws/install/articubot_one /usr/bin/cmake --build /home/arnab/ros2_ws/build/serial -- -j16 -l16
[0.852s] Invoking command in '/home/arnab/ros2_ws/build/serial': CMAKE_PREFIX_PATH=/home/arnab/ros2_ws/install/test_bot:/home/arnab/ros2_ws/install/ros2_control_demo_testing:/home/arnab/ros2_ws/install/pc_serial_communication:/home/arnab/ros2_ws/install/motor_serial_bridge:/opt/ros/humble:/home/arnab/ros2_ws/install/serial:/home/arnab/ros2_ws/install/rplidar_ros:/home/arnab/ros2_ws/install/ros2_control_demos:/home/arnab/ros2_ws/install/ros2_control_demo_example_9:/home/arnab/ros2_ws/install/ros2_control_demo_example_8:/home/arnab/ros2_ws/install/ros2_control_demo_example_7:/home/arnab/ros2_ws/install/ros2_control_demo_example_6:/home/arnab/ros2_ws/install/ros2_control_demo_example_15:/home/arnab/ros2_ws/install/ros2_control_demo_example_13:/home/arnab/ros2_ws/install/ros2_control_demo_example_5:/home/arnab/ros2_ws/install/ros2_control_demo_example_4:/home/arnab/ros2_ws/install/ros2_control_demo_example_3:/home/arnab/ros2_ws/install/ros2_control_demo_example_2:/home/arnab/ros2_ws/install/ros2_control_demo_example_14:/home/arnab/ros2_ws/install/ros2_control_demo_example_12:/home/arnab/ros2_ws/install/ros2_control_demo_example_11:/home/arnab/ros2_ws/install/ros2_control_demo_example_10:/home/arnab/ros2_ws/install/ros2_control_demo_example_1:/home/arnab/ros2_ws/install/ros2_control_demo_description:/home/arnab/ros2_ws/install/diffdrive_arduino:/home/arnab/ros2_ws/install/custom_motor_hw:/home/arnab/ros2_ws/install/articubot_one /usr/bin/cmake --install /home/arnab/ros2_ws/build/serial
[0.858s] -- Install configuration: ""
[0.858s] -- Execute custom install script
[0.858s] -- Up-to-date symlink: /home/arnab/ros2_ws/install/serial/lib/libserial.a
[0.858s] -- Up-to-date symlink: /home/arnab/ros2_ws/install/serial/include/serial/serial.h
[0.858s] -- Up-to-date symlink: /home/arnab/ros2_ws/install/serial/include/serial/v8stdint.h
[0.859s] -- Up-to-date symlink: /home/arnab/ros2_ws/install/serial/share/serial/environment/library_path.sh
[0.859s] -- Up-to-date symlink: /home/arnab/ros2_ws/install/serial/share/serial/environment/library_path.dsv
[0.859s] -- Up-to-date symlink: /home/arnab/ros2_ws/install/serial/share/ament_index/resource_index/package_run_dependencies/serial
[0.859s] -- Up-to-date symlink: /home/arnab/ros2_ws/install/serial/share/ament_index/resource_index/parent_prefix_path/serial
[0.859s] -- Up-to-date symlink: /home/arnab/ros2_ws/install/serial/share/serial/environment/ament_prefix_path.sh
[0.859s] -- Up-to-date symlink: /home/arnab/ros2_ws/install/serial/share/serial/environment/ament_prefix_path.dsv
[0.860s] -- Up-to-date symlink: /home/arnab/ros2_ws/install/serial/share/serial/environment/path.sh
[0.860s] -- Up-to-date symlink: /home/arnab/ros2_ws/install/serial/share/serial/environment/path.dsv
[0.860s] -- Up-to-date symlink: /home/arnab/ros2_ws/install/serial/share/serial/local_setup.bash
[0.860s] -- Up-to-date symlink: /home/arnab/ros2_ws/install/serial/share/serial/local_setup.sh
[0.860s] -- Up-to-date symlink: /home/arnab/ros2_ws/install/serial/share/serial/local_setup.zsh
[0.860s] -- Up-to-date symlink: /home/arnab/ros2_ws/install/serial/share/serial/local_setup.dsv
[0.860s] -- Symlinking: /home/arnab/ros2_ws/install/serial/share/serial/package.dsv
[0.867s] -- Up-to-date symlink: /home/arnab/ros2_ws/install/serial/share/ament_index/resource_index/packages/serial
[0.867s] -- Up-to-date symlink: /home/arnab/ros2_ws/install/serial/share/serial/cmake/ament_cmake_export_include_directories-extras.cmake
[0.867s] -- Up-to-date symlink: /home/arnab/ros2_ws/install/serial/share/serial/cmake/ament_cmake_export_libraries-extras.cmake
[0.867s] -- Up-to-date symlink: /home/arnab/ros2_ws/install/serial/share/serial/cmake/serialConfig.cmake
[0.868s] -- Up-to-date symlink: /home/arnab/ros2_ws/install/serial/share/serial/cmake/serialConfig-version.cmake
[0.868s] -- Up-to-date symlink: /home/arnab/ros2_ws/install/serial/share/serial/package.xml
[0.875s] Invoked command in '/home/arnab/ros2_ws/build/serial' returned '0': CMAKE_PREFIX_PATH=/home/arnab/ros2_ws/install/test_bot:/home/arnab/ros2_ws/install/ros2_control_demo_testing:/home/arnab/ros2_ws/install/pc_serial_communication:/home/arnab/ros2_ws/install/motor_serial_bridge:/opt/ros/humble:/home/arnab/ros2_ws/install/serial:/home/arnab/ros2_ws/install/rplidar_ros:/home/arnab/ros2_ws/install/ros2_control_demos:/home/arnab/ros2_ws/install/ros2_control_demo_example_9:/home/arnab/ros2_ws/install/ros2_control_demo_example_8:/home/arnab/ros2_ws/install/ros2_control_demo_example_7:/home/arnab/ros2_ws/install/ros2_control_demo_example_6:/home/arnab/ros2_ws/install/ros2_control_demo_example_15:/home/arnab/ros2_ws/install/ros2_control_demo_example_13:/home/arnab/ros2_ws/install/ros2_control_demo_example_5:/home/arnab/ros2_ws/install/ros2_control_demo_example_4:/home/arnab/ros2_ws/install/ros2_control_demo_example_3:/home/arnab/ros2_ws/install/ros2_control_demo_example_2:/home/arnab/ros2_ws/install/ros2_control_demo_example_14:/home/arnab/ros2_ws/install/ros2_control_demo_example_12:/home/arnab/ros2_ws/install/ros2_control_demo_example_11:/home/arnab/ros2_ws/install/ros2_control_demo_example_10:/home/arnab/ros2_ws/install/ros2_control_demo_example_1:/home/arnab/ros2_ws/install/ros2_control_demo_description:/home/arnab/ros2_ws/install/diffdrive_arduino:/home/arnab/ros2_ws/install/custom_motor_hw:/home/arnab/ros2_ws/install/articubot_one /usr/bin/cmake --install /home/arnab/ros2_ws/build/serial
