[0.010s] Invoking command in '/home/arnab/ros2_ws/build/robot_hw': CMAKE_PREFIX_PATH=/home/arnab/ros2_ws/install/test_bot:/home/arnab/ros2_ws/install/ros2_control_demo_testing:/home/arnab/ros2_ws/install/pc_serial_communication:/home/arnab/ros2_ws/install/motor_serial_bridge:/opt/ros/humble:/home/arnab/ros2_ws/install/serial:/home/arnab/ros2_ws/install/rplidar_ros:/home/arnab/ros2_ws/install/ros2_control_demos:/home/arnab/ros2_ws/install/ros2_control_demo_example_9:/home/arnab/ros2_ws/install/ros2_control_demo_example_8:/home/arnab/ros2_ws/install/ros2_control_demo_example_7:/home/arnab/ros2_ws/install/ros2_control_demo_example_6:/home/arnab/ros2_ws/install/ros2_control_demo_example_15:/home/arnab/ros2_ws/install/ros2_control_demo_example_13:/home/arnab/ros2_ws/install/ros2_control_demo_example_5:/home/arnab/ros2_ws/install/ros2_control_demo_example_4:/home/arnab/ros2_ws/install/ros2_control_demo_example_3:/home/arnab/ros2_ws/install/ros2_control_demo_example_2:/home/arnab/ros2_ws/install/ros2_control_demo_example_14:/home/arnab/ros2_ws/install/ros2_control_demo_example_12:/home/arnab/ros2_ws/install/ros2_control_demo_example_11:/home/arnab/ros2_ws/install/ros2_control_demo_example_10:/home/arnab/ros2_ws/install/ros2_control_demo_example_1:/home/arnab/ros2_ws/install/ros2_control_demo_description:/home/arnab/ros2_ws/install/robot_hw:/home/arnab/ros2_ws/install/diffdrive_arduino:/home/arnab/ros2_ws/install/custom_motor_hw:/home/arnab/ros2_ws/install/articubot_one /usr/bin/cmake --build /home/arnab/ros2_ws/build/robot_hw -- -j16 -l16
[0.061s] [35m[1mConsolidate compiler generated dependencies of target rpm_test[0m
[0.061s] [35m[1mConsolidate compiler generated dependencies of target motor_controller_pid[0m
[0.062s] [35m[1mConsolidate compiler generated dependencies of target motor_controller_openloop[0m
[0.073s] [ 40%] Built target odom_publisher_node
[0.073s] [ 40%] Built target encoder_publisher
[0.075s] [ 60%] Built target rpm_test
[0.075s] [ 70%] [32mBuilding CXX object CMakeFiles/motor_controller_pid.dir/src/motor_controller_pid.cpp.o[0m
[0.076s] [ 80%] [32mBuilding CXX object CMakeFiles/motor_controller_openloop.dir/src/motor_controller_openloop.cpp.o[0m
[4.384s] [ 90%] [32m[1mLinking CXX executable motor_controller_openloop[0m
[4.603s] [ 90%] Built target motor_controller_openloop
[5.427s] [100%] [32m[1mLinking CXX executable motor_controller_pid[0m
[5.670s] [100%] Built target motor_controller_pid
[5.679s] Invoked command in '/home/arnab/ros2_ws/build/robot_hw' returned '0': CMAKE_PREFIX_PATH=/home/arnab/ros2_ws/install/test_bot:/home/arnab/ros2_ws/install/ros2_control_demo_testing:/home/arnab/ros2_ws/install/pc_serial_communication:/home/arnab/ros2_ws/install/motor_serial_bridge:/opt/ros/humble:/home/arnab/ros2_ws/install/serial:/home/arnab/ros2_ws/install/rplidar_ros:/home/arnab/ros2_ws/install/ros2_control_demos:/home/arnab/ros2_ws/install/ros2_control_demo_example_9:/home/arnab/ros2_ws/install/ros2_control_demo_example_8:/home/arnab/ros2_ws/install/ros2_control_demo_example_7:/home/arnab/ros2_ws/install/ros2_control_demo_example_6:/home/arnab/ros2_ws/install/ros2_control_demo_example_15:/home/arnab/ros2_ws/install/ros2_control_demo_example_13:/home/arnab/ros2_ws/install/ros2_control_demo_example_5:/home/arnab/ros2_ws/install/ros2_control_demo_example_4:/home/arnab/ros2_ws/install/ros2_control_demo_example_3:/home/arnab/ros2_ws/install/ros2_control_demo_example_2:/home/arnab/ros2_ws/install/ros2_control_demo_example_14:/home/arnab/ros2_ws/install/ros2_control_demo_example_12:/home/arnab/ros2_ws/install/ros2_control_demo_example_11:/home/arnab/ros2_ws/install/ros2_control_demo_example_10:/home/arnab/ros2_ws/install/ros2_control_demo_example_1:/home/arnab/ros2_ws/install/ros2_control_demo_description:/home/arnab/ros2_ws/install/robot_hw:/home/arnab/ros2_ws/install/diffdrive_arduino:/home/arnab/ros2_ws/install/custom_motor_hw:/home/arnab/ros2_ws/install/articubot_one /usr/bin/cmake --build /home/arnab/ros2_ws/build/robot_hw -- -j16 -l16
[5.685s] Invoking command in '/home/arnab/ros2_ws/build/robot_hw': CMAKE_PREFIX_PATH=/home/arnab/ros2_ws/install/test_bot:/home/arnab/ros2_ws/install/ros2_control_demo_testing:/home/arnab/ros2_ws/install/pc_serial_communication:/home/arnab/ros2_ws/install/motor_serial_bridge:/opt/ros/humble:/home/arnab/ros2_ws/install/serial:/home/arnab/ros2_ws/install/rplidar_ros:/home/arnab/ros2_ws/install/ros2_control_demos:/home/arnab/ros2_ws/install/ros2_control_demo_example_9:/home/arnab/ros2_ws/install/ros2_control_demo_example_8:/home/arnab/ros2_ws/install/ros2_control_demo_example_7:/home/arnab/ros2_ws/install/ros2_control_demo_example_6:/home/arnab/ros2_ws/install/ros2_control_demo_example_15:/home/arnab/ros2_ws/install/ros2_control_demo_example_13:/home/arnab/ros2_ws/install/ros2_control_demo_example_5:/home/arnab/ros2_ws/install/ros2_control_demo_example_4:/home/arnab/ros2_ws/install/ros2_control_demo_example_3:/home/arnab/ros2_ws/install/ros2_control_demo_example_2:/home/arnab/ros2_ws/install/ros2_control_demo_example_14:/home/arnab/ros2_ws/install/ros2_control_demo_example_12:/home/arnab/ros2_ws/install/ros2_control_demo_example_11:/home/arnab/ros2_ws/install/ros2_control_demo_example_10:/home/arnab/ros2_ws/install/ros2_control_demo_example_1:/home/arnab/ros2_ws/install/ros2_control_demo_description:/home/arnab/ros2_ws/install/robot_hw:/home/arnab/ros2_ws/install/diffdrive_arduino:/home/arnab/ros2_ws/install/custom_motor_hw:/home/arnab/ros2_ws/install/articubot_one /usr/bin/cmake --install /home/arnab/ros2_ws/build/robot_hw
[5.691s] -- Install configuration: ""
[5.692s] -- Execute custom install script
[5.693s] -- Symlinking: /home/arnab/ros2_ws/install/robot_hw/share/robot_hw//launch/imu.launch.py
[5.699s] -- Up-to-date symlink: /home/arnab/ros2_ws/install/robot_hw/share/robot_hw//launch/motors.launch.py
[5.699s] -- Up-to-date symlink: /home/arnab/ros2_ws/install/robot_hw/share/robot_hw//launch/robot_hw.launch.py
[5.699s] -- Symlinking: /home/arnab/ros2_ws/install/robot_hw/share/robot_hw//launch/robot_sensors.launch.py
[5.706s] -- Up-to-date symlink: /home/arnab/ros2_ws/install/robot_hw/share/robot_hw//config/hw_config.yaml
[5.706s] -- Up-to-date symlink: /home/arnab/ros2_ws/install/robot_hw/lib/robot_hw/encoder_publisher
[5.706s] -- Up-to-date symlink: /home/arnab/ros2_ws/install/robot_hw/lib/robot_hw/motor_controller_openloop
[5.706s] -- Up-to-date symlink: /home/arnab/ros2_ws/install/robot_hw/lib/robot_hw/odom_publisher_node
[5.706s] -- Up-to-date symlink: /home/arnab/ros2_ws/install/robot_hw/lib/robot_hw/motor_controller_pid
[5.706s] -- Up-to-date symlink: /home/arnab/ros2_ws/install/robot_hw/lib/robot_hw/rpm_test
[5.706s] -- Up-to-date symlink: /home/arnab/ros2_ws/install/robot_hw/share/ament_index/resource_index/package_run_dependencies/robot_hw
[5.706s] -- Up-to-date symlink: /home/arnab/ros2_ws/install/robot_hw/share/ament_index/resource_index/parent_prefix_path/robot_hw
[5.706s] -- Up-to-date symlink: /home/arnab/ros2_ws/install/robot_hw/share/robot_hw/environment/ament_prefix_path.sh
[5.706s] -- Up-to-date symlink: /home/arnab/ros2_ws/install/robot_hw/share/robot_hw/environment/ament_prefix_path.dsv
[5.707s] -- Up-to-date symlink: /home/arnab/ros2_ws/install/robot_hw/share/robot_hw/environment/path.sh
[5.707s] -- Up-to-date symlink: /home/arnab/ros2_ws/install/robot_hw/share/robot_hw/environment/path.dsv
[5.707s] -- Up-to-date symlink: /home/arnab/ros2_ws/install/robot_hw/share/robot_hw/local_setup.bash
[5.707s] -- Up-to-date symlink: /home/arnab/ros2_ws/install/robot_hw/share/robot_hw/local_setup.sh
[5.707s] -- Up-to-date symlink: /home/arnab/ros2_ws/install/robot_hw/share/robot_hw/local_setup.zsh
[5.707s] -- Up-to-date symlink: /home/arnab/ros2_ws/install/robot_hw/share/robot_hw/local_setup.dsv
[5.707s] -- Symlinking: /home/arnab/ros2_ws/install/robot_hw/share/robot_hw/package.dsv
[5.713s] -- Up-to-date symlink: /home/arnab/ros2_ws/install/robot_hw/share/ament_index/resource_index/packages/robot_hw
[5.713s] -- Up-to-date symlink: /home/arnab/ros2_ws/install/robot_hw/share/robot_hw/cmake/robot_hwConfig.cmake
[5.713s] -- Up-to-date symlink: /home/arnab/ros2_ws/install/robot_hw/share/robot_hw/cmake/robot_hwConfig-version.cmake
[5.714s] -- Up-to-date symlink: /home/arnab/ros2_ws/install/robot_hw/share/robot_hw/package.xml
[5.715s] Invoked command in '/home/arnab/ros2_ws/build/robot_hw' returned '0': CMAKE_PREFIX_PATH=/home/arnab/ros2_ws/install/test_bot:/home/arnab/ros2_ws/install/ros2_control_demo_testing:/home/arnab/ros2_ws/install/pc_serial_communication:/home/arnab/ros2_ws/install/motor_serial_bridge:/opt/ros/humble:/home/arnab/ros2_ws/install/serial:/home/arnab/ros2_ws/install/rplidar_ros:/home/arnab/ros2_ws/install/ros2_control_demos:/home/arnab/ros2_ws/install/ros2_control_demo_example_9:/home/arnab/ros2_ws/install/ros2_control_demo_example_8:/home/arnab/ros2_ws/install/ros2_control_demo_example_7:/home/arnab/ros2_ws/install/ros2_control_demo_example_6:/home/arnab/ros2_ws/install/ros2_control_demo_example_15:/home/arnab/ros2_ws/install/ros2_control_demo_example_13:/home/arnab/ros2_ws/install/ros2_control_demo_example_5:/home/arnab/ros2_ws/install/ros2_control_demo_example_4:/home/arnab/ros2_ws/install/ros2_control_demo_example_3:/home/arnab/ros2_ws/install/ros2_control_demo_example_2:/home/arnab/ros2_ws/install/ros2_control_demo_example_14:/home/arnab/ros2_ws/install/ros2_control_demo_example_12:/home/arnab/ros2_ws/install/ros2_control_demo_example_11:/home/arnab/ros2_ws/install/ros2_control_demo_example_10:/home/arnab/ros2_ws/install/ros2_control_demo_example_1:/home/arnab/ros2_ws/install/ros2_control_demo_description:/home/arnab/ros2_ws/install/robot_hw:/home/arnab/ros2_ws/install/diffdrive_arduino:/home/arnab/ros2_ws/install/custom_motor_hw:/home/arnab/ros2_ws/install/articubot_one /usr/bin/cmake --install /home/arnab/ros2_ws/build/robot_hw
