[0.699s] Invoking command in '/home/arnab/ros2_ws/src/pc_serial_communication': PYTHONPATH=/home/arnab/ros2_ws/build/pc_serial_communication/prefix_override:/usr/lib/python3/dist-packages/colcon_core/task/python/colcon_distutils_commands:/home/arnab/ros2_ws/install/pc_serial_communication/lib/python3.10/site-packages:${PYTHONPATH} /usr/bin/python3 -W ignore:setup.py install is deprecated -W ignore:easy_install command is deprecated setup.py egg_info --egg-base ../../build/pc_serial_communication build --build-base /home/arnab/ros2_ws/build/pc_serial_communication/build install --record /home/arnab/ros2_ws/build/pc_serial_communication/install.log --single-version-externally-managed install_data
[0.864s] running egg_info
[0.870s] writing ../../build/pc_serial_communication/pc_serial_communication.egg-info/PKG-INFO
[0.870s] writing dependency_links to ../../build/pc_serial_communication/pc_serial_communication.egg-info/dependency_links.txt
[0.870s] writing entry points to ../../build/pc_serial_communication/pc_serial_communication.egg-info/entry_points.txt
[0.870s] writing requirements to ../../build/pc_serial_communication/pc_serial_communication.egg-info/requires.txt
[0.870s] writing top-level names to ../../build/pc_serial_communication/pc_serial_communication.egg-info/top_level.txt
[0.888s] reading manifest file '../../build/pc_serial_communication/pc_serial_communication.egg-info/SOURCES.txt'
[0.888s] writing manifest file '../../build/pc_serial_communication/pc_serial_communication.egg-info/SOURCES.txt'
[0.888s] running build
[0.888s] running build_py
[0.888s] running install
[0.891s] running install_lib
[0.897s] running install_data
[0.897s] running install_egg_info
[0.903s] removing '/home/arnab/ros2_ws/install/pc_serial_communication/lib/python3.10/site-packages/pc_serial_communication-0.0.0-py3.10.egg-info' (and everything under it)
[0.903s] Copying ../../build/pc_serial_communication/pc_serial_communication.egg-info to /home/arnab/ros2_ws/install/pc_serial_communication/lib/python3.10/site-packages/pc_serial_communication-0.0.0-py3.10.egg-info
[0.904s] running install_scripts
[0.929s] Installing cmd_vel_value script to /home/arnab/ros2_ws/install/pc_serial_communication/lib/pc_serial_communication
[0.929s] Installing serial_node script to /home/arnab/ros2_ws/install/pc_serial_communication/lib/pc_serial_communication
[0.929s] writing list of installed files to '/home/arnab/ros2_ws/build/pc_serial_communication/install.log'
[0.983s] Invoked command in '/home/arnab/ros2_ws/src/pc_serial_communication' returned '0': PYTHONPATH=/home/arnab/ros2_ws/build/pc_serial_communication/prefix_override:/usr/lib/python3/dist-packages/colcon_core/task/python/colcon_distutils_commands:/home/arnab/ros2_ws/install/pc_serial_communication/lib/python3.10/site-packages:${PYTHONPATH} /usr/bin/python3 -W ignore:setup.py install is deprecated -W ignore:easy_install command is deprecated setup.py egg_info --egg-base ../../build/pc_serial_communication build --build-base /home/arnab/ros2_ws/build/pc_serial_communication/build install --record /home/arnab/ros2_ws/build/pc_serial_communication/install.log --single-version-externally-managed install_data
