[0.946s] Invoking command in '/home/arnab/ros2_ws/build/motor_serial_bridge': PYTHONPATH=/home/arnab/ros2_ws/build/motor_serial_bridge/prefix_override:/usr/lib/python3/dist-packages/colcon_core/task/python/colcon_distutils_commands:/home/arnab/ros2_ws/install/motor_serial_bridge/lib/python3.10/site-packages:${PYTHONPATH} /usr/bin/python3 -W ignore:setup.py install is deprecated -W ignore:easy_install command is deprecated setup.py develop --editable --build-directory /home/arnab/ros2_ws/build/motor_serial_bridge/build --no-deps symlink_data
[1.137s] running develop
[1.247s] running egg_info
[1.253s] writing motor_serial_bridge.egg-info/PKG-INFO
[1.253s] writing dependency_links to motor_serial_bridge.egg-info/dependency_links.txt
[1.253s] writing entry points to motor_serial_bridge.egg-info/entry_points.txt
[1.253s] writing requirements to motor_serial_bridge.egg-info/requires.txt
[1.253s] writing top-level names to motor_serial_bridge.egg-info/top_level.txt
[1.267s] reading manifest file 'motor_serial_bridge.egg-info/SOURCES.txt'
[1.267s] writing manifest file 'motor_serial_bridge.egg-info/SOURCES.txt'
[1.275s] running build_ext
[1.275s] Creating /home/arnab/ros2_ws/install/motor_serial_bridge/lib/python3.10/site-packages/motor-serial-bridge.egg-link (link to .)
[1.275s] Installing all_direction script to /home/arnab/ros2_ws/install/motor_serial_bridge/lib/motor_serial_bridge
[1.276s] Installing cmd_to_serial script to /home/arnab/ros2_ws/install/motor_serial_bridge/lib/motor_serial_bridge
[1.276s] Installing cmd_to_serial_and_odom script to /home/arnab/ros2_ws/install/motor_serial_bridge/lib/motor_serial_bridge
[1.276s] Installing encoder_odom script to /home/arnab/ros2_ws/install/motor_serial_bridge/lib/motor_serial_bridge
[1.276s] Installing motor_bridge_node script to /home/arnab/ros2_ws/install/motor_serial_bridge/lib/motor_serial_bridge
[1.276s] 
[1.276s] Installed /home/arnab/ros2_ws/build/motor_serial_bridge
[1.276s] running symlink_data
[1.333s] Invoked command in '/home/arnab/ros2_ws/build/motor_serial_bridge' returned '0': PYTHONPATH=/home/arnab/ros2_ws/build/motor_serial_bridge/prefix_override:/usr/lib/python3/dist-packages/colcon_core/task/python/colcon_distutils_commands:/home/arnab/ros2_ws/install/motor_serial_bridge/lib/python3.10/site-packages:${PYTHONPATH} /usr/bin/python3 -W ignore:setup.py install is deprecated -W ignore:easy_install command is deprecated setup.py develop --editable --build-directory /home/arnab/ros2_ws/build/motor_serial_bridge/build --no-deps symlink_data
