[0.533s] Invoking command in '/home/arnab/ros2_ws/build/serial': /usr/bin/cmake /home/arnab/ros2_ws/src/serial -DCATKIN_INSTALL_INTO_PREFIX_ROOT=0 -DCATKIN_SYMLINK_INSTALL=ON -DCMAKE_INSTALL_PREFIX=/home/arnab/ros2_ws/install/serial
[0.543s] -- Found ament_cmake: 1.3.11 (/opt/ros/humble/share/ament_cmake/cmake)
[0.918s] -- Found Python3: /usr/bin/python3 (found version "3.10.12") found components: Interpreter 
[0.989s] -- Found hardware_interface: 2.47.0 (/opt/ros/humble/share/hardware_interface/cmake)
[1.025s] -- Found rosidl_generator_c: 3.1.6 (/opt/ros/humble/share/rosidl_generator_c/cmake)
[1.030s] -- Found rosidl_adapter: 3.1.6 (/opt/ros/humble/share/rosidl_adapter/cmake)
[1.037s] -- Found rosidl_generator_cpp: 3.1.6 (/opt/ros/humble/share/rosidl_generator_cpp/cmake)
[1.046s] -- Using all available rosidl_typesupport_c: rosidl_typesupport_fastrtps_c;rosidl_typesupport_introspection_c
[1.058s] -- Using all available rosidl_typesupport_cpp: rosidl_typesupport_fastrtps_cpp;rosidl_typesupport_introspection_cpp
[1.197s] -- Found rmw_implementation_cmake: 6.1.2 (/opt/ros/humble/share/rmw_implementation_cmake/cmake)
[1.200s] -- Found rmw_cyclonedds_cpp: 1.3.4 (/opt/ros/humble/share/rmw_cyclonedds_cpp/cmake)
[1.218s] -- Using RMW implementation 'rmw_cyclonedds_cpp' as default
[1.226s] -- Looking for pthread.h
[1.279s] -- Looking for pthread.h - found
[1.279s] -- Performing Test CMAKE_HAVE_LIBC_PTHREAD
[1.332s] -- Performing Test CMAKE_HAVE_LIBC_PTHREAD - Success
[1.332s] -- Found Threads: TRUE  
[1.369s] [31mCMake Error at CMakeLists.txt:9 (find_package):
[1.369s]   By not providing "Findserial.cmake" in CMAKE_MODULE_PATH this project has
[1.369s]   asked CMake to find a package configuration file provided by "serial", but
[1.369s]   CMake did not find one.
[1.369s] 
[1.369s]   Could not find a package configuration file provided by "serial" with any
[1.369s]   of the following names:
[1.369s] 
[1.369s]     serialConfig.cmake
[1.369s]     serial-config.cmake
[1.369s] 
[1.369s]   Add the installation prefix of "serial" to CMAKE_PREFIX_PATH or set
[1.370s]   "serial_DIR" to a directory containing one of the above files.  If "serial"
[1.370s]   provides a separate development package or SDK, be sure it has been
[1.370s]   installed.
[1.370s] 
[1.370s] [0m
[1.370s] -- Configuring incomplete, errors occurred!
[1.370s] See also "/home/arnab/ros2_ws/build/serial/CMakeFiles/CMakeOutput.log".
