[0.022s] Invoking command in '/home/arnab/ros2_ws/build/ros2_control_demo_example_2': AMENT_PREFIX_PATH=/home/arnab/ros2_ws/install/ros2_control_demo_testing:/home/arnab/ros2_ws/install/ros2_control_demo_description:${AMENT_PREFIX_PATH} CMAKE_PREFIX_PATH=/home/arnab/ros2_ws/install/ros2_control_demo_description:/home/arnab/ros2_ws/install/ros2_control_demo_example_2:/home/arnab/ros2_ws/install/test_bot:/home/arnab/ros2_ws/install/pc_serial_communication:/opt/ros/humble PYTHONPATH=/home/arnab/ros2_ws/install/ros2_control_demo_testing/lib/python3.10/site-packages:${PYTHONPATH} /usr/bin/cmake /home/arnab/ros2_ws/src/ros2_control_demos/example_2 -DCMAKE_INSTALL_PREFIX=/home/arnab/ros2_ws/install/ros2_control_demo_example_2
[0.073s] -- The CXX compiler identification is GNU 11.4.0
[0.077s] -- Detecting CXX compiler ABI info
[0.142s] -- Detecting CXX compiler ABI info - done
[0.147s] -- Check for working CXX compiler: /usr/bin/c++ - skipped
[0.147s] -- Detecting CXX compile features
[0.148s] -- Detecting CXX compile features - done
[0.152s] -- Found ament_cmake: 1.3.11 (/opt/ros/humble/share/ament_cmake/cmake)
[0.696s] -- Found Python3: /usr/bin/python3 (found version "3.10.12") found components: Interpreter 
[0.778s] -- Found hardware_interface: 2.47.0 (/opt/ros/humble/share/hardware_interface/cmake)
[0.813s] -- Found rosidl_generator_c: 3.1.6 (/opt/ros/humble/share/rosidl_generator_c/cmake)
[0.818s] -- Found rosidl_adapter: 3.1.6 (/opt/ros/humble/share/rosidl_adapter/cmake)
[0.825s] -- Found rosidl_generator_cpp: 3.1.6 (/opt/ros/humble/share/rosidl_generator_cpp/cmake)
[0.835s] -- Using all available rosidl_typesupport_c: rosidl_typesupport_fastrtps_c;rosidl_typesupport_introspection_c
[0.848s] -- Using all available rosidl_typesupport_cpp: rosidl_typesupport_fastrtps_cpp;rosidl_typesupport_introspection_cpp
[1.013s] -- Found rmw_implementation_cmake: 6.1.2 (/opt/ros/humble/share/rmw_implementation_cmake/cmake)
[1.015s] -- Found rmw_cyclonedds_cpp: 1.3.4 (/opt/ros/humble/share/rmw_cyclonedds_cpp/cmake)
[1.030s] -- Using RMW implementation 'rmw_cyclonedds_cpp' as default
[1.037s] -- Looking for C++ include pthread.h
[1.162s] -- Looking for C++ include pthread.h - found
[1.162s] -- Performing Test CMAKE_HAVE_LIBC_PTHREAD
[1.267s] -- Performing Test CMAKE_HAVE_LIBC_PTHREAD - Success
[1.267s] -- Found Threads: TRUE  
[1.310s] -- Found ament_cmake_pytest: 1.3.11 (/opt/ros/humble/share/ament_cmake_pytest/cmake)
[2.265s] -- Configuring done
[2.287s] -- Generating done
[2.293s] -- Build files have been written to: /home/arnab/ros2_ws/build/ros2_control_demo_example_2
[2.327s] Invoked command in '/home/arnab/ros2_ws/build/ros2_control_demo_example_2' returned '0': AMENT_PREFIX_PATH=/home/arnab/ros2_ws/install/ros2_control_demo_testing:/home/arnab/ros2_ws/install/ros2_control_demo_description:${AMENT_PREFIX_PATH} CMAKE_PREFIX_PATH=/home/arnab/ros2_ws/install/ros2_control_demo_description:/home/arnab/ros2_ws/install/ros2_control_demo_example_2:/home/arnab/ros2_ws/install/test_bot:/home/arnab/ros2_ws/install/pc_serial_communication:/opt/ros/humble PYTHONPATH=/home/arnab/ros2_ws/install/ros2_control_demo_testing/lib/python3.10/site-packages:${PYTHONPATH} /usr/bin/cmake /home/arnab/ros2_ws/src/ros2_control_demos/example_2 -DCMAKE_INSTALL_PREFIX=/home/arnab/ros2_ws/install/ros2_control_demo_example_2
[2.327s] Invoking command in '/home/arnab/ros2_ws/build/ros2_control_demo_example_2': AMENT_PREFIX_PATH=/home/arnab/ros2_ws/install/ros2_control_demo_testing:/home/arnab/ros2_ws/install/ros2_control_demo_description:${AMENT_PREFIX_PATH} CMAKE_PREFIX_PATH=/home/arnab/ros2_ws/install/ros2_control_demo_description:/home/arnab/ros2_ws/install/ros2_control_demo_example_2:/home/arnab/ros2_ws/install/test_bot:/home/arnab/ros2_ws/install/pc_serial_communication:/opt/ros/humble PYTHONPATH=/home/arnab/ros2_ws/install/ros2_control_demo_testing/lib/python3.10/site-packages:${PYTHONPATH} /usr/bin/cmake --build /home/arnab/ros2_ws/build/ros2_control_demo_example_2 -- -j16 -l16
[2.404s] [ 50%] [32mBuilding CXX object CMakeFiles/ros2_control_demo_example_2.dir/hardware/diffbot_system.cpp.o[0m
[5.983s] [100%] [32m[1mLinking CXX shared library libros2_control_demo_example_2.so[0m
[6.189s] [100%] Built target ros2_control_demo_example_2
[6.204s] Invoked command in '/home/arnab/ros2_ws/build/ros2_control_demo_example_2' returned '0': AMENT_PREFIX_PATH=/home/arnab/ros2_ws/install/ros2_control_demo_testing:/home/arnab/ros2_ws/install/ros2_control_demo_description:${AMENT_PREFIX_PATH} CMAKE_PREFIX_PATH=/home/arnab/ros2_ws/install/ros2_control_demo_description:/home/arnab/ros2_ws/install/ros2_control_demo_example_2:/home/arnab/ros2_ws/install/test_bot:/home/arnab/ros2_ws/install/pc_serial_communication:/opt/ros/humble PYTHONPATH=/home/arnab/ros2_ws/install/ros2_control_demo_testing/lib/python3.10/site-packages:${PYTHONPATH} /usr/bin/cmake --build /home/arnab/ros2_ws/build/ros2_control_demo_example_2 -- -j16 -l16
[6.205s] Invoking command in '/home/arnab/ros2_ws/build/ros2_control_demo_example_2': AMENT_PREFIX_PATH=/home/arnab/ros2_ws/install/ros2_control_demo_testing:/home/arnab/ros2_ws/install/ros2_control_demo_description:${AMENT_PREFIX_PATH} CMAKE_PREFIX_PATH=/home/arnab/ros2_ws/install/ros2_control_demo_description:/home/arnab/ros2_ws/install/ros2_control_demo_example_2:/home/arnab/ros2_ws/install/test_bot:/home/arnab/ros2_ws/install/pc_serial_communication:/opt/ros/humble PYTHONPATH=/home/arnab/ros2_ws/install/ros2_control_demo_testing/lib/python3.10/site-packages:${PYTHONPATH} /usr/bin/cmake --install /home/arnab/ros2_ws/build/ros2_control_demo_example_2
[6.231s] -- Install configuration: ""
[6.231s] -- Installing: /home/arnab/ros2_ws/install/ros2_control_demo_example_2/share/ros2_control_demo_example_2/ros2_control_demo_example_2.xml
[6.232s] -- Installing: /home/arnab/ros2_ws/install/ros2_control_demo_example_2/include/ros2_control_demo_example_2
[6.232s] -- Installing: /home/arnab/ros2_ws/install/ros2_control_demo_example_2/include/ros2_control_demo_example_2/ros2_control_demo_example_2
[6.232s] -- Installing: /home/arnab/ros2_ws/install/ros2_control_demo_example_2/include/ros2_control_demo_example_2/ros2_control_demo_example_2/diffbot_system.hpp
[6.232s] -- Installing: /home/arnab/ros2_ws/install/ros2_control_demo_example_2/share/ros2_control_demo_example_2/launch
[6.232s] -- Installing: /home/arnab/ros2_ws/install/ros2_control_demo_example_2/share/ros2_control_demo_example_2/launch/view_robot.launch.py
[6.232s] -- Installing: /home/arnab/ros2_ws/install/ros2_control_demo_example_2/share/ros2_control_demo_example_2/ros2_control
[6.232s] -- Installing: /home/arnab/ros2_ws/install/ros2_control_demo_example_2/share/ros2_control_demo_example_2/ros2_control/diffbot.ros2_control.xacro
[6.232s] -- Installing: /home/arnab/ros2_ws/install/ros2_control_demo_example_2/share/ros2_control_demo_example_2/urdf
[6.232s] -- Installing: /home/arnab/ros2_ws/install/ros2_control_demo_example_2/share/ros2_control_demo_example_2/urdf/diffbot.urdf.xacro
[6.232s] -- Up-to-date: /home/arnab/ros2_ws/install/ros2_control_demo_example_2/share/ros2_control_demo_example_2/launch
[6.232s] -- Installing: /home/arnab/ros2_ws/install/ros2_control_demo_example_2/share/ros2_control_demo_example_2/launch/diffbot.launch.py
[6.232s] -- Installing: /home/arnab/ros2_ws/install/ros2_control_demo_example_2/share/ros2_control_demo_example_2/config
[6.232s] -- Installing: /home/arnab/ros2_ws/install/ros2_control_demo_example_2/share/ros2_control_demo_example_2/config/diffbot_controllers.yaml
[6.232s] -- Installing: /home/arnab/ros2_ws/install/ros2_control_demo_example_2/lib/libros2_control_demo_example_2.so
[6.232s] -- Set runtime path of "/home/arnab/ros2_ws/install/ros2_control_demo_example_2/lib/libros2_control_demo_example_2.so" to ""
[6.232s] -- Installing: /home/arnab/ros2_ws/install/ros2_control_demo_example_2/share/ros2_control_demo_example_2/environment/library_path.sh
[6.232s] -- Installing: /home/arnab/ros2_ws/install/ros2_control_demo_example_2/share/ros2_control_demo_example_2/environment/library_path.dsv
[6.232s] -- Installing: /home/arnab/ros2_ws/install/ros2_control_demo_example_2/share/ament_index/resource_index/package_run_dependencies/ros2_control_demo_example_2
[6.232s] -- Installing: /home/arnab/ros2_ws/install/ros2_control_demo_example_2/share/ament_index/resource_index/parent_prefix_path/ros2_control_demo_example_2
[6.232s] -- Installing: /home/arnab/ros2_ws/install/ros2_control_demo_example_2/share/ros2_control_demo_example_2/environment/ament_prefix_path.sh
[6.232s] -- Installing: /home/arnab/ros2_ws/install/ros2_control_demo_example_2/share/ros2_control_demo_example_2/environment/ament_prefix_path.dsv
[6.232s] -- Installing: /home/arnab/ros2_ws/install/ros2_control_demo_example_2/share/ros2_control_demo_example_2/environment/path.sh
[6.232s] -- Installing: /home/arnab/ros2_ws/install/ros2_control_demo_example_2/share/ros2_control_demo_example_2/environment/path.dsv
[6.232s] -- Installing: /home/arnab/ros2_ws/install/ros2_control_demo_example_2/share/ros2_control_demo_example_2/local_setup.bash
[6.232s] -- Installing: /home/arnab/ros2_ws/install/ros2_control_demo_example_2/share/ros2_control_demo_example_2/local_setup.sh
[6.232s] -- Installing: /home/arnab/ros2_ws/install/ros2_control_demo_example_2/share/ros2_control_demo_example_2/local_setup.zsh
[6.233s] -- Installing: /home/arnab/ros2_ws/install/ros2_control_demo_example_2/share/ros2_control_demo_example_2/local_setup.dsv
[6.233s] -- Installing: /home/arnab/ros2_ws/install/ros2_control_demo_example_2/share/ros2_control_demo_example_2/package.dsv
[6.233s] -- Installing: /home/arnab/ros2_ws/install/ros2_control_demo_example_2/share/ament_index/resource_index/packages/ros2_control_demo_example_2
[6.233s] -- Installing: /home/arnab/ros2_ws/install/ros2_control_demo_example_2/share/ament_index/resource_index/hardware_interface__pluginlib__plugin/ros2_control_demo_example_2
[6.233s] -- Installing: /home/arnab/ros2_ws/install/ros2_control_demo_example_2/share/ros2_control_demo_example_2/cmake/export_ros2_control_demo_example_2Export.cmake
[6.233s] -- Installing: /home/arnab/ros2_ws/install/ros2_control_demo_example_2/share/ros2_control_demo_example_2/cmake/export_ros2_control_demo_example_2Export-noconfig.cmake
[6.233s] -- Installing: /home/arnab/ros2_ws/install/ros2_control_demo_example_2/share/ros2_control_demo_example_2/cmake/ament_cmake_export_targets-extras.cmake
[6.233s] -- Installing: /home/arnab/ros2_ws/install/ros2_control_demo_example_2/share/ros2_control_demo_example_2/cmake/ament_cmake_export_dependencies-extras.cmake
[6.233s] -- Installing: /home/arnab/ros2_ws/install/ros2_control_demo_example_2/share/ros2_control_demo_example_2/cmake/ros2_control_demo_example_2Config.cmake
[6.233s] -- Installing: /home/arnab/ros2_ws/install/ros2_control_demo_example_2/share/ros2_control_demo_example_2/cmake/ros2_control_demo_example_2Config-version.cmake
[6.233s] -- Installing: /home/arnab/ros2_ws/install/ros2_control_demo_example_2/share/ros2_control_demo_example_2/package.xml
[6.245s] Invoked command in '/home/arnab/ros2_ws/build/ros2_control_demo_example_2' returned '0': AMENT_PREFIX_PATH=/home/arnab/ros2_ws/install/ros2_control_demo_testing:/home/arnab/ros2_ws/install/ros2_control_demo_description:${AMENT_PREFIX_PATH} CMAKE_PREFIX_PATH=/home/arnab/ros2_ws/install/ros2_control_demo_description:/home/arnab/ros2_ws/install/ros2_control_demo_example_2:/home/arnab/ros2_ws/install/test_bot:/home/arnab/ros2_ws/install/pc_serial_communication:/opt/ros/humble PYTHONPATH=/home/arnab/ros2_ws/install/ros2_control_demo_testing/lib/python3.10/site-packages:${PYTHONPATH} /usr/bin/cmake --install /home/arnab/ros2_ws/build/ros2_control_demo_example_2
