[0.025s] Invoking command in '/home/arnab/ros2_ws/build/robot_hw': CMAKE_PREFIX_PATH=/home/arnab/ros2_ws/install/test_bot:/home/arnab/ros2_ws/install/ros2_control_demo_testing:/home/arnab/ros2_ws/install/pc_serial_communication:/home/arnab/ros2_ws/install/motor_serial_bridge:/opt/ros/humble:/home/arnab/ros2_ws/install/serial:/home/arnab/ros2_ws/install/rplidar_ros:/home/arnab/ros2_ws/install/ros2_control_demos:/home/arnab/ros2_ws/install/ros2_control_demo_example_9:/home/arnab/ros2_ws/install/ros2_control_demo_example_8:/home/arnab/ros2_ws/install/ros2_control_demo_example_7:/home/arnab/ros2_ws/install/ros2_control_demo_example_6:/home/arnab/ros2_ws/install/ros2_control_demo_example_15:/home/arnab/ros2_ws/install/ros2_control_demo_example_13:/home/arnab/ros2_ws/install/ros2_control_demo_example_5:/home/arnab/ros2_ws/install/ros2_control_demo_example_4:/home/arnab/ros2_ws/install/ros2_control_demo_example_3:/home/arnab/ros2_ws/install/ros2_control_demo_example_2:/home/arnab/ros2_ws/install/ros2_control_demo_example_14:/home/arnab/ros2_ws/install/ros2_control_demo_example_12:/home/arnab/ros2_ws/install/ros2_control_demo_example_11:/home/arnab/ros2_ws/install/ros2_control_demo_example_10:/home/arnab/ros2_ws/install/ros2_control_demo_example_1:/home/arnab/ros2_ws/install/ros2_control_demo_description:/home/arnab/ros2_ws/install/robot_hw:/home/arnab/ros2_ws/install/diffdrive_arduino:/home/arnab/ros2_ws/install/custom_motor_hw:/home/arnab/ros2_ws/install/articubot_one /usr/bin/cmake --build /home/arnab/ros2_ws/build/robot_hw -- -j16 -l16
[0.089s] -- Found ament_cmake: 1.3.11 (/opt/ros/humble/share/ament_cmake/cmake)
[0.172s] -- Override CMake install command with custom implementation using symlinks instead of copying resources
[0.185s] -- Found rclcpp: 16.0.11 (/opt/ros/humble/share/rclcpp/cmake)
[0.218s] -- Found rosidl_generator_c: 3.1.6 (/opt/ros/humble/share/rosidl_generator_c/cmake)
[0.220s] -- Found rosidl_adapter: 3.1.6 (/opt/ros/humble/share/rosidl_adapter/cmake)
[0.226s] -- Found rosidl_generator_cpp: 3.1.6 (/opt/ros/humble/share/rosidl_generator_cpp/cmake)
[0.235s] -- Using all available rosidl_typesupport_c: rosidl_typesupport_fastrtps_c;rosidl_typesupport_introspection_c
[0.246s] -- Using all available rosidl_typesupport_cpp: rosidl_typesupport_fastrtps_cpp;rosidl_typesupport_introspection_cpp
[0.275s] -- Found rmw_implementation_cmake: 6.1.2 (/opt/ros/humble/share/rmw_implementation_cmake/cmake)
[0.277s] -- Found rmw_cyclonedds_cpp: 1.3.4 (/opt/ros/humble/share/rmw_cyclonedds_cpp/cmake)
[0.295s] -- Using RMW implementation 'rmw_cyclonedds_cpp' as default
[0.337s] -- Found geometry_msgs: 4.2.4 (/opt/ros/humble/share/geometry_msgs/cmake)
[0.347s] -- Found nav_msgs: 4.2.4 (/opt/ros/humble/share/nav_msgs/cmake)
[0.360s] -- Found tf2_ros: 0.25.12 (/opt/ros/humble/share/tf2_ros/cmake)
[0.434s] -- Found rclcpp_lifecycle: 16.0.11 (/opt/ros/humble/share/rclcpp_lifecycle/cmake)
[0.448s] -- Found hardware_interface: 2.48.0 (/opt/ros/humble/share/hardware_interface/cmake)
[0.551s] -- Configuring done
[0.569s] -- Generating done
[0.574s] -- Build files have been written to: /home/arnab/ros2_ws/build/robot_hw
[0.596s] [35m[1mConsolidate compiler generated dependencies of target odom_publisher_node[0m
[0.596s] [35m[1mConsolidate compiler generated dependencies of target encoder_publisher[0m
[0.596s] [35m[1mConsolidate compiler generated dependencies of target motor_controller_openloop[0m
[0.603s] [ 20%] [32mBuilding CXX object CMakeFiles/rpm_test.dir/src/rpm_test.cpp.o[0m
[0.603s] [ 20%] [32mBuilding CXX object CMakeFiles/motor_controller_pid.dir/src/motor_controller_pid.cpp.o[0m
[0.617s] [ 40%] [32mBuilding CXX object CMakeFiles/motor_controller_openloop.dir/src/motor_controller_openloop.cpp.o[0m
[0.617s] [ 50%] Built target encoder_publisher
[0.618s] [ 70%] Built target odom_publisher_node
[5.071s] [ 90%] [32m[1mLinking CXX executable motor_controller_openloop[0m
[5.071s] [ 90%] [32m[1mLinking CXX executable rpm_test[0m
[5.295s] [ 90%] Built target motor_controller_openloop
[5.295s] [ 90%] Built target rpm_test
[6.175s] [100%] [32m[1mLinking CXX executable motor_controller_pid[0m
[6.408s] [100%] Built target motor_controller_pid
[6.416s] Invoked command in '/home/arnab/ros2_ws/build/robot_hw' returned '0': CMAKE_PREFIX_PATH=/home/arnab/ros2_ws/install/test_bot:/home/arnab/ros2_ws/install/ros2_control_demo_testing:/home/arnab/ros2_ws/install/pc_serial_communication:/home/arnab/ros2_ws/install/motor_serial_bridge:/opt/ros/humble:/home/arnab/ros2_ws/install/serial:/home/arnab/ros2_ws/install/rplidar_ros:/home/arnab/ros2_ws/install/ros2_control_demos:/home/arnab/ros2_ws/install/ros2_control_demo_example_9:/home/arnab/ros2_ws/install/ros2_control_demo_example_8:/home/arnab/ros2_ws/install/ros2_control_demo_example_7:/home/arnab/ros2_ws/install/ros2_control_demo_example_6:/home/arnab/ros2_ws/install/ros2_control_demo_example_15:/home/arnab/ros2_ws/install/ros2_control_demo_example_13:/home/arnab/ros2_ws/install/ros2_control_demo_example_5:/home/arnab/ros2_ws/install/ros2_control_demo_example_4:/home/arnab/ros2_ws/install/ros2_control_demo_example_3:/home/arnab/ros2_ws/install/ros2_control_demo_example_2:/home/arnab/ros2_ws/install/ros2_control_demo_example_14:/home/arnab/ros2_ws/install/ros2_control_demo_example_12:/home/arnab/ros2_ws/install/ros2_control_demo_example_11:/home/arnab/ros2_ws/install/ros2_control_demo_example_10:/home/arnab/ros2_ws/install/ros2_control_demo_example_1:/home/arnab/ros2_ws/install/ros2_control_demo_description:/home/arnab/ros2_ws/install/robot_hw:/home/arnab/ros2_ws/install/diffdrive_arduino:/home/arnab/ros2_ws/install/custom_motor_hw:/home/arnab/ros2_ws/install/articubot_one /usr/bin/cmake --build /home/arnab/ros2_ws/build/robot_hw -- -j16 -l16
[6.422s] Invoking command in '/home/arnab/ros2_ws/build/robot_hw': CMAKE_PREFIX_PATH=/home/arnab/ros2_ws/install/test_bot:/home/arnab/ros2_ws/install/ros2_control_demo_testing:/home/arnab/ros2_ws/install/pc_serial_communication:/home/arnab/ros2_ws/install/motor_serial_bridge:/opt/ros/humble:/home/arnab/ros2_ws/install/serial:/home/arnab/ros2_ws/install/rplidar_ros:/home/arnab/ros2_ws/install/ros2_control_demos:/home/arnab/ros2_ws/install/ros2_control_demo_example_9:/home/arnab/ros2_ws/install/ros2_control_demo_example_8:/home/arnab/ros2_ws/install/ros2_control_demo_example_7:/home/arnab/ros2_ws/install/ros2_control_demo_example_6:/home/arnab/ros2_ws/install/ros2_control_demo_example_15:/home/arnab/ros2_ws/install/ros2_control_demo_example_13:/home/arnab/ros2_ws/install/ros2_control_demo_example_5:/home/arnab/ros2_ws/install/ros2_control_demo_example_4:/home/arnab/ros2_ws/install/ros2_control_demo_example_3:/home/arnab/ros2_ws/install/ros2_control_demo_example_2:/home/arnab/ros2_ws/install/ros2_control_demo_example_14:/home/arnab/ros2_ws/install/ros2_control_demo_example_12:/home/arnab/ros2_ws/install/ros2_control_demo_example_11:/home/arnab/ros2_ws/install/ros2_control_demo_example_10:/home/arnab/ros2_ws/install/ros2_control_demo_example_1:/home/arnab/ros2_ws/install/ros2_control_demo_description:/home/arnab/ros2_ws/install/robot_hw:/home/arnab/ros2_ws/install/diffdrive_arduino:/home/arnab/ros2_ws/install/custom_motor_hw:/home/arnab/ros2_ws/install/articubot_one /usr/bin/cmake --install /home/arnab/ros2_ws/build/robot_hw
[6.427s] -- Install configuration: ""
[6.428s] -- Execute custom install script
[6.428s] -- Up-to-date symlink: /home/arnab/ros2_ws/install/robot_hw/share/robot_hw//launch/motors.launch.py
[6.428s] -- Up-to-date symlink: /home/arnab/ros2_ws/install/robot_hw/share/robot_hw//launch/robot_hw.launch.py
[6.428s] -- Up-to-date symlink: /home/arnab/ros2_ws/install/robot_hw/share/robot_hw//config/hw_config.yaml
[6.429s] -- Up-to-date symlink: /home/arnab/ros2_ws/install/robot_hw/lib/robot_hw/encoder_publisher
[6.429s] -- Up-to-date symlink: /home/arnab/ros2_ws/install/robot_hw/lib/robot_hw/motor_controller_openloop
[6.429s] -- Up-to-date symlink: /home/arnab/ros2_ws/install/robot_hw/lib/robot_hw/odom_publisher_node
[6.429s] -- Symlinking: /home/arnab/ros2_ws/install/robot_hw/lib/robot_hw/motor_controller_pid
[6.435s] -- Symlinking: /home/arnab/ros2_ws/install/robot_hw/lib/robot_hw/rpm_test
[6.442s] -- Up-to-date symlink: /home/arnab/ros2_ws/install/robot_hw/share/ament_index/resource_index/package_run_dependencies/robot_hw
[6.442s] -- Up-to-date symlink: /home/arnab/ros2_ws/install/robot_hw/share/ament_index/resource_index/parent_prefix_path/robot_hw
[6.442s] -- Up-to-date symlink: /home/arnab/ros2_ws/install/robot_hw/share/robot_hw/environment/ament_prefix_path.sh
[6.442s] -- Up-to-date symlink: /home/arnab/ros2_ws/install/robot_hw/share/robot_hw/environment/ament_prefix_path.dsv
[6.443s] -- Up-to-date symlink: /home/arnab/ros2_ws/install/robot_hw/share/robot_hw/environment/path.sh
[6.443s] -- Up-to-date symlink: /home/arnab/ros2_ws/install/robot_hw/share/robot_hw/environment/path.dsv
[6.443s] -- Up-to-date symlink: /home/arnab/ros2_ws/install/robot_hw/share/robot_hw/local_setup.bash
[6.443s] -- Up-to-date symlink: /home/arnab/ros2_ws/install/robot_hw/share/robot_hw/local_setup.sh
[6.443s] -- Up-to-date symlink: /home/arnab/ros2_ws/install/robot_hw/share/robot_hw/local_setup.zsh
[6.443s] -- Up-to-date symlink: /home/arnab/ros2_ws/install/robot_hw/share/robot_hw/local_setup.dsv
[6.443s] -- Symlinking: /home/arnab/ros2_ws/install/robot_hw/share/robot_hw/package.dsv
[6.450s] -- Up-to-date symlink: /home/arnab/ros2_ws/install/robot_hw/share/ament_index/resource_index/packages/robot_hw
[6.450s] -- Up-to-date symlink: /home/arnab/ros2_ws/install/robot_hw/share/robot_hw/cmake/robot_hwConfig.cmake
[6.450s] -- Up-to-date symlink: /home/arnab/ros2_ws/install/robot_hw/share/robot_hw/cmake/robot_hwConfig-version.cmake
[6.451s] -- Up-to-date symlink: /home/arnab/ros2_ws/install/robot_hw/share/robot_hw/package.xml
[6.452s] Invoked command in '/home/arnab/ros2_ws/build/robot_hw' returned '0': CMAKE_PREFIX_PATH=/home/arnab/ros2_ws/install/test_bot:/home/arnab/ros2_ws/install/ros2_control_demo_testing:/home/arnab/ros2_ws/install/pc_serial_communication:/home/arnab/ros2_ws/install/motor_serial_bridge:/opt/ros/humble:/home/arnab/ros2_ws/install/serial:/home/arnab/ros2_ws/install/rplidar_ros:/home/arnab/ros2_ws/install/ros2_control_demos:/home/arnab/ros2_ws/install/ros2_control_demo_example_9:/home/arnab/ros2_ws/install/ros2_control_demo_example_8:/home/arnab/ros2_ws/install/ros2_control_demo_example_7:/home/arnab/ros2_ws/install/ros2_control_demo_example_6:/home/arnab/ros2_ws/install/ros2_control_demo_example_15:/home/arnab/ros2_ws/install/ros2_control_demo_example_13:/home/arnab/ros2_ws/install/ros2_control_demo_example_5:/home/arnab/ros2_ws/install/ros2_control_demo_example_4:/home/arnab/ros2_ws/install/ros2_control_demo_example_3:/home/arnab/ros2_ws/install/ros2_control_demo_example_2:/home/arnab/ros2_ws/install/ros2_control_demo_example_14:/home/arnab/ros2_ws/install/ros2_control_demo_example_12:/home/arnab/ros2_ws/install/ros2_control_demo_example_11:/home/arnab/ros2_ws/install/ros2_control_demo_example_10:/home/arnab/ros2_ws/install/ros2_control_demo_example_1:/home/arnab/ros2_ws/install/ros2_control_demo_description:/home/arnab/ros2_ws/install/robot_hw:/home/arnab/ros2_ws/install/diffdrive_arduino:/home/arnab/ros2_ws/install/custom_motor_hw:/home/arnab/ros2_ws/install/articubot_one /usr/bin/cmake --install /home/arnab/ros2_ws/build/robot_hw
