[0.609s] Invoking command in '/home/arnab/ros2_ws/build/serial': CMAKE_PREFIX_PATH=/home/arnab/ros2_ws/install/test_bot:/home/arnab/ros2_ws/install/ros2_control_demo_testing:/home/arnab/ros2_ws/install/pc_serial_communication:/home/arnab/ros2_ws/install/motor_serial_bridge:/opt/ros/humble:/home/arnab/ros2_ws/install/serial:/home/arnab/ros2_ws/install/ros2_control_demos:/home/arnab/ros2_ws/install/ros2_control_demo_example_9:/home/arnab/ros2_ws/install/ros2_control_demo_example_8:/home/arnab/ros2_ws/install/ros2_control_demo_example_7:/home/arnab/ros2_ws/install/ros2_control_demo_example_6:/home/arnab/ros2_ws/install/ros2_control_demo_example_15:/home/arnab/ros2_ws/install/ros2_control_demo_example_13:/home/arnab/ros2_ws/install/ros2_control_demo_example_5:/home/arnab/ros2_ws/install/ros2_control_demo_example_4:/home/arnab/ros2_ws/install/ros2_control_demo_example_3:/home/arnab/ros2_ws/install/ros2_control_demo_example_2:/home/arnab/ros2_ws/install/ros2_control_demo_example_14:/home/arnab/ros2_ws/install/ros2_control_demo_example_12:/home/arnab/ros2_ws/install/ros2_control_demo_example_11:/home/arnab/ros2_ws/install/ros2_control_demo_example_10:/home/arnab/ros2_ws/install/ros2_control_demo_example_1:/home/arnab/ros2_ws/install/ros2_control_demo_description:/home/arnab/ros2_ws/install/diffdrive_arduino:/home/arnab/ros2_ws/install/custom_motor_hw:/home/arnab/ros2_ws/install/articubot_one /usr/bin/cmake /home/arnab/ros2_ws/src/serial -DAMENT_CMAKE_SYMLINK_INSTALL=1 -DCMAKE_INSTALL_PREFIX=/home/arnab/ros2_ws/install/serial
[0.617s] -- Found ament_cmake: 1.3.11 (/opt/ros/humble/share/ament_cmake/cmake)
[0.690s] -- Override CMake install command with custom implementation using symlinks instead of copying resources
[0.696s] -- Found ament_cmake_gtest: 1.3.11 (/opt/ros/humble/share/ament_cmake_gtest/cmake)
[0.700s] -- Found gtest sources under '/opt/ros/humble/src/gtest_vendor': C++ tests using 'Google Test' will be built
[0.746s] -- Configuring done
[0.762s] -- Generating done
[0.766s] -- Build files have been written to: /home/arnab/ros2_ws/build/serial
[0.768s] Invoked command in '/home/arnab/ros2_ws/build/serial' returned '0': CMAKE_PREFIX_PATH=/home/arnab/ros2_ws/install/test_bot:/home/arnab/ros2_ws/install/ros2_control_demo_testing:/home/arnab/ros2_ws/install/pc_serial_communication:/home/arnab/ros2_ws/install/motor_serial_bridge:/opt/ros/humble:/home/arnab/ros2_ws/install/serial:/home/arnab/ros2_ws/install/ros2_control_demos:/home/arnab/ros2_ws/install/ros2_control_demo_example_9:/home/arnab/ros2_ws/install/ros2_control_demo_example_8:/home/arnab/ros2_ws/install/ros2_control_demo_example_7:/home/arnab/ros2_ws/install/ros2_control_demo_example_6:/home/arnab/ros2_ws/install/ros2_control_demo_example_15:/home/arnab/ros2_ws/install/ros2_control_demo_example_13:/home/arnab/ros2_ws/install/ros2_control_demo_example_5:/home/arnab/ros2_ws/install/ros2_control_demo_example_4:/home/arnab/ros2_ws/install/ros2_control_demo_example_3:/home/arnab/ros2_ws/install/ros2_control_demo_example_2:/home/arnab/ros2_ws/install/ros2_control_demo_example_14:/home/arnab/ros2_ws/install/ros2_control_demo_example_12:/home/arnab/ros2_ws/install/ros2_control_demo_example_11:/home/arnab/ros2_ws/install/ros2_control_demo_example_10:/home/arnab/ros2_ws/install/ros2_control_demo_example_1:/home/arnab/ros2_ws/install/ros2_control_demo_description:/home/arnab/ros2_ws/install/diffdrive_arduino:/home/arnab/ros2_ws/install/custom_motor_hw:/home/arnab/ros2_ws/install/articubot_one /usr/bin/cmake /home/arnab/ros2_ws/src/serial -DAMENT_CMAKE_SYMLINK_INSTALL=1 -DCMAKE_INSTALL_PREFIX=/home/arnab/ros2_ws/install/serial
[0.769s] Invoking command in '/home/arnab/ros2_ws/build/serial': CMAKE_PREFIX_PATH=/home/arnab/ros2_ws/install/test_bot:/home/arnab/ros2_ws/install/ros2_control_demo_testing:/home/arnab/ros2_ws/install/pc_serial_communication:/home/arnab/ros2_ws/install/motor_serial_bridge:/opt/ros/humble:/home/arnab/ros2_ws/install/serial:/home/arnab/ros2_ws/install/ros2_control_demos:/home/arnab/ros2_ws/install/ros2_control_demo_example_9:/home/arnab/ros2_ws/install/ros2_control_demo_example_8:/home/arnab/ros2_ws/install/ros2_control_demo_example_7:/home/arnab/ros2_ws/install/ros2_control_demo_example_6:/home/arnab/ros2_ws/install/ros2_control_demo_example_15:/home/arnab/ros2_ws/install/ros2_control_demo_example_13:/home/arnab/ros2_ws/install/ros2_control_demo_example_5:/home/arnab/ros2_ws/install/ros2_control_demo_example_4:/home/arnab/ros2_ws/install/ros2_control_demo_example_3:/home/arnab/ros2_ws/install/ros2_control_demo_example_2:/home/arnab/ros2_ws/install/ros2_control_demo_example_14:/home/arnab/ros2_ws/install/ros2_control_demo_example_12:/home/arnab/ros2_ws/install/ros2_control_demo_example_11:/home/arnab/ros2_ws/install/ros2_control_demo_example_10:/home/arnab/ros2_ws/install/ros2_control_demo_example_1:/home/arnab/ros2_ws/install/ros2_control_demo_description:/home/arnab/ros2_ws/install/diffdrive_arduino:/home/arnab/ros2_ws/install/custom_motor_hw:/home/arnab/ros2_ws/install/articubot_one /usr/bin/cmake --build /home/arnab/ros2_ws/build/serial -- -j16 -l16
[0.795s] [35m[1mConsolidate compiler generated dependencies of target serial[0m
[0.796s] [35m[1mConsolidate compiler generated dependencies of target gtest_main[0m
[0.796s] [35m[1mConsolidate compiler generated dependencies of target gtest[0m
[0.806s] [ 14%] Built target gtest_main
[0.806s] [ 28%] Built target gtest
[0.807s] [ 57%] Built target serial
[0.815s] [35m[1mConsolidate compiler generated dependencies of target serial-test[0m
[0.815s] [35m[1mConsolidate compiler generated dependencies of target serial_example[0m
[0.817s] [35m[1mConsolidate compiler generated dependencies of target serial-test-timer[0m
[0.826s] [ 71%] Built target serial_example
[0.827s] [ 85%] Built target serial-test-timer
[0.829s] [100%] Built target serial-test
[0.837s] Invoked command in '/home/arnab/ros2_ws/build/serial' returned '0': CMAKE_PREFIX_PATH=/home/arnab/ros2_ws/install/test_bot:/home/arnab/ros2_ws/install/ros2_control_demo_testing:/home/arnab/ros2_ws/install/pc_serial_communication:/home/arnab/ros2_ws/install/motor_serial_bridge:/opt/ros/humble:/home/arnab/ros2_ws/install/serial:/home/arnab/ros2_ws/install/ros2_control_demos:/home/arnab/ros2_ws/install/ros2_control_demo_example_9:/home/arnab/ros2_ws/install/ros2_control_demo_example_8:/home/arnab/ros2_ws/install/ros2_control_demo_example_7:/home/arnab/ros2_ws/install/ros2_control_demo_example_6:/home/arnab/ros2_ws/install/ros2_control_demo_example_15:/home/arnab/ros2_ws/install/ros2_control_demo_example_13:/home/arnab/ros2_ws/install/ros2_control_demo_example_5:/home/arnab/ros2_ws/install/ros2_control_demo_example_4:/home/arnab/ros2_ws/install/ros2_control_demo_example_3:/home/arnab/ros2_ws/install/ros2_control_demo_example_2:/home/arnab/ros2_ws/install/ros2_control_demo_example_14:/home/arnab/ros2_ws/install/ros2_control_demo_example_12:/home/arnab/ros2_ws/install/ros2_control_demo_example_11:/home/arnab/ros2_ws/install/ros2_control_demo_example_10:/home/arnab/ros2_ws/install/ros2_control_demo_example_1:/home/arnab/ros2_ws/install/ros2_control_demo_description:/home/arnab/ros2_ws/install/diffdrive_arduino:/home/arnab/ros2_ws/install/custom_motor_hw:/home/arnab/ros2_ws/install/articubot_one /usr/bin/cmake --build /home/arnab/ros2_ws/build/serial -- -j16 -l16
[0.838s] Invoking command in '/home/arnab/ros2_ws/build/serial': CMAKE_PREFIX_PATH=/home/arnab/ros2_ws/install/test_bot:/home/arnab/ros2_ws/install/ros2_control_demo_testing:/home/arnab/ros2_ws/install/pc_serial_communication:/home/arnab/ros2_ws/install/motor_serial_bridge:/opt/ros/humble:/home/arnab/ros2_ws/install/serial:/home/arnab/ros2_ws/install/ros2_control_demos:/home/arnab/ros2_ws/install/ros2_control_demo_example_9:/home/arnab/ros2_ws/install/ros2_control_demo_example_8:/home/arnab/ros2_ws/install/ros2_control_demo_example_7:/home/arnab/ros2_ws/install/ros2_control_demo_example_6:/home/arnab/ros2_ws/install/ros2_control_demo_example_15:/home/arnab/ros2_ws/install/ros2_control_demo_example_13:/home/arnab/ros2_ws/install/ros2_control_demo_example_5:/home/arnab/ros2_ws/install/ros2_control_demo_example_4:/home/arnab/ros2_ws/install/ros2_control_demo_example_3:/home/arnab/ros2_ws/install/ros2_control_demo_example_2:/home/arnab/ros2_ws/install/ros2_control_demo_example_14:/home/arnab/ros2_ws/install/ros2_control_demo_example_12:/home/arnab/ros2_ws/install/ros2_control_demo_example_11:/home/arnab/ros2_ws/install/ros2_control_demo_example_10:/home/arnab/ros2_ws/install/ros2_control_demo_example_1:/home/arnab/ros2_ws/install/ros2_control_demo_description:/home/arnab/ros2_ws/install/diffdrive_arduino:/home/arnab/ros2_ws/install/custom_motor_hw:/home/arnab/ros2_ws/install/articubot_one /usr/bin/cmake --install /home/arnab/ros2_ws/build/serial
[0.843s] -- Install configuration: ""
[0.843s] -- Execute custom install script
[0.843s] -- Up-to-date symlink: /home/arnab/ros2_ws/install/serial/lib/libserial.a
[0.844s] -- Up-to-date symlink: /home/arnab/ros2_ws/install/serial/include/serial/serial.h
[0.844s] -- Up-to-date symlink: /home/arnab/ros2_ws/install/serial/include/serial/v8stdint.h
[0.844s] -- Up-to-date symlink: /home/arnab/ros2_ws/install/serial/share/serial/environment/library_path.sh
[0.844s] -- Up-to-date symlink: /home/arnab/ros2_ws/install/serial/share/serial/environment/library_path.dsv
[0.844s] -- Up-to-date symlink: /home/arnab/ros2_ws/install/serial/share/ament_index/resource_index/package_run_dependencies/serial
[0.844s] -- Up-to-date symlink: /home/arnab/ros2_ws/install/serial/share/ament_index/resource_index/parent_prefix_path/serial
[0.844s] -- Up-to-date symlink: /home/arnab/ros2_ws/install/serial/share/serial/environment/ament_prefix_path.sh
[0.845s] -- Up-to-date symlink: /home/arnab/ros2_ws/install/serial/share/serial/environment/ament_prefix_path.dsv
[0.845s] -- Up-to-date symlink: /home/arnab/ros2_ws/install/serial/share/serial/environment/path.sh
[0.845s] -- Up-to-date symlink: /home/arnab/ros2_ws/install/serial/share/serial/environment/path.dsv
[0.845s] -- Up-to-date symlink: /home/arnab/ros2_ws/install/serial/share/serial/local_setup.bash
[0.845s] -- Up-to-date symlink: /home/arnab/ros2_ws/install/serial/share/serial/local_setup.sh
[0.845s] -- Up-to-date symlink: /home/arnab/ros2_ws/install/serial/share/serial/local_setup.zsh
[0.845s] -- Up-to-date symlink: /home/arnab/ros2_ws/install/serial/share/serial/local_setup.dsv
[0.845s] -- Symlinking: /home/arnab/ros2_ws/install/serial/share/serial/package.dsv
[0.852s] -- Up-to-date symlink: /home/arnab/ros2_ws/install/serial/share/ament_index/resource_index/packages/serial
[0.852s] -- Up-to-date symlink: /home/arnab/ros2_ws/install/serial/share/serial/cmake/ament_cmake_export_include_directories-extras.cmake
[0.852s] -- Up-to-date symlink: /home/arnab/ros2_ws/install/serial/share/serial/cmake/ament_cmake_export_libraries-extras.cmake
[0.852s] -- Up-to-date symlink: /home/arnab/ros2_ws/install/serial/share/serial/cmake/serialConfig.cmake
[0.852s] -- Up-to-date symlink: /home/arnab/ros2_ws/install/serial/share/serial/cmake/serialConfig-version.cmake
[0.852s] -- Up-to-date symlink: /home/arnab/ros2_ws/install/serial/share/serial/package.xml
[0.854s] Invoked command in '/home/arnab/ros2_ws/build/serial' returned '0': CMAKE_PREFIX_PATH=/home/arnab/ros2_ws/install/test_bot:/home/arnab/ros2_ws/install/ros2_control_demo_testing:/home/arnab/ros2_ws/install/pc_serial_communication:/home/arnab/ros2_ws/install/motor_serial_bridge:/opt/ros/humble:/home/arnab/ros2_ws/install/serial:/home/arnab/ros2_ws/install/ros2_control_demos:/home/arnab/ros2_ws/install/ros2_control_demo_example_9:/home/arnab/ros2_ws/install/ros2_control_demo_example_8:/home/arnab/ros2_ws/install/ros2_control_demo_example_7:/home/arnab/ros2_ws/install/ros2_control_demo_example_6:/home/arnab/ros2_ws/install/ros2_control_demo_example_15:/home/arnab/ros2_ws/install/ros2_control_demo_example_13:/home/arnab/ros2_ws/install/ros2_control_demo_example_5:/home/arnab/ros2_ws/install/ros2_control_demo_example_4:/home/arnab/ros2_ws/install/ros2_control_demo_example_3:/home/arnab/ros2_ws/install/ros2_control_demo_example_2:/home/arnab/ros2_ws/install/ros2_control_demo_example_14:/home/arnab/ros2_ws/install/ros2_control_demo_example_12:/home/arnab/ros2_ws/install/ros2_control_demo_example_11:/home/arnab/ros2_ws/install/ros2_control_demo_example_10:/home/arnab/ros2_ws/install/ros2_control_demo_example_1:/home/arnab/ros2_ws/install/ros2_control_demo_description:/home/arnab/ros2_ws/install/diffdrive_arduino:/home/arnab/ros2_ws/install/custom_motor_hw:/home/arnab/ros2_ws/install/articubot_one /usr/bin/cmake --install /home/arnab/ros2_ws/build/serial
