-- Found ament_cmake: 1.3.11 (/opt/ros/humble/share/ament_cmake/cmake)
-- Override CMake install command with custom implementation using symlinks instead of copying resources
-- Found rclcpp: 16.0.11 (/opt/ros/humble/share/rclcpp/cmake)
-- Found rosidl_generator_c: 3.1.6 (/opt/ros/humble/share/rosidl_generator_c/cmake)
-- Found rosidl_adapter: 3.1.6 (/opt/ros/humble/share/rosidl_adapter/cmake)
-- Found rosidl_generator_cpp: 3.1.6 (/opt/ros/humble/share/rosidl_generator_cpp/cmake)
-- Using all available rosidl_typesupport_c: rosidl_typesupport_fastrtps_c;rosidl_typesupport_introspection_c
-- Using all available rosidl_typesupport_cpp: rosidl_typesupport_fastrtps_cpp;rosidl_typesupport_introspection_cpp
-- Found rmw_implementation_cmake: 6.1.2 (/opt/ros/humble/share/rmw_implementation_cmake/cmake)
-- Found rmw_cyclonedds_cpp: 1.3.4 (/opt/ros/humble/share/rmw_cyclonedds_cpp/cmake)
-- Using RMW implementation 'rmw_cyclonedds_cpp' as default
-- Found geometry_msgs: 4.2.4 (/opt/ros/humble/share/geometry_msgs/cmake)
-- Found nav_msgs: 4.2.4 (/opt/ros/humble/share/nav_msgs/cmake)
-- Found tf2_ros: 0.25.12 (/opt/ros/humble/share/tf2_ros/cmake)
-- Found rclcpp_lifecycle: 16.0.11 (/opt/ros/humble/share/rclcpp_lifecycle/cmake)
-- Found hardware_interface: 2.48.0 (/opt/ros/humble/share/hardware_interface/cmake)
-- Configuring done
-- Generating done
-- Build files have been written to: /home/arnab/ros2_ws/build/robot_hw
[35m[1mConsolidate compiler generated dependencies of target encoder_publisher[0m
[35m[1mConsolidate compiler generated dependencies of target motor_controller_openloop[0m
[35m[1mConsolidate compiler generated dependencies of target odom_publisher_node[0m
[ 16%] [32m[1mLinking CXX executable encoder_publisher[0m
[ 33%] [32m[1mLinking CXX executable odom_publisher_node[0m
[ 50%] [32m[1mLinking CXX executable motor_controller_openloop[0m
[ 66%] Built target encoder_publisher
[ 83%] Built target motor_controller_openloop
[100%] Built target odom_publisher_node
-- Install configuration: ""
-- Execute custom install script
-- Symlinking: /home/arnab/ros2_ws/install/robot_hw/share/robot_hw//launch/motors.launch.py
-- Symlinking: /home/arnab/ros2_ws/install/robot_hw/share/robot_hw//launch/robot_hw.launch.py
-- Symlinking: /home/arnab/ros2_ws/install/robot_hw/share/robot_hw//config/hw_config.yaml
-- Symlinking: /home/arnab/ros2_ws/install/robot_hw/lib/robot_hw/encoder_publisher
-- Symlinking: /home/arnab/ros2_ws/install/robot_hw/lib/robot_hw/motor_controller_openloop
-- Symlinking: /home/arnab/ros2_ws/install/robot_hw/lib/robot_hw/odom_publisher_node
-- Symlinking: /home/arnab/ros2_ws/install/robot_hw/share/ament_index/resource_index/package_run_dependencies/robot_hw
-- Symlinking: /home/arnab/ros2_ws/install/robot_hw/share/ament_index/resource_index/parent_prefix_path/robot_hw
-- Symlinking: /home/arnab/ros2_ws/install/robot_hw/share/robot_hw/environment/ament_prefix_path.sh
-- Symlinking: /home/arnab/ros2_ws/install/robot_hw/share/robot_hw/environment/ament_prefix_path.dsv
-- Symlinking: /home/arnab/ros2_ws/install/robot_hw/share/robot_hw/environment/path.sh
-- Symlinking: /home/arnab/ros2_ws/install/robot_hw/share/robot_hw/environment/path.dsv
-- Symlinking: /home/arnab/ros2_ws/install/robot_hw/share/robot_hw/local_setup.bash
-- Symlinking: /home/arnab/ros2_ws/install/robot_hw/share/robot_hw/local_setup.sh
-- Symlinking: /home/arnab/ros2_ws/install/robot_hw/share/robot_hw/local_setup.zsh
-- Symlinking: /home/arnab/ros2_ws/install/robot_hw/share/robot_hw/local_setup.dsv
-- Symlinking: /home/arnab/ros2_ws/install/robot_hw/share/robot_hw/package.dsv
-- Symlinking: /home/arnab/ros2_ws/install/robot_hw/share/ament_index/resource_index/packages/robot_hw
-- Symlinking: /home/arnab/ros2_ws/install/robot_hw/share/robot_hw/cmake/robot_hwConfig.cmake
-- Symlinking: /home/arnab/ros2_ws/install/robot_hw/share/robot_hw/cmake/robot_hwConfig-version.cmake
-- Symlinking: /home/arnab/ros2_ws/install/robot_hw/share/robot_hw/package.xml
