[0.010s] Invoking command in '/home/arnab/ros2_ws/build/robot_hw': CMAKE_PREFIX_PATH=/home/arnab/ros2_ws/install/test_bot:/home/arnab/ros2_ws/install/ros2_control_demo_testing:/home/arnab/ros2_ws/install/pc_serial_communication:/home/arnab/ros2_ws/install/motor_serial_bridge:/opt/ros/humble:/home/arnab/ros2_ws/install/serial:/home/arnab/ros2_ws/install/rplidar_ros:/home/arnab/ros2_ws/install/ros2_control_demos:/home/arnab/ros2_ws/install/ros2_control_demo_example_9:/home/arnab/ros2_ws/install/ros2_control_demo_example_8:/home/arnab/ros2_ws/install/ros2_control_demo_example_7:/home/arnab/ros2_ws/install/ros2_control_demo_example_6:/home/arnab/ros2_ws/install/ros2_control_demo_example_15:/home/arnab/ros2_ws/install/ros2_control_demo_example_13:/home/arnab/ros2_ws/install/ros2_control_demo_example_5:/home/arnab/ros2_ws/install/ros2_control_demo_example_4:/home/arnab/ros2_ws/install/ros2_control_demo_example_3:/home/arnab/ros2_ws/install/ros2_control_demo_example_2:/home/arnab/ros2_ws/install/ros2_control_demo_example_14:/home/arnab/ros2_ws/install/ros2_control_demo_example_12:/home/arnab/ros2_ws/install/ros2_control_demo_example_11:/home/arnab/ros2_ws/install/ros2_control_demo_example_10:/home/arnab/ros2_ws/install/ros2_control_demo_example_1:/home/arnab/ros2_ws/install/ros2_control_demo_description:/home/arnab/ros2_ws/install/robot_hw:/home/arnab/ros2_ws/install/diffdrive_arduino:/home/arnab/ros2_ws/install/custom_motor_hw:/home/arnab/ros2_ws/install/articubot_one /usr/bin/cmake --build /home/arnab/ros2_ws/build/robot_hw -- -j16 -l16
[0.069s] [35m[1mConsolidate compiler generated dependencies of target motor_controller_openloop[0m
[0.069s] [35m[1mConsolidate compiler generated dependencies of target motor_controller_pid[0m
[0.080s] [ 60%] Built target encoder_publisher
[0.080s] [ 60%] Built target odom_publisher_node
[0.080s] [ 60%] Built target rpm_test
[0.083s] [ 70%] [32mBuilding CXX object CMakeFiles/motor_controller_pid.dir/src/motor_controller_pid.cpp.o[0m
[0.083s] [ 90%] Built target motor_controller_openloop
[1.366s] [01m[K/home/arnab/ros2_ws/src/robot_hw/src/motor_controller_pid.cpp:[m[K In constructor ‘[01m[KMotorControllerPID::MotorControllerPID()[m[K’:
[1.366s] [01m[K/home/arnab/ros2_ws/src/robot_hw/src/motor_controller_pid.cpp:30:10:[m[K [01;35m[Kwarning: [m[Kignoring return value of ‘[01m[Krclcpp::node_interfaces::OnSetParametersCallbackHandle::SharedPtr rclcpp::Node::add_on_set_parameters_callback(rclcpp::Node::OnParametersSetCallbackType)[m[K’, declared with attribute ‘[01m[Kwarn_unused_result[m[K’ [[01;35m[K]8;;https://gcc.gnu.org/onlinedocs/gcc/Warning-Options.html#index-Wunused-result-Wunused-result]8;;[m[K]
[1.366s]    30 |         )[01;35m[K;[m[K
[1.366s]       |          [01;35m[K^[m[K
[1.366s] In file included from [01m[K/opt/ros/humble/include/rclcpp/rclcpp/executors/single_threaded_executor.hpp:28[m[K,
[1.366s]                  from [01m[K/opt/ros/humble/include/rclcpp/rclcpp/executors.hpp:22[m[K,
[1.366s]                  from [01m[K/opt/ros/humble/include/rclcpp/rclcpp/rclcpp.hpp:155[m[K,
[1.366s]                  from [01m[K/home/arnab/ros2_ws/src/robot_hw/src/motor_controller_pid.cpp:1[m[K:
[1.366s] [01m[K/opt/ros/humble/include/rclcpp/rclcpp/node.hpp:934:3:[m[K [01;36m[Knote: [m[Kdeclared here
[1.366s]   934 |   [01;36m[Kadd_on_set_parameters_callback[m[K(OnParametersSetCallbackType callback);
[1.366s]       |   [01;36m[K^~~~~~~~~~~~~~~~~~~~~~~~~~~~~~[m[K
[4.419s] [100%] [32m[1mLinking CXX executable motor_controller_pid[0m
[4.650s] [100%] Built target motor_controller_pid
[4.658s] Invoked command in '/home/arnab/ros2_ws/build/robot_hw' returned '0': CMAKE_PREFIX_PATH=/home/arnab/ros2_ws/install/test_bot:/home/arnab/ros2_ws/install/ros2_control_demo_testing:/home/arnab/ros2_ws/install/pc_serial_communication:/home/arnab/ros2_ws/install/motor_serial_bridge:/opt/ros/humble:/home/arnab/ros2_ws/install/serial:/home/arnab/ros2_ws/install/rplidar_ros:/home/arnab/ros2_ws/install/ros2_control_demos:/home/arnab/ros2_ws/install/ros2_control_demo_example_9:/home/arnab/ros2_ws/install/ros2_control_demo_example_8:/home/arnab/ros2_ws/install/ros2_control_demo_example_7:/home/arnab/ros2_ws/install/ros2_control_demo_example_6:/home/arnab/ros2_ws/install/ros2_control_demo_example_15:/home/arnab/ros2_ws/install/ros2_control_demo_example_13:/home/arnab/ros2_ws/install/ros2_control_demo_example_5:/home/arnab/ros2_ws/install/ros2_control_demo_example_4:/home/arnab/ros2_ws/install/ros2_control_demo_example_3:/home/arnab/ros2_ws/install/ros2_control_demo_example_2:/home/arnab/ros2_ws/install/ros2_control_demo_example_14:/home/arnab/ros2_ws/install/ros2_control_demo_example_12:/home/arnab/ros2_ws/install/ros2_control_demo_example_11:/home/arnab/ros2_ws/install/ros2_control_demo_example_10:/home/arnab/ros2_ws/install/ros2_control_demo_example_1:/home/arnab/ros2_ws/install/ros2_control_demo_description:/home/arnab/ros2_ws/install/robot_hw:/home/arnab/ros2_ws/install/diffdrive_arduino:/home/arnab/ros2_ws/install/custom_motor_hw:/home/arnab/ros2_ws/install/articubot_one /usr/bin/cmake --build /home/arnab/ros2_ws/build/robot_hw -- -j16 -l16
[4.666s] Invoking command in '/home/arnab/ros2_ws/build/robot_hw': CMAKE_PREFIX_PATH=/home/arnab/ros2_ws/install/test_bot:/home/arnab/ros2_ws/install/ros2_control_demo_testing:/home/arnab/ros2_ws/install/pc_serial_communication:/home/arnab/ros2_ws/install/motor_serial_bridge:/opt/ros/humble:/home/arnab/ros2_ws/install/serial:/home/arnab/ros2_ws/install/rplidar_ros:/home/arnab/ros2_ws/install/ros2_control_demos:/home/arnab/ros2_ws/install/ros2_control_demo_example_9:/home/arnab/ros2_ws/install/ros2_control_demo_example_8:/home/arnab/ros2_ws/install/ros2_control_demo_example_7:/home/arnab/ros2_ws/install/ros2_control_demo_example_6:/home/arnab/ros2_ws/install/ros2_control_demo_example_15:/home/arnab/ros2_ws/install/ros2_control_demo_example_13:/home/arnab/ros2_ws/install/ros2_control_demo_example_5:/home/arnab/ros2_ws/install/ros2_control_demo_example_4:/home/arnab/ros2_ws/install/ros2_control_demo_example_3:/home/arnab/ros2_ws/install/ros2_control_demo_example_2:/home/arnab/ros2_ws/install/ros2_control_demo_example_14:/home/arnab/ros2_ws/install/ros2_control_demo_example_12:/home/arnab/ros2_ws/install/ros2_control_demo_example_11:/home/arnab/ros2_ws/install/ros2_control_demo_example_10:/home/arnab/ros2_ws/install/ros2_control_demo_example_1:/home/arnab/ros2_ws/install/ros2_control_demo_description:/home/arnab/ros2_ws/install/robot_hw:/home/arnab/ros2_ws/install/diffdrive_arduino:/home/arnab/ros2_ws/install/custom_motor_hw:/home/arnab/ros2_ws/install/articubot_one /usr/bin/cmake --install /home/arnab/ros2_ws/build/robot_hw
[4.672s] -- Install configuration: ""
[4.673s] -- Execute custom install script
[4.674s] -- Up-to-date symlink: /home/arnab/ros2_ws/install/robot_hw/share/robot_hw//launch/imu.launch.py
[4.674s] -- Up-to-date symlink: /home/arnab/ros2_ws/install/robot_hw/share/robot_hw//launch/motors.launch.py
[4.674s] -- Up-to-date symlink: /home/arnab/ros2_ws/install/robot_hw/share/robot_hw//launch/robot_hw.launch.py
[4.674s] -- Up-to-date symlink: /home/arnab/ros2_ws/install/robot_hw/share/robot_hw//launch/robot_sensors.launch.py
[4.674s] -- Up-to-date symlink: /home/arnab/ros2_ws/install/robot_hw/share/robot_hw//config/hw_config.yaml
[4.674s] -- Up-to-date symlink: /home/arnab/ros2_ws/install/robot_hw/lib/robot_hw/encoder_publisher
[4.674s] -- Up-to-date symlink: /home/arnab/ros2_ws/install/robot_hw/lib/robot_hw/motor_controller_openloop
[4.674s] -- Up-to-date symlink: /home/arnab/ros2_ws/install/robot_hw/lib/robot_hw/odom_publisher_node
[4.674s] -- Up-to-date symlink: /home/arnab/ros2_ws/install/robot_hw/lib/robot_hw/motor_controller_pid
[4.674s] -- Up-to-date symlink: /home/arnab/ros2_ws/install/robot_hw/lib/robot_hw/rpm_test
[4.674s] -- Up-to-date symlink: /home/arnab/ros2_ws/install/robot_hw/share/ament_index/resource_index/package_run_dependencies/robot_hw
[4.674s] -- Up-to-date symlink: /home/arnab/ros2_ws/install/robot_hw/share/ament_index/resource_index/parent_prefix_path/robot_hw
[4.675s] -- Up-to-date symlink: /home/arnab/ros2_ws/install/robot_hw/share/robot_hw/environment/ament_prefix_path.sh
[4.675s] -- Up-to-date symlink: /home/arnab/ros2_ws/install/robot_hw/share/robot_hw/environment/ament_prefix_path.dsv
[4.675s] -- Up-to-date symlink: /home/arnab/ros2_ws/install/robot_hw/share/robot_hw/environment/path.sh
[4.675s] -- Up-to-date symlink: /home/arnab/ros2_ws/install/robot_hw/share/robot_hw/environment/path.dsv
[4.675s] -- Up-to-date symlink: /home/arnab/ros2_ws/install/robot_hw/share/robot_hw/local_setup.bash
[4.675s] -- Up-to-date symlink: /home/arnab/ros2_ws/install/robot_hw/share/robot_hw/local_setup.sh
[4.675s] -- Up-to-date symlink: /home/arnab/ros2_ws/install/robot_hw/share/robot_hw/local_setup.zsh
[4.675s] -- Up-to-date symlink: /home/arnab/ros2_ws/install/robot_hw/share/robot_hw/local_setup.dsv
[4.675s] -- Symlinking: /home/arnab/ros2_ws/install/robot_hw/share/robot_hw/package.dsv
[4.681s] -- Up-to-date symlink: /home/arnab/ros2_ws/install/robot_hw/share/ament_index/resource_index/packages/robot_hw
[4.682s] -- Up-to-date symlink: /home/arnab/ros2_ws/install/robot_hw/share/robot_hw/cmake/robot_hwConfig.cmake
[4.682s] -- Up-to-date symlink: /home/arnab/ros2_ws/install/robot_hw/share/robot_hw/cmake/robot_hwConfig-version.cmake
[4.682s] -- Up-to-date symlink: /home/arnab/ros2_ws/install/robot_hw/share/robot_hw/package.xml
[4.683s] Invoked command in '/home/arnab/ros2_ws/build/robot_hw' returned '0': CMAKE_PREFIX_PATH=/home/arnab/ros2_ws/install/test_bot:/home/arnab/ros2_ws/install/ros2_control_demo_testing:/home/arnab/ros2_ws/install/pc_serial_communication:/home/arnab/ros2_ws/install/motor_serial_bridge:/opt/ros/humble:/home/arnab/ros2_ws/install/serial:/home/arnab/ros2_ws/install/rplidar_ros:/home/arnab/ros2_ws/install/ros2_control_demos:/home/arnab/ros2_ws/install/ros2_control_demo_example_9:/home/arnab/ros2_ws/install/ros2_control_demo_example_8:/home/arnab/ros2_ws/install/ros2_control_demo_example_7:/home/arnab/ros2_ws/install/ros2_control_demo_example_6:/home/arnab/ros2_ws/install/ros2_control_demo_example_15:/home/arnab/ros2_ws/install/ros2_control_demo_example_13:/home/arnab/ros2_ws/install/ros2_control_demo_example_5:/home/arnab/ros2_ws/install/ros2_control_demo_example_4:/home/arnab/ros2_ws/install/ros2_control_demo_example_3:/home/arnab/ros2_ws/install/ros2_control_demo_example_2:/home/arnab/ros2_ws/install/ros2_control_demo_example_14:/home/arnab/ros2_ws/install/ros2_control_demo_example_12:/home/arnab/ros2_ws/install/ros2_control_demo_example_11:/home/arnab/ros2_ws/install/ros2_control_demo_example_10:/home/arnab/ros2_ws/install/ros2_control_demo_example_1:/home/arnab/ros2_ws/install/ros2_control_demo_description:/home/arnab/ros2_ws/install/robot_hw:/home/arnab/ros2_ws/install/diffdrive_arduino:/home/arnab/ros2_ws/install/custom_motor_hw:/home/arnab/ros2_ws/install/articubot_one /usr/bin/cmake --install /home/arnab/ros2_ws/build/robot_hw
