[0.023s] Invoking command in '/home/arnab/ros2_ws/build/ros2_control_demo_example_14': AMENT_PREFIX_PATH=/home/arnab/ros2_ws/install/ros2_control_demo_testing:/home/arnab/ros2_ws/install/ros2_control_demo_description:${AMENT_PREFIX_PATH} CMAKE_PREFIX_PATH=/home/arnab/ros2_ws/install/ros2_control_demo_description:/home/arnab/ros2_ws/install/ros2_control_demo_example_2:/home/arnab/ros2_ws/install/test_bot:/home/arnab/ros2_ws/install/pc_serial_communication:/opt/ros/humble PYTHONPATH=/home/arnab/ros2_ws/install/ros2_control_demo_testing/lib/python3.10/site-packages:${PYTHONPATH} /usr/bin/cmake /home/arnab/ros2_ws/src/ros2_control_demos/example_14 -DCMAKE_INSTALL_PREFIX=/home/arnab/ros2_ws/install/ros2_control_demo_example_14
[0.074s] -- The CXX compiler identification is GNU 11.4.0
[0.077s] -- Detecting CXX compiler ABI info
[0.144s] -- Detecting CXX compiler ABI info - done
[0.147s] -- Check for working CXX compiler: /usr/bin/c++ - skipped
[0.147s] -- Detecting CXX compile features
[0.147s] -- Detecting CXX compile features - done
[0.150s] -- Found ament_cmake: 1.3.11 (/opt/ros/humble/share/ament_cmake/cmake)
[0.707s] -- Found Python3: /usr/bin/python3 (found version "3.10.12") found components: Interpreter 
[0.784s] -- Found hardware_interface: 2.47.0 (/opt/ros/humble/share/hardware_interface/cmake)
[0.817s] -- Found rosidl_generator_c: 3.1.6 (/opt/ros/humble/share/rosidl_generator_c/cmake)
[0.821s] -- Found rosidl_adapter: 3.1.6 (/opt/ros/humble/share/rosidl_adapter/cmake)
[0.826s] -- Found rosidl_generator_cpp: 3.1.6 (/opt/ros/humble/share/rosidl_generator_cpp/cmake)
[0.833s] -- Using all available rosidl_typesupport_c: rosidl_typesupport_fastrtps_c;rosidl_typesupport_introspection_c
[0.842s] -- Using all available rosidl_typesupport_cpp: rosidl_typesupport_fastrtps_cpp;rosidl_typesupport_introspection_cpp
[0.967s] -- Found rmw_implementation_cmake: 6.1.2 (/opt/ros/humble/share/rmw_implementation_cmake/cmake)
[0.968s] -- Found rmw_cyclonedds_cpp: 1.3.4 (/opt/ros/humble/share/rmw_cyclonedds_cpp/cmake)
[0.984s] -- Using RMW implementation 'rmw_cyclonedds_cpp' as default
[0.990s] -- Looking for C++ include pthread.h
[1.078s] -- Looking for C++ include pthread.h - found
[1.078s] -- Performing Test CMAKE_HAVE_LIBC_PTHREAD
[1.202s] -- Performing Test CMAKE_HAVE_LIBC_PTHREAD - Success
[1.203s] -- Found Threads: TRUE  
[1.242s] -- Found realtime_tools: 2.10.0 (/opt/ros/humble/share/realtime_tools/cmake)
[1.259s] -- Found ament_cmake_pytest: 1.3.11 (/opt/ros/humble/share/ament_cmake_pytest/cmake)
[2.187s] -- Configuring done
[2.208s] -- Generating done
[2.212s] -- Build files have been written to: /home/arnab/ros2_ws/build/ros2_control_demo_example_14
[2.222s] Invoked command in '/home/arnab/ros2_ws/build/ros2_control_demo_example_14' returned '0': AMENT_PREFIX_PATH=/home/arnab/ros2_ws/install/ros2_control_demo_testing:/home/arnab/ros2_ws/install/ros2_control_demo_description:${AMENT_PREFIX_PATH} CMAKE_PREFIX_PATH=/home/arnab/ros2_ws/install/ros2_control_demo_description:/home/arnab/ros2_ws/install/ros2_control_demo_example_2:/home/arnab/ros2_ws/install/test_bot:/home/arnab/ros2_ws/install/pc_serial_communication:/opt/ros/humble PYTHONPATH=/home/arnab/ros2_ws/install/ros2_control_demo_testing/lib/python3.10/site-packages:${PYTHONPATH} /usr/bin/cmake /home/arnab/ros2_ws/src/ros2_control_demos/example_14 -DCMAKE_INSTALL_PREFIX=/home/arnab/ros2_ws/install/ros2_control_demo_example_14
[2.224s] Invoking command in '/home/arnab/ros2_ws/build/ros2_control_demo_example_14': AMENT_PREFIX_PATH=/home/arnab/ros2_ws/install/ros2_control_demo_testing:/home/arnab/ros2_ws/install/ros2_control_demo_description:${AMENT_PREFIX_PATH} CMAKE_PREFIX_PATH=/home/arnab/ros2_ws/install/ros2_control_demo_description:/home/arnab/ros2_ws/install/ros2_control_demo_example_2:/home/arnab/ros2_ws/install/test_bot:/home/arnab/ros2_ws/install/pc_serial_communication:/opt/ros/humble PYTHONPATH=/home/arnab/ros2_ws/install/ros2_control_demo_testing/lib/python3.10/site-packages:${PYTHONPATH} /usr/bin/cmake --build /home/arnab/ros2_ws/build/ros2_control_demo_example_14 -- -j16 -l16
[2.273s] [ 33%] [32mBuilding CXX object CMakeFiles/ros2_control_demo_example_14.dir/hardware/rrbot_sensor_for_position_feedback.cpp.o[0m
[2.274s] [ 66%] [32mBuilding CXX object CMakeFiles/ros2_control_demo_example_14.dir/hardware/rrbot_actuator_without_feedback.cpp.o[0m
[6.692s] [100%] [32m[1mLinking CXX shared library libros2_control_demo_example_14.so[0m
[6.801s] [100%] Built target ros2_control_demo_example_14
[6.809s] Invoked command in '/home/arnab/ros2_ws/build/ros2_control_demo_example_14' returned '0': AMENT_PREFIX_PATH=/home/arnab/ros2_ws/install/ros2_control_demo_testing:/home/arnab/ros2_ws/install/ros2_control_demo_description:${AMENT_PREFIX_PATH} CMAKE_PREFIX_PATH=/home/arnab/ros2_ws/install/ros2_control_demo_description:/home/arnab/ros2_ws/install/ros2_control_demo_example_2:/home/arnab/ros2_ws/install/test_bot:/home/arnab/ros2_ws/install/pc_serial_communication:/opt/ros/humble PYTHONPATH=/home/arnab/ros2_ws/install/ros2_control_demo_testing/lib/python3.10/site-packages:${PYTHONPATH} /usr/bin/cmake --build /home/arnab/ros2_ws/build/ros2_control_demo_example_14 -- -j16 -l16
[6.810s] Invoking command in '/home/arnab/ros2_ws/build/ros2_control_demo_example_14': AMENT_PREFIX_PATH=/home/arnab/ros2_ws/install/ros2_control_demo_testing:/home/arnab/ros2_ws/install/ros2_control_demo_description:${AMENT_PREFIX_PATH} CMAKE_PREFIX_PATH=/home/arnab/ros2_ws/install/ros2_control_demo_description:/home/arnab/ros2_ws/install/ros2_control_demo_example_2:/home/arnab/ros2_ws/install/test_bot:/home/arnab/ros2_ws/install/pc_serial_communication:/opt/ros/humble PYTHONPATH=/home/arnab/ros2_ws/install/ros2_control_demo_testing/lib/python3.10/site-packages:${PYTHONPATH} /usr/bin/cmake --install /home/arnab/ros2_ws/build/ros2_control_demo_example_14
[6.815s] -- Install configuration: ""
[6.816s] -- Installing: /home/arnab/ros2_ws/install/ros2_control_demo_example_14/share/ros2_control_demo_example_14/ros2_control_demo_example_14.xml
[6.816s] -- Installing: /home/arnab/ros2_ws/install/ros2_control_demo_example_14/include/ros2_control_demo_example_14
[6.816s] -- Installing: /home/arnab/ros2_ws/install/ros2_control_demo_example_14/include/ros2_control_demo_example_14/ros2_control_demo_example_14
[6.816s] -- Installing: /home/arnab/ros2_ws/install/ros2_control_demo_example_14/include/ros2_control_demo_example_14/ros2_control_demo_example_14/rrbot_sensor_for_position_feedback.hpp
[6.816s] -- Installing: /home/arnab/ros2_ws/install/ros2_control_demo_example_14/include/ros2_control_demo_example_14/ros2_control_demo_example_14/rrbot_actuator_without_feedback.hpp
[6.816s] -- Installing: /home/arnab/ros2_ws/install/ros2_control_demo_example_14/share/ros2_control_demo_example_14/launch
[6.816s] -- Installing: /home/arnab/ros2_ws/install/ros2_control_demo_example_14/share/ros2_control_demo_example_14/launch/view_robot.launch.py
[6.816s] -- Installing: /home/arnab/ros2_ws/install/ros2_control_demo_example_14/share/ros2_control_demo_example_14/ros2_control
[6.816s] -- Installing: /home/arnab/ros2_ws/install/ros2_control_demo_example_14/share/ros2_control_demo_example_14/ros2_control/rrbot_modular_actuators_without_feedback_sensors_for_position_feedback.ros2_control.xacro
[6.816s] -- Installing: /home/arnab/ros2_ws/install/ros2_control_demo_example_14/share/ros2_control_demo_example_14/urdf
[6.816s] -- Installing: /home/arnab/ros2_ws/install/ros2_control_demo_example_14/share/ros2_control_demo_example_14/urdf/rrbot_modular_actuators_without_feedback_sensors_for_position_feedback.urdf.xacro
[6.817s] -- Up-to-date: /home/arnab/ros2_ws/install/ros2_control_demo_example_14/share/ros2_control_demo_example_14/launch
[6.817s] -- Installing: /home/arnab/ros2_ws/install/ros2_control_demo_example_14/share/ros2_control_demo_example_14/launch/rrbot_modular_actuators_without_feedback_sensors_for_position_feedback.launch.py
[6.817s] -- Installing: /home/arnab/ros2_ws/install/ros2_control_demo_example_14/share/ros2_control_demo_example_14/config
[6.817s] -- Installing: /home/arnab/ros2_ws/install/ros2_control_demo_example_14/share/ros2_control_demo_example_14/config/rrbot_modular_actuators_without_feedback_sensors_for_position_feedback.yaml
[6.817s] -- Installing: /home/arnab/ros2_ws/install/ros2_control_demo_example_14/lib/libros2_control_demo_example_14.so
[6.818s] -- Set runtime path of "/home/arnab/ros2_ws/install/ros2_control_demo_example_14/lib/libros2_control_demo_example_14.so" to ""
[6.818s] -- Installing: /home/arnab/ros2_ws/install/ros2_control_demo_example_14/share/ros2_control_demo_example_14/environment/library_path.sh
[6.818s] -- Installing: /home/arnab/ros2_ws/install/ros2_control_demo_example_14/share/ros2_control_demo_example_14/environment/library_path.dsv
[6.818s] -- Installing: /home/arnab/ros2_ws/install/ros2_control_demo_example_14/share/ament_index/resource_index/package_run_dependencies/ros2_control_demo_example_14
[6.818s] -- Installing: /home/arnab/ros2_ws/install/ros2_control_demo_example_14/share/ament_index/resource_index/parent_prefix_path/ros2_control_demo_example_14
[6.819s] -- Installing: /home/arnab/ros2_ws/install/ros2_control_demo_example_14/share/ros2_control_demo_example_14/environment/ament_prefix_path.sh
[6.819s] -- Installing: /home/arnab/ros2_ws/install/ros2_control_demo_example_14/share/ros2_control_demo_example_14/environment/ament_prefix_path.dsv
[6.819s] -- Installing: /home/arnab/ros2_ws/install/ros2_control_demo_example_14/share/ros2_control_demo_example_14/environment/path.sh
[6.819s] -- Installing: /home/arnab/ros2_ws/install/ros2_control_demo_example_14/share/ros2_control_demo_example_14/environment/path.dsv
[6.819s] -- Installing: /home/arnab/ros2_ws/install/ros2_control_demo_example_14/share/ros2_control_demo_example_14/local_setup.bash
[6.819s] -- Installing: /home/arnab/ros2_ws/install/ros2_control_demo_example_14/share/ros2_control_demo_example_14/local_setup.sh
[6.819s] -- Installing: /home/arnab/ros2_ws/install/ros2_control_demo_example_14/share/ros2_control_demo_example_14/local_setup.zsh
[6.819s] -- Installing: /home/arnab/ros2_ws/install/ros2_control_demo_example_14/share/ros2_control_demo_example_14/local_setup.dsv
[6.819s] -- Installing: /home/arnab/ros2_ws/install/ros2_control_demo_example_14/share/ros2_control_demo_example_14/package.dsv
[6.820s] -- Installing: /home/arnab/ros2_ws/install/ros2_control_demo_example_14/share/ament_index/resource_index/packages/ros2_control_demo_example_14
[6.820s] -- Installing: /home/arnab/ros2_ws/install/ros2_control_demo_example_14/share/ament_index/resource_index/hardware_interface__pluginlib__plugin/ros2_control_demo_example_14
[6.820s] -- Installing: /home/arnab/ros2_ws/install/ros2_control_demo_example_14/share/ros2_control_demo_example_14/cmake/export_ros2_control_demo_example_14Export.cmake
[6.820s] -- Installing: /home/arnab/ros2_ws/install/ros2_control_demo_example_14/share/ros2_control_demo_example_14/cmake/export_ros2_control_demo_example_14Export-noconfig.cmake
[6.820s] -- Installing: /home/arnab/ros2_ws/install/ros2_control_demo_example_14/share/ros2_control_demo_example_14/cmake/ament_cmake_export_targets-extras.cmake
[6.820s] -- Installing: /home/arnab/ros2_ws/install/ros2_control_demo_example_14/share/ros2_control_demo_example_14/cmake/ament_cmake_export_dependencies-extras.cmake
[6.820s] -- Installing: /home/arnab/ros2_ws/install/ros2_control_demo_example_14/share/ros2_control_demo_example_14/cmake/ros2_control_demo_example_14Config.cmake
[6.820s] -- Installing: /home/arnab/ros2_ws/install/ros2_control_demo_example_14/share/ros2_control_demo_example_14/cmake/ros2_control_demo_example_14Config-version.cmake
[6.821s] -- Installing: /home/arnab/ros2_ws/install/ros2_control_demo_example_14/share/ros2_control_demo_example_14/package.xml
[6.822s] Invoked command in '/home/arnab/ros2_ws/build/ros2_control_demo_example_14' returned '0': AMENT_PREFIX_PATH=/home/arnab/ros2_ws/install/ros2_control_demo_testing:/home/arnab/ros2_ws/install/ros2_control_demo_description:${AMENT_PREFIX_PATH} CMAKE_PREFIX_PATH=/home/arnab/ros2_ws/install/ros2_control_demo_description:/home/arnab/ros2_ws/install/ros2_control_demo_example_2:/home/arnab/ros2_ws/install/test_bot:/home/arnab/ros2_ws/install/pc_serial_communication:/opt/ros/humble PYTHONPATH=/home/arnab/ros2_ws/install/ros2_control_demo_testing/lib/python3.10/site-packages:${PYTHONPATH} /usr/bin/cmake --install /home/arnab/ros2_ws/build/ros2_control_demo_example_14
