[0.930s] Invoking command in '/home/arnab/ros2_ws/build/pc_serial_communication': PYTHONPATH=/home/arnab/ros2_ws/build/pc_serial_communication/prefix_override:/usr/lib/python3/dist-packages/colcon_core/task/python/colcon_distutils_commands:/home/arnab/ros2_ws/install/pc_serial_communication/lib/python3.10/site-packages:${PYTHONPATH} /usr/bin/python3 -W ignore:setup.py install is deprecated -W ignore:easy_install command is deprecated setup.py develop --editable --build-directory /home/arnab/ros2_ws/build/pc_serial_communication/build --no-deps symlink_data
[1.118s] running develop
[1.227s] running egg_info
[1.233s] writing pc_serial_communication.egg-info/PKG-INFO
[1.233s] writing dependency_links to pc_serial_communication.egg-info/dependency_links.txt
[1.233s] writing entry points to pc_serial_communication.egg-info/entry_points.txt
[1.233s] writing requirements to pc_serial_communication.egg-info/requires.txt
[1.234s] writing top-level names to pc_serial_communication.egg-info/top_level.txt
[1.246s] reading manifest file 'pc_serial_communication.egg-info/SOURCES.txt'
[1.247s] writing manifest file 'pc_serial_communication.egg-info/SOURCES.txt'
[1.253s] running build_ext
[1.253s] Creating /home/arnab/ros2_ws/install/pc_serial_communication/lib/python3.10/site-packages/pc-serial-communication.egg-link (link to .)
[1.254s] Installing arduino_to_ros script to /home/arnab/ros2_ws/install/pc_serial_communication/lib/pc_serial_communication
[1.254s] Installing bno055_reader script to /home/arnab/ros2_ws/install/pc_serial_communication/lib/pc_serial_communication
[1.254s] Installing cmd_vel_value script to /home/arnab/ros2_ws/install/pc_serial_communication/lib/pc_serial_communication
[1.254s] Installing imu_publisher script to /home/arnab/ros2_ws/install/pc_serial_communication/lib/pc_serial_communication
[1.254s] Installing serial_node script to /home/arnab/ros2_ws/install/pc_serial_communication/lib/pc_serial_communication
[1.254s] 
[1.254s] Installed /home/arnab/ros2_ws/build/pc_serial_communication
[1.254s] running symlink_data
[1.324s] Invoked command in '/home/arnab/ros2_ws/build/pc_serial_communication' returned '0': PYTHONPATH=/home/arnab/ros2_ws/build/pc_serial_communication/prefix_override:/usr/lib/python3/dist-packages/colcon_core/task/python/colcon_distutils_commands:/home/arnab/ros2_ws/install/pc_serial_communication/lib/python3.10/site-packages:${PYTHONPATH} /usr/bin/python3 -W ignore:setup.py install is deprecated -W ignore:easy_install command is deprecated setup.py develop --editable --build-directory /home/arnab/ros2_ws/build/pc_serial_communication/build --no-deps symlink_data
