-- The CXX compiler identification is GNU 11.4.0
-- Detecting CXX compiler ABI info
-- Detecting CXX compiler ABI info - done
-- Check for working CXX compiler: /usr/bin/c++ - skipped
-- Detecting CXX compile features
-- Detecting CXX compile features - done
-- Found ament_cmake: 1.3.11 (/opt/ros/humble/share/ament_cmake/cmake)
-- Found Python3: /usr/bin/python3 (found version "3.10.12") found components: Interpreter 
-- Found hardware_interface: 2.47.0 (/opt/ros/humble/share/hardware_interface/cmake)
-- Found rosidl_generator_c: 3.1.6 (/opt/ros/humble/share/rosidl_generator_c/cmake)
-- Found rosidl_adapter: 3.1.6 (/opt/ros/humble/share/rosidl_adapter/cmake)
-- Found rosidl_generator_cpp: 3.1.6 (/opt/ros/humble/share/rosidl_generator_cpp/cmake)
-- Using all available rosidl_typesupport_c: rosidl_typesupport_fastrtps_c;rosidl_typesupport_introspection_c
-- Using all available rosidl_typesupport_cpp: rosidl_typesupport_fastrtps_cpp;rosidl_typesupport_introspection_cpp
-- Found rmw_implementation_cmake: 6.1.2 (/opt/ros/humble/share/rmw_implementation_cmake/cmake)
-- Found rmw_cyclonedds_cpp: 1.3.4 (/opt/ros/humble/share/rmw_cyclonedds_cpp/cmake)
-- Using RMW implementation 'rmw_cyclonedds_cpp' as default
-- Looking for C++ include pthread.h
-- Looking for C++ include pthread.h - found
-- Performing Test CMAKE_HAVE_LIBC_PTHREAD
-- Performing Test CMAKE_HAVE_LIBC_PTHREAD - Success
-- Found Threads: TRUE  
-- Found controller_interface: 2.47.0 (/opt/ros/humble/share/controller_interface/cmake)
-- Found ament_cmake_pytest: 1.3.11 (/opt/ros/humble/share/ament_cmake_pytest/cmake)
-- Configuring done
-- Generating done
-- Build files have been written to: /home/arnab/ros2_ws/build/ros2_control_demo_example_10
[ 66%] [32mBuilding CXX object CMakeFiles/ros2_control_demo_example_10.dir/controllers/gpio_controller.cpp.o[0m
[ 66%] [32mBuilding CXX object CMakeFiles/ros2_control_demo_example_10.dir/hardware/rrbot.cpp.o[0m
[100%] [32m[1mLinking CXX shared library libros2_control_demo_example_10.so[0m
[100%] Built target ros2_control_demo_example_10
-- Install configuration: ""
-- Installing: /home/arnab/ros2_ws/install/ros2_control_demo_example_10/share/ros2_control_demo_example_10/ros2_control_demo_example_10.xml
-- Up-to-date: /home/arnab/ros2_ws/install/ros2_control_demo_example_10/share/ros2_control_demo_example_10/ros2_control_demo_example_10.xml
-- Installing: /home/arnab/ros2_ws/install/ros2_control_demo_example_10/include/ros2_control_demo_example_10
-- Installing: /home/arnab/ros2_ws/install/ros2_control_demo_example_10/include/ros2_control_demo_example_10/ros2_control_demo_example_10
-- Installing: /home/arnab/ros2_ws/install/ros2_control_demo_example_10/include/ros2_control_demo_example_10/ros2_control_demo_example_10/rrbot.hpp
-- Up-to-date: /home/arnab/ros2_ws/install/ros2_control_demo_example_10/include/ros2_control_demo_example_10
-- Up-to-date: /home/arnab/ros2_ws/install/ros2_control_demo_example_10/include/ros2_control_demo_example_10/ros2_control_demo_example_10
-- Installing: /home/arnab/ros2_ws/install/ros2_control_demo_example_10/include/ros2_control_demo_example_10/ros2_control_demo_example_10/gpio_controller.hpp
-- Installing: /home/arnab/ros2_ws/install/ros2_control_demo_example_10/share/ros2_control_demo_example_10/launch
-- Installing: /home/arnab/ros2_ws/install/ros2_control_demo_example_10/share/ros2_control_demo_example_10/launch/view_robot.launch.py
-- Installing: /home/arnab/ros2_ws/install/ros2_control_demo_example_10/share/ros2_control_demo_example_10/ros2_control
-- Installing: /home/arnab/ros2_ws/install/ros2_control_demo_example_10/share/ros2_control_demo_example_10/ros2_control/rrbot.ros2_control.xacro
-- Installing: /home/arnab/ros2_ws/install/ros2_control_demo_example_10/share/ros2_control_demo_example_10/urdf
-- Installing: /home/arnab/ros2_ws/install/ros2_control_demo_example_10/share/ros2_control_demo_example_10/urdf/rrbot.urdf.xacro
-- Up-to-date: /home/arnab/ros2_ws/install/ros2_control_demo_example_10/share/ros2_control_demo_example_10/launch
-- Installing: /home/arnab/ros2_ws/install/ros2_control_demo_example_10/share/ros2_control_demo_example_10/launch/test_forward_position_controller.launch.py
-- Installing: /home/arnab/ros2_ws/install/ros2_control_demo_example_10/share/ros2_control_demo_example_10/launch/rrbot.launch.py
-- Installing: /home/arnab/ros2_ws/install/ros2_control_demo_example_10/share/ros2_control_demo_example_10/config
-- Installing: /home/arnab/ros2_ws/install/ros2_control_demo_example_10/share/ros2_control_demo_example_10/config/rrbot_forward_position_publisher.yaml
-- Installing: /home/arnab/ros2_ws/install/ros2_control_demo_example_10/share/ros2_control_demo_example_10/config/rrbot_controllers.yaml
-- Installing: /home/arnab/ros2_ws/install/ros2_control_demo_example_10/lib/libros2_control_demo_example_10.so
-- Set runtime path of "/home/arnab/ros2_ws/install/ros2_control_demo_example_10/lib/libros2_control_demo_example_10.so" to ""
-- Installing: /home/arnab/ros2_ws/install/ros2_control_demo_example_10/share/ros2_control_demo_example_10/environment/library_path.sh
-- Installing: /home/arnab/ros2_ws/install/ros2_control_demo_example_10/share/ros2_control_demo_example_10/environment/library_path.dsv
-- Installing: /home/arnab/ros2_ws/install/ros2_control_demo_example_10/share/ament_index/resource_index/package_run_dependencies/ros2_control_demo_example_10
-- Installing: /home/arnab/ros2_ws/install/ros2_control_demo_example_10/share/ament_index/resource_index/parent_prefix_path/ros2_control_demo_example_10
-- Installing: /home/arnab/ros2_ws/install/ros2_control_demo_example_10/share/ros2_control_demo_example_10/environment/ament_prefix_path.sh
-- Installing: /home/arnab/ros2_ws/install/ros2_control_demo_example_10/share/ros2_control_demo_example_10/environment/ament_prefix_path.dsv
-- Installing: /home/arnab/ros2_ws/install/ros2_control_demo_example_10/share/ros2_control_demo_example_10/environment/path.sh
-- Installing: /home/arnab/ros2_ws/install/ros2_control_demo_example_10/share/ros2_control_demo_example_10/environment/path.dsv
-- Installing: /home/arnab/ros2_ws/install/ros2_control_demo_example_10/share/ros2_control_demo_example_10/local_setup.bash
-- Installing: /home/arnab/ros2_ws/install/ros2_control_demo_example_10/share/ros2_control_demo_example_10/local_setup.sh
-- Installing: /home/arnab/ros2_ws/install/ros2_control_demo_example_10/share/ros2_control_demo_example_10/local_setup.zsh
-- Installing: /home/arnab/ros2_ws/install/ros2_control_demo_example_10/share/ros2_control_demo_example_10/local_setup.dsv
-- Installing: /home/arnab/ros2_ws/install/ros2_control_demo_example_10/share/ros2_control_demo_example_10/package.dsv
-- Installing: /home/arnab/ros2_ws/install/ros2_control_demo_example_10/share/ament_index/resource_index/packages/ros2_control_demo_example_10
-- Installing: /home/arnab/ros2_ws/install/ros2_control_demo_example_10/share/ament_index/resource_index/hardware_interface__pluginlib__plugin/ros2_control_demo_example_10
-- Installing: /home/arnab/ros2_ws/install/ros2_control_demo_example_10/share/ament_index/resource_index/controller_interface__pluginlib__plugin/ros2_control_demo_example_10
-- Installing: /home/arnab/ros2_ws/install/ros2_control_demo_example_10/share/ros2_control_demo_example_10/cmake/export_ros2_control_demo_example_10Export.cmake
-- Installing: /home/arnab/ros2_ws/install/ros2_control_demo_example_10/share/ros2_control_demo_example_10/cmake/export_ros2_control_demo_example_10Export-noconfig.cmake
-- Installing: /home/arnab/ros2_ws/install/ros2_control_demo_example_10/share/ros2_control_demo_example_10/cmake/ament_cmake_export_targets-extras.cmake
-- Installing: /home/arnab/ros2_ws/install/ros2_control_demo_example_10/share/ros2_control_demo_example_10/cmake/ament_cmake_export_dependencies-extras.cmake
-- Installing: /home/arnab/ros2_ws/install/ros2_control_demo_example_10/share/ros2_control_demo_example_10/cmake/ros2_control_demo_example_10Config.cmake
-- Installing: /home/arnab/ros2_ws/install/ros2_control_demo_example_10/share/ros2_control_demo_example_10/cmake/ros2_control_demo_example_10Config-version.cmake
-- Installing: /home/arnab/ros2_ws/install/ros2_control_demo_example_10/share/ros2_control_demo_example_10/package.xml
