[35m[1mConsolidate compiler generated dependencies of target serial[0m
[35m[1mConsolidate compiler generated dependencies of target gtest_main[0m
[35m[1mConsolidate compiler generated dependencies of target gtest[0m
[ 28%] Built target gtest
[ 42%] Built target serial
[ 57%] Built target gtest_main
[35m[1mConsolidate compiler generated dependencies of target serial_example[0m
[35m[1mConsolidate compiler generated dependencies of target serial-test[0m
[35m[1mConsolidate compiler generated dependencies of target serial-test-timer[0m
[ 85%] Built target serial-test
[ 85%] Built target serial_example
[100%] Built target serial-test-timer
-- Install configuration: ""
-- Execute custom install script
-- Symlinking: /home/arnab/ros2_ws/install/serial/lib/libserial.a
-- Symlinking: /home/arnab/ros2_ws/install/serial/include/serial/serial.h
-- Symlinking: /home/arnab/ros2_ws/install/serial/include/serial/v8stdint.h
-- Symlinking: /home/arnab/ros2_ws/install/serial/share/serial/environment/library_path.sh
-- Symlinking: /home/arnab/ros2_ws/install/serial/share/serial/environment/library_path.dsv
-- Symlinking: /home/arnab/ros2_ws/install/serial/share/ament_index/resource_index/package_run_dependencies/serial
-- Symlinking: /home/arnab/ros2_ws/install/serial/share/ament_index/resource_index/parent_prefix_path/serial
-- Symlinking: /home/arnab/ros2_ws/install/serial/share/serial/environment/ament_prefix_path.sh
-- Symlinking: /home/arnab/ros2_ws/install/serial/share/serial/environment/ament_prefix_path.dsv
-- Symlinking: /home/arnab/ros2_ws/install/serial/share/serial/environment/path.sh
-- Symlinking: /home/arnab/ros2_ws/install/serial/share/serial/environment/path.dsv
-- Symlinking: /home/arnab/ros2_ws/install/serial/share/serial/local_setup.bash
-- Symlinking: /home/arnab/ros2_ws/install/serial/share/serial/local_setup.sh
-- Symlinking: /home/arnab/ros2_ws/install/serial/share/serial/local_setup.zsh
-- Symlinking: /home/arnab/ros2_ws/install/serial/share/serial/local_setup.dsv
-- Symlinking: /home/arnab/ros2_ws/install/serial/share/serial/package.dsv
-- Symlinking: /home/arnab/ros2_ws/install/serial/share/ament_index/resource_index/packages/serial
-- Symlinking: /home/arnab/ros2_ws/install/serial/share/serial/cmake/ament_cmake_export_include_directories-extras.cmake
-- Symlinking: /home/arnab/ros2_ws/install/serial/share/serial/cmake/ament_cmake_export_libraries-extras.cmake
-- Symlinking: /home/arnab/ros2_ws/install/serial/share/serial/cmake/serialConfig.cmake
-- Symlinking: /home/arnab/ros2_ws/install/serial/share/serial/cmake/serialConfig-version.cmake
-- Symlinking: /home/arnab/ros2_ws/install/serial/share/serial/package.xml
