[0.242s] Invoking command in '/home/arnab/ros2_ws/build/articubot_one': CMAKE_PREFIX_PATH=/home/arnab/ros2_ws/install/test_bot:/home/arnab/ros2_ws/install/ros2_control_demo_testing:/home/arnab/ros2_ws/install/pc_serial_communication:/home/arnab/ros2_ws/install/motor_serial_bridge:/opt/ros/humble:/home/arnab/ros2_ws/install/serial:/home/arnab/ros2_ws/install/ros2_control_demos:/home/arnab/ros2_ws/install/ros2_control_demo_example_9:/home/arnab/ros2_ws/install/ros2_control_demo_example_8:/home/arnab/ros2_ws/install/ros2_control_demo_example_7:/home/arnab/ros2_ws/install/ros2_control_demo_example_6:/home/arnab/ros2_ws/install/ros2_control_demo_example_15:/home/arnab/ros2_ws/install/ros2_control_demo_example_13:/home/arnab/ros2_ws/install/ros2_control_demo_example_5:/home/arnab/ros2_ws/install/ros2_control_demo_example_4:/home/arnab/ros2_ws/install/ros2_control_demo_example_3:/home/arnab/ros2_ws/install/ros2_control_demo_example_2:/home/arnab/ros2_ws/install/ros2_control_demo_example_14:/home/arnab/ros2_ws/install/ros2_control_demo_example_12:/home/arnab/ros2_ws/install/ros2_control_demo_example_11:/home/arnab/ros2_ws/install/ros2_control_demo_example_10:/home/arnab/ros2_ws/install/ros2_control_demo_example_1:/home/arnab/ros2_ws/install/ros2_control_demo_description:/home/arnab/ros2_ws/install/diffdrive_arduino:/home/arnab/ros2_ws/install/custom_motor_hw:/home/arnab/ros2_ws/install/articubot_one /usr/bin/cmake /home/arnab/ros2_ws/src/articubot_one -DAMENT_CMAKE_SYMLINK_INSTALL=1 -DCMAKE_INSTALL_PREFIX=/home/arnab/ros2_ws/install/articubot_one
[0.631s] -- Found ament_cmake: 1.3.11 (/opt/ros/humble/share/ament_cmake/cmake)
[0.631s] -- Override CMake install command with custom implementation using symlinks instead of copying resources
[0.631s] -- Found ament_lint_auto: 0.12.11 (/opt/ros/humble/share/ament_lint_auto/cmake)
[0.631s] -- Added test 'copyright' to check source files copyright and LICENSE
[0.632s] -- Added test 'flake8' to check Python code syntax and style conventions
[0.632s] -- Added test 'lint_cmake' to check CMake code style
[0.632s] -- Added test 'pep257' to check Python code against some of the docstring style conventions in PEP 257
[0.632s] -- Added test 'xmllint' to check XML markup files
[0.632s] -- Configuring done
[0.632s] -- Generating done
[0.632s] -- Build files have been written to: /home/arnab/ros2_ws/build/articubot_one
[0.638s] Invoked command in '/home/arnab/ros2_ws/build/articubot_one' returned '0': CMAKE_PREFIX_PATH=/home/arnab/ros2_ws/install/test_bot:/home/arnab/ros2_ws/install/ros2_control_demo_testing:/home/arnab/ros2_ws/install/pc_serial_communication:/home/arnab/ros2_ws/install/motor_serial_bridge:/opt/ros/humble:/home/arnab/ros2_ws/install/serial:/home/arnab/ros2_ws/install/ros2_control_demos:/home/arnab/ros2_ws/install/ros2_control_demo_example_9:/home/arnab/ros2_ws/install/ros2_control_demo_example_8:/home/arnab/ros2_ws/install/ros2_control_demo_example_7:/home/arnab/ros2_ws/install/ros2_control_demo_example_6:/home/arnab/ros2_ws/install/ros2_control_demo_example_15:/home/arnab/ros2_ws/install/ros2_control_demo_example_13:/home/arnab/ros2_ws/install/ros2_control_demo_example_5:/home/arnab/ros2_ws/install/ros2_control_demo_example_4:/home/arnab/ros2_ws/install/ros2_control_demo_example_3:/home/arnab/ros2_ws/install/ros2_control_demo_example_2:/home/arnab/ros2_ws/install/ros2_control_demo_example_14:/home/arnab/ros2_ws/install/ros2_control_demo_example_12:/home/arnab/ros2_ws/install/ros2_control_demo_example_11:/home/arnab/ros2_ws/install/ros2_control_demo_example_10:/home/arnab/ros2_ws/install/ros2_control_demo_example_1:/home/arnab/ros2_ws/install/ros2_control_demo_description:/home/arnab/ros2_ws/install/diffdrive_arduino:/home/arnab/ros2_ws/install/custom_motor_hw:/home/arnab/ros2_ws/install/articubot_one /usr/bin/cmake /home/arnab/ros2_ws/src/articubot_one -DAMENT_CMAKE_SYMLINK_INSTALL=1 -DCMAKE_INSTALL_PREFIX=/home/arnab/ros2_ws/install/articubot_one
[0.638s] Invoking command in '/home/arnab/ros2_ws/build/articubot_one': CMAKE_PREFIX_PATH=/home/arnab/ros2_ws/install/test_bot:/home/arnab/ros2_ws/install/ros2_control_demo_testing:/home/arnab/ros2_ws/install/pc_serial_communication:/home/arnab/ros2_ws/install/motor_serial_bridge:/opt/ros/humble:/home/arnab/ros2_ws/install/serial:/home/arnab/ros2_ws/install/ros2_control_demos:/home/arnab/ros2_ws/install/ros2_control_demo_example_9:/home/arnab/ros2_ws/install/ros2_control_demo_example_8:/home/arnab/ros2_ws/install/ros2_control_demo_example_7:/home/arnab/ros2_ws/install/ros2_control_demo_example_6:/home/arnab/ros2_ws/install/ros2_control_demo_example_15:/home/arnab/ros2_ws/install/ros2_control_demo_example_13:/home/arnab/ros2_ws/install/ros2_control_demo_example_5:/home/arnab/ros2_ws/install/ros2_control_demo_example_4:/home/arnab/ros2_ws/install/ros2_control_demo_example_3:/home/arnab/ros2_ws/install/ros2_control_demo_example_2:/home/arnab/ros2_ws/install/ros2_control_demo_example_14:/home/arnab/ros2_ws/install/ros2_control_demo_example_12:/home/arnab/ros2_ws/install/ros2_control_demo_example_11:/home/arnab/ros2_ws/install/ros2_control_demo_example_10:/home/arnab/ros2_ws/install/ros2_control_demo_example_1:/home/arnab/ros2_ws/install/ros2_control_demo_description:/home/arnab/ros2_ws/install/diffdrive_arduino:/home/arnab/ros2_ws/install/custom_motor_hw:/home/arnab/ros2_ws/install/articubot_one /usr/bin/cmake --build /home/arnab/ros2_ws/build/articubot_one -- -j16 -l16
[0.674s] Invoked command in '/home/arnab/ros2_ws/build/articubot_one' returned '0': CMAKE_PREFIX_PATH=/home/arnab/ros2_ws/install/test_bot:/home/arnab/ros2_ws/install/ros2_control_demo_testing:/home/arnab/ros2_ws/install/pc_serial_communication:/home/arnab/ros2_ws/install/motor_serial_bridge:/opt/ros/humble:/home/arnab/ros2_ws/install/serial:/home/arnab/ros2_ws/install/ros2_control_demos:/home/arnab/ros2_ws/install/ros2_control_demo_example_9:/home/arnab/ros2_ws/install/ros2_control_demo_example_8:/home/arnab/ros2_ws/install/ros2_control_demo_example_7:/home/arnab/ros2_ws/install/ros2_control_demo_example_6:/home/arnab/ros2_ws/install/ros2_control_demo_example_15:/home/arnab/ros2_ws/install/ros2_control_demo_example_13:/home/arnab/ros2_ws/install/ros2_control_demo_example_5:/home/arnab/ros2_ws/install/ros2_control_demo_example_4:/home/arnab/ros2_ws/install/ros2_control_demo_example_3:/home/arnab/ros2_ws/install/ros2_control_demo_example_2:/home/arnab/ros2_ws/install/ros2_control_demo_example_14:/home/arnab/ros2_ws/install/ros2_control_demo_example_12:/home/arnab/ros2_ws/install/ros2_control_demo_example_11:/home/arnab/ros2_ws/install/ros2_control_demo_example_10:/home/arnab/ros2_ws/install/ros2_control_demo_example_1:/home/arnab/ros2_ws/install/ros2_control_demo_description:/home/arnab/ros2_ws/install/diffdrive_arduino:/home/arnab/ros2_ws/install/custom_motor_hw:/home/arnab/ros2_ws/install/articubot_one /usr/bin/cmake --build /home/arnab/ros2_ws/build/articubot_one -- -j16 -l16
[0.675s] Invoking command in '/home/arnab/ros2_ws/build/articubot_one': CMAKE_PREFIX_PATH=/home/arnab/ros2_ws/install/test_bot:/home/arnab/ros2_ws/install/ros2_control_demo_testing:/home/arnab/ros2_ws/install/pc_serial_communication:/home/arnab/ros2_ws/install/motor_serial_bridge:/opt/ros/humble:/home/arnab/ros2_ws/install/serial:/home/arnab/ros2_ws/install/ros2_control_demos:/home/arnab/ros2_ws/install/ros2_control_demo_example_9:/home/arnab/ros2_ws/install/ros2_control_demo_example_8:/home/arnab/ros2_ws/install/ros2_control_demo_example_7:/home/arnab/ros2_ws/install/ros2_control_demo_example_6:/home/arnab/ros2_ws/install/ros2_control_demo_example_15:/home/arnab/ros2_ws/install/ros2_control_demo_example_13:/home/arnab/ros2_ws/install/ros2_control_demo_example_5:/home/arnab/ros2_ws/install/ros2_control_demo_example_4:/home/arnab/ros2_ws/install/ros2_control_demo_example_3:/home/arnab/ros2_ws/install/ros2_control_demo_example_2:/home/arnab/ros2_ws/install/ros2_control_demo_example_14:/home/arnab/ros2_ws/install/ros2_control_demo_example_12:/home/arnab/ros2_ws/install/ros2_control_demo_example_11:/home/arnab/ros2_ws/install/ros2_control_demo_example_10:/home/arnab/ros2_ws/install/ros2_control_demo_example_1:/home/arnab/ros2_ws/install/ros2_control_demo_description:/home/arnab/ros2_ws/install/diffdrive_arduino:/home/arnab/ros2_ws/install/custom_motor_hw:/home/arnab/ros2_ws/install/articubot_one /usr/bin/cmake --install /home/arnab/ros2_ws/build/articubot_one
[0.681s] -- Install configuration: ""
[0.681s] -- Execute custom install script
[0.682s] -- Symlinking: /home/arnab/ros2_ws/install/articubot_one/share/articubot_one/config/ball_tracker_params_robot.yaml
[0.689s] -- Symlinking: /home/arnab/ros2_ws/install/articubot_one/share/articubot_one/config/ball_tracker_params_sim.yaml
[0.697s] -- Symlinking: /home/arnab/ros2_ws/install/articubot_one/share/articubot_one/config/drive_bot.rviz
[0.703s] -- Symlinking: /home/arnab/ros2_ws/install/articubot_one/share/articubot_one/config/empty.yaml
[0.710s] -- Symlinking: /home/arnab/ros2_ws/install/articubot_one/share/articubot_one/config/gaz_ros2_ctl_use_sim.yaml
[0.717s] -- Symlinking: /home/arnab/ros2_ws/install/articubot_one/share/articubot_one/config/gazebo_params.yaml
[0.724s] -- Symlinking: /home/arnab/ros2_ws/install/articubot_one/share/articubot_one/config/joystick.yaml
[0.731s] -- Symlinking: /home/arnab/ros2_ws/install/articubot_one/share/articubot_one/config/main.rviz
[0.737s] -- Symlinking: /home/arnab/ros2_ws/install/articubot_one/share/articubot_one/config/map.rviz
[0.743s] -- Symlinking: /home/arnab/ros2_ws/install/articubot_one/share/articubot_one/config/mapper_params_online_async.yaml
[0.749s] -- Symlinking: /home/arnab/ros2_ws/install/articubot_one/share/articubot_one/config/my_controllers.yaml
[0.755s] -- Symlinking: /home/arnab/ros2_ws/install/articubot_one/share/articubot_one/config/nav2_params.yaml
[0.762s] -- Symlinking: /home/arnab/ros2_ws/install/articubot_one/share/articubot_one/config/twist_mux.yaml
[0.769s] -- Symlinking: /home/arnab/ros2_ws/install/articubot_one/share/articubot_one/config/view_bot.rviz
[0.776s] -- Symlinking: /home/arnab/ros2_ws/install/articubot_one/share/articubot_one/description/camera.xacro
[0.782s] -- Symlinking: /home/arnab/ros2_ws/install/articubot_one/share/articubot_one/description/depth_camera.xacro
[0.788s] -- Symlinking: /home/arnab/ros2_ws/install/articubot_one/share/articubot_one/description/face.xacro
[0.794s] -- Symlinking: /home/arnab/ros2_ws/install/articubot_one/share/articubot_one/description/gazebo_control.xacro
[0.800s] -- Symlinking: /home/arnab/ros2_ws/install/articubot_one/share/articubot_one/description/inertial_macros.xacro
[0.806s] -- Symlinking: /home/arnab/ros2_ws/install/articubot_one/share/articubot_one/description/lidar.xacro
[0.812s] -- Symlinking: /home/arnab/ros2_ws/install/articubot_one/share/articubot_one/description/robot.urdf.xacro
[0.819s] -- Symlinking: /home/arnab/ros2_ws/install/articubot_one/share/articubot_one/description/robot_core.xacro
[0.826s] -- Symlinking: /home/arnab/ros2_ws/install/articubot_one/share/articubot_one/description/ros2_control.xacro
[0.834s] -- Symlinking: /home/arnab/ros2_ws/install/articubot_one/share/articubot_one/launch/ball_tracker.launch.py
[0.841s] -- Symlinking: /home/arnab/ros2_ws/install/articubot_one/share/articubot_one/launch/camera.launch.py
[0.848s] -- Symlinking: /home/arnab/ros2_ws/install/articubot_one/share/articubot_one/launch/joystick.launch.py
[0.854s] -- Symlinking: /home/arnab/ros2_ws/install/articubot_one/share/articubot_one/launch/launch_robot.launch.py
[0.860s] -- Symlinking: /home/arnab/ros2_ws/install/articubot_one/share/articubot_one/launch/launch_sim.launch.py
[0.865s] -- Symlinking: /home/arnab/ros2_ws/install/articubot_one/share/articubot_one/launch/localization_launch.py
[0.872s] -- Symlinking: /home/arnab/ros2_ws/install/articubot_one/share/articubot_one/launch/navigation_launch.py
[0.878s] -- Symlinking: /home/arnab/ros2_ws/install/articubot_one/share/articubot_one/launch/online_async_launch.py
[0.883s] -- Symlinking: /home/arnab/ros2_ws/install/articubot_one/share/articubot_one/launch/rplidar.launch.py
[0.890s] -- Symlinking: /home/arnab/ros2_ws/install/articubot_one/share/articubot_one/launch/rsp.launch.py
[0.896s] -- Symlinking: /home/arnab/ros2_ws/install/articubot_one/share/articubot_one/worlds/empty.world
[0.902s] -- Symlinking: /home/arnab/ros2_ws/install/articubot_one/share/articubot_one/worlds/obstacles.world
[0.907s] -- Symlinking: /home/arnab/ros2_ws/install/articubot_one/share/ament_index/resource_index/package_run_dependencies/articubot_one
[0.914s] -- Symlinking: /home/arnab/ros2_ws/install/articubot_one/share/ament_index/resource_index/parent_prefix_path/articubot_one
[0.920s] -- Symlinking: /home/arnab/ros2_ws/install/articubot_one/share/articubot_one/environment/ament_prefix_path.sh
[0.926s] -- Symlinking: /home/arnab/ros2_ws/install/articubot_one/share/articubot_one/environment/ament_prefix_path.dsv
[0.931s] -- Symlinking: /home/arnab/ros2_ws/install/articubot_one/share/articubot_one/environment/path.sh
[0.937s] -- Symlinking: /home/arnab/ros2_ws/install/articubot_one/share/articubot_one/environment/path.dsv
[0.943s] -- Symlinking: /home/arnab/ros2_ws/install/articubot_one/share/articubot_one/local_setup.bash
[0.949s] -- Symlinking: /home/arnab/ros2_ws/install/articubot_one/share/articubot_one/local_setup.sh
[0.955s] -- Symlinking: /home/arnab/ros2_ws/install/articubot_one/share/articubot_one/local_setup.zsh
[0.961s] -- Symlinking: /home/arnab/ros2_ws/install/articubot_one/share/articubot_one/local_setup.dsv
[0.967s] -- Symlinking: /home/arnab/ros2_ws/install/articubot_one/share/articubot_one/package.dsv
[0.973s] -- Symlinking: /home/arnab/ros2_ws/install/articubot_one/share/ament_index/resource_index/packages/articubot_one
[0.979s] -- Symlinking: /home/arnab/ros2_ws/install/articubot_one/share/articubot_one/cmake/articubot_oneConfig.cmake
[0.985s] -- Symlinking: /home/arnab/ros2_ws/install/articubot_one/share/articubot_one/cmake/articubot_oneConfig-version.cmake
[0.991s] -- Symlinking: /home/arnab/ros2_ws/install/articubot_one/share/articubot_one/package.xml
[0.999s] Invoked command in '/home/arnab/ros2_ws/build/articubot_one' returned '0': CMAKE_PREFIX_PATH=/home/arnab/ros2_ws/install/test_bot:/home/arnab/ros2_ws/install/ros2_control_demo_testing:/home/arnab/ros2_ws/install/pc_serial_communication:/home/arnab/ros2_ws/install/motor_serial_bridge:/opt/ros/humble:/home/arnab/ros2_ws/install/serial:/home/arnab/ros2_ws/install/ros2_control_demos:/home/arnab/ros2_ws/install/ros2_control_demo_example_9:/home/arnab/ros2_ws/install/ros2_control_demo_example_8:/home/arnab/ros2_ws/install/ros2_control_demo_example_7:/home/arnab/ros2_ws/install/ros2_control_demo_example_6:/home/arnab/ros2_ws/install/ros2_control_demo_example_15:/home/arnab/ros2_ws/install/ros2_control_demo_example_13:/home/arnab/ros2_ws/install/ros2_control_demo_example_5:/home/arnab/ros2_ws/install/ros2_control_demo_example_4:/home/arnab/ros2_ws/install/ros2_control_demo_example_3:/home/arnab/ros2_ws/install/ros2_control_demo_example_2:/home/arnab/ros2_ws/install/ros2_control_demo_example_14:/home/arnab/ros2_ws/install/ros2_control_demo_example_12:/home/arnab/ros2_ws/install/ros2_control_demo_example_11:/home/arnab/ros2_ws/install/ros2_control_demo_example_10:/home/arnab/ros2_ws/install/ros2_control_demo_example_1:/home/arnab/ros2_ws/install/ros2_control_demo_description:/home/arnab/ros2_ws/install/diffdrive_arduino:/home/arnab/ros2_ws/install/custom_motor_hw:/home/arnab/ros2_ws/install/articubot_one /usr/bin/cmake --install /home/arnab/ros2_ws/build/articubot_one
