/home/arnab/ros2_ws/install/motor_serial_bridge/lib/python3.10/site-packages/motor_serial_bridge/cmd_to_serial_and_odom.py
/home/arnab/ros2_ws/install/motor_serial_bridge/lib/python3.10/site-packages/motor_serial_bridge/__init__.py
/home/arnab/ros2_ws/install/motor_serial_bridge/lib/python3.10/site-packages/motor_serial_bridge/cmd_to_serial.py
/home/arnab/ros2_ws/install/motor_serial_bridge/lib/python3.10/site-packages/motor_serial_bridge/motor_bridge_node.py
/home/arnab/ros2_ws/install/motor_serial_bridge/lib/python3.10/site-packages/motor_serial_bridge/__pycache__/cmd_to_serial_and_odom.cpython-310.pyc
/home/arnab/ros2_ws/install/motor_serial_bridge/lib/python3.10/site-packages/motor_serial_bridge/__pycache__/__init__.cpython-310.pyc
/home/arnab/ros2_ws/install/motor_serial_bridge/lib/python3.10/site-packages/motor_serial_bridge/__pycache__/cmd_to_serial.cpython-310.pyc
/home/arnab/ros2_ws/install/motor_serial_bridge/lib/python3.10/site-packages/motor_serial_bridge/__pycache__/motor_bridge_node.cpython-310.pyc
/home/arnab/ros2_ws/install/motor_serial_bridge/share/ament_index/resource_index/packages/motor_serial_bridge
/home/arnab/ros2_ws/install/motor_serial_bridge/share/motor_serial_bridge/package.xml
/home/arnab/ros2_ws/install/motor_serial_bridge/lib/python3.10/site-packages/motor_serial_bridge-0.0.0-py3.10.egg-info/zip-safe
/home/arnab/ros2_ws/install/motor_serial_bridge/lib/python3.10/site-packages/motor_serial_bridge-0.0.0-py3.10.egg-info/requires.txt
/home/arnab/ros2_ws/install/motor_serial_bridge/lib/python3.10/site-packages/motor_serial_bridge-0.0.0-py3.10.egg-info/PKG-INFO
/home/arnab/ros2_ws/install/motor_serial_bridge/lib/python3.10/site-packages/motor_serial_bridge-0.0.0-py3.10.egg-info/SOURCES.txt
/home/arnab/ros2_ws/install/motor_serial_bridge/lib/python3.10/site-packages/motor_serial_bridge-0.0.0-py3.10.egg-info/top_level.txt
/home/arnab/ros2_ws/install/motor_serial_bridge/lib/python3.10/site-packages/motor_serial_bridge-0.0.0-py3.10.egg-info/entry_points.txt
/home/arnab/ros2_ws/install/motor_serial_bridge/lib/python3.10/site-packages/motor_serial_bridge-0.0.0-py3.10.egg-info/dependency_links.txt
/home/arnab/ros2_ws/install/motor_serial_bridge/lib/motor_serial_bridge/cmd_to_serial
/home/arnab/ros2_ws/install/motor_serial_bridge/lib/motor_serial_bridge/cmd_to_serial_and_odom
/home/arnab/ros2_ws/install/motor_serial_bridge/lib/motor_serial_bridge/motor_bridge_node
