[0.918s] Invoking command in '/home/arnab/ros2_ws/src/pc_serial_communication': PYTHONPATH=/home/arnab/ros2_ws/build/pc_serial_communication/prefix_override:/usr/lib/python3/dist-packages/colcon_core/task/python/colcon_distutils_commands:/home/arnab/ros2_ws/install/pc_serial_communication/lib/python3.10/site-packages:${PYTHONPATH} /usr/bin/python3 -W ignore:setup.py install is deprecated -W ignore:easy_install command is deprecated setup.py egg_info --egg-base ../../build/pc_serial_communication build --build-base /home/arnab/ros2_ws/build/pc_serial_communication/build install --record /home/arnab/ros2_ws/build/pc_serial_communication/install.log --single-version-externally-managed install_data
[1.094s] running egg_info
[1.108s] writing ../../build/pc_serial_communication/pc_serial_communication.egg-info/PKG-INFO
[1.108s] writing dependency_links to ../../build/pc_serial_communication/pc_serial_communication.egg-info/dependency_links.txt
[1.108s] writing entry points to ../../build/pc_serial_communication/pc_serial_communication.egg-info/entry_points.txt
[1.108s] writing requirements to ../../build/pc_serial_communication/pc_serial_communication.egg-info/requires.txt
[1.108s] writing top-level names to ../../build/pc_serial_communication/pc_serial_communication.egg-info/top_level.txt
[1.121s] reading manifest file '../../build/pc_serial_communication/pc_serial_communication.egg-info/SOURCES.txt'
[1.121s] writing manifest file '../../build/pc_serial_communication/pc_serial_communication.egg-info/SOURCES.txt'
[1.121s] running build
[1.121s] running build_py
[1.122s] copying pc_serial_communication/imu_publisher.py -> /home/arnab/ros2_ws/build/pc_serial_communication/build/lib/pc_serial_communication
[1.122s] running install
[1.124s] running install_lib
[1.130s] copying /home/arnab/ros2_ws/build/pc_serial_communication/build/lib/pc_serial_communication/imu_publisher.py -> /home/arnab/ros2_ws/install/pc_serial_communication/lib/python3.10/site-packages/pc_serial_communication
[1.131s] byte-compiling /home/arnab/ros2_ws/install/pc_serial_communication/lib/python3.10/site-packages/pc_serial_communication/imu_publisher.py to imu_publisher.cpython-310.pyc
[1.131s] running install_data
[1.131s] running install_egg_info
[1.138s] removing '/home/arnab/ros2_ws/install/pc_serial_communication/lib/python3.10/site-packages/pc_serial_communication-0.0.0-py3.10.egg-info' (and everything under it)
[1.138s] Copying ../../build/pc_serial_communication/pc_serial_communication.egg-info to /home/arnab/ros2_ws/install/pc_serial_communication/lib/python3.10/site-packages/pc_serial_communication-0.0.0-py3.10.egg-info
[1.139s] running install_scripts
[1.165s] Installing arduino_to_ros script to /home/arnab/ros2_ws/install/pc_serial_communication/lib/pc_serial_communication
[1.165s] Installing cmd_vel_value script to /home/arnab/ros2_ws/install/pc_serial_communication/lib/pc_serial_communication
[1.165s] Installing imu_publisher script to /home/arnab/ros2_ws/install/pc_serial_communication/lib/pc_serial_communication
[1.165s] Installing serial_node script to /home/arnab/ros2_ws/install/pc_serial_communication/lib/pc_serial_communication
[1.165s] writing list of installed files to '/home/arnab/ros2_ws/build/pc_serial_communication/install.log'
[1.191s] Invoked command in '/home/arnab/ros2_ws/src/pc_serial_communication' returned '0': PYTHONPATH=/home/arnab/ros2_ws/build/pc_serial_communication/prefix_override:/usr/lib/python3/dist-packages/colcon_core/task/python/colcon_distutils_commands:/home/arnab/ros2_ws/install/pc_serial_communication/lib/python3.10/site-packages:${PYTHONPATH} /usr/bin/python3 -W ignore:setup.py install is deprecated -W ignore:easy_install command is deprecated setup.py egg_info --egg-base ../../build/pc_serial_communication build --build-base /home/arnab/ros2_ws/build/pc_serial_communication/build install --record /home/arnab/ros2_ws/build/pc_serial_communication/install.log --single-version-externally-managed install_data
