[35m[1mConsolidate compiler generated dependencies of target diffdrive_arduino[0m
[ 50%] [32mBuilding CXX object CMakeFiles/diffdrive_arduino.dir/hardware/diffbot_system.cpp.o[0m
[01m[K/home/arnab/ros2_ws/src/diffdrive_arduino/hardware/diffbot_system.cpp:[m[K In member function ‘[01m[Kvirtual hardware_interface::CallbackReturn diffdrive_arduino::DiffDriveArduinoHardware::on_init(const hardware_interface::HardwareInfo&)[m[K’:
[01m[K/home/arnab/ros2_ws/src/diffdrive_arduino/hardware/diffbot_system.cpp:278:26:[m[K [01;31m[Kerror: [m[K‘[01m[Kget_logger[m[K’ is not a member of ‘[01m[Krclcpp[m[K’
  278 |     RCLCPP_FATAL(rclcpp::[01;31m[Kget_logger[m[K("DiffDriveArduinoHardware"), "Missing required parameter: %s", e.what());
      |                          [01;31m[K^~~~~~~~~~[m[K
[01m[K/home/arnab/ros2_ws/src/diffdrive_arduino/hardware/diffbot_system.cpp:278:5:[m[K [01;31m[Kerror: [m[K‘[01m[KRCLCPP_FATAL[m[K’ was not declared in this scope; did you mean ‘[01m[KRCLCPP_LOCAL[m[K’?
  278 |     [01;31m[KRCLCPP_FATAL[m[K(rclcpp::get_logger("DiffDriveArduinoHardware"), "Missing required parameter: %s", e.what());
      |     [01;31m[K^~~~~~~~~~~~[m[K
      |     [32m[KRCLCPP_LOCAL[m[K
[01m[K/home/arnab/ros2_ws/src/diffdrive_arduino/hardware/diffbot_system.cpp:[m[K In member function ‘[01m[Kvirtual hardware_interface::return_type diffdrive_arduino::DiffDriveArduinoHardware::write(const rclcpp::Time&, const rclcpp::Duration&)[m[K’:
[01m[K/home/arnab/ros2_ws/src/diffdrive_arduino/hardware/diffbot_system.cpp:335:15:[m[K [01;31m[Kerror: [m[K‘[01m[Kclass ArduinoComms[m[K’ has no member named ‘[01m[Ksend_command[m[K’
  335 |   if (!comms_.[01;31m[Ksend_command[m[K(command.str()))
      |               [01;31m[K^~~~~~~~~~~~[m[K
[01m[K/home/arnab/ros2_ws/src/diffdrive_arduino/hardware/diffbot_system.cpp:337:26:[m[K [01;31m[Kerror: [m[K‘[01m[Kget_logger[m[K’ is not a member of ‘[01m[Krclcpp[m[K’
  337 |     RCLCPP_ERROR(rclcpp::[01;31m[Kget_logger[m[K("DiffDriveArduinoHardware"), "Failed to send command to Arduino.");
      |                          [01;31m[K^~~~~~~~~~[m[K
[01m[K/home/arnab/ros2_ws/src/diffdrive_arduino/hardware/diffbot_system.cpp:337:5:[m[K [01;31m[Kerror: [m[K‘[01m[KRCLCPP_ERROR[m[K’ was not declared in this scope; did you mean ‘[01m[KRCLCPP_EXPORT[m[K’?
  337 |     [01;31m[KRCLCPP_ERROR[m[K(rclcpp::get_logger("DiffDriveArduinoHardware"), "Failed to send command to Arduino.");
      |     [01;31m[K^~~~~~~~~~~~[m[K
      |     [32m[KRCLCPP_EXPORT[m[K
gmake[2]: *** [CMakeFiles/diffdrive_arduino.dir/build.make:76: CMakeFiles/diffdrive_arduino.dir/hardware/diffbot_system.cpp.o] Error 1
gmake[1]: *** [CMakeFiles/Makefile2:137: CMakeFiles/diffdrive_arduino.dir/all] Error 2
gmake: *** [Makefile:146: all] Error 2
