running develop
Removing /home/arnab/ros2_ws/install/pc_serial_communication/lib/python3.10/site-packages/pc-serial-communication.egg-link (link to .)
running egg_info
writing ../../build/pc_serial_communication/pc_serial_communication.egg-info/PKG-INFO
writing dependency_links to ../../build/pc_serial_communication/pc_serial_communication.egg-info/dependency_links.txt
writing entry points to ../../build/pc_serial_communication/pc_serial_communication.egg-info/entry_points.txt
writing requirements to ../../build/pc_serial_communication/pc_serial_communication.egg-info/requires.txt
writing top-level names to ../../build/pc_serial_communication/pc_serial_communication.egg-info/top_level.txt
reading manifest file '../../build/pc_serial_communication/pc_serial_communication.egg-info/SOURCES.txt'
writing manifest file '../../build/pc_serial_communication/pc_serial_communication.egg-info/SOURCES.txt'
running build
running build_py
running install
running install_lib
creating /home/arnab/ros2_ws/install/pc_serial_communication/lib/python3.10/site-packages/pc_serial_communication
copying /home/arnab/ros2_ws/build/pc_serial_communication/build/lib/pc_serial_communication/serial_node.py -> /home/arnab/ros2_ws/install/pc_serial_communication/lib/python3.10/site-packages/pc_serial_communication
copying /home/arnab/ros2_ws/build/pc_serial_communication/build/lib/pc_serial_communication/__init__.py -> /home/arnab/ros2_ws/install/pc_serial_communication/lib/python3.10/site-packages/pc_serial_communication
copying /home/arnab/ros2_ws/build/pc_serial_communication/build/lib/pc_serial_communication/cmd_vel_value.py -> /home/arnab/ros2_ws/install/pc_serial_communication/lib/python3.10/site-packages/pc_serial_communication
byte-compiling /home/arnab/ros2_ws/install/pc_serial_communication/lib/python3.10/site-packages/pc_serial_communication/serial_node.py to serial_node.cpython-310.pyc
byte-compiling /home/arnab/ros2_ws/install/pc_serial_communication/lib/python3.10/site-packages/pc_serial_communication/__init__.py to __init__.cpython-310.pyc
byte-compiling /home/arnab/ros2_ws/install/pc_serial_communication/lib/python3.10/site-packages/pc_serial_communication/cmd_vel_value.py to cmd_vel_value.cpython-310.pyc
running install_data
copying resource/pc_serial_communication -> /home/arnab/ros2_ws/install/pc_serial_communication/share/ament_index/resource_index/packages
copying package.xml -> /home/arnab/ros2_ws/install/pc_serial_communication/share/pc_serial_communication
running install_egg_info
Copying ../../build/pc_serial_communication/pc_serial_communication.egg-info to /home/arnab/ros2_ws/install/pc_serial_communication/lib/python3.10/site-packages/pc_serial_communication-0.0.0-py3.10.egg-info
running install_scripts
Installing cmd_vel_value script to /home/arnab/ros2_ws/install/pc_serial_communication/lib/pc_serial_communication
Installing serial_node script to /home/arnab/ros2_ws/install/pc_serial_communication/lib/pc_serial_communication
writing list of installed files to '/home/arnab/ros2_ws/build/pc_serial_communication/install.log'
