[0.007s] Invoking command in '/home/arnab/ros2_ws/build/serial': /usr/bin/cmake /home/arnab/ros2_ws/src/serial -DCATKIN_INSTALL_INTO_PREFIX_ROOT=0 -DCATKIN_SYMLINK_INSTALL=ON -DCMAKE_INSTALL_PREFIX=/home/arnab/ros2_ws/install/serial
[0.014s] [0mCMake Deprecation Warning at CMakeLists.txt:1 (cmake_minimum_required):
[0.014s]   Compatibility with CMake < 2.8.12 will be removed from a future version of
[0.014s]   CMake.
[0.014s] 
[0.014s]   Update the VERSION argument <min> value or use a ...<max> suffix to tell
[0.014s]   CMake that the project does not need compatibility with older versions.
[0.014s] 
[0.014s] [0m
[0.048s] -- The C compiler identification is GNU 11.4.0
[0.086s] -- The CXX compiler identification is GNU 11.4.0
[0.091s] -- Detecting C compiler ABI info
[0.140s] -- Detecting C compiler ABI info - done
[0.144s] -- Check for working C compiler: /usr/bin/cc - skipped
[0.144s] -- Detecting C compile features
[0.144s] -- Detecting C compile features - done
[0.146s] -- Detecting CXX compiler ABI info
[0.200s] -- Detecting CXX compiler ABI info - done
[0.205s] -- Check for working CXX compiler: /usr/bin/c++ - skipped
[0.206s] -- Detecting CXX compile features
[0.206s] -- Detecting CXX compile features - done
[0.215s] [31mCMake Error at CMakeLists.txt:5 (find_package):
[0.215s]   By not providing "Findcatkin.cmake" in CMAKE_MODULE_PATH this project has
[0.215s]   asked CMake to find a package configuration file provided by "catkin", but
[0.215s]   CMake did not find one.
[0.215s] 
[0.215s]   Could not find a package configuration file provided by "catkin" with any
[0.215s]   of the following names:
[0.215s] 
[0.215s]     catkinConfig.cmake
[0.215s]     catkin-config.cmake
[0.215s] 
[0.215s]   Add the installation prefix of "catkin" to CMAKE_PREFIX_PATH or set
[0.215s]   "catkin_DIR" to a directory containing one of the above files.  If "catkin"
[0.215s]   provides a separate development package or SDK, be sure it has been
[0.216s]   installed.
[0.216s] 
[0.216s] [0m
[0.216s] -- Configuring incomplete, errors occurred!
[0.216s] See also "/home/arnab/ros2_ws/build/serial/CMakeFiles/CMakeOutput.log".
[0.218s] Invoked command in '/home/arnab/ros2_ws/build/serial' returned '1': /usr/bin/cmake /home/arnab/ros2_ws/src/serial -DCATKIN_INSTALL_INTO_PREFIX_ROOT=0 -DCATKIN_SYMLINK_INSTALL=ON -DCMAKE_INSTALL_PREFIX=/home/arnab/ros2_ws/install/serial
