[0.008s] Invoking command in '/home/arnab/ros2_ws/build/serial': /usr/bin/cmake /home/arnab/ros2_ws/src/serial -DCATKIN_INSTALL_INTO_PREFIX_ROOT=0 -DCATKIN_SYMLINK_INSTALL=ON -DCMAKE_INSTALL_PREFIX=/home/arnab/ros2_ws/install/serial
[0.014s] [0mCMake Deprecation Warning at CMakeLists.txt:1 (cmake_minimum_required):
[0.014s]   Compatibility with CMake < 2.8.12 will be removed from a future version of
[0.014s]   CMake.
[0.014s] 
[0.014s]   Update the VERSION argument <min> value or use a ...<max> suffix to tell
[0.014s]   CMake that the project does not need compatibility with older versions.
[0.014s] 
[0.014s] [0m
[0.024s] [31mCMake Error at CMakeLists.txt:5 (find_package):
[0.024s]   By not providing "Findcatkin.cmake" in CMAKE_MODULE_PATH this project has
[0.024s]   asked CMake to find a package configuration file provided by "catkin", but
[0.024s]   CMake did not find one.
[0.024s] 
[0.024s]   Could not find a package configuration file provided by "catkin" with any
[0.024s]   of the following names:
[0.024s] 
[0.024s]     catkinConfig.cmake
[0.025s]     catkin-config.cmake
[0.025s] 
[0.025s]   Add the installation prefix of "catkin" to CMAKE_PREFIX_PATH or set
[0.025s]   "catkin_DIR" to a directory containing one of the above files.  If "catkin"
[0.025s]   provides a separate development package or SDK, be sure it has been
[0.025s]   installed.
[0.025s] 
[0.025s] [0m
[0.025s] -- Configuring incomplete, errors occurred!
[0.025s] See also "/home/arnab/ros2_ws/build/serial/CMakeFiles/CMakeOutput.log".
[0.026s] Invoked command in '/home/arnab/ros2_ws/build/serial' returned '1': /usr/bin/cmake /home/arnab/ros2_ws/src/serial -DCATKIN_INSTALL_INTO_PREFIX_ROOT=0 -DCATKIN_SYMLINK_INSTALL=ON -DCMAKE_INSTALL_PREFIX=/home/arnab/ros2_ws/install/serial
