[0.233s] Invoking command in '/home/arnab/ros2_ws/build/custom_motor_hw': CMAKE_PREFIX_PATH=/home/arnab/ros2_ws/install/test_bot:/home/arnab/ros2_ws/install/ros2_control_demo_testing:/home/arnab/ros2_ws/install/pc_serial_communication:/home/arnab/ros2_ws/install/motor_serial_bridge:/opt/ros/humble:/home/arnab/ros2_ws/install/serial:/home/arnab/ros2_ws/install/ros2_control_demos:/home/arnab/ros2_ws/install/ros2_control_demo_example_9:/home/arnab/ros2_ws/install/ros2_control_demo_example_8:/home/arnab/ros2_ws/install/ros2_control_demo_example_7:/home/arnab/ros2_ws/install/ros2_control_demo_example_6:/home/arnab/ros2_ws/install/ros2_control_demo_example_15:/home/arnab/ros2_ws/install/ros2_control_demo_example_13:/home/arnab/ros2_ws/install/ros2_control_demo_example_5:/home/arnab/ros2_ws/install/ros2_control_demo_example_4:/home/arnab/ros2_ws/install/ros2_control_demo_example_3:/home/arnab/ros2_ws/install/ros2_control_demo_example_2:/home/arnab/ros2_ws/install/ros2_control_demo_example_14:/home/arnab/ros2_ws/install/ros2_control_demo_example_12:/home/arnab/ros2_ws/install/ros2_control_demo_example_11:/home/arnab/ros2_ws/install/ros2_control_demo_example_10:/home/arnab/ros2_ws/install/ros2_control_demo_example_1:/home/arnab/ros2_ws/install/ros2_control_demo_description:/home/arnab/ros2_ws/install/diffdrive_arduino:/home/arnab/ros2_ws/install/custom_motor_hw /usr/bin/cmake --build /home/arnab/ros2_ws/build/custom_motor_hw -- -j16 -l16
[0.592s] -- Found ament_cmake: 1.3.11 (/opt/ros/humble/share/ament_cmake/cmake)
[0.592s] -- Override CMake install command with custom implementation using symlinks instead of copying resources
[0.592s] -- Found hardware_interface: 2.48.0 (/opt/ros/humble/share/hardware_interface/cmake)
[0.592s] -- Found rosidl_generator_c: 3.1.6 (/opt/ros/humble/share/rosidl_generator_c/cmake)
[0.592s] -- Found rosidl_adapter: 3.1.6 (/opt/ros/humble/share/rosidl_adapter/cmake)
[0.593s] -- Found rosidl_generator_cpp: 3.1.6 (/opt/ros/humble/share/rosidl_generator_cpp/cmake)
[0.593s] -- Using all available rosidl_typesupport_c: rosidl_typesupport_fastrtps_c;rosidl_typesupport_introspection_c
[0.593s] -- Using all available rosidl_typesupport_cpp: rosidl_typesupport_fastrtps_cpp;rosidl_typesupport_introspection_cpp
[0.593s] -- Found rmw_implementation_cmake: 6.1.2 (/opt/ros/humble/share/rmw_implementation_cmake/cmake)
[0.593s] -- Found rmw_cyclonedds_cpp: 1.3.4 (/opt/ros/humble/share/rmw_cyclonedds_cpp/cmake)
[0.593s] -- Using RMW implementation 'rmw_cyclonedds_cpp' as default
[0.613s] -- Configuring done
[0.644s] -- Generating done
[0.648s] -- Build files have been written to: /home/arnab/ros2_ws/build/custom_motor_hw
[0.670s] [35m[1mConsolidate compiler generated dependencies of target motor_hardware_interface[0m
[0.691s] [ 50%] [32mBuilding CXX object CMakeFiles/motor_hardware_interface.dir/src/motor_hardware_interface.cpp.o[0m
[4.156s] [100%] [32m[1mLinking CXX shared library libmotor_hardware_interface.so[0m
[4.526s] [100%] Built target motor_hardware_interface
[4.563s] Invoked command in '/home/arnab/ros2_ws/build/custom_motor_hw' returned '0': CMAKE_PREFIX_PATH=/home/arnab/ros2_ws/install/test_bot:/home/arnab/ros2_ws/install/ros2_control_demo_testing:/home/arnab/ros2_ws/install/pc_serial_communication:/home/arnab/ros2_ws/install/motor_serial_bridge:/opt/ros/humble:/home/arnab/ros2_ws/install/serial:/home/arnab/ros2_ws/install/ros2_control_demos:/home/arnab/ros2_ws/install/ros2_control_demo_example_9:/home/arnab/ros2_ws/install/ros2_control_demo_example_8:/home/arnab/ros2_ws/install/ros2_control_demo_example_7:/home/arnab/ros2_ws/install/ros2_control_demo_example_6:/home/arnab/ros2_ws/install/ros2_control_demo_example_15:/home/arnab/ros2_ws/install/ros2_control_demo_example_13:/home/arnab/ros2_ws/install/ros2_control_demo_example_5:/home/arnab/ros2_ws/install/ros2_control_demo_example_4:/home/arnab/ros2_ws/install/ros2_control_demo_example_3:/home/arnab/ros2_ws/install/ros2_control_demo_example_2:/home/arnab/ros2_ws/install/ros2_control_demo_example_14:/home/arnab/ros2_ws/install/ros2_control_demo_example_12:/home/arnab/ros2_ws/install/ros2_control_demo_example_11:/home/arnab/ros2_ws/install/ros2_control_demo_example_10:/home/arnab/ros2_ws/install/ros2_control_demo_example_1:/home/arnab/ros2_ws/install/ros2_control_demo_description:/home/arnab/ros2_ws/install/diffdrive_arduino:/home/arnab/ros2_ws/install/custom_motor_hw /usr/bin/cmake --build /home/arnab/ros2_ws/build/custom_motor_hw -- -j16 -l16
[4.563s] Invoking command in '/home/arnab/ros2_ws/build/custom_motor_hw': CMAKE_PREFIX_PATH=/home/arnab/ros2_ws/install/test_bot:/home/arnab/ros2_ws/install/ros2_control_demo_testing:/home/arnab/ros2_ws/install/pc_serial_communication:/home/arnab/ros2_ws/install/motor_serial_bridge:/opt/ros/humble:/home/arnab/ros2_ws/install/serial:/home/arnab/ros2_ws/install/ros2_control_demos:/home/arnab/ros2_ws/install/ros2_control_demo_example_9:/home/arnab/ros2_ws/install/ros2_control_demo_example_8:/home/arnab/ros2_ws/install/ros2_control_demo_example_7:/home/arnab/ros2_ws/install/ros2_control_demo_example_6:/home/arnab/ros2_ws/install/ros2_control_demo_example_15:/home/arnab/ros2_ws/install/ros2_control_demo_example_13:/home/arnab/ros2_ws/install/ros2_control_demo_example_5:/home/arnab/ros2_ws/install/ros2_control_demo_example_4:/home/arnab/ros2_ws/install/ros2_control_demo_example_3:/home/arnab/ros2_ws/install/ros2_control_demo_example_2:/home/arnab/ros2_ws/install/ros2_control_demo_example_14:/home/arnab/ros2_ws/install/ros2_control_demo_example_12:/home/arnab/ros2_ws/install/ros2_control_demo_example_11:/home/arnab/ros2_ws/install/ros2_control_demo_example_10:/home/arnab/ros2_ws/install/ros2_control_demo_example_1:/home/arnab/ros2_ws/install/ros2_control_demo_description:/home/arnab/ros2_ws/install/diffdrive_arduino:/home/arnab/ros2_ws/install/custom_motor_hw /usr/bin/cmake --install /home/arnab/ros2_ws/build/custom_motor_hw
[6.853s] -- Install configuration: ""
[6.853s] -- Execute custom install script
[6.853s] -- Up-to-date symlink: /home/arnab/ros2_ws/install/custom_motor_hw/share/custom_motor_hw//custom_motor_hw.xml
[6.853s] -- Up-to-date symlink: /home/arnab/ros2_ws/install/custom_motor_hw/lib/libmotor_hardware_interface.so
[6.853s] -- Up-to-date symlink: /home/arnab/ros2_ws/install/custom_motor_hw/share/custom_motor_hw/custom_motor_hw.xml
[6.853s] -- Up-to-date symlink: /home/arnab/ros2_ws/install/custom_motor_hw/share/ament_index/resource_index/package_run_dependencies/custom_motor_hw
[6.853s] -- Up-to-date symlink: /home/arnab/ros2_ws/install/custom_motor_hw/share/ament_index/resource_index/parent_prefix_path/custom_motor_hw
[6.853s] -- Up-to-date symlink: /home/arnab/ros2_ws/install/custom_motor_hw/share/custom_motor_hw/environment/ament_prefix_path.sh
[6.853s] -- Up-to-date symlink: /home/arnab/ros2_ws/install/custom_motor_hw/share/custom_motor_hw/environment/ament_prefix_path.dsv
[6.853s] -- Up-to-date symlink: /home/arnab/ros2_ws/install/custom_motor_hw/share/custom_motor_hw/environment/path.sh
[6.853s] -- Up-to-date symlink: /home/arnab/ros2_ws/install/custom_motor_hw/share/custom_motor_hw/environment/path.dsv
[6.853s] -- Up-to-date symlink: /home/arnab/ros2_ws/install/custom_motor_hw/share/custom_motor_hw/local_setup.bash
[6.853s] -- Up-to-date symlink: /home/arnab/ros2_ws/install/custom_motor_hw/share/custom_motor_hw/local_setup.sh
[6.853s] -- Up-to-date symlink: /home/arnab/ros2_ws/install/custom_motor_hw/share/custom_motor_hw/local_setup.zsh
[6.853s] -- Up-to-date symlink: /home/arnab/ros2_ws/install/custom_motor_hw/share/custom_motor_hw/local_setup.dsv
[6.853s] -- Symlinking: /home/arnab/ros2_ws/install/custom_motor_hw/share/custom_motor_hw/package.dsv
[6.853s] -- Up-to-date symlink: /home/arnab/ros2_ws/install/custom_motor_hw/share/ament_index/resource_index/packages/custom_motor_hw
[6.853s] -- Up-to-date symlink: /home/arnab/ros2_ws/install/custom_motor_hw/share/ament_index/resource_index/hardware_interface__pluginlib__plugin/custom_motor_hw
[6.853s] -- Up-to-date symlink: /home/arnab/ros2_ws/install/custom_motor_hw/share/custom_motor_hw/cmake/custom_motor_hwConfig.cmake
[6.853s] -- Up-to-date symlink: /home/arnab/ros2_ws/install/custom_motor_hw/share/custom_motor_hw/cmake/custom_motor_hwConfig-version.cmake
[6.853s] -- Up-to-date symlink: /home/arnab/ros2_ws/install/custom_motor_hw/share/custom_motor_hw/package.xml
[6.871s] Invoked command in '/home/arnab/ros2_ws/build/custom_motor_hw' returned '0': CMAKE_PREFIX_PATH=/home/arnab/ros2_ws/install/test_bot:/home/arnab/ros2_ws/install/ros2_control_demo_testing:/home/arnab/ros2_ws/install/pc_serial_communication:/home/arnab/ros2_ws/install/motor_serial_bridge:/opt/ros/humble:/home/arnab/ros2_ws/install/serial:/home/arnab/ros2_ws/install/ros2_control_demos:/home/arnab/ros2_ws/install/ros2_control_demo_example_9:/home/arnab/ros2_ws/install/ros2_control_demo_example_8:/home/arnab/ros2_ws/install/ros2_control_demo_example_7:/home/arnab/ros2_ws/install/ros2_control_demo_example_6:/home/arnab/ros2_ws/install/ros2_control_demo_example_15:/home/arnab/ros2_ws/install/ros2_control_demo_example_13:/home/arnab/ros2_ws/install/ros2_control_demo_example_5:/home/arnab/ros2_ws/install/ros2_control_demo_example_4:/home/arnab/ros2_ws/install/ros2_control_demo_example_3:/home/arnab/ros2_ws/install/ros2_control_demo_example_2:/home/arnab/ros2_ws/install/ros2_control_demo_example_14:/home/arnab/ros2_ws/install/ros2_control_demo_example_12:/home/arnab/ros2_ws/install/ros2_control_demo_example_11:/home/arnab/ros2_ws/install/ros2_control_demo_example_10:/home/arnab/ros2_ws/install/ros2_control_demo_example_1:/home/arnab/ros2_ws/install/ros2_control_demo_description:/home/arnab/ros2_ws/install/diffdrive_arduino:/home/arnab/ros2_ws/install/custom_motor_hw /usr/bin/cmake --install /home/arnab/ros2_ws/build/custom_motor_hw
