[0.008s] Invoking command in '/home/arnab/ros2_ws/build/custom_motor_hw': CMAKE_PREFIX_PATH=${CMAKE_PREFIX_PATH}:/home/arnab/ros2_ws/install/ros2_control_demo_testing:/home/arnab/ros2_ws/install/pc_serial_communication:/home/arnab/ros2_ws/install/motor_serial_bridge:/opt/ros/humble /usr/bin/cmake /home/arnab/ros2_ws/src/custom_motor_hw -DAMENT_CMAKE_SYMLINK_INSTALL=1 -DCMAKE_INSTALL_PREFIX=/home/arnab/ros2_ws/install/custom_motor_hw
[0.088s] -- The C compiler identification is GNU 11.4.0
[0.153s] -- The CXX compiler identification is GNU 11.4.0
[0.161s] -- Detecting C compiler ABI info
[0.215s] -- Detecting C compiler ABI info - done
[0.219s] -- Check for working C compiler: /usr/bin/cc - skipped
[0.219s] -- Detecting C compile features
[0.219s] -- Detecting C compile features - done
[0.221s] -- Detecting CXX compiler ABI info
[0.280s] -- Detecting CXX compiler ABI info - done
[0.284s] -- Check for working CXX compiler: /usr/bin/c++ - skipped
[0.284s] -- Detecting CXX compile features
[0.284s] -- Detecting CXX compile features - done
[0.288s] -- Found ament_cmake: 1.3.11 (/opt/ros/humble/share/ament_cmake/cmake)
[0.637s] -- Found Python3: /usr/bin/python3 (found version "3.10.12") found components: Interpreter 
[0.674s] -- Override CMake install command with custom implementation using symlinks instead of copying resources
[0.720s] -- Found ament_lint_auto: 0.12.11 (/opt/ros/humble/share/ament_lint_auto/cmake)
[0.779s] -- Added test 'lint_cmake' to check CMake code style
[0.780s] -- Added test 'xmllint' to check XML markup files
[0.782s] -- Configuring done
[0.784s] -- Generating done
[0.784s] -- Build files have been written to: /home/arnab/ros2_ws/build/custom_motor_hw
[0.788s] Invoked command in '/home/arnab/ros2_ws/build/custom_motor_hw' returned '0': CMAKE_PREFIX_PATH=${CMAKE_PREFIX_PATH}:/home/arnab/ros2_ws/install/ros2_control_demo_testing:/home/arnab/ros2_ws/install/pc_serial_communication:/home/arnab/ros2_ws/install/motor_serial_bridge:/opt/ros/humble /usr/bin/cmake /home/arnab/ros2_ws/src/custom_motor_hw -DAMENT_CMAKE_SYMLINK_INSTALL=1 -DCMAKE_INSTALL_PREFIX=/home/arnab/ros2_ws/install/custom_motor_hw
[0.789s] Invoking command in '/home/arnab/ros2_ws/build/custom_motor_hw': CMAKE_PREFIX_PATH=${CMAKE_PREFIX_PATH}:/home/arnab/ros2_ws/install/ros2_control_demo_testing:/home/arnab/ros2_ws/install/pc_serial_communication:/home/arnab/ros2_ws/install/motor_serial_bridge:/opt/ros/humble /usr/bin/cmake --build /home/arnab/ros2_ws/build/custom_motor_hw -- -j16 -l16
[0.819s] Invoked command in '/home/arnab/ros2_ws/build/custom_motor_hw' returned '0': CMAKE_PREFIX_PATH=${CMAKE_PREFIX_PATH}:/home/arnab/ros2_ws/install/ros2_control_demo_testing:/home/arnab/ros2_ws/install/pc_serial_communication:/home/arnab/ros2_ws/install/motor_serial_bridge:/opt/ros/humble /usr/bin/cmake --build /home/arnab/ros2_ws/build/custom_motor_hw -- -j16 -l16
[0.827s] Invoking command in '/home/arnab/ros2_ws/build/custom_motor_hw': CMAKE_PREFIX_PATH=${CMAKE_PREFIX_PATH}:/home/arnab/ros2_ws/install/ros2_control_demo_testing:/home/arnab/ros2_ws/install/pc_serial_communication:/home/arnab/ros2_ws/install/motor_serial_bridge:/opt/ros/humble /usr/bin/cmake --install /home/arnab/ros2_ws/build/custom_motor_hw
[0.832s] -- Install configuration: ""
[0.832s] -- Execute custom install script
[0.832s] -- Symlinking: /home/arnab/ros2_ws/install/custom_motor_hw/share/ament_index/resource_index/package_run_dependencies/custom_motor_hw
[0.839s] -- Symlinking: /home/arnab/ros2_ws/install/custom_motor_hw/share/ament_index/resource_index/parent_prefix_path/custom_motor_hw
[0.845s] -- Symlinking: /home/arnab/ros2_ws/install/custom_motor_hw/share/custom_motor_hw/environment/ament_prefix_path.sh
[0.851s] -- Symlinking: /home/arnab/ros2_ws/install/custom_motor_hw/share/custom_motor_hw/environment/ament_prefix_path.dsv
[0.856s] -- Symlinking: /home/arnab/ros2_ws/install/custom_motor_hw/share/custom_motor_hw/environment/path.sh
[0.863s] -- Symlinking: /home/arnab/ros2_ws/install/custom_motor_hw/share/custom_motor_hw/environment/path.dsv
[0.869s] -- Symlinking: /home/arnab/ros2_ws/install/custom_motor_hw/share/custom_motor_hw/local_setup.bash
[0.876s] -- Symlinking: /home/arnab/ros2_ws/install/custom_motor_hw/share/custom_motor_hw/local_setup.sh
[0.882s] -- Symlinking: /home/arnab/ros2_ws/install/custom_motor_hw/share/custom_motor_hw/local_setup.zsh
[0.888s] -- Symlinking: /home/arnab/ros2_ws/install/custom_motor_hw/share/custom_motor_hw/local_setup.dsv
[0.896s] -- Symlinking: /home/arnab/ros2_ws/install/custom_motor_hw/share/custom_motor_hw/package.dsv
[0.902s] -- Symlinking: /home/arnab/ros2_ws/install/custom_motor_hw/share/ament_index/resource_index/packages/custom_motor_hw
[0.909s] -- Symlinking: /home/arnab/ros2_ws/install/custom_motor_hw/share/custom_motor_hw/cmake/custom_motor_hwConfig.cmake
[0.916s] -- Symlinking: /home/arnab/ros2_ws/install/custom_motor_hw/share/custom_motor_hw/cmake/custom_motor_hwConfig-version.cmake
[0.922s] -- Symlinking: /home/arnab/ros2_ws/install/custom_motor_hw/share/custom_motor_hw/package.xml
[0.931s] Invoked command in '/home/arnab/ros2_ws/build/custom_motor_hw' returned '0': CMAKE_PREFIX_PATH=${CMAKE_PREFIX_PATH}:/home/arnab/ros2_ws/install/ros2_control_demo_testing:/home/arnab/ros2_ws/install/pc_serial_communication:/home/arnab/ros2_ws/install/motor_serial_bridge:/opt/ros/humble /usr/bin/cmake --install /home/arnab/ros2_ws/build/custom_motor_hw
