[0.585s] Invoking command in '/home/arnab/ros2_ws/build/serial': CMAKE_PREFIX_PATH=/home/arnab/ros2_ws/install/test_bot:/home/arnab/ros2_ws/install/ros2_control_demo_testing:/home/arnab/ros2_ws/install/pc_serial_communication:/home/arnab/ros2_ws/install/motor_serial_bridge:/opt/ros/humble:/home/arnab/ros2_ws/install/serial:/home/arnab/ros2_ws/install/ros2_control_demos:/home/arnab/ros2_ws/install/ros2_control_demo_example_9:/home/arnab/ros2_ws/install/ros2_control_demo_example_8:/home/arnab/ros2_ws/install/ros2_control_demo_example_7:/home/arnab/ros2_ws/install/ros2_control_demo_example_6:/home/arnab/ros2_ws/install/ros2_control_demo_example_15:/home/arnab/ros2_ws/install/ros2_control_demo_example_13:/home/arnab/ros2_ws/install/ros2_control_demo_example_5:/home/arnab/ros2_ws/install/ros2_control_demo_example_4:/home/arnab/ros2_ws/install/ros2_control_demo_example_3:/home/arnab/ros2_ws/install/ros2_control_demo_example_2:/home/arnab/ros2_ws/install/ros2_control_demo_example_14:/home/arnab/ros2_ws/install/ros2_control_demo_example_12:/home/arnab/ros2_ws/install/ros2_control_demo_example_11:/home/arnab/ros2_ws/install/ros2_control_demo_example_10:/home/arnab/ros2_ws/install/ros2_control_demo_example_1:/home/arnab/ros2_ws/install/ros2_control_demo_description:/home/arnab/ros2_ws/install/diffdrive_arduino:/home/arnab/ros2_ws/install/custom_motor_hw /usr/bin/cmake --build /home/arnab/ros2_ws/build/serial -- -j16 -l16
[0.623s] [ 35%] Built target gtest
[0.624s] [ 42%] Built target serial
[0.624s] [ 57%] Built target gtest_main
[0.641s] [100%] Built target serial-test-timer
[0.641s] [100%] Built target serial_example
[0.641s] [100%] Built target serial-test
[0.649s] Invoked command in '/home/arnab/ros2_ws/build/serial' returned '0': CMAKE_PREFIX_PATH=/home/arnab/ros2_ws/install/test_bot:/home/arnab/ros2_ws/install/ros2_control_demo_testing:/home/arnab/ros2_ws/install/pc_serial_communication:/home/arnab/ros2_ws/install/motor_serial_bridge:/opt/ros/humble:/home/arnab/ros2_ws/install/serial:/home/arnab/ros2_ws/install/ros2_control_demos:/home/arnab/ros2_ws/install/ros2_control_demo_example_9:/home/arnab/ros2_ws/install/ros2_control_demo_example_8:/home/arnab/ros2_ws/install/ros2_control_demo_example_7:/home/arnab/ros2_ws/install/ros2_control_demo_example_6:/home/arnab/ros2_ws/install/ros2_control_demo_example_15:/home/arnab/ros2_ws/install/ros2_control_demo_example_13:/home/arnab/ros2_ws/install/ros2_control_demo_example_5:/home/arnab/ros2_ws/install/ros2_control_demo_example_4:/home/arnab/ros2_ws/install/ros2_control_demo_example_3:/home/arnab/ros2_ws/install/ros2_control_demo_example_2:/home/arnab/ros2_ws/install/ros2_control_demo_example_14:/home/arnab/ros2_ws/install/ros2_control_demo_example_12:/home/arnab/ros2_ws/install/ros2_control_demo_example_11:/home/arnab/ros2_ws/install/ros2_control_demo_example_10:/home/arnab/ros2_ws/install/ros2_control_demo_example_1:/home/arnab/ros2_ws/install/ros2_control_demo_description:/home/arnab/ros2_ws/install/diffdrive_arduino:/home/arnab/ros2_ws/install/custom_motor_hw /usr/bin/cmake --build /home/arnab/ros2_ws/build/serial -- -j16 -l16
[0.650s] Invoking command in '/home/arnab/ros2_ws/build/serial': CMAKE_PREFIX_PATH=/home/arnab/ros2_ws/install/test_bot:/home/arnab/ros2_ws/install/ros2_control_demo_testing:/home/arnab/ros2_ws/install/pc_serial_communication:/home/arnab/ros2_ws/install/motor_serial_bridge:/opt/ros/humble:/home/arnab/ros2_ws/install/serial:/home/arnab/ros2_ws/install/ros2_control_demos:/home/arnab/ros2_ws/install/ros2_control_demo_example_9:/home/arnab/ros2_ws/install/ros2_control_demo_example_8:/home/arnab/ros2_ws/install/ros2_control_demo_example_7:/home/arnab/ros2_ws/install/ros2_control_demo_example_6:/home/arnab/ros2_ws/install/ros2_control_demo_example_15:/home/arnab/ros2_ws/install/ros2_control_demo_example_13:/home/arnab/ros2_ws/install/ros2_control_demo_example_5:/home/arnab/ros2_ws/install/ros2_control_demo_example_4:/home/arnab/ros2_ws/install/ros2_control_demo_example_3:/home/arnab/ros2_ws/install/ros2_control_demo_example_2:/home/arnab/ros2_ws/install/ros2_control_demo_example_14:/home/arnab/ros2_ws/install/ros2_control_demo_example_12:/home/arnab/ros2_ws/install/ros2_control_demo_example_11:/home/arnab/ros2_ws/install/ros2_control_demo_example_10:/home/arnab/ros2_ws/install/ros2_control_demo_example_1:/home/arnab/ros2_ws/install/ros2_control_demo_description:/home/arnab/ros2_ws/install/diffdrive_arduino:/home/arnab/ros2_ws/install/custom_motor_hw /usr/bin/cmake --install /home/arnab/ros2_ws/build/serial
[0.655s] -- Install configuration: ""
[0.655s] -- Execute custom install script
[0.655s] -- Up-to-date symlink: /home/arnab/ros2_ws/install/serial/lib/libserial.a
[0.655s] -- Up-to-date symlink: /home/arnab/ros2_ws/install/serial/include/serial/serial.h
[0.655s] -- Up-to-date symlink: /home/arnab/ros2_ws/install/serial/include/serial/v8stdint.h
[0.655s] -- Up-to-date symlink: /home/arnab/ros2_ws/install/serial/share/serial/environment/library_path.sh
[0.655s] -- Up-to-date symlink: /home/arnab/ros2_ws/install/serial/share/serial/environment/library_path.dsv
[0.655s] -- Up-to-date symlink: /home/arnab/ros2_ws/install/serial/share/ament_index/resource_index/package_run_dependencies/serial
[0.656s] -- Up-to-date symlink: /home/arnab/ros2_ws/install/serial/share/ament_index/resource_index/parent_prefix_path/serial
[0.656s] -- Up-to-date symlink: /home/arnab/ros2_ws/install/serial/share/serial/environment/ament_prefix_path.sh
[0.656s] -- Up-to-date symlink: /home/arnab/ros2_ws/install/serial/share/serial/environment/ament_prefix_path.dsv
[0.656s] -- Up-to-date symlink: /home/arnab/ros2_ws/install/serial/share/serial/environment/path.sh
[0.656s] -- Up-to-date symlink: /home/arnab/ros2_ws/install/serial/share/serial/environment/path.dsv
[0.656s] -- Up-to-date symlink: /home/arnab/ros2_ws/install/serial/share/serial/local_setup.bash
[0.656s] -- Up-to-date symlink: /home/arnab/ros2_ws/install/serial/share/serial/local_setup.sh
[0.656s] -- Up-to-date symlink: /home/arnab/ros2_ws/install/serial/share/serial/local_setup.zsh
[0.656s] -- Up-to-date symlink: /home/arnab/ros2_ws/install/serial/share/serial/local_setup.dsv
[0.656s] -- Symlinking: /home/arnab/ros2_ws/install/serial/share/serial/package.dsv
[0.663s] -- Up-to-date symlink: /home/arnab/ros2_ws/install/serial/share/ament_index/resource_index/packages/serial
[0.663s] -- Up-to-date symlink: /home/arnab/ros2_ws/install/serial/share/serial/cmake/ament_cmake_export_include_directories-extras.cmake
[0.663s] -- Up-to-date symlink: /home/arnab/ros2_ws/install/serial/share/serial/cmake/ament_cmake_export_libraries-extras.cmake
[0.663s] -- Up-to-date symlink: /home/arnab/ros2_ws/install/serial/share/serial/cmake/serialConfig.cmake
[0.663s] -- Up-to-date symlink: /home/arnab/ros2_ws/install/serial/share/serial/cmake/serialConfig-version.cmake
[0.664s] -- Up-to-date symlink: /home/arnab/ros2_ws/install/serial/share/serial/package.xml
[0.665s] Invoked command in '/home/arnab/ros2_ws/build/serial' returned '0': CMAKE_PREFIX_PATH=/home/arnab/ros2_ws/install/test_bot:/home/arnab/ros2_ws/install/ros2_control_demo_testing:/home/arnab/ros2_ws/install/pc_serial_communication:/home/arnab/ros2_ws/install/motor_serial_bridge:/opt/ros/humble:/home/arnab/ros2_ws/install/serial:/home/arnab/ros2_ws/install/ros2_control_demos:/home/arnab/ros2_ws/install/ros2_control_demo_example_9:/home/arnab/ros2_ws/install/ros2_control_demo_example_8:/home/arnab/ros2_ws/install/ros2_control_demo_example_7:/home/arnab/ros2_ws/install/ros2_control_demo_example_6:/home/arnab/ros2_ws/install/ros2_control_demo_example_15:/home/arnab/ros2_ws/install/ros2_control_demo_example_13:/home/arnab/ros2_ws/install/ros2_control_demo_example_5:/home/arnab/ros2_ws/install/ros2_control_demo_example_4:/home/arnab/ros2_ws/install/ros2_control_demo_example_3:/home/arnab/ros2_ws/install/ros2_control_demo_example_2:/home/arnab/ros2_ws/install/ros2_control_demo_example_14:/home/arnab/ros2_ws/install/ros2_control_demo_example_12:/home/arnab/ros2_ws/install/ros2_control_demo_example_11:/home/arnab/ros2_ws/install/ros2_control_demo_example_10:/home/arnab/ros2_ws/install/ros2_control_demo_example_1:/home/arnab/ros2_ws/install/ros2_control_demo_description:/home/arnab/ros2_ws/install/diffdrive_arduino:/home/arnab/ros2_ws/install/custom_motor_hw /usr/bin/cmake --install /home/arnab/ros2_ws/build/serial
