/home/arnab/ros2_ws/install/pc_serial_communication/lib/python3.10/site-packages/pc_serial_communication/arduino_to_ros.py
/home/arnab/ros2_ws/install/pc_serial_communication/lib/python3.10/site-packages/pc_serial_communication/bno055_reader.py
/home/arnab/ros2_ws/install/pc_serial_communication/lib/python3.10/site-packages/pc_serial_communication/serial_node.py
/home/arnab/ros2_ws/install/pc_serial_communication/lib/python3.10/site-packages/pc_serial_communication/imu_publisher.py
/home/arnab/ros2_ws/install/pc_serial_communication/lib/python3.10/site-packages/pc_serial_communication/__init__.py
/home/arnab/ros2_ws/install/pc_serial_communication/lib/python3.10/site-packages/pc_serial_communication/cmd_vel_value.py
/home/arnab/ros2_ws/install/pc_serial_communication/lib/python3.10/site-packages/pc_serial_communication/__pycache__/arduino_to_ros.cpython-310.pyc
/home/arnab/ros2_ws/install/pc_serial_communication/lib/python3.10/site-packages/pc_serial_communication/__pycache__/bno055_reader.cpython-310.pyc
/home/arnab/ros2_ws/install/pc_serial_communication/lib/python3.10/site-packages/pc_serial_communication/__pycache__/serial_node.cpython-310.pyc
/home/arnab/ros2_ws/install/pc_serial_communication/lib/python3.10/site-packages/pc_serial_communication/__pycache__/imu_publisher.cpython-310.pyc
/home/arnab/ros2_ws/install/pc_serial_communication/lib/python3.10/site-packages/pc_serial_communication/__pycache__/__init__.cpython-310.pyc
/home/arnab/ros2_ws/install/pc_serial_communication/lib/python3.10/site-packages/pc_serial_communication/__pycache__/cmd_vel_value.cpython-310.pyc
/home/arnab/ros2_ws/install/pc_serial_communication/share/ament_index/resource_index/packages/pc_serial_communication
/home/arnab/ros2_ws/install/pc_serial_communication/share/pc_serial_communication/package.xml
/home/arnab/ros2_ws/install/pc_serial_communication/lib/python3.10/site-packages/pc_serial_communication-0.0.0-py3.10.egg-info/zip-safe
/home/arnab/ros2_ws/install/pc_serial_communication/lib/python3.10/site-packages/pc_serial_communication-0.0.0-py3.10.egg-info/requires.txt
/home/arnab/ros2_ws/install/pc_serial_communication/lib/python3.10/site-packages/pc_serial_communication-0.0.0-py3.10.egg-info/PKG-INFO
/home/arnab/ros2_ws/install/pc_serial_communication/lib/python3.10/site-packages/pc_serial_communication-0.0.0-py3.10.egg-info/SOURCES.txt
/home/arnab/ros2_ws/install/pc_serial_communication/lib/python3.10/site-packages/pc_serial_communication-0.0.0-py3.10.egg-info/top_level.txt
/home/arnab/ros2_ws/install/pc_serial_communication/lib/python3.10/site-packages/pc_serial_communication-0.0.0-py3.10.egg-info/entry_points.txt
/home/arnab/ros2_ws/install/pc_serial_communication/lib/python3.10/site-packages/pc_serial_communication-0.0.0-py3.10.egg-info/dependency_links.txt
/home/arnab/ros2_ws/install/pc_serial_communication/lib/pc_serial_communication/arduino_to_ros
/home/arnab/ros2_ws/install/pc_serial_communication/lib/pc_serial_communication/bno055_reader
/home/arnab/ros2_ws/install/pc_serial_communication/lib/pc_serial_communication/cmd_vel_value
/home/arnab/ros2_ws/install/pc_serial_communication/lib/pc_serial_communication/imu_publisher
/home/arnab/ros2_ws/install/pc_serial_communication/lib/pc_serial_communication/serial_node
