[0.688s] Invoking command in '/home/arnab/ros2_ws/src/pc_serial_communication': PYTHONPATH=/home/arnab/ros2_ws/build/pc_serial_communication/prefix_override:/usr/lib/python3/dist-packages/colcon_core/task/python/colcon_distutils_commands:/home/arnab/ros2_ws/install/pc_serial_communication/lib/python3.10/site-packages:${PYTHONPATH} /usr/bin/python3 -W ignore:setup.py install is deprecated -W ignore:easy_install command is deprecated setup.py egg_info --egg-base ../../build/pc_serial_communication build --build-base /home/arnab/ros2_ws/build/pc_serial_communication/build install --record /home/arnab/ros2_ws/build/pc_serial_communication/install.log --single-version-externally-managed install_data
[0.855s] running egg_info
[0.861s] writing ../../build/pc_serial_communication/pc_serial_communication.egg-info/PKG-INFO
[0.861s] writing dependency_links to ../../build/pc_serial_communication/pc_serial_communication.egg-info/dependency_links.txt
[0.861s] writing entry points to ../../build/pc_serial_communication/pc_serial_communication.egg-info/entry_points.txt
[0.861s] writing requirements to ../../build/pc_serial_communication/pc_serial_communication.egg-info/requires.txt
[0.861s] writing top-level names to ../../build/pc_serial_communication/pc_serial_communication.egg-info/top_level.txt
[0.877s] reading manifest file '../../build/pc_serial_communication/pc_serial_communication.egg-info/SOURCES.txt'
[0.878s] writing manifest file '../../build/pc_serial_communication/pc_serial_communication.egg-info/SOURCES.txt'
[0.878s] running build
[0.878s] running build_py
[0.878s] copying pc_serial_communication/cmd_vel_value.py -> /home/arnab/ros2_ws/build/pc_serial_communication/build/lib/pc_serial_communication
[0.878s] running install
[0.880s] running install_lib
[0.886s] copying /home/arnab/ros2_ws/build/pc_serial_communication/build/lib/pc_serial_communication/cmd_vel_value.py -> /home/arnab/ros2_ws/install/pc_serial_communication/lib/python3.10/site-packages/pc_serial_communication
[0.887s] byte-compiling /home/arnab/ros2_ws/install/pc_serial_communication/lib/python3.10/site-packages/pc_serial_communication/cmd_vel_value.py to cmd_vel_value.cpython-310.pyc
[0.887s] running install_data
[0.887s] running install_egg_info
[0.893s] removing '/home/arnab/ros2_ws/install/pc_serial_communication/lib/python3.10/site-packages/pc_serial_communication-0.0.0-py3.10.egg-info' (and everything under it)
[0.894s] Copying ../../build/pc_serial_communication/pc_serial_communication.egg-info to /home/arnab/ros2_ws/install/pc_serial_communication/lib/python3.10/site-packages/pc_serial_communication-0.0.0-py3.10.egg-info
[0.894s] running install_scripts
[0.919s] Installing cmd_vel_value script to /home/arnab/ros2_ws/install/pc_serial_communication/lib/pc_serial_communication
[0.919s] Installing serial_node script to /home/arnab/ros2_ws/install/pc_serial_communication/lib/pc_serial_communication
[0.919s] writing list of installed files to '/home/arnab/ros2_ws/build/pc_serial_communication/install.log'
[0.978s] Invoked command in '/home/arnab/ros2_ws/src/pc_serial_communication' returned '0': PYTHONPATH=/home/arnab/ros2_ws/build/pc_serial_communication/prefix_override:/usr/lib/python3/dist-packages/colcon_core/task/python/colcon_distutils_commands:/home/arnab/ros2_ws/install/pc_serial_communication/lib/python3.10/site-packages:${PYTHONPATH} /usr/bin/python3 -W ignore:setup.py install is deprecated -W ignore:easy_install command is deprecated setup.py egg_info --egg-base ../../build/pc_serial_communication build --build-base /home/arnab/ros2_ws/build/pc_serial_communication/build install --record /home/arnab/ros2_ws/build/pc_serial_communication/install.log --single-version-externally-managed install_data
