[0.023s] Invoking command in '/home/arnab/ros2_ws/build/ros2_control_demo_example_8': AMENT_PREFIX_PATH=/home/arnab/ros2_ws/install/ros2_control_demo_testing:/home/arnab/ros2_ws/install/ros2_control_demo_description:${AMENT_PREFIX_PATH} CMAKE_PREFIX_PATH=/home/arnab/ros2_ws/install/ros2_control_demo_description:/home/arnab/ros2_ws/install/ros2_control_demo_example_2:/home/arnab/ros2_ws/install/test_bot:/home/arnab/ros2_ws/install/pc_serial_communication:/opt/ros/humble PYTHONPATH=/home/arnab/ros2_ws/install/ros2_control_demo_testing/lib/python3.10/site-packages:${PYTHONPATH} /usr/bin/cmake /home/arnab/ros2_ws/src/ros2_control_demos/example_8 -DCMAKE_INSTALL_PREFIX=/home/arnab/ros2_ws/install/ros2_control_demo_example_8
[2.133s] -- The CXX compiler identification is GNU 11.4.0
[2.133s] -- Detecting CXX compiler ABI info
[2.133s] -- Detecting CXX compiler ABI info - done
[2.133s] -- Check for working CXX compiler: /usr/bin/c++ - skipped
[2.133s] -- Detecting CXX compile features
[2.133s] -- Detecting CXX compile features - done
[2.133s] -- Found ament_cmake: 1.3.11 (/opt/ros/humble/share/ament_cmake/cmake)
[2.133s] -- Found Python3: /usr/bin/python3 (found version "3.10.12") found components: Interpreter 
[2.133s] -- Found hardware_interface: 2.47.0 (/opt/ros/humble/share/hardware_interface/cmake)
[2.133s] -- Found rosidl_generator_c: 3.1.6 (/opt/ros/humble/share/rosidl_generator_c/cmake)
[2.133s] -- Found rosidl_adapter: 3.1.6 (/opt/ros/humble/share/rosidl_adapter/cmake)
[2.133s] -- Found rosidl_generator_cpp: 3.1.6 (/opt/ros/humble/share/rosidl_generator_cpp/cmake)
[2.133s] -- Using all available rosidl_typesupport_c: rosidl_typesupport_fastrtps_c;rosidl_typesupport_introspection_c
[2.133s] -- Using all available rosidl_typesupport_cpp: rosidl_typesupport_fastrtps_cpp;rosidl_typesupport_introspection_cpp
[2.133s] -- Found rmw_implementation_cmake: 6.1.2 (/opt/ros/humble/share/rmw_implementation_cmake/cmake)
[2.133s] -- Found rmw_cyclonedds_cpp: 1.3.4 (/opt/ros/humble/share/rmw_cyclonedds_cpp/cmake)
[2.133s] -- Using RMW implementation 'rmw_cyclonedds_cpp' as default
[2.133s] -- Looking for C++ include pthread.h
[2.133s] -- Looking for C++ include pthread.h - found
[2.133s] -- Performing Test CMAKE_HAVE_LIBC_PTHREAD
[2.133s] -- Performing Test CMAKE_HAVE_LIBC_PTHREAD - Success
[2.133s] -- Found Threads: TRUE  
[2.133s] -- Found transmission_interface: 2.47.0 (/opt/ros/humble/share/transmission_interface/cmake)
[2.133s] -- Found ament_cmake_pytest: 1.3.11 (/opt/ros/humble/share/ament_cmake_pytest/cmake)
[2.133s] -- Configuring done
[2.154s] -- Generating done
[2.159s] -- Build files have been written to: /home/arnab/ros2_ws/build/ros2_control_demo_example_8
[2.174s] Invoked command in '/home/arnab/ros2_ws/build/ros2_control_demo_example_8' returned '0': AMENT_PREFIX_PATH=/home/arnab/ros2_ws/install/ros2_control_demo_testing:/home/arnab/ros2_ws/install/ros2_control_demo_description:${AMENT_PREFIX_PATH} CMAKE_PREFIX_PATH=/home/arnab/ros2_ws/install/ros2_control_demo_description:/home/arnab/ros2_ws/install/ros2_control_demo_example_2:/home/arnab/ros2_ws/install/test_bot:/home/arnab/ros2_ws/install/pc_serial_communication:/opt/ros/humble PYTHONPATH=/home/arnab/ros2_ws/install/ros2_control_demo_testing/lib/python3.10/site-packages:${PYTHONPATH} /usr/bin/cmake /home/arnab/ros2_ws/src/ros2_control_demos/example_8 -DCMAKE_INSTALL_PREFIX=/home/arnab/ros2_ws/install/ros2_control_demo_example_8
[2.174s] Invoking command in '/home/arnab/ros2_ws/build/ros2_control_demo_example_8': AMENT_PREFIX_PATH=/home/arnab/ros2_ws/install/ros2_control_demo_testing:/home/arnab/ros2_ws/install/ros2_control_demo_description:${AMENT_PREFIX_PATH} CMAKE_PREFIX_PATH=/home/arnab/ros2_ws/install/ros2_control_demo_description:/home/arnab/ros2_ws/install/ros2_control_demo_example_2:/home/arnab/ros2_ws/install/test_bot:/home/arnab/ros2_ws/install/pc_serial_communication:/opt/ros/humble PYTHONPATH=/home/arnab/ros2_ws/install/ros2_control_demo_testing/lib/python3.10/site-packages:${PYTHONPATH} /usr/bin/cmake --build /home/arnab/ros2_ws/build/ros2_control_demo_example_8 -- -j16 -l16
[2.236s] [ 50%] [32mBuilding CXX object CMakeFiles/ros2_control_demo_example_8.dir/hardware/rrbot_transmissions_system_position_only.cpp.o[0m
[3.952s] [100%] [32m[1mLinking CXX shared library libros2_control_demo_example_8.so[0m
[4.268s] [100%] Built target ros2_control_demo_example_8
[4.294s] Invoked command in '/home/arnab/ros2_ws/build/ros2_control_demo_example_8' returned '0': AMENT_PREFIX_PATH=/home/arnab/ros2_ws/install/ros2_control_demo_testing:/home/arnab/ros2_ws/install/ros2_control_demo_description:${AMENT_PREFIX_PATH} CMAKE_PREFIX_PATH=/home/arnab/ros2_ws/install/ros2_control_demo_description:/home/arnab/ros2_ws/install/ros2_control_demo_example_2:/home/arnab/ros2_ws/install/test_bot:/home/arnab/ros2_ws/install/pc_serial_communication:/opt/ros/humble PYTHONPATH=/home/arnab/ros2_ws/install/ros2_control_demo_testing/lib/python3.10/site-packages:${PYTHONPATH} /usr/bin/cmake --build /home/arnab/ros2_ws/build/ros2_control_demo_example_8 -- -j16 -l16
[4.297s] Invoking command in '/home/arnab/ros2_ws/build/ros2_control_demo_example_8': AMENT_PREFIX_PATH=/home/arnab/ros2_ws/install/ros2_control_demo_testing:/home/arnab/ros2_ws/install/ros2_control_demo_description:${AMENT_PREFIX_PATH} CMAKE_PREFIX_PATH=/home/arnab/ros2_ws/install/ros2_control_demo_description:/home/arnab/ros2_ws/install/ros2_control_demo_example_2:/home/arnab/ros2_ws/install/test_bot:/home/arnab/ros2_ws/install/pc_serial_communication:/opt/ros/humble PYTHONPATH=/home/arnab/ros2_ws/install/ros2_control_demo_testing/lib/python3.10/site-packages:${PYTHONPATH} /usr/bin/cmake --install /home/arnab/ros2_ws/build/ros2_control_demo_example_8
[6.193s] -- Install configuration: ""
[6.193s] -- Installing: /home/arnab/ros2_ws/install/ros2_control_demo_example_8/share/ros2_control_demo_example_8/ros2_control_demo_example_8.xml
[6.193s] -- Installing: /home/arnab/ros2_ws/install/ros2_control_demo_example_8/include/ros2_control_demo_example_8
[6.194s] -- Installing: /home/arnab/ros2_ws/install/ros2_control_demo_example_8/include/ros2_control_demo_example_8/ros2_control_demo_example_8
[6.194s] -- Installing: /home/arnab/ros2_ws/install/ros2_control_demo_example_8/include/ros2_control_demo_example_8/ros2_control_demo_example_8/rrbot_transmissions_system_position_only.hpp
[6.194s] -- Installing: /home/arnab/ros2_ws/install/ros2_control_demo_example_8/share/ros2_control_demo_example_8/launch
[6.194s] -- Installing: /home/arnab/ros2_ws/install/ros2_control_demo_example_8/share/ros2_control_demo_example_8/launch/view_robot.launch.py
[6.194s] -- Installing: /home/arnab/ros2_ws/install/ros2_control_demo_example_8/share/ros2_control_demo_example_8/ros2_control
[6.194s] -- Installing: /home/arnab/ros2_ws/install/ros2_control_demo_example_8/share/ros2_control_demo_example_8/ros2_control/rrbot_transmissions_system_position_only.ros2_control.xacro
[6.194s] -- Installing: /home/arnab/ros2_ws/install/ros2_control_demo_example_8/share/ros2_control_demo_example_8/urdf
[6.194s] -- Installing: /home/arnab/ros2_ws/install/ros2_control_demo_example_8/share/ros2_control_demo_example_8/urdf/rrbot_transmissions_system_position_only.urdf.xacro
[6.194s] -- Up-to-date: /home/arnab/ros2_ws/install/ros2_control_demo_example_8/share/ros2_control_demo_example_8/launch
[6.194s] -- Installing: /home/arnab/ros2_ws/install/ros2_control_demo_example_8/share/ros2_control_demo_example_8/launch/test_forward_position_controller.launch.py
[6.194s] -- Installing: /home/arnab/ros2_ws/install/ros2_control_demo_example_8/share/ros2_control_demo_example_8/launch/rrbot_transmissions_system_position_only.launch.py
[6.194s] -- Installing: /home/arnab/ros2_ws/install/ros2_control_demo_example_8/share/ros2_control_demo_example_8/config
[6.194s] -- Installing: /home/arnab/ros2_ws/install/ros2_control_demo_example_8/share/ros2_control_demo_example_8/config/rrbot_forward_position_publisher.yaml
[6.194s] -- Installing: /home/arnab/ros2_ws/install/ros2_control_demo_example_8/share/ros2_control_demo_example_8/config/rrbot_controllers.yaml
[6.194s] -- Installing: /home/arnab/ros2_ws/install/ros2_control_demo_example_8/lib/libros2_control_demo_example_8.so
[6.194s] -- Set runtime path of "/home/arnab/ros2_ws/install/ros2_control_demo_example_8/lib/libros2_control_demo_example_8.so" to ""
[6.194s] -- Installing: /home/arnab/ros2_ws/install/ros2_control_demo_example_8/share/ros2_control_demo_example_8/environment/library_path.sh
[6.194s] -- Installing: /home/arnab/ros2_ws/install/ros2_control_demo_example_8/share/ros2_control_demo_example_8/environment/library_path.dsv
[6.194s] -- Installing: /home/arnab/ros2_ws/install/ros2_control_demo_example_8/share/ament_index/resource_index/package_run_dependencies/ros2_control_demo_example_8
[6.194s] -- Installing: /home/arnab/ros2_ws/install/ros2_control_demo_example_8/share/ament_index/resource_index/parent_prefix_path/ros2_control_demo_example_8
[6.194s] -- Installing: /home/arnab/ros2_ws/install/ros2_control_demo_example_8/share/ros2_control_demo_example_8/environment/ament_prefix_path.sh
[6.194s] -- Installing: /home/arnab/ros2_ws/install/ros2_control_demo_example_8/share/ros2_control_demo_example_8/environment/ament_prefix_path.dsv
[6.194s] -- Installing: /home/arnab/ros2_ws/install/ros2_control_demo_example_8/share/ros2_control_demo_example_8/environment/path.sh
[6.194s] -- Installing: /home/arnab/ros2_ws/install/ros2_control_demo_example_8/share/ros2_control_demo_example_8/environment/path.dsv
[6.194s] -- Installing: /home/arnab/ros2_ws/install/ros2_control_demo_example_8/share/ros2_control_demo_example_8/local_setup.bash
[6.194s] -- Installing: /home/arnab/ros2_ws/install/ros2_control_demo_example_8/share/ros2_control_demo_example_8/local_setup.sh
[6.194s] -- Installing: /home/arnab/ros2_ws/install/ros2_control_demo_example_8/share/ros2_control_demo_example_8/local_setup.zsh
[6.195s] -- Installing: /home/arnab/ros2_ws/install/ros2_control_demo_example_8/share/ros2_control_demo_example_8/local_setup.dsv
[6.195s] -- Installing: /home/arnab/ros2_ws/install/ros2_control_demo_example_8/share/ros2_control_demo_example_8/package.dsv
[6.195s] -- Installing: /home/arnab/ros2_ws/install/ros2_control_demo_example_8/share/ament_index/resource_index/packages/ros2_control_demo_example_8
[6.195s] -- Installing: /home/arnab/ros2_ws/install/ros2_control_demo_example_8/share/ament_index/resource_index/hardware_interface__pluginlib__plugin/ros2_control_demo_example_8
[6.195s] -- Installing: /home/arnab/ros2_ws/install/ros2_control_demo_example_8/share/ros2_control_demo_example_8/cmake/export_ros2_control_demo_example_8Export.cmake
[6.195s] -- Installing: /home/arnab/ros2_ws/install/ros2_control_demo_example_8/share/ros2_control_demo_example_8/cmake/export_ros2_control_demo_example_8Export-noconfig.cmake
[6.195s] -- Installing: /home/arnab/ros2_ws/install/ros2_control_demo_example_8/share/ros2_control_demo_example_8/cmake/ament_cmake_export_targets-extras.cmake
[6.195s] -- Installing: /home/arnab/ros2_ws/install/ros2_control_demo_example_8/share/ros2_control_demo_example_8/cmake/ament_cmake_export_dependencies-extras.cmake
[6.195s] -- Installing: /home/arnab/ros2_ws/install/ros2_control_demo_example_8/share/ros2_control_demo_example_8/cmake/ros2_control_demo_example_8Config.cmake
[6.195s] -- Installing: /home/arnab/ros2_ws/install/ros2_control_demo_example_8/share/ros2_control_demo_example_8/cmake/ros2_control_demo_example_8Config-version.cmake
[6.195s] -- Installing: /home/arnab/ros2_ws/install/ros2_control_demo_example_8/share/ros2_control_demo_example_8/package.xml
[6.207s] Invoked command in '/home/arnab/ros2_ws/build/ros2_control_demo_example_8' returned '0': AMENT_PREFIX_PATH=/home/arnab/ros2_ws/install/ros2_control_demo_testing:/home/arnab/ros2_ws/install/ros2_control_demo_description:${AMENT_PREFIX_PATH} CMAKE_PREFIX_PATH=/home/arnab/ros2_ws/install/ros2_control_demo_description:/home/arnab/ros2_ws/install/ros2_control_demo_example_2:/home/arnab/ros2_ws/install/test_bot:/home/arnab/ros2_ws/install/pc_serial_communication:/opt/ros/humble PYTHONPATH=/home/arnab/ros2_ws/install/ros2_control_demo_testing/lib/python3.10/site-packages:${PYTHONPATH} /usr/bin/cmake --install /home/arnab/ros2_ws/build/ros2_control_demo_example_8
