[0.953s] Invoking command in '/home/arnab/ros2_ws/src/pc_serial_communication': PYTHONPATH=/home/arnab/ros2_ws/build/pc_serial_communication/prefix_override:/usr/lib/python3/dist-packages/colcon_core/task/python/colcon_distutils_commands:/home/arnab/ros2_ws/install/pc_serial_communication/lib/python3.10/site-packages:${PYTHONPATH} /usr/bin/python3 -W ignore:setup.py install is deprecated -W ignore:easy_install command is deprecated setup.py egg_info --egg-base ../../build/pc_serial_communication build --build-base /home/arnab/ros2_ws/build/pc_serial_communication/build install --record /home/arnab/ros2_ws/build/pc_serial_communication/install.log --single-version-externally-managed install_data
[1.119s] running egg_info
[1.125s] writing ../../build/pc_serial_communication/pc_serial_communication.egg-info/PKG-INFO
[1.125s] writing dependency_links to ../../build/pc_serial_communication/pc_serial_communication.egg-info/dependency_links.txt
[1.125s] writing entry points to ../../build/pc_serial_communication/pc_serial_communication.egg-info/entry_points.txt
[1.126s] writing requirements to ../../build/pc_serial_communication/pc_serial_communication.egg-info/requires.txt
[1.126s] writing top-level names to ../../build/pc_serial_communication/pc_serial_communication.egg-info/top_level.txt
[1.144s] reading manifest file '../../build/pc_serial_communication/pc_serial_communication.egg-info/SOURCES.txt'
[1.145s] writing manifest file '../../build/pc_serial_communication/pc_serial_communication.egg-info/SOURCES.txt'
[1.145s] running build
[1.145s] running build_py
[1.145s] copying pc_serial_communication/arduino_to_ros.py -> /home/arnab/ros2_ws/build/pc_serial_communication/build/lib/pc_serial_communication
[1.146s] running install
[1.148s] running install_lib
[1.154s] copying /home/arnab/ros2_ws/build/pc_serial_communication/build/lib/pc_serial_communication/arduino_to_ros.py -> /home/arnab/ros2_ws/install/pc_serial_communication/lib/python3.10/site-packages/pc_serial_communication
[1.154s] byte-compiling /home/arnab/ros2_ws/install/pc_serial_communication/lib/python3.10/site-packages/pc_serial_communication/arduino_to_ros.py to arduino_to_ros.cpython-310.pyc
[1.154s] running install_data
[1.155s] running install_egg_info
[1.161s] removing '/home/arnab/ros2_ws/install/pc_serial_communication/lib/python3.10/site-packages/pc_serial_communication-0.0.0-py3.10.egg-info' (and everything under it)
[1.161s] Copying ../../build/pc_serial_communication/pc_serial_communication.egg-info to /home/arnab/ros2_ws/install/pc_serial_communication/lib/python3.10/site-packages/pc_serial_communication-0.0.0-py3.10.egg-info
[1.162s] running install_scripts
[1.187s] Installing arduino_to_ros script to /home/arnab/ros2_ws/install/pc_serial_communication/lib/pc_serial_communication
[1.187s] Installing cmd_vel_value script to /home/arnab/ros2_ws/install/pc_serial_communication/lib/pc_serial_communication
[1.187s] Installing serial_node script to /home/arnab/ros2_ws/install/pc_serial_communication/lib/pc_serial_communication
[1.187s] writing list of installed files to '/home/arnab/ros2_ws/build/pc_serial_communication/install.log'
[1.250s] Invoked command in '/home/arnab/ros2_ws/src/pc_serial_communication' returned '0': PYTHONPATH=/home/arnab/ros2_ws/build/pc_serial_communication/prefix_override:/usr/lib/python3/dist-packages/colcon_core/task/python/colcon_distutils_commands:/home/arnab/ros2_ws/install/pc_serial_communication/lib/python3.10/site-packages:${PYTHONPATH} /usr/bin/python3 -W ignore:setup.py install is deprecated -W ignore:easy_install command is deprecated setup.py egg_info --egg-base ../../build/pc_serial_communication build --build-base /home/arnab/ros2_ws/build/pc_serial_communication/build install --record /home/arnab/ros2_ws/build/pc_serial_communication/install.log --single-version-externally-managed install_data
