-- Found ament_cmake: 1.3.11 (/opt/ros/humble/share/ament_cmake/cmake)
-- Override CMake install command with custom implementation using symlinks instead of copying resources
-- Found hardware_interface: 2.47.0 (/opt/ros/humble/share/hardware_interface/cmake)
-- Found rosidl_generator_c: 3.1.6 (/opt/ros/humble/share/rosidl_generator_c/cmake)
-- Found rosidl_adapter: 3.1.6 (/opt/ros/humble/share/rosidl_adapter/cmake)
-- Found rosidl_generator_cpp: 3.1.6 (/opt/ros/humble/share/rosidl_generator_cpp/cmake)
-- Using all available rosidl_typesupport_c: rosidl_typesupport_fastrtps_c;rosidl_typesupport_introspection_c
-- Using all available rosidl_typesupport_cpp: rosidl_typesupport_fastrtps_cpp;rosidl_typesupport_introspection_cpp
-- Found rmw_implementation_cmake: 6.1.2 (/opt/ros/humble/share/rmw_implementation_cmake/cmake)
-- Found rmw_cyclonedds_cpp: 1.3.4 (/opt/ros/humble/share/rmw_cyclonedds_cpp/cmake)
-- Using RMW implementation 'rmw_cyclonedds_cpp' as default
-- Configuring done
-- Generating done
-- Build files have been written to: /home/arnab/ros2_ws/build/custom_motor_hw
[ 50%] [32mBuilding CXX object CMakeFiles/motor_hardware_interface.dir/src/motor_hardware_interface.cpp.o[0m
[01m[K/home/arnab/ros2_ws/src/custom_motor_hw/src/motor_hardware_interface.cpp:[m[K In member function ‘[01m[Kvirtual std::vector<hardware_interface::StateInterface> MotorHardwareInterface::export_state_interfaces()[m[K’:
[01m[K/home/arnab/ros2_ws/src/custom_motor_hw/src/motor_hardware_interface.cpp:33:35:[m[K [01;31m[Kerror: [m[K‘[01m[KHW_IF_VELOCITY[m[K’ was not declared in this scope; did you mean ‘[01m[Khardware_interface::HW_IF_VELOCITY[m[K’?
   33 |     return { {"left_wheel_joint", [01;31m[KHW_IF_VELOCITY[m[K, &hw_states_[0]},
      |                                   [01;31m[K^~~~~~~~~~~~~~[m[K
      |                                   [32m[Khardware_interface::HW_IF_VELOCITY[m[K
In file included from [01m[K/home/arnab/ros2_ws/src/custom_motor_hw/include/custom_motor_hw/motor_hardware_interface.hpp:7[m[K,
                 from [01m[K/home/arnab/ros2_ws/src/custom_motor_hw/src/motor_hardware_interface.cpp:1[m[K:
[01m[K/opt/ros/humble/include/hardware_interface/types/hardware_interface_type_values.hpp:23:16:[m[K [01;36m[Knote: [m[K‘[01m[Khardware_interface::HW_IF_VELOCITY[m[K’ declared here
   23 | constexpr char [01;36m[KHW_IF_VELOCITY[m[K[] = "velocity";
      |                [01;36m[K^~~~~~~~~~~~~~[m[K
[01m[K/home/arnab/ros2_ws/src/custom_motor_hw/src/motor_hardware_interface.cpp:34:68:[m[K [01;31m[Kerror: [m[Kcould not convert ‘[01m[K{{"left_wheel_joint", <expression error>, (&((MotorHardwareInterface*)this)->MotorHardwareInterface::hw_states_.std::vector<double, std::allocator<double> >::operator[](0))}, {"right_wheel_joint", HW_IF_VELOCITY, (&((MotorHardwareInterface*)this)->MotorHardwareInterface::hw_states_.std::vector<double, std::allocator<double> >::operator[](1))}}[m[K’ from ‘[01m[K<brace-enclosed initializer list>[m[K’ to ‘[01m[Kstd::vector<hardware_interface::StateInterface>[m[K’
   34 |              {"right_wheel_joint", HW_IF_VELOCITY, &hw_states_[1]} [01;31m[K}[m[K;
      |                                                                    [01;31m[K^[m[K
      |                                                                    [01;31m[K|[m[K
      |                                                                    [01;31m[K<brace-enclosed initializer list>[m[K
[01m[K/home/arnab/ros2_ws/src/custom_motor_hw/src/motor_hardware_interface.cpp:[m[K In member function ‘[01m[Kvirtual std::vector<hardware_interface::CommandInterface> MotorHardwareInterface::export_command_interfaces()[m[K’:
[01m[K/home/arnab/ros2_ws/src/custom_motor_hw/src/motor_hardware_interface.cpp:39:35:[m[K [01;31m[Kerror: [m[K‘[01m[KHW_IF_VELOCITY[m[K’ was not declared in this scope; did you mean ‘[01m[Khardware_interface::HW_IF_VELOCITY[m[K’?
   39 |     return { {"left_wheel_joint", [01;31m[KHW_IF_VELOCITY[m[K, &hw_commands_[0]},
      |                                   [01;31m[K^~~~~~~~~~~~~~[m[K
      |                                   [32m[Khardware_interface::HW_IF_VELOCITY[m[K
In file included from [01m[K/home/arnab/ros2_ws/src/custom_motor_hw/include/custom_motor_hw/motor_hardware_interface.hpp:7[m[K,
                 from [01m[K/home/arnab/ros2_ws/src/custom_motor_hw/src/motor_hardware_interface.cpp:1[m[K:
[01m[K/opt/ros/humble/include/hardware_interface/types/hardware_interface_type_values.hpp:23:16:[m[K [01;36m[Knote: [m[K‘[01m[Khardware_interface::HW_IF_VELOCITY[m[K’ declared here
   23 | constexpr char [01;36m[KHW_IF_VELOCITY[m[K[] = "velocity";
      |                [01;36m[K^~~~~~~~~~~~~~[m[K
[01m[K/home/arnab/ros2_ws/src/custom_motor_hw/src/motor_hardware_interface.cpp:40:70:[m[K [01;31m[Kerror: [m[Kcould not convert ‘[01m[K{{"left_wheel_joint", <expression error>, (&((MotorHardwareInterface*)this)->MotorHardwareInterface::hw_commands_.std::vector<double, std::allocator<double> >::operator[](0))}, {"right_wheel_joint", HW_IF_VELOCITY, (&((MotorHardwareInterface*)this)->MotorHardwareInterface::hw_commands_.std::vector<double, std::allocator<double> >::operator[](1))}}[m[K’ from ‘[01m[K<brace-enclosed initializer list>[m[K’ to ‘[01m[Kstd::vector<hardware_interface::CommandInterface>[m[K’
   40 |              {"right_wheel_joint", HW_IF_VELOCITY, &hw_commands_[1]} [01;31m[K}[m[K;
      |                                                                      [01;31m[K^[m[K
      |                                                                      [01;31m[K|[m[K
      |                                                                      [01;31m[K<brace-enclosed initializer list>[m[K
gmake[2]: *** [CMakeFiles/motor_hardware_interface.dir/build.make:76: CMakeFiles/motor_hardware_interface.dir/src/motor_hardware_interface.cpp.o] Error 1
gmake[1]: *** [CMakeFiles/Makefile2:137: CMakeFiles/motor_hardware_interface.dir/all] Error 2
gmake: *** [Makefile:146: all] Error 2
