[0.199s] Invoking command in '/home/arnab/ros2_ws/build/custom_motor_hw': CMAKE_PREFIX_PATH=${CMAKE_PREFIX_PATH}:/home/arnab/ros2_ws/install/ros2_control_demo_testing:/home/arnab/ros2_ws/install/pc_serial_communication:/home/arnab/ros2_ws/install/motor_serial_bridge:/opt/ros/humble /usr/bin/cmake /home/arnab/ros2_ws/src/custom_motor_hw -DAMENT_CMAKE_SYMLINK_INSTALL=1 -DCMAKE_INSTALL_PREFIX=/home/arnab/ros2_ws/install/custom_motor_hw
[0.557s] -- Found ament_cmake: 1.3.11 (/opt/ros/humble/share/ament_cmake/cmake)
[0.557s] -- Override CMake install command with custom implementation using symlinks instead of copying resources
[0.557s] -- Found hardware_interface: 2.47.0 (/opt/ros/humble/share/hardware_interface/cmake)
[0.557s] -- Found rosidl_generator_c: 3.1.6 (/opt/ros/humble/share/rosidl_generator_c/cmake)
[0.557s] -- Found rosidl_adapter: 3.1.6 (/opt/ros/humble/share/rosidl_adapter/cmake)
[0.557s] -- Found rosidl_generator_cpp: 3.1.6 (/opt/ros/humble/share/rosidl_generator_cpp/cmake)
[0.557s] -- Using all available rosidl_typesupport_c: rosidl_typesupport_fastrtps_c;rosidl_typesupport_introspection_c
[0.557s] -- Using all available rosidl_typesupport_cpp: rosidl_typesupport_fastrtps_cpp;rosidl_typesupport_introspection_cpp
[0.557s] -- Found rmw_implementation_cmake: 6.1.2 (/opt/ros/humble/share/rmw_implementation_cmake/cmake)
[0.557s] -- Found rmw_cyclonedds_cpp: 1.3.4 (/opt/ros/humble/share/rmw_cyclonedds_cpp/cmake)
[0.557s] -- Using RMW implementation 'rmw_cyclonedds_cpp' as default
[0.557s] -- Configuring done
[0.557s] -- Generating done
[0.557s] -- Build files have been written to: /home/arnab/ros2_ws/build/custom_motor_hw
[0.561s] Invoked command in '/home/arnab/ros2_ws/build/custom_motor_hw' returned '0': CMAKE_PREFIX_PATH=${CMAKE_PREFIX_PATH}:/home/arnab/ros2_ws/install/ros2_control_demo_testing:/home/arnab/ros2_ws/install/pc_serial_communication:/home/arnab/ros2_ws/install/motor_serial_bridge:/opt/ros/humble /usr/bin/cmake /home/arnab/ros2_ws/src/custom_motor_hw -DAMENT_CMAKE_SYMLINK_INSTALL=1 -DCMAKE_INSTALL_PREFIX=/home/arnab/ros2_ws/install/custom_motor_hw
[0.562s] Invoking command in '/home/arnab/ros2_ws/build/custom_motor_hw': CMAKE_PREFIX_PATH=${CMAKE_PREFIX_PATH}:/home/arnab/ros2_ws/install/ros2_control_demo_testing:/home/arnab/ros2_ws/install/pc_serial_communication:/home/arnab/ros2_ws/install/motor_serial_bridge:/opt/ros/humble /usr/bin/cmake --build /home/arnab/ros2_ws/build/custom_motor_hw -- -j16 -l16
[0.599s] [ 50%] [32mBuilding CXX object CMakeFiles/motor_hardware_interface.dir/src/motor_hardware_interface.cpp.o[0m
[2.700s] [01m[K/home/arnab/ros2_ws/src/custom_motor_hw/src/motor_hardware_interface.cpp:[m[K In member function ‘[01m[Kvirtual std::vector<hardware_interface::StateInterface> MotorHardwareInterface::export_state_interfaces()[m[K’:
[2.700s] [01m[K/home/arnab/ros2_ws/src/custom_motor_hw/src/motor_hardware_interface.cpp:33:35:[m[K [01;31m[Kerror: [m[K‘[01m[KHW_IF_VELOCITY[m[K’ was not declared in this scope; did you mean ‘[01m[Khardware_interface::HW_IF_VELOCITY[m[K’?
[2.700s]    33 |     return { {"left_wheel_joint", [01;31m[KHW_IF_VELOCITY[m[K, &hw_states_[0]},
[2.700s]       |                                   [01;31m[K^~~~~~~~~~~~~~[m[K
[2.700s]       |                                   [32m[Khardware_interface::HW_IF_VELOCITY[m[K
[2.700s] In file included from [01m[K/home/arnab/ros2_ws/src/custom_motor_hw/include/custom_motor_hw/motor_hardware_interface.hpp:7[m[K,
[2.700s]                  from [01m[K/home/arnab/ros2_ws/src/custom_motor_hw/src/motor_hardware_interface.cpp:1[m[K:
[2.700s] [01m[K/opt/ros/humble/include/hardware_interface/types/hardware_interface_type_values.hpp:23:16:[m[K [01;36m[Knote: [m[K‘[01m[Khardware_interface::HW_IF_VELOCITY[m[K’ declared here
[2.700s]    23 | constexpr char [01;36m[KHW_IF_VELOCITY[m[K[] = "velocity";
[2.700s]       |                [01;36m[K^~~~~~~~~~~~~~[m[K
[2.700s] [01m[K/home/arnab/ros2_ws/src/custom_motor_hw/src/motor_hardware_interface.cpp:34:68:[m[K [01;31m[Kerror: [m[Kcould not convert ‘[01m[K{{"left_wheel_joint", <expression error>, (&((MotorHardwareInterface*)this)->MotorHardwareInterface::hw_states_.std::vector<double, std::allocator<double> >::operator[](0))}, {"right_wheel_joint", HW_IF_VELOCITY, (&((MotorHardwareInterface*)this)->MotorHardwareInterface::hw_states_.std::vector<double, std::allocator<double> >::operator[](1))}}[m[K’ from ‘[01m[K<brace-enclosed initializer list>[m[K’ to ‘[01m[Kstd::vector<hardware_interface::StateInterface>[m[K’
[2.700s]    34 |              {"right_wheel_joint", HW_IF_VELOCITY, &hw_states_[1]} [01;31m[K}[m[K;
[2.700s]       |                                                                    [01;31m[K^[m[K
[2.700s]       |                                                                    [01;31m[K|[m[K
[2.700s]       |                                                                    [01;31m[K<brace-enclosed initializer list>[m[K
[2.701s] [01m[K/home/arnab/ros2_ws/src/custom_motor_hw/src/motor_hardware_interface.cpp:[m[K In member function ‘[01m[Kvirtual std::vector<hardware_interface::CommandInterface> MotorHardwareInterface::export_command_interfaces()[m[K’:
[2.701s] [01m[K/home/arnab/ros2_ws/src/custom_motor_hw/src/motor_hardware_interface.cpp:39:35:[m[K [01;31m[Kerror: [m[K‘[01m[KHW_IF_VELOCITY[m[K’ was not declared in this scope; did you mean ‘[01m[Khardware_interface::HW_IF_VELOCITY[m[K’?
[2.701s]    39 |     return { {"left_wheel_joint", [01;31m[KHW_IF_VELOCITY[m[K, &hw_commands_[0]},
[2.701s]       |                                   [01;31m[K^~~~~~~~~~~~~~[m[K
[2.701s]       |                                   [32m[Khardware_interface::HW_IF_VELOCITY[m[K
[2.701s] In file included from [01m[K/home/arnab/ros2_ws/src/custom_motor_hw/include/custom_motor_hw/motor_hardware_interface.hpp:7[m[K,
[2.701s]                  from [01m[K/home/arnab/ros2_ws/src/custom_motor_hw/src/motor_hardware_interface.cpp:1[m[K:
[2.701s] [01m[K/opt/ros/humble/include/hardware_interface/types/hardware_interface_type_values.hpp:23:16:[m[K [01;36m[Knote: [m[K‘[01m[Khardware_interface::HW_IF_VELOCITY[m[K’ declared here
[2.701s]    23 | constexpr char [01;36m[KHW_IF_VELOCITY[m[K[] = "velocity";
[2.701s]       |                [01;36m[K^~~~~~~~~~~~~~[m[K
[2.701s] [01m[K/home/arnab/ros2_ws/src/custom_motor_hw/src/motor_hardware_interface.cpp:40:70:[m[K [01;31m[Kerror: [m[Kcould not convert ‘[01m[K{{"left_wheel_joint", <expression error>, (&((MotorHardwareInterface*)this)->MotorHardwareInterface::hw_commands_.std::vector<double, std::allocator<double> >::operator[](0))}, {"right_wheel_joint", HW_IF_VELOCITY, (&((MotorHardwareInterface*)this)->MotorHardwareInterface::hw_commands_.std::vector<double, std::allocator<double> >::operator[](1))}}[m[K’ from ‘[01m[K<brace-enclosed initializer list>[m[K’ to ‘[01m[Kstd::vector<hardware_interface::CommandInterface>[m[K’
[2.701s]    40 |              {"right_wheel_joint", HW_IF_VELOCITY, &hw_commands_[1]} [01;31m[K}[m[K;
[2.701s]       |                                                                      [01;31m[K^[m[K
[2.702s]       |                                                                      [01;31m[K|[m[K
[2.702s]       |                                                                      [01;31m[K<brace-enclosed initializer list>[m[K
[3.321s] gmake[2]: *** [CMakeFiles/motor_hardware_interface.dir/build.make:76: CMakeFiles/motor_hardware_interface.dir/src/motor_hardware_interface.cpp.o] Error 1
[3.322s] gmake[1]: *** [CMakeFiles/Makefile2:137: CMakeFiles/motor_hardware_interface.dir/all] Error 2
[3.323s] gmake: *** [Makefile:146: all] Error 2
[3.329s] Invoked command in '/home/arnab/ros2_ws/build/custom_motor_hw' returned '2': CMAKE_PREFIX_PATH=${CMAKE_PREFIX_PATH}:/home/arnab/ros2_ws/install/ros2_control_demo_testing:/home/arnab/ros2_ws/install/pc_serial_communication:/home/arnab/ros2_ws/install/motor_serial_bridge:/opt/ros/humble /usr/bin/cmake --build /home/arnab/ros2_ws/build/custom_motor_hw -- -j16 -l16
