[35m[1mConsolidate compiler generated dependencies of target ros2_control_demo_example_11[0m
[100%] Built target ros2_control_demo_example_11
-- Install configuration: ""
-- Execute custom install script
-- Symlinking: /home/arnab/ros2_ws/install/ros2_control_demo_example_11/share/ros2_control_demo_example_11//ros2_control_demo_example_11.xml
-- Symlinking: /home/arnab/ros2_ws/install/ros2_control_demo_example_11/include/ros2_control_demo_example_11/ros2_control_demo_example_11/carlikebot_system.hpp
-- Symlinking: /home/arnab/ros2_ws/install/ros2_control_demo_example_11/share/ros2_control_demo_example_11/launch/view_robot.launch.py
-- Symlinking: /home/arnab/ros2_ws/install/ros2_control_demo_example_11/share/ros2_control_demo_example_11/ros2_control/carlikebot.ros2_control.xacro
-- Symlinking: /home/arnab/ros2_ws/install/ros2_control_demo_example_11/share/ros2_control_demo_example_11/urdf/carlikebot.urdf.xacro
-- Symlinking: /home/arnab/ros2_ws/install/ros2_control_demo_example_11/share/ros2_control_demo_example_11/launch/carlikebot.launch.py
-- Symlinking: /home/arnab/ros2_ws/install/ros2_control_demo_example_11/share/ros2_control_demo_example_11/config/carlikebot_controllers.yaml
-- Symlinking: /home/arnab/ros2_ws/install/ros2_control_demo_example_11/share/ros2_control_demo_example_11/environment/library_path.sh
-- Symlinking: /home/arnab/ros2_ws/install/ros2_control_demo_example_11/share/ros2_control_demo_example_11/environment/library_path.dsv
-- Symlinking: /home/arnab/ros2_ws/install/ros2_control_demo_example_11/share/ament_index/resource_index/package_run_dependencies/ros2_control_demo_example_11
-- Symlinking: /home/arnab/ros2_ws/install/ros2_control_demo_example_11/share/ament_index/resource_index/parent_prefix_path/ros2_control_demo_example_11
-- Symlinking: /home/arnab/ros2_ws/install/ros2_control_demo_example_11/share/ros2_control_demo_example_11/environment/ament_prefix_path.sh
-- Symlinking: /home/arnab/ros2_ws/install/ros2_control_demo_example_11/share/ros2_control_demo_example_11/environment/ament_prefix_path.dsv
-- Symlinking: /home/arnab/ros2_ws/install/ros2_control_demo_example_11/share/ros2_control_demo_example_11/environment/path.sh
-- Symlinking: /home/arnab/ros2_ws/install/ros2_control_demo_example_11/share/ros2_control_demo_example_11/environment/path.dsv
-- Symlinking: /home/arnab/ros2_ws/install/ros2_control_demo_example_11/share/ros2_control_demo_example_11/local_setup.bash
-- Symlinking: /home/arnab/ros2_ws/install/ros2_control_demo_example_11/share/ros2_control_demo_example_11/local_setup.sh
-- Symlinking: /home/arnab/ros2_ws/install/ros2_control_demo_example_11/share/ros2_control_demo_example_11/local_setup.zsh
-- Symlinking: /home/arnab/ros2_ws/install/ros2_control_demo_example_11/share/ros2_control_demo_example_11/local_setup.dsv
-- Symlinking: /home/arnab/ros2_ws/install/ros2_control_demo_example_11/share/ros2_control_demo_example_11/package.dsv
-- Symlinking: /home/arnab/ros2_ws/install/ros2_control_demo_example_11/share/ament_index/resource_index/packages/ros2_control_demo_example_11
-- Symlinking: /home/arnab/ros2_ws/install/ros2_control_demo_example_11/share/ament_index/resource_index/hardware_interface__pluginlib__plugin/ros2_control_demo_example_11
-- Symlinking: /home/arnab/ros2_ws/install/ros2_control_demo_example_11/share/ros2_control_demo_example_11/cmake/ament_cmake_export_targets-extras.cmake
-- Symlinking: /home/arnab/ros2_ws/install/ros2_control_demo_example_11/share/ros2_control_demo_example_11/cmake/ament_cmake_export_dependencies-extras.cmake
-- Symlinking: /home/arnab/ros2_ws/install/ros2_control_demo_example_11/share/ros2_control_demo_example_11/cmake/ros2_control_demo_example_11Config.cmake
-- Symlinking: /home/arnab/ros2_ws/install/ros2_control_demo_example_11/share/ros2_control_demo_example_11/cmake/ros2_control_demo_example_11Config-version.cmake
-- Symlinking: /home/arnab/ros2_ws/install/ros2_control_demo_example_11/share/ros2_control_demo_example_11/package.xml
-- Up-to-date: /home/arnab/ros2_ws/install/ros2_control_demo_example_11/lib/libros2_control_demo_example_11.so
-- Up-to-date: /home/arnab/ros2_ws/install/ros2_control_demo_example_11/share/ros2_control_demo_example_11/cmake/export_ros2_control_demo_example_11Export.cmake
-- Up-to-date: /home/arnab/ros2_ws/install/ros2_control_demo_example_11/share/ros2_control_demo_example_11/cmake/export_ros2_control_demo_example_11Export-noconfig.cmake
