[0.008s] Invoking command in '/home/arnab/ros2_ws/build/custom_motor_hw': CMAKE_PREFIX_PATH=${CMAKE_PREFIX_PATH}:/home/arnab/ros2_ws/install/ros2_control_demo_testing:/home/arnab/ros2_ws/install/pc_serial_communication:/home/arnab/ros2_ws/install/motor_serial_bridge:/opt/ros/humble /usr/bin/cmake --build /home/arnab/ros2_ws/build/custom_motor_hw -- -j16 -l16
[0.042s] [35m[1mConsolidate compiler generated dependencies of target motor_hardware_interface[0m
[0.055s] [ 50%] [32mBuilding CXX object CMakeFiles/motor_hardware_interface.dir/src/motor_hardware_interface.cpp.o[0m
[1.828s] [100%] [32m[1mLinking CXX shared library libmotor_hardware_interface.so[0m
[1.925s] [100%] Built target motor_hardware_interface
[1.933s] Invoked command in '/home/arnab/ros2_ws/build/custom_motor_hw' returned '0': CMAKE_PREFIX_PATH=${CMAKE_PREFIX_PATH}:/home/arnab/ros2_ws/install/ros2_control_demo_testing:/home/arnab/ros2_ws/install/pc_serial_communication:/home/arnab/ros2_ws/install/motor_serial_bridge:/opt/ros/humble /usr/bin/cmake --build /home/arnab/ros2_ws/build/custom_motor_hw -- -j16 -l16
[1.940s] Invoking command in '/home/arnab/ros2_ws/build/custom_motor_hw': CMAKE_PREFIX_PATH=${CMAKE_PREFIX_PATH}:/home/arnab/ros2_ws/install/ros2_control_demo_testing:/home/arnab/ros2_ws/install/pc_serial_communication:/home/arnab/ros2_ws/install/motor_serial_bridge:/opt/ros/humble /usr/bin/cmake --install /home/arnab/ros2_ws/build/custom_motor_hw
[1.946s] -- Install configuration: ""
[1.946s] -- Execute custom install script
[1.946s] -- Symlinking: /home/arnab/ros2_ws/install/custom_motor_hw/share/custom_motor_hw//custom_motor_hw.xml
[1.953s] -- Symlinking: /home/arnab/ros2_ws/install/custom_motor_hw/lib/libmotor_hardware_interface.so
[1.959s] -- Up-to-date symlink: /home/arnab/ros2_ws/install/custom_motor_hw/share/custom_motor_hw/custom_motor_hw.xml
[1.959s] -- Up-to-date symlink: /home/arnab/ros2_ws/install/custom_motor_hw/share/ament_index/resource_index/package_run_dependencies/custom_motor_hw
[1.959s] -- Up-to-date symlink: /home/arnab/ros2_ws/install/custom_motor_hw/share/ament_index/resource_index/parent_prefix_path/custom_motor_hw
[1.960s] -- Up-to-date symlink: /home/arnab/ros2_ws/install/custom_motor_hw/share/custom_motor_hw/environment/ament_prefix_path.sh
[1.960s] -- Up-to-date symlink: /home/arnab/ros2_ws/install/custom_motor_hw/share/custom_motor_hw/environment/ament_prefix_path.dsv
[1.960s] -- Up-to-date symlink: /home/arnab/ros2_ws/install/custom_motor_hw/share/custom_motor_hw/environment/path.sh
[1.960s] -- Up-to-date symlink: /home/arnab/ros2_ws/install/custom_motor_hw/share/custom_motor_hw/environment/path.dsv
[1.960s] -- Up-to-date symlink: /home/arnab/ros2_ws/install/custom_motor_hw/share/custom_motor_hw/local_setup.bash
[1.960s] -- Up-to-date symlink: /home/arnab/ros2_ws/install/custom_motor_hw/share/custom_motor_hw/local_setup.sh
[1.960s] -- Up-to-date symlink: /home/arnab/ros2_ws/install/custom_motor_hw/share/custom_motor_hw/local_setup.zsh
[1.960s] -- Up-to-date symlink: /home/arnab/ros2_ws/install/custom_motor_hw/share/custom_motor_hw/local_setup.dsv
[1.960s] -- Symlinking: /home/arnab/ros2_ws/install/custom_motor_hw/share/custom_motor_hw/package.dsv
[1.966s] -- Up-to-date symlink: /home/arnab/ros2_ws/install/custom_motor_hw/share/ament_index/resource_index/packages/custom_motor_hw
[1.966s] -- Symlinking: /home/arnab/ros2_ws/install/custom_motor_hw/share/ament_index/resource_index/hardware_interface__pluginlib__plugin/custom_motor_hw
[1.973s] -- Up-to-date symlink: /home/arnab/ros2_ws/install/custom_motor_hw/share/custom_motor_hw/cmake/custom_motor_hwConfig.cmake
[1.973s] -- Up-to-date symlink: /home/arnab/ros2_ws/install/custom_motor_hw/share/custom_motor_hw/cmake/custom_motor_hwConfig-version.cmake
[1.973s] -- Up-to-date symlink: /home/arnab/ros2_ws/install/custom_motor_hw/share/custom_motor_hw/package.xml
[1.975s] Invoked command in '/home/arnab/ros2_ws/build/custom_motor_hw' returned '0': CMAKE_PREFIX_PATH=${CMAKE_PREFIX_PATH}:/home/arnab/ros2_ws/install/ros2_control_demo_testing:/home/arnab/ros2_ws/install/pc_serial_communication:/home/arnab/ros2_ws/install/motor_serial_bridge:/opt/ros/humble /usr/bin/cmake --install /home/arnab/ros2_ws/build/custom_motor_hw
