-- Found ament_cmake: 1.3.11 (/opt/ros/humble/share/ament_cmake/cmake)
-- Override CMake install command with custom implementation using symlinks instead of copying resources
-- Found hardware_interface: 2.47.0 (/opt/ros/humble/share/hardware_interface/cmake)
-- Found rosidl_generator_c: 3.1.6 (/opt/ros/humble/share/rosidl_generator_c/cmake)
-- Found rosidl_adapter: 3.1.6 (/opt/ros/humble/share/rosidl_adapter/cmake)
-- Found rosidl_generator_cpp: 3.1.6 (/opt/ros/humble/share/rosidl_generator_cpp/cmake)
-- Using all available rosidl_typesupport_c: rosidl_typesupport_fastrtps_c;rosidl_typesupport_introspection_c
-- Using all available rosidl_typesupport_cpp: rosidl_typesupport_fastrtps_cpp;rosidl_typesupport_introspection_cpp
-- Found rmw_implementation_cmake: 6.1.2 (/opt/ros/humble/share/rmw_implementation_cmake/cmake)
-- Found rmw_cyclonedds_cpp: 1.3.4 (/opt/ros/humble/share/rmw_cyclonedds_cpp/cmake)
-- Using RMW implementation 'rmw_cyclonedds_cpp' as default
-- Found ament_cmake_pytest: 1.3.11 (/opt/ros/humble/share/ament_cmake_pytest/cmake)
-- Configuring done
-- Generating done
-- Build files have been written to: /home/arnab/ros2_ws/build/ros2_control_demo_example_9
[35m[1mConsolidate compiler generated dependencies of target ros2_control_demo_example_9[0m
[100%] Built target ros2_control_demo_example_9
-- Install configuration: ""
-- Execute custom install script
-- Symlinking: /home/arnab/ros2_ws/install/ros2_control_demo_example_9/share/ros2_control_demo_example_9//ros2_control_demo_example_9.xml
-- Symlinking: /home/arnab/ros2_ws/install/ros2_control_demo_example_9/include/ros2_control_demo_example_9/ros2_control_demo_example_9/rrbot.hpp
-- Symlinking: /home/arnab/ros2_ws/install/ros2_control_demo_example_9/share/ros2_control_demo_example_9/launch/view_robot.launch.py
-- Symlinking: /home/arnab/ros2_ws/install/ros2_control_demo_example_9/share/ros2_control_demo_example_9/ros2_control/rrbot.ros2_control.xacro
-- Symlinking: /home/arnab/ros2_ws/install/ros2_control_demo_example_9/share/ros2_control_demo_example_9/urdf/rrbot.urdf.xacro
-- Symlinking: /home/arnab/ros2_ws/install/ros2_control_demo_example_9/share/ros2_control_demo_example_9/gazebo/rrbot.gazebo.xacro
-- Symlinking: /home/arnab/ros2_ws/install/ros2_control_demo_example_9/share/ros2_control_demo_example_9/launch/rrbot.launch.py
-- Symlinking: /home/arnab/ros2_ws/install/ros2_control_demo_example_9/share/ros2_control_demo_example_9/launch/rrbot_gazebo_classic.launch.py
-- Symlinking: /home/arnab/ros2_ws/install/ros2_control_demo_example_9/share/ros2_control_demo_example_9/launch/test_forward_position_controller.launch.py
-- Symlinking: /home/arnab/ros2_ws/install/ros2_control_demo_example_9/share/ros2_control_demo_example_9/config/rrbot_controllers.yaml
-- Symlinking: /home/arnab/ros2_ws/install/ros2_control_demo_example_9/share/ros2_control_demo_example_9/config/rrbot_forward_position_publisher.yaml
-- Symlinking: /home/arnab/ros2_ws/install/ros2_control_demo_example_9/share/ros2_control_demo_example_9/environment/library_path.sh
-- Symlinking: /home/arnab/ros2_ws/install/ros2_control_demo_example_9/share/ros2_control_demo_example_9/environment/library_path.dsv
-- Symlinking: /home/arnab/ros2_ws/install/ros2_control_demo_example_9/share/ament_index/resource_index/package_run_dependencies/ros2_control_demo_example_9
-- Symlinking: /home/arnab/ros2_ws/install/ros2_control_demo_example_9/share/ament_index/resource_index/parent_prefix_path/ros2_control_demo_example_9
-- Symlinking: /home/arnab/ros2_ws/install/ros2_control_demo_example_9/share/ros2_control_demo_example_9/environment/ament_prefix_path.sh
-- Symlinking: /home/arnab/ros2_ws/install/ros2_control_demo_example_9/share/ros2_control_demo_example_9/environment/ament_prefix_path.dsv
-- Symlinking: /home/arnab/ros2_ws/install/ros2_control_demo_example_9/share/ros2_control_demo_example_9/environment/path.sh
-- Symlinking: /home/arnab/ros2_ws/install/ros2_control_demo_example_9/share/ros2_control_demo_example_9/environment/path.dsv
-- Symlinking: /home/arnab/ros2_ws/install/ros2_control_demo_example_9/share/ros2_control_demo_example_9/local_setup.bash
-- Symlinking: /home/arnab/ros2_ws/install/ros2_control_demo_example_9/share/ros2_control_demo_example_9/local_setup.sh
-- Symlinking: /home/arnab/ros2_ws/install/ros2_control_demo_example_9/share/ros2_control_demo_example_9/local_setup.zsh
-- Symlinking: /home/arnab/ros2_ws/install/ros2_control_demo_example_9/share/ros2_control_demo_example_9/local_setup.dsv
-- Symlinking: /home/arnab/ros2_ws/install/ros2_control_demo_example_9/share/ros2_control_demo_example_9/package.dsv
-- Symlinking: /home/arnab/ros2_ws/install/ros2_control_demo_example_9/share/ament_index/resource_index/packages/ros2_control_demo_example_9
-- Symlinking: /home/arnab/ros2_ws/install/ros2_control_demo_example_9/share/ament_index/resource_index/hardware_interface__pluginlib__plugin/ros2_control_demo_example_9
-- Symlinking: /home/arnab/ros2_ws/install/ros2_control_demo_example_9/share/ros2_control_demo_example_9/cmake/ament_cmake_export_targets-extras.cmake
-- Symlinking: /home/arnab/ros2_ws/install/ros2_control_demo_example_9/share/ros2_control_demo_example_9/cmake/ament_cmake_export_dependencies-extras.cmake
-- Symlinking: /home/arnab/ros2_ws/install/ros2_control_demo_example_9/share/ros2_control_demo_example_9/cmake/ros2_control_demo_example_9Config.cmake
-- Symlinking: /home/arnab/ros2_ws/install/ros2_control_demo_example_9/share/ros2_control_demo_example_9/cmake/ros2_control_demo_example_9Config-version.cmake
-- Symlinking: /home/arnab/ros2_ws/install/ros2_control_demo_example_9/share/ros2_control_demo_example_9/package.xml
-- Up-to-date: /home/arnab/ros2_ws/install/ros2_control_demo_example_9/lib/libros2_control_demo_example_9.so
-- Up-to-date: /home/arnab/ros2_ws/install/ros2_control_demo_example_9/share/ros2_control_demo_example_9/cmake/export_ros2_control_demo_example_9Export.cmake
-- Up-to-date: /home/arnab/ros2_ws/install/ros2_control_demo_example_9/share/ros2_control_demo_example_9/cmake/export_ros2_control_demo_example_9Export-noconfig.cmake
