running develop
running egg_info
writing pc_serial_communication.egg-info/PKG-INFO
writing dependency_links to pc_serial_communication.egg-info/dependency_links.txt
writing entry points to pc_serial_communication.egg-info/entry_points.txt
writing requirements to pc_serial_communication.egg-info/requires.txt
writing top-level names to pc_serial_communication.egg-info/top_level.txt
reading manifest file 'pc_serial_communication.egg-info/SOURCES.txt'
writing manifest file 'pc_serial_communication.egg-info/SOURCES.txt'
running build_ext
Creating /home/arnab/ros2_ws/install/pc_serial_communication/lib/python3.10/site-packages/pc-serial-communication.egg-link (link to .)
Installing arduino_to_ros script to /home/arnab/ros2_ws/install/pc_serial_communication/lib/pc_serial_communication
Installing bno055_reader script to /home/arnab/ros2_ws/install/pc_serial_communication/lib/pc_serial_communication
Installing cmd_vel_value script to /home/arnab/ros2_ws/install/pc_serial_communication/lib/pc_serial_communication
Installing imu_publisher script to /home/arnab/ros2_ws/install/pc_serial_communication/lib/pc_serial_communication
Installing serial_node script to /home/arnab/ros2_ws/install/pc_serial_communication/lib/pc_serial_communication

Installed /home/arnab/ros2_ws/build/pc_serial_communication
running symlink_data
symbolically linking /home/arnab/ros2_ws/build/pc_serial_communication/resource/pc_serial_communication -> /home/arnab/ros2_ws/install/pc_serial_communication/share/ament_index/resource_index/packages
symbolically linking /home/arnab/ros2_ws/build/pc_serial_communication/package.xml -> /home/arnab/ros2_ws/install/pc_serial_communication/share/pc_serial_communication
