[0.196s] Invoking command in '/home/arnab/ros2_ws/build/custom_motor_hw': CMAKE_PREFIX_PATH=${CMAKE_PREFIX_PATH}:/home/arnab/ros2_ws/install/ros2_control_demo_testing:/home/arnab/ros2_ws/install/pc_serial_communication:/home/arnab/ros2_ws/install/motor_serial_bridge:/opt/ros/humble /usr/bin/cmake --build /home/arnab/ros2_ws/build/custom_motor_hw -- -j16 -l16
[0.544s] -- Found ament_cmake: 1.3.11 (/opt/ros/humble/share/ament_cmake/cmake)
[0.544s] -- Override CMake install command with custom implementation using symlinks instead of copying resources
[0.544s] -- Found hardware_interface: 2.47.0 (/opt/ros/humble/share/hardware_interface/cmake)
[0.544s] -- Found rosidl_generator_c: 3.1.6 (/opt/ros/humble/share/rosidl_generator_c/cmake)
[0.544s] -- Found rosidl_adapter: 3.1.6 (/opt/ros/humble/share/rosidl_adapter/cmake)
[0.544s] -- Found rosidl_generator_cpp: 3.1.6 (/opt/ros/humble/share/rosidl_generator_cpp/cmake)
[0.544s] -- Using all available rosidl_typesupport_c: rosidl_typesupport_fastrtps_c;rosidl_typesupport_introspection_c
[0.544s] -- Using all available rosidl_typesupport_cpp: rosidl_typesupport_fastrtps_cpp;rosidl_typesupport_introspection_cpp
[0.577s] -- Found rmw_implementation_cmake: 6.1.2 (/opt/ros/humble/share/rmw_implementation_cmake/cmake)
[0.582s] -- Found rmw_cyclonedds_cpp: 1.3.4 (/opt/ros/humble/share/rmw_cyclonedds_cpp/cmake)
[0.611s] -- Using RMW implementation 'rmw_cyclonedds_cpp' as default
[0.624s] -- Looking for pthread.h
[0.679s] -- Looking for pthread.h - found
[0.679s] -- Performing Test CMAKE_HAVE_LIBC_PTHREAD
[0.729s] -- Performing Test CMAKE_HAVE_LIBC_PTHREAD - Success
[0.730s] -- Found Threads: TRUE  
[0.782s] [31mCMake Error at CMakeLists.txt:8 (find_package):
[0.782s]   By not providing "Findserial.cmake" in CMAKE_MODULE_PATH this project has
[0.783s]   asked CMake to find a package configuration file provided by "serial", but
[0.783s]   CMake did not find one.
[0.783s] 
[0.783s]   Could not find a package configuration file provided by "serial" with any
[0.783s]   of the following names:
[0.783s] 
[0.783s]     serialConfig.cmake
[0.783s]     serial-config.cmake
[0.783s] 
[0.783s]   Add the installation prefix of "serial" to CMAKE_PREFIX_PATH or set
[0.783s]   "serial_DIR" to a directory containing one of the above files.  If "serial"
[0.783s]   provides a separate development package or SDK, be sure it has been
[0.783s]   installed.
[0.783s] 
[0.783s] [0m
[0.783s] -- Configuring incomplete, errors occurred!
[0.783s] See also "/home/arnab/ros2_ws/build/custom_motor_hw/CMakeFiles/CMakeOutput.log".
[0.787s] gmake: *** [Makefile:226: cmake_check_build_system] Error 1
[0.789s] Invoked command in '/home/arnab/ros2_ws/build/custom_motor_hw' returned '2': CMAKE_PREFIX_PATH=${CMAKE_PREFIX_PATH}:/home/arnab/ros2_ws/install/ros2_control_demo_testing:/home/arnab/ros2_ws/install/pc_serial_communication:/home/arnab/ros2_ws/install/motor_serial_bridge:/opt/ros/humble /usr/bin/cmake --build /home/arnab/ros2_ws/build/custom_motor_hw -- -j16 -l16
