running egg_info
writing ../../build/pc_serial_communication/pc_serial_communication.egg-info/PKG-INFO
writing dependency_links to ../../build/pc_serial_communication/pc_serial_communication.egg-info/dependency_links.txt
writing entry points to ../../build/pc_serial_communication/pc_serial_communication.egg-info/entry_points.txt
writing requirements to ../../build/pc_serial_communication/pc_serial_communication.egg-info/requires.txt
writing top-level names to ../../build/pc_serial_communication/pc_serial_communication.egg-info/top_level.txt
reading manifest file '../../build/pc_serial_communication/pc_serial_communication.egg-info/SOURCES.txt'
writing manifest file '../../build/pc_serial_communication/pc_serial_communication.egg-info/SOURCES.txt'
running build
running build_py
running install
running install_lib
running install_data
running install_egg_info
removing '/home/arnab/ros2_ws/install/pc_serial_communication/lib/python3.10/site-packages/pc_serial_communication-0.0.0-py3.10.egg-info' (and everything under it)
Copying ../../build/pc_serial_communication/pc_serial_communication.egg-info to /home/arnab/ros2_ws/install/pc_serial_communication/lib/python3.10/site-packages/pc_serial_communication-0.0.0-py3.10.egg-info
running install_scripts
Installing arduino_to_ros script to /home/arnab/ros2_ws/install/pc_serial_communication/lib/pc_serial_communication
Installing cmd_vel_value script to /home/arnab/ros2_ws/install/pc_serial_communication/lib/pc_serial_communication
Installing imu_publisher script to /home/arnab/ros2_ws/install/pc_serial_communication/lib/pc_serial_communication
Installing serial_node script to /home/arnab/ros2_ws/install/pc_serial_communication/lib/pc_serial_communication
writing list of installed files to '/home/arnab/ros2_ws/build/pc_serial_communication/install.log'
