[0.233s] Invoking command in '/home/arnab/ros2_ws/build/diffdrive_arduino': CMAKE_PREFIX_PATH=/home/arnab/ros2_ws/install/test_bot:/home/arnab/ros2_ws/install/ros2_control_demo_testing:/home/arnab/ros2_ws/install/pc_serial_communication:/home/arnab/ros2_ws/install/motor_serial_bridge:/opt/ros/humble:/home/arnab/ros2_ws/install/serial:/home/arnab/ros2_ws/install/rplidar_ros:/home/arnab/ros2_ws/install/ros2_control_demos:/home/arnab/ros2_ws/install/ros2_control_demo_example_9:/home/arnab/ros2_ws/install/ros2_control_demo_example_8:/home/arnab/ros2_ws/install/ros2_control_demo_example_7:/home/arnab/ros2_ws/install/ros2_control_demo_example_6:/home/arnab/ros2_ws/install/ros2_control_demo_example_15:/home/arnab/ros2_ws/install/ros2_control_demo_example_13:/home/arnab/ros2_ws/install/ros2_control_demo_example_5:/home/arnab/ros2_ws/install/ros2_control_demo_example_4:/home/arnab/ros2_ws/install/ros2_control_demo_example_3:/home/arnab/ros2_ws/install/ros2_control_demo_example_2:/home/arnab/ros2_ws/install/ros2_control_demo_example_14:/home/arnab/ros2_ws/install/ros2_control_demo_example_12:/home/arnab/ros2_ws/install/ros2_control_demo_example_11:/home/arnab/ros2_ws/install/ros2_control_demo_example_10:/home/arnab/ros2_ws/install/ros2_control_demo_example_1:/home/arnab/ros2_ws/install/ros2_control_demo_description:/home/arnab/ros2_ws/install/diffdrive_arduino:/home/arnab/ros2_ws/install/custom_motor_hw:/home/arnab/ros2_ws/install/articubot_one /usr/bin/cmake --build /home/arnab/ros2_ws/build/diffdrive_arduino -- -j16 -l16
[0.609s] [35m[1mConsolidate compiler generated dependencies of target diffdrive_arduino[0m
[0.609s] [ 50%] [32mBuilding CXX object CMakeFiles/diffdrive_arduino.dir/hardware/diffbot_system.cpp.o[0m
[0.698s] [01m[K/home/arnab/ros2_ws/src/diffdrive_arduino/hardware/diffbot_system.cpp:[m[K In member function ‘[01m[Kvirtual hardware_interface::CallbackReturn diffdrive_arduino::DiffDriveArduinoHardware::on_init(const hardware_interface::HardwareInfo&)[m[K’:
[0.698s] [01m[K/home/arnab/ros2_ws/src/diffdrive_arduino/hardware/diffbot_system.cpp:28:26:[m[K [01;31m[Kerror: [m[K‘[01m[Kget_logger[m[K’ is not a member of ‘[01m[Krclcpp[m[K’
[0.698s]    28 |     RCLCPP_FATAL(rclcpp::[01;31m[Kget_logger[m[K("DiffDriveArduinoHardware"), "Missing required parameter: %s", e.what());
[0.698s]       |                          [01;31m[K^~~~~~~~~~[m[K
[0.702s] [01m[K/home/arnab/ros2_ws/src/diffdrive_arduino/hardware/diffbot_system.cpp:28:5:[m[K [01;31m[Kerror: [m[K‘[01m[KRCLCPP_FATAL[m[K’ was not declared in this scope; did you mean ‘[01m[KRCLCPP_LOCAL[m[K’?
[0.702s]    28 |     [01;31m[KRCLCPP_FATAL[m[K(rclcpp::get_logger("DiffDriveArduinoHardware"), "Missing required parameter: %s", e.what());
[0.702s]       |     [01;31m[K^~~~~~~~~~~~[m[K
[0.702s]       |     [32m[KRCLCPP_LOCAL[m[K
[0.705s] [01m[K/home/arnab/ros2_ws/src/diffdrive_arduino/hardware/diffbot_system.cpp:[m[K In member function ‘[01m[Kvirtual hardware_interface::return_type diffdrive_arduino::DiffDriveArduinoHardware::write(const rclcpp::Time&, const rclcpp::Duration&)[m[K’:
[0.705s] [01m[K/home/arnab/ros2_ws/src/diffdrive_arduino/hardware/diffbot_system.cpp:86:15:[m[K [01;31m[Kerror: [m[K‘[01m[Kclass ArduinoComms[m[K’ has no member named ‘[01m[Ksend_command[m[K’
[0.705s]    86 |   if (!comms_.[01;31m[Ksend_command[m[K(command.str()))  // Change this if needed
[0.705s]       |               [01;31m[K^~~~~~~~~~~~[m[K
[0.705s] [01m[K/home/arnab/ros2_ws/src/diffdrive_arduino/hardware/diffbot_system.cpp:88:26:[m[K [01;31m[Kerror: [m[K‘[01m[Kget_logger[m[K’ is not a member of ‘[01m[Krclcpp[m[K’
[0.705s]    88 |     RCLCPP_ERROR(rclcpp::[01;31m[Kget_logger[m[K("DiffDriveArduinoHardware"), "Failed to send command to Arduino.");
[0.705s]       |                          [01;31m[K^~~~~~~~~~[m[K
[0.708s] [01m[K/home/arnab/ros2_ws/src/diffdrive_arduino/hardware/diffbot_system.cpp:88:5:[m[K [01;31m[Kerror: [m[K‘[01m[KRCLCPP_ERROR[m[K’ was not declared in this scope; did you mean ‘[01m[KRCLCPP_EXPORT[m[K’?
[0.708s]    88 |     [01;31m[KRCLCPP_ERROR[m[K(rclcpp::get_logger("DiffDriveArduinoHardware"), "Failed to send command to Arduino.");
[0.708s]       |     [01;31m[K^~~~~~~~~~~~[m[K
[0.708s]       |     [32m[KRCLCPP_EXPORT[m[K
[0.835s] gmake[2]: *** [CMakeFiles/diffdrive_arduino.dir/build.make:76: CMakeFiles/diffdrive_arduino.dir/hardware/diffbot_system.cpp.o] Error 1
[0.835s] gmake[1]: *** [CMakeFiles/Makefile2:137: CMakeFiles/diffdrive_arduino.dir/all] Error 2
[0.836s] gmake: *** [Makefile:146: all] Error 2
[0.838s] Invoked command in '/home/arnab/ros2_ws/build/diffdrive_arduino' returned '2': CMAKE_PREFIX_PATH=/home/arnab/ros2_ws/install/test_bot:/home/arnab/ros2_ws/install/ros2_control_demo_testing:/home/arnab/ros2_ws/install/pc_serial_communication:/home/arnab/ros2_ws/install/motor_serial_bridge:/opt/ros/humble:/home/arnab/ros2_ws/install/serial:/home/arnab/ros2_ws/install/rplidar_ros:/home/arnab/ros2_ws/install/ros2_control_demos:/home/arnab/ros2_ws/install/ros2_control_demo_example_9:/home/arnab/ros2_ws/install/ros2_control_demo_example_8:/home/arnab/ros2_ws/install/ros2_control_demo_example_7:/home/arnab/ros2_ws/install/ros2_control_demo_example_6:/home/arnab/ros2_ws/install/ros2_control_demo_example_15:/home/arnab/ros2_ws/install/ros2_control_demo_example_13:/home/arnab/ros2_ws/install/ros2_control_demo_example_5:/home/arnab/ros2_ws/install/ros2_control_demo_example_4:/home/arnab/ros2_ws/install/ros2_control_demo_example_3:/home/arnab/ros2_ws/install/ros2_control_demo_example_2:/home/arnab/ros2_ws/install/ros2_control_demo_example_14:/home/arnab/ros2_ws/install/ros2_control_demo_example_12:/home/arnab/ros2_ws/install/ros2_control_demo_example_11:/home/arnab/ros2_ws/install/ros2_control_demo_example_10:/home/arnab/ros2_ws/install/ros2_control_demo_example_1:/home/arnab/ros2_ws/install/ros2_control_demo_description:/home/arnab/ros2_ws/install/diffdrive_arduino:/home/arnab/ros2_ws/install/custom_motor_hw:/home/arnab/ros2_ws/install/articubot_one /usr/bin/cmake --build /home/arnab/ros2_ws/build/diffdrive_arduino -- -j16 -l16
