running develop
Removing /home/arnab/ros2_ws/install/motor_serial_bridge/lib/python3.10/site-packages/motor-serial-bridge.egg-link (link to .)
running egg_info
writing ../../build/motor_serial_bridge/motor_serial_bridge.egg-info/PKG-INFO
writing dependency_links to ../../build/motor_serial_bridge/motor_serial_bridge.egg-info/dependency_links.txt
writing entry points to ../../build/motor_serial_bridge/motor_serial_bridge.egg-info/entry_points.txt
writing requirements to ../../build/motor_serial_bridge/motor_serial_bridge.egg-info/requires.txt
writing top-level names to ../../build/motor_serial_bridge/motor_serial_bridge.egg-info/top_level.txt
reading manifest file '../../build/motor_serial_bridge/motor_serial_bridge.egg-info/SOURCES.txt'
writing manifest file '../../build/motor_serial_bridge/motor_serial_bridge.egg-info/SOURCES.txt'
running build
running build_py
running install
running install_lib
creating /home/arnab/ros2_ws/install/motor_serial_bridge/lib/python3.10/site-packages/motor_serial_bridge
copying /home/arnab/ros2_ws/build/motor_serial_bridge/build/lib/motor_serial_bridge/__init__.py -> /home/arnab/ros2_ws/install/motor_serial_bridge/lib/python3.10/site-packages/motor_serial_bridge
copying /home/arnab/ros2_ws/build/motor_serial_bridge/build/lib/motor_serial_bridge/motor_bridge_node.py -> /home/arnab/ros2_ws/install/motor_serial_bridge/lib/python3.10/site-packages/motor_serial_bridge
byte-compiling /home/arnab/ros2_ws/install/motor_serial_bridge/lib/python3.10/site-packages/motor_serial_bridge/__init__.py to __init__.cpython-310.pyc
byte-compiling /home/arnab/ros2_ws/install/motor_serial_bridge/lib/python3.10/site-packages/motor_serial_bridge/motor_bridge_node.py to motor_bridge_node.cpython-310.pyc
running install_data
copying resource/motor_serial_bridge -> /home/arnab/ros2_ws/install/motor_serial_bridge/share/ament_index/resource_index/packages
copying package.xml -> /home/arnab/ros2_ws/install/motor_serial_bridge/share/motor_serial_bridge
running install_egg_info
Copying ../../build/motor_serial_bridge/motor_serial_bridge.egg-info to /home/arnab/ros2_ws/install/motor_serial_bridge/lib/python3.10/site-packages/motor_serial_bridge-0.0.0-py3.10.egg-info
running install_scripts
Installing motor_bridge_node script to /home/arnab/ros2_ws/install/motor_serial_bridge/lib/motor_serial_bridge
writing list of installed files to '/home/arnab/ros2_ws/build/motor_serial_bridge/install.log'
