[0.905s] Invoking command in '/home/arnab/ros2_ws/build/motor_serial_bridge': PYTHONPATH=/home/arnab/ros2_ws/build/motor_serial_bridge/prefix_override:/usr/lib/python3/dist-packages/colcon_core/task/python/colcon_distutils_commands:/home/arnab/ros2_ws/install/motor_serial_bridge/lib/python3.10/site-packages:${PYTHONPATH} /usr/bin/python3 -W ignore:setup.py install is deprecated -W ignore:easy_install command is deprecated setup.py develop --uninstall --editable --build-directory /home/arnab/ros2_ws/build/motor_serial_bridge/build
[1.069s] running develop
[1.178s] Removing /home/arnab/ros2_ws/install/motor_serial_bridge/lib/python3.10/site-packages/motor-serial-bridge.egg-link (link to .)
[1.210s] Invoked command in '/home/arnab/ros2_ws/build/motor_serial_bridge' returned '0': PYTHONPATH=/home/arnab/ros2_ws/build/motor_serial_bridge/prefix_override:/usr/lib/python3/dist-packages/colcon_core/task/python/colcon_distutils_commands:/home/arnab/ros2_ws/install/motor_serial_bridge/lib/python3.10/site-packages:${PYTHONPATH} /usr/bin/python3 -W ignore:setup.py install is deprecated -W ignore:easy_install command is deprecated setup.py develop --uninstall --editable --build-directory /home/arnab/ros2_ws/build/motor_serial_bridge/build
[1.211s] Invoking command in '/home/arnab/ros2_ws/src/motor_serial_bridge': PYTHONPATH=/home/arnab/ros2_ws/build/motor_serial_bridge/prefix_override:/usr/lib/python3/dist-packages/colcon_core/task/python/colcon_distutils_commands:/home/arnab/ros2_ws/install/motor_serial_bridge/lib/python3.10/site-packages:${PYTHONPATH} /usr/bin/python3 -W ignore:setup.py install is deprecated -W ignore:easy_install command is deprecated setup.py egg_info --egg-base ../../build/motor_serial_bridge build --build-base /home/arnab/ros2_ws/build/motor_serial_bridge/build install --record /home/arnab/ros2_ws/build/motor_serial_bridge/install.log --single-version-externally-managed install_data --force
[1.384s] running egg_info
[1.390s] writing ../../build/motor_serial_bridge/motor_serial_bridge.egg-info/PKG-INFO
[1.390s] writing dependency_links to ../../build/motor_serial_bridge/motor_serial_bridge.egg-info/dependency_links.txt
[1.391s] writing entry points to ../../build/motor_serial_bridge/motor_serial_bridge.egg-info/entry_points.txt
[1.391s] writing requirements to ../../build/motor_serial_bridge/motor_serial_bridge.egg-info/requires.txt
[1.391s] writing top-level names to ../../build/motor_serial_bridge/motor_serial_bridge.egg-info/top_level.txt
[1.409s] reading manifest file '../../build/motor_serial_bridge/motor_serial_bridge.egg-info/SOURCES.txt'
[1.409s] writing manifest file '../../build/motor_serial_bridge/motor_serial_bridge.egg-info/SOURCES.txt'
[1.409s] running build
[1.410s] running build_py
[1.410s] running install
[1.412s] running install_lib
[1.418s] creating /home/arnab/ros2_ws/install/motor_serial_bridge/lib/python3.10/site-packages/motor_serial_bridge
[1.418s] copying /home/arnab/ros2_ws/build/motor_serial_bridge/build/lib/motor_serial_bridge/__init__.py -> /home/arnab/ros2_ws/install/motor_serial_bridge/lib/python3.10/site-packages/motor_serial_bridge
[1.418s] copying /home/arnab/ros2_ws/build/motor_serial_bridge/build/lib/motor_serial_bridge/motor_bridge_node.py -> /home/arnab/ros2_ws/install/motor_serial_bridge/lib/python3.10/site-packages/motor_serial_bridge
[1.419s] byte-compiling /home/arnab/ros2_ws/install/motor_serial_bridge/lib/python3.10/site-packages/motor_serial_bridge/__init__.py to __init__.cpython-310.pyc
[1.419s] byte-compiling /home/arnab/ros2_ws/install/motor_serial_bridge/lib/python3.10/site-packages/motor_serial_bridge/motor_bridge_node.py to motor_bridge_node.cpython-310.pyc
[1.419s] running install_data
[1.419s] copying resource/motor_serial_bridge -> /home/arnab/ros2_ws/install/motor_serial_bridge/share/ament_index/resource_index/packages
[1.419s] copying package.xml -> /home/arnab/ros2_ws/install/motor_serial_bridge/share/motor_serial_bridge
[1.419s] running install_egg_info
[1.426s] Copying ../../build/motor_serial_bridge/motor_serial_bridge.egg-info to /home/arnab/ros2_ws/install/motor_serial_bridge/lib/python3.10/site-packages/motor_serial_bridge-0.0.0-py3.10.egg-info
[1.426s] running install_scripts
[1.452s] Installing motor_bridge_node script to /home/arnab/ros2_ws/install/motor_serial_bridge/lib/motor_serial_bridge
[1.453s] writing list of installed files to '/home/arnab/ros2_ws/build/motor_serial_bridge/install.log'
[1.478s] Invoked command in '/home/arnab/ros2_ws/src/motor_serial_bridge' returned '0': PYTHONPATH=/home/arnab/ros2_ws/build/motor_serial_bridge/prefix_override:/usr/lib/python3/dist-packages/colcon_core/task/python/colcon_distutils_commands:/home/arnab/ros2_ws/install/motor_serial_bridge/lib/python3.10/site-packages:${PYTHONPATH} /usr/bin/python3 -W ignore:setup.py install is deprecated -W ignore:easy_install command is deprecated setup.py egg_info --egg-base ../../build/motor_serial_bridge build --build-base /home/arnab/ros2_ws/build/motor_serial_bridge/build install --record /home/arnab/ros2_ws/build/motor_serial_bridge/install.log --single-version-externally-managed install_data --force
