[0.226s] Invoking command in '/home/arnab/ros2_ws/build/custom_motor_hw': CMAKE_PREFIX_PATH=/home/arnab/ros2_ws/install/ros2_control_demo_testing:/home/arnab/ros2_ws/install/pc_serial_communication:/home/arnab/ros2_ws/install/motor_serial_bridge:/opt/ros/humble:${CMAKE_PREFIX_PATH} /usr/bin/cmake --build /home/arnab/ros2_ws/build/custom_motor_hw -- -j16 -l16
[0.595s] [100%] Built target motor_hardware_interface
[0.596s] Invoked command in '/home/arnab/ros2_ws/build/custom_motor_hw' returned '0': CMAKE_PREFIX_PATH=/home/arnab/ros2_ws/install/ros2_control_demo_testing:/home/arnab/ros2_ws/install/pc_serial_communication:/home/arnab/ros2_ws/install/motor_serial_bridge:/opt/ros/humble:${CMAKE_PREFIX_PATH} /usr/bin/cmake --build /home/arnab/ros2_ws/build/custom_motor_hw -- -j16 -l16
[0.603s] Invoking command in '/home/arnab/ros2_ws/build/custom_motor_hw': CMAKE_PREFIX_PATH=/home/arnab/ros2_ws/install/ros2_control_demo_testing:/home/arnab/ros2_ws/install/pc_serial_communication:/home/arnab/ros2_ws/install/motor_serial_bridge:/opt/ros/humble:${CMAKE_PREFIX_PATH} /usr/bin/cmake --install /home/arnab/ros2_ws/build/custom_motor_hw
[0.607s] -- Install configuration: ""
[0.608s] -- Execute custom install script
[0.608s] -- Up-to-date symlink: /home/arnab/ros2_ws/install/custom_motor_hw/share/custom_motor_hw//custom_motor_hw.xml
[0.608s] -- Up-to-date symlink: /home/arnab/ros2_ws/install/custom_motor_hw/lib/libmotor_hardware_interface.so
[0.608s] -- Up-to-date symlink: /home/arnab/ros2_ws/install/custom_motor_hw/share/custom_motor_hw/custom_motor_hw.xml
[0.608s] -- Up-to-date symlink: /home/arnab/ros2_ws/install/custom_motor_hw/share/ament_index/resource_index/package_run_dependencies/custom_motor_hw
[0.609s] -- Up-to-date symlink: /home/arnab/ros2_ws/install/custom_motor_hw/share/ament_index/resource_index/parent_prefix_path/custom_motor_hw
[0.609s] -- Up-to-date symlink: /home/arnab/ros2_ws/install/custom_motor_hw/share/custom_motor_hw/environment/ament_prefix_path.sh
[0.609s] -- Up-to-date symlink: /home/arnab/ros2_ws/install/custom_motor_hw/share/custom_motor_hw/environment/ament_prefix_path.dsv
[0.609s] -- Up-to-date symlink: /home/arnab/ros2_ws/install/custom_motor_hw/share/custom_motor_hw/environment/path.sh
[0.609s] -- Up-to-date symlink: /home/arnab/ros2_ws/install/custom_motor_hw/share/custom_motor_hw/environment/path.dsv
[0.609s] -- Up-to-date symlink: /home/arnab/ros2_ws/install/custom_motor_hw/share/custom_motor_hw/local_setup.bash
[0.609s] -- Up-to-date symlink: /home/arnab/ros2_ws/install/custom_motor_hw/share/custom_motor_hw/local_setup.sh
[0.609s] -- Up-to-date symlink: /home/arnab/ros2_ws/install/custom_motor_hw/share/custom_motor_hw/local_setup.zsh
[0.609s] -- Up-to-date symlink: /home/arnab/ros2_ws/install/custom_motor_hw/share/custom_motor_hw/local_setup.dsv
[0.609s] -- Symlinking: /home/arnab/ros2_ws/install/custom_motor_hw/share/custom_motor_hw/package.dsv
[0.614s] -- Up-to-date symlink: /home/arnab/ros2_ws/install/custom_motor_hw/share/ament_index/resource_index/packages/custom_motor_hw
[0.614s] -- Up-to-date symlink: /home/arnab/ros2_ws/install/custom_motor_hw/share/ament_index/resource_index/hardware_interface__pluginlib__plugin/custom_motor_hw
[0.615s] -- Up-to-date symlink: /home/arnab/ros2_ws/install/custom_motor_hw/share/custom_motor_hw/cmake/custom_motor_hwConfig.cmake
[0.615s] -- Up-to-date symlink: /home/arnab/ros2_ws/install/custom_motor_hw/share/custom_motor_hw/cmake/custom_motor_hwConfig-version.cmake
[0.615s] -- Up-to-date symlink: /home/arnab/ros2_ws/install/custom_motor_hw/share/custom_motor_hw/package.xml
[0.617s] Invoked command in '/home/arnab/ros2_ws/build/custom_motor_hw' returned '0': CMAKE_PREFIX_PATH=/home/arnab/ros2_ws/install/ros2_control_demo_testing:/home/arnab/ros2_ws/install/pc_serial_communication:/home/arnab/ros2_ws/install/motor_serial_bridge:/opt/ros/humble:${CMAKE_PREFIX_PATH} /usr/bin/cmake --install /home/arnab/ros2_ws/build/custom_motor_hw
